{"uid":"3c650040a9c98025","name":"Cоздание проекта, билд конфигурации, шага и запуск билда","fullName":"tests.frontend.test_e2e_run_build#test_e2e_run_build","historyId":"1e6a0f7074aa3b17e1aabbfb3ca3d227","time":{"start":1711480311306,"stop":1711480372421,"duration":61115},"description":"Авторизация Супер Администратором, создание проекта, билд конфигурации, шага в командной строке и запуск билда","descriptionHtml":"<p>Авторизация Супер Администратором, создание проекта, билд конфигурации, шага в командной строке и запуск билда</p>\n","status":"failed","statusMessage":"AssertionError: Ссылка http://localhost:8111/favorite/projects?mode=builds не изменилась на URL http://localhost:8111**//favorite/projects?mode=builds**/","statusTrace":"self = <actions.page_actions.PageAction object at 0x7f290135fac0>\nexpected_url = 'http://localhost:8111**//favorite/projects?mode=builds**/'\ntimeout = 60000\n\n    def wait_for_url_changed(self, expected_url: str, timeout: int = 60000):\n        try:\n            with allure.step(f\"Ожидание изменения URL на {expected_url}\"):\n>               self.page.wait_for_url(expected_url, timeout=timeout)\n\nactions/page_actions.py:50: \n_ _ _ _ _ _ _ _ _ _ _ _ _ _ _ _ _ _ _ _ _ _ _ _ _ _ _ _ _ _ _ _ _ _ _ _ _ _ _ _ \n../../../.local/lib/python3.10/site-packages/playwright/sync_api/_generated.py:9486: in wait_for_url\n    self._sync(\n../../../.local/lib/python3.10/site-packages/playwright/_impl/_page.py:508: in wait_for_url\n    return await self._main_frame.wait_for_url(**locals_to_params(locals()))\n../../../.local/lib/python3.10/site-packages/playwright/_impl/_frame.py:237: in wait_for_url\n    async with self.expect_navigation(\n../../../.local/lib/python3.10/site-packages/playwright/_impl/_event_context_manager.py:33: in __aexit__\n    await self._future\n_ _ _ _ _ _ _ _ _ _ _ _ _ _ _ _ _ _ _ _ _ _ _ _ _ _ _ _ _ _ _ _ _ _ _ _ _ _ _ _ \n\n    async def continuation() -> Optional[Response]:\n>       event = await waiter.result()\nE       playwright._impl._errors.TimeoutError: Timeout 60000ms exceeded.\nE       =========================== logs ===========================\nE       waiting for navigation to \"http://localhost:8111**//favorite/projects?mode=builds**/\" until 'load'\nE         navigated to \"http://localhost:8111/favorite/projects\"\nE         navigated to \"http://localhost:8111/favorite/projects?mode=builds\"\nE       ============================================================\n\n../../../.local/lib/python3.10/site-packages/playwright/_impl/_frame.py:212: TimeoutError\n\nDuring handling of the above exception, another exception occurred:\n\nproject_data = <function project_data.<locals>._create_project_data at 0x7f2901301090>\nbuild_conf_data = <function build_conf_data.<locals>._create_build_conf_data at 0x7f2901301a20>\nrandom_description = 'Organization individual public trip may.'\nbrowser = <Page url='http://localhost:8111/favorite/projects?mode=builds'>\nsuper_admin = <entities.user.User object at 0x7f290135e5f0>\n\n    @allure.severity(allure.severity_level.CRITICAL)\n    @allure.parent_suite(\"UI тесты\")\n    @allure.suite(\"Управление запусками билдов\")\n    @allure.sub_suite(\"Запуск билда\")\n    @allure.title(\"Cоздание проекта, билд конфигурации, шага и запуск билда\")\n    @allure.description(\n        \"Авторизация Супер Администратором, создание проекта, билд конфигурации, шага в командной строке и запуск билда\")\n    @pytest.mark.build_run\n    @pytest.mark.ui\n    def test_e2e_run_build(project_data, build_conf_data, random_description, browser, super_admin):\n        with allure.step('Подготовка данных для создания проекта и билд конфигурации'):\n            project_data_1 = project_data()\n            build_conf_data_1 = build_conf_data(project_data_1.id)\n    \n        with allure.step('Отправка запроса на создание проекта'):\n            created_project_response = super_admin.api_manager.project_api.create_project(\n                project_data_1.model_dump()).text\n            created_project_model = ProjectResponseModel.model_validate_json(created_project_response)\n            assert created_project_model.id == project_data_1.id, \\\n                f\"Ожидался project_id= {project_data_1.id}, но был получен {created_project_model.id}\"\n    \n        with allure.step('Отправка запроса на создание билд конфигурации'):\n            create_build_conf_response = super_admin.api_manager.build_conf_api.create_build_conf(\n                build_conf_data_1.model_dump()).text\n            build_conf_model = BuildConfResponseModel.model_validate_json(create_build_conf_response)\n            with pytest.assume:\n                assert build_conf_model.id == build_conf_data_1.id, \\\n                    f\"Ожидался build_conf_id={build_conf_data_1.id}, но был получен {build_conf_model.id}\"\n    \n        with allure.step(\"Авторизация под Супер Администратором\"):\n            login_browser = AuthLoginBySuperAdmin(browser)\n>           login_browser.login_by_super_admin()\n\ntests/frontend/test_e2e_run_build.py:41: \n_ _ _ _ _ _ _ _ _ _ _ _ _ _ _ _ _ _ _ _ _ _ _ _ _ _ _ _ _ _ _ _ _ _ _ _ _ _ _ _ \npages/auth_page.py:58: in login_by_super_admin\n    self.actions.wait_for_url_changed(self.page_url)\n_ _ _ _ _ _ _ _ _ _ _ _ _ _ _ _ _ _ _ _ _ _ _ _ _ _ _ _ _ _ _ _ _ _ _ _ _ _ _ _ \n\nself = <actions.page_actions.PageAction object at 0x7f290135fac0>\nexpected_url = 'http://localhost:8111**//favorite/projects?mode=builds**/'\ntimeout = 60000\n\n    def wait_for_url_changed(self, expected_url: str, timeout: int = 60000):\n        try:\n            with allure.step(f\"Ожидание изменения URL на {expected_url}\"):\n                self.page.wait_for_url(expected_url, timeout=timeout)\n        except TimeoutError:\n            self.allure_attach()\n>           raise AssertionError(f'Ссылка {self.page.url} не изменилась на URL {expected_url}')\nE           AssertionError: Ссылка http://localhost:8111/favorite/projects?mode=builds не изменилась на URL http://localhost:8111**//favorite/projects?mode=builds**/\n\nactions/page_actions.py:53: AssertionError","flaky":false,"newFailed":true,"newBroken":false,"newPassed":false,"retriesCount":0,"retriesStatusChange":false,"beforeStages":[{"name":"_session_faker","time":{"start":1711480229209,"stop":1711480229250,"duration":41},"status":"passed","steps":[],"attachments":[],"parameters":[],"hasContent":false,"shouldDisplayMessage":false,"stepsCount":0,"attachmentsCount":0,"attachmentStep":false},{"name":"browser","time":{"start":1711480236591,"stop":1711480243882,"duration":7291},"status":"passed","steps":[],"attachments":[],"parameters":[],"hasContent":false,"shouldDisplayMessage":false,"stepsCount":0,"attachmentsCount":0,"attachmentStep":false},{"name":"user_session","time":{"start":1711480311301,"stop":1711480311301,"duration":0},"status":"passed","steps":[],"attachments":[],"parameters":[],"hasContent":false,"shouldDisplayMessage":false,"stepsCount":0,"attachmentsCount":0,"attachmentStep":false},{"name":"super_admin","time":{"start":1711480311301,"stop":1711480311305,"duration":4},"status":"passed","steps":[],"attachments":[],"parameters":[],"hasContent":false,"shouldDisplayMessage":false,"stepsCount":0,"attachmentsCount":0,"attachmentStep":false},{"name":"build_conf_data","time":{"start":1711480311305,"stop":1711480311305,"duration":0},"status":"passed","steps":[],"attachments":[],"parameters":[],"hasContent":false,"shouldDisplayMessage":false,"stepsCount":0,"attachmentsCount":0,"attachmentStep":false},{"name":"project_data","time":{"start":1711480311305,"stop":1711480311305,"duration":0},"status":"passed","steps":[],"attachments":[],"parameters":[],"hasContent":false,"shouldDisplayMessage":false,"stepsCount":0,"attachmentsCount":0,"attachmentStep":false},{"name":"random_description","time":{"start":1711480311305,"stop":1711480311305,"duration":0},"status":"passed","steps":[],"attachments":[],"parameters":[],"hasContent":false,"shouldDisplayMessage":false,"stepsCount":0,"attachmentsCount":0,"attachmentStep":false}],"testStage":{"description":"Авторизация Супер Администратором, создание проекта, билд конфигурации, шага в командной строке и запуск билда","status":"failed","statusMessage":"AssertionError: Ссылка http://localhost:8111/favorite/projects?mode=builds не изменилась на URL http://localhost:8111**//favorite/projects?mode=builds**/","statusTrace":"self = <actions.page_actions.PageAction object at 0x7f290135fac0>\nexpected_url = 'http://localhost:8111**//favorite/projects?mode=builds**/'\ntimeout = 60000\n\n    def wait_for_url_changed(self, expected_url: str, timeout: int = 60000):\n        try:\n            with allure.step(f\"Ожидание изменения URL на {expected_url}\"):\n>               self.page.wait_for_url(expected_url, timeout=timeout)\n\nactions/page_actions.py:50: \n_ _ _ _ _ _ _ _ _ _ _ _ _ _ _ _ _ _ _ _ _ _ _ _ _ _ _ _ _ _ _ _ _ _ _ _ _ _ _ _ \n../../../.local/lib/python3.10/site-packages/playwright/sync_api/_generated.py:9486: in wait_for_url\n    self._sync(\n../../../.local/lib/python3.10/site-packages/playwright/_impl/_page.py:508: in wait_for_url\n    return await self._main_frame.wait_for_url(**locals_to_params(locals()))\n../../../.local/lib/python3.10/site-packages/playwright/_impl/_frame.py:237: in wait_for_url\n    async with self.expect_navigation(\n../../../.local/lib/python3.10/site-packages/playwright/_impl/_event_context_manager.py:33: in __aexit__\n    await self._future\n_ _ _ _ _ _ _ _ _ _ _ _ _ _ _ _ _ _ _ _ _ _ _ _ _ _ _ _ _ _ _ _ _ _ _ _ _ _ _ _ \n\n    async def continuation() -> Optional[Response]:\n>       event = await waiter.result()\nE       playwright._impl._errors.TimeoutError: Timeout 60000ms exceeded.\nE       =========================== logs ===========================\nE       waiting for navigation to \"http://localhost:8111**//favorite/projects?mode=builds**/\" until 'load'\nE         navigated to \"http://localhost:8111/favorite/projects\"\nE         navigated to \"http://localhost:8111/favorite/projects?mode=builds\"\nE       ============================================================\n\n../../../.local/lib/python3.10/site-packages/playwright/_impl/_frame.py:212: TimeoutError\n\nDuring handling of the above exception, another exception occurred:\n\nproject_data = <function project_data.<locals>._create_project_data at 0x7f2901301090>\nbuild_conf_data = <function build_conf_data.<locals>._create_build_conf_data at 0x7f2901301a20>\nrandom_description = 'Organization individual public trip may.'\nbrowser = <Page url='http://localhost:8111/favorite/projects?mode=builds'>\nsuper_admin = <entities.user.User object at 0x7f290135e5f0>\n\n    @allure.severity(allure.severity_level.CRITICAL)\n    @allure.parent_suite(\"UI тесты\")\n    @allure.suite(\"Управление запусками билдов\")\n    @allure.sub_suite(\"Запуск билда\")\n    @allure.title(\"Cоздание проекта, билд конфигурации, шага и запуск билда\")\n    @allure.description(\n        \"Авторизация Супер Администратором, создание проекта, билд конфигурации, шага в командной строке и запуск билда\")\n    @pytest.mark.build_run\n    @pytest.mark.ui\n    def test_e2e_run_build(project_data, build_conf_data, random_description, browser, super_admin):\n        with allure.step('Подготовка данных для создания проекта и билд конфигурации'):\n            project_data_1 = project_data()\n            build_conf_data_1 = build_conf_data(project_data_1.id)\n    \n        with allure.step('Отправка запроса на создание проекта'):\n            created_project_response = super_admin.api_manager.project_api.create_project(\n                project_data_1.model_dump()).text\n            created_project_model = ProjectResponseModel.model_validate_json(created_project_response)\n            assert created_project_model.id == project_data_1.id, \\\n                f\"Ожидался project_id= {project_data_1.id}, но был получен {created_project_model.id}\"\n    \n        with allure.step('Отправка запроса на создание билд конфигурации'):\n            create_build_conf_response = super_admin.api_manager.build_conf_api.create_build_conf(\n                build_conf_data_1.model_dump()).text\n            build_conf_model = BuildConfResponseModel.model_validate_json(create_build_conf_response)\n            with pytest.assume:\n                assert build_conf_model.id == build_conf_data_1.id, \\\n                    f\"Ожидался build_conf_id={build_conf_data_1.id}, но был получен {build_conf_model.id}\"\n    \n        with allure.step(\"Авторизация под Супер Администратором\"):\n            login_browser = AuthLoginBySuperAdmin(browser)\n>           login_browser.login_by_super_admin()\n\ntests/frontend/test_e2e_run_build.py:41: \n_ _ _ _ _ _ _ _ _ _ _ _ _ _ _ _ _ _ _ _ _ _ _ _ _ _ _ _ _ _ _ _ _ _ _ _ _ _ _ _ \npages/auth_page.py:58: in login_by_super_admin\n    self.actions.wait_for_url_changed(self.page_url)\n_ _ _ _ _ _ _ _ _ _ _ _ _ _ _ _ _ _ _ _ _ _ _ _ _ _ _ _ _ _ _ _ _ _ _ _ _ _ _ _ \n\nself = <actions.page_actions.PageAction object at 0x7f290135fac0>\nexpected_url = 'http://localhost:8111**//favorite/projects?mode=builds**/'\ntimeout = 60000\n\n    def wait_for_url_changed(self, expected_url: str, timeout: int = 60000):\n        try:\n            with allure.step(f\"Ожидание изменения URL на {expected_url}\"):\n                self.page.wait_for_url(expected_url, timeout=timeout)\n        except TimeoutError:\n            self.allure_attach()\n>           raise AssertionError(f'Ссылка {self.page.url} не изменилась на URL {expected_url}')\nE           AssertionError: Ссылка http://localhost:8111/favorite/projects?mode=builds не изменилась на URL http://localhost:8111**//favorite/projects?mode=builds**/\n\nactions/page_actions.py:53: AssertionError","steps":[{"name":"Подготовка данных для создания проекта и билд конфигурации","time":{"start":1711480311306,"stop":1711480311306,"duration":0},"status":"passed","steps":[],"attachments":[],"parameters":[],"hasContent":false,"shouldDisplayMessage":false,"stepsCount":0,"attachmentsCount":0,"attachmentStep":false},{"name":"Отправка запроса на создание проекта","time":{"start":1711480311306,"stop":1711480311357,"duration":51},"status":"passed","steps":[],"attachments":[],"parameters":[],"hasContent":false,"shouldDisplayMessage":false,"stepsCount":0,"attachmentsCount":0,"attachmentStep":false},{"name":"Отправка запроса на создание билд конфигурации","time":{"start":1711480311357,"stop":1711480311372,"duration":15},"status":"passed","steps":[],"attachments":[],"parameters":[],"hasContent":false,"shouldDisplayMessage":false,"stepsCount":0,"attachmentsCount":0,"attachmentStep":false},{"name":"Авторизация под Супер Администратором","time":{"start":1711480311372,"stop":1711480372420,"duration":61048},"status":"failed","statusMessage":"AssertionError: Ссылка http://localhost:8111/favorite/projects?mode=builds не изменилась на URL http://localhost:8111**//favorite/projects?mode=builds**/\n","statusTrace":"  File \"/home/runner/work/TeamCity_Test/TeamCity_Test/tests/frontend/test_e2e_run_build.py\", line 41, in test_e2e_run_build\n    login_browser.login_by_super_admin()\n  File \"/home/runner/work/TeamCity_Test/TeamCity_Test/pages/auth_page.py\", line 58, in login_by_super_admin\n    self.actions.wait_for_url_changed(self.page_url)\n  File \"/home/runner/work/TeamCity_Test/TeamCity_Test/actions/page_actions.py\", line 53, in wait_for_url_changed\n    raise AssertionError(f'Ссылка {self.page.url} не изменилась на URL {expected_url}')\n","steps":[{"name":"Переход на страницу авторизации","time":{"start":1711480311372,"stop":1711480311938,"duration":566},"status":"passed","steps":[{"name":"Переход на URL: http://localhost:8111/login.html?super=1","time":{"start":1711480311372,"stop":1711480311919,"duration":547},"status":"passed","steps":[],"attachments":[],"parameters":[],"hasContent":false,"shouldDisplayMessage":false,"stepsCount":0,"attachmentsCount":0,"attachmentStep":false},{"name":"Ожидание загрузки страницы","time":{"start":1711480311919,"stop":1711480311938,"duration":19},"status":"passed","steps":[],"attachments":[],"parameters":[],"hasContent":false,"shouldDisplayMessage":false,"stepsCount":0,"attachmentsCount":0,"attachmentStep":false}],"attachments":[],"parameters":[],"hasContent":true,"shouldDisplayMessage":false,"stepsCount":2,"attachmentsCount":0,"attachmentStep":false},{"name":"Ввод токена для авторизации под Супер Администратором","time":{"start":1711480311938,"stop":1711480312032,"duration":94},"status":"passed","steps":[{"name":"Ожидаем появления элемента: #password","time":{"start":1711480311938,"stop":1711480311998,"duration":60},"status":"passed","steps":[],"attachments":[],"parameters":[],"hasContent":false,"shouldDisplayMessage":false,"stepsCount":0,"attachmentsCount":0,"attachmentStep":false},{"name":"Ввод текста 6389704135326294720 в элемент: #password","time":{"start":1711480311998,"stop":1711480312032,"duration":34},"status":"passed","steps":[],"attachments":[],"parameters":[],"hasContent":false,"shouldDisplayMessage":false,"stepsCount":0,"attachmentsCount":0,"attachmentStep":false}],"attachments":[],"parameters":[],"hasContent":true,"shouldDisplayMessage":false,"stepsCount":2,"attachmentsCount":0,"attachmentStep":false},{"name":"Авторизация пользователя","time":{"start":1711480312032,"stop":1711480312216,"duration":184},"status":"passed","steps":[{"name":"Клик по элементу: .loginButton","time":{"start":1711480312032,"stop":1711480312216,"duration":184},"status":"passed","steps":[],"attachments":[],"parameters":[],"hasContent":false,"shouldDisplayMessage":false,"stepsCount":0,"attachmentsCount":0,"attachmentStep":false}],"attachments":[],"parameters":[],"hasContent":true,"shouldDisplayMessage":false,"stepsCount":1,"attachmentsCount":0,"attachmentStep":false},{"name":"Ожидание изменения URL на http://localhost:8111**//favorite/projects?mode=builds**/","time":{"start":1711480312216,"stop":1711480372242,"duration":60026},"status":"broken","statusMessage":"playwright._impl._errors.TimeoutError: Timeout 60000ms exceeded.\n=========================== logs ===========================\nwaiting for navigation to \"http://localhost:8111**//favorite/projects?mode=builds**/\" until 'load'\n  navigated to \"http://localhost:8111/favorite/projects\"\n  navigated to \"http://localhost:8111/favorite/projects?mode=builds\"\n============================================================\n","statusTrace":"  File \"/home/runner/work/TeamCity_Test/TeamCity_Test/actions/page_actions.py\", line 50, in wait_for_url_changed\n    self.page.wait_for_url(expected_url, timeout=timeout)\n  File \"/home/runner/.local/lib/python3.10/site-packages/playwright/sync_api/_generated.py\", line 9486, in wait_for_url\n    self._sync(\n  File \"/home/runner/.local/lib/python3.10/site-packages/playwright/_impl/_sync_base.py\", line 115, in _sync\n    return task.result()\n  File \"/home/runner/.local/lib/python3.10/site-packages/playwright/_impl/_page.py\", line 508, in wait_for_url\n    return await self._main_frame.wait_for_url(**locals_to_params(locals()))\n  File \"/home/runner/.local/lib/python3.10/site-packages/playwright/_impl/_frame.py\", line 237, in wait_for_url\n    async with self.expect_navigation(\n  File \"/home/runner/.local/lib/python3.10/site-packages/playwright/_impl/_event_context_manager.py\", line 33, in __aexit__\n    await self._future\n  File \"/home/runner/.local/lib/python3.10/site-packages/playwright/_impl/_frame.py\", line 212, in continuation\n    event = await waiter.result()\n","steps":[],"attachments":[],"parameters":[],"hasContent":true,"shouldDisplayMessage":true,"stepsCount":0,"attachmentsCount":0,"attachmentStep":false}],"attachments":[{"uid":"8df9d03377459629","name":"All Projects — TeamCity","source":"8df9d03377459629.png","type":"image/png","size":52860}],"parameters":[],"hasContent":true,"shouldDisplayMessage":true,"stepsCount":9,"attachmentsCount":1,"attachmentStep":false}],"attachments":[{"uid":"520b18627202552c","name":"log","source":"520b18627202552c.txt","type":"text/plain","size":5116}],"parameters":[],"hasContent":true,"shouldDisplayMessage":true,"stepsCount":13,"attachmentsCount":2,"attachmentStep":false},"afterStages":[{"name":"build_conf_data::0","time":{"start":1711480372564,"stop":1711480372625,"duration":61},"status":"passed","steps":[],"attachments":[],"parameters":[],"hasContent":false,"shouldDisplayMessage":false,"stepsCount":0,"attachmentsCount":0,"attachmentStep":false},{"name":"project_data::0","time":{"start":1711480372625,"stop":1711480372677,"duration":52},"status":"passed","steps":[],"attachments":[],"parameters":[],"hasContent":false,"shouldDisplayMessage":false,"stepsCount":0,"attachmentsCount":0,"attachmentStep":false},{"name":"user_session::0","time":{"start":1711480372677,"stop":1711480372677,"duration":0},"status":"passed","steps":[],"attachments":[],"parameters":[],"hasContent":false,"shouldDisplayMessage":false,"stepsCount":0,"attachmentsCount":0,"attachmentStep":false},{"name":"browser::0","time":{"start":1711480372680,"stop":1711480372907,"duration":227},"status":"passed","steps":[],"attachments":[],"parameters":[],"hasContent":false,"shouldDisplayMessage":false,"stepsCount":0,"attachmentsCount":0,"attachmentStep":false}],"labels":[{"name":"severity","value":"critical"},{"name":"subSuite","value":"Запуск билда"},{"name":"parentSuite","value":"UI тесты"},{"name":"suite","value":"Управление запусками билдов"},{"name":"tag","value":"ui"},{"name":"tag","value":"build_run"},{"name":"host","value":"fv-az730-571"},{"name":"thread","value":"7878-MainThread"},{"name":"framework","value":"pytest"},{"name":"language","value":"cpython3"},{"name":"package","value":"tests.frontend.test_e2e_run_build"},{"name":"resultFormat","value":"allure2"}],"parameters":[{"name":"browser","value":"'webkit'"}],"links":[],"hidden":false,"retry":false,"extra":{"severity":"critical","retries":[],"categories":[{"name":"Product defects","matchedStatuses":[],"flaky":false}],"history":{"statistic":{"failed":1,"broken":0,"skipped":0,"passed":7,"unknown":0,"total":8},"items":[{"uid":"569cb84b6e707faf","reportUrl":"https://QAKonstantin.github.io/TeamCity_Test/148//#testresult/569cb84b6e707faf","status":"passed","time":{"start":1711479098589,"stop":1711479121841,"duration":23252}},{"uid":"7c12964175c71681","reportUrl":"https://QAKonstantin.github.io/TeamCity_Test/147//#testresult/7c12964175c71681","status":"passed","time":{"start":1711478230095,"stop":1711478248977,"duration":18882}},{"uid":"cd5b280bc816e2d2","reportUrl":"https://QAKonstantin.github.io/TeamCity_Test/146//#testresult/cd5b280bc816e2d2","status":"passed","time":{"start":1711477619187,"stop":1711477638210,"duration":19023}},{"uid":"406cfcaace17e27f","reportUrl":"https://QAKonstantin.github.io/TeamCity_Test/145//#testresult/406cfcaace17e27f","status":"passed","time":{"start":1711476838930,"stop":1711476863305,"duration":24375}},{"uid":"317e6fb4b69ff08f","reportUrl":"https://QAKonstantin.github.io/TeamCity_Test/144//#testresult/317e6fb4b69ff08f","status":"passed","time":{"start":1711475892850,"stop":1711475919325,"duration":26475}},{"uid":"6bb0e11b04e704cd","reportUrl":"https://QAKonstantin.github.io/TeamCity_Test/144//#testresult/6bb0e11b04e704cd","status":"passed","time":{"start":1711475436856,"stop":1711475463641,"duration":26785}},{"uid":"78f6c3279fff24b5","reportUrl":"https://QAKonstantin.github.io/TeamCity_Test/143//#testresult/78f6c3279fff24b5","status":"passed","time":{"start":1711474883150,"stop":1711474904050,"duration":20900}}]},"tags":["ui","build_run"]},"source":"3c650040a9c98025.json","parameterValues":["'webkit'"]}