{"uid":"6e3a33f8a439ce44","name":"Cоздание проекта, билд конфигурации, шага и запуск билда","fullName":"tests.frontend.test_e2e_run_build#test_e2e_run_build","historyId":"96c1d8dcada6a5dfa348fb8a524e0929","time":{"start":1711480493481,"stop":1711480554452,"duration":60971},"description":"Авторизация Супер Администратором, создание проекта, билд конфигурации, шага в командной строке и запуск билда","descriptionHtml":"<p>Авторизация Супер Администратором, создание проекта, билд конфигурации, шага в командной строке и запуск билда</p>\n","status":"failed","statusMessage":"AssertionError: Ссылка http://localhost:8111/favorite/projects?mode=builds не изменилась на URL http://localhost:8111**//favorite/projects?mode=builds**/","statusTrace":"self = <actions.page_actions.PageAction object at 0x7f3f4493f3a0>\nexpected_url = 'http://localhost:8111**//favorite/projects?mode=builds**/'\ntimeout = 60000\n\n    def wait_for_url_changed(self, expected_url: str, timeout: int = 60000):\n        try:\n            with allure.step(f\"Ожидание изменения URL на {expected_url}\"):\n>               self.page.wait_for_url(expected_url, timeout=timeout)\n\nactions/page_actions.py:50: \n_ _ _ _ _ _ _ _ _ _ _ _ _ _ _ _ _ _ _ _ _ _ _ _ _ _ _ _ _ _ _ _ _ _ _ _ _ _ _ _ \n../../../.local/lib/python3.10/site-packages/playwright/sync_api/_generated.py:9486: in wait_for_url\n    self._sync(\n../../../.local/lib/python3.10/site-packages/playwright/_impl/_page.py:508: in wait_for_url\n    return await self._main_frame.wait_for_url(**locals_to_params(locals()))\n../../../.local/lib/python3.10/site-packages/playwright/_impl/_frame.py:237: in wait_for_url\n    async with self.expect_navigation(\n../../../.local/lib/python3.10/site-packages/playwright/_impl/_event_context_manager.py:33: in __aexit__\n    await self._future\n_ _ _ _ _ _ _ _ _ _ _ _ _ _ _ _ _ _ _ _ _ _ _ _ _ _ _ _ _ _ _ _ _ _ _ _ _ _ _ _ \n\n    async def continuation() -> Optional[Response]:\n>       event = await waiter.result()\nE       playwright._impl._errors.TimeoutError: Timeout 60000ms exceeded.\nE       =========================== logs ===========================\nE       waiting for navigation to \"http://localhost:8111**//favorite/projects?mode=builds**/\" until 'load'\nE         navigated to \"http://localhost:8111/favorite/projects\"\nE         navigated to \"http://localhost:8111/favorite/projects\"\nE         navigated to \"http://localhost:8111/favorite/projects?mode=builds\"\nE       ============================================================\n\n../../../.local/lib/python3.10/site-packages/playwright/_impl/_frame.py:212: TimeoutError\n\nDuring handling of the above exception, another exception occurred:\n\nproject_data = <function project_data.<locals>._create_project_data at 0x7f3f44b25090>\nbuild_conf_data = <function build_conf_data.<locals>._create_build_conf_data at 0x7f3f44b24ee0>\nrandom_description = 'Position already computer site south remain.'\nbrowser = <Page url='http://localhost:8111/favorite/projects?mode=builds'>\nsuper_admin = <entities.user.User object at 0x7f3f4493cc10>\n\n    @allure.severity(allure.severity_level.CRITICAL)\n    @allure.parent_suite(\"UI тесты\")\n    @allure.suite(\"Управление запусками билдов\")\n    @allure.sub_suite(\"Запуск билда\")\n    @allure.title(\"Cоздание проекта, билд конфигурации, шага и запуск билда\")\n    @allure.description(\n        \"Авторизация Супер Администратором, создание проекта, билд конфигурации, шага в командной строке и запуск билда\")\n    @pytest.mark.build_run\n    @pytest.mark.ui\n    def test_e2e_run_build(project_data, build_conf_data, random_description, browser, super_admin):\n        with allure.step('Подготовка данных для создания проекта и билд конфигурации'):\n            project_data_1 = project_data()\n            build_conf_data_1 = build_conf_data(project_data_1.id)\n    \n        with allure.step('Отправка запроса на создание проекта'):\n            created_project_response = super_admin.api_manager.project_api.create_project(\n                project_data_1.model_dump()).text\n            created_project_model = ProjectResponseModel.model_validate_json(created_project_response)\n            assert created_project_model.id == project_data_1.id, \\\n                f\"Ожидался project_id= {project_data_1.id}, но был получен {created_project_model.id}\"\n    \n        with allure.step('Отправка запроса на создание билд конфигурации'):\n            create_build_conf_response = super_admin.api_manager.build_conf_api.create_build_conf(\n                build_conf_data_1.model_dump()).text\n            build_conf_model = BuildConfResponseModel.model_validate_json(create_build_conf_response)\n            with pytest.assume:\n                assert build_conf_model.id == build_conf_data_1.id, \\\n                    f\"Ожидался build_conf_id={build_conf_data_1.id}, но был получен {build_conf_model.id}\"\n    \n        with allure.step(\"Авторизация под Супер Администратором\"):\n            login_browser = AuthLoginBySuperAdmin(browser)\n>           login_browser.login_by_super_admin()\n\ntests/frontend/test_e2e_run_build.py:41: \n_ _ _ _ _ _ _ _ _ _ _ _ _ _ _ _ _ _ _ _ _ _ _ _ _ _ _ _ _ _ _ _ _ _ _ _ _ _ _ _ \npages/auth_page.py:58: in login_by_super_admin\n    self.actions.wait_for_url_changed(self.page_url)\n_ _ _ _ _ _ _ _ _ _ _ _ _ _ _ _ _ _ _ _ _ _ _ _ _ _ _ _ _ _ _ _ _ _ _ _ _ _ _ _ \n\nself = <actions.page_actions.PageAction object at 0x7f3f4493f3a0>\nexpected_url = 'http://localhost:8111**//favorite/projects?mode=builds**/'\ntimeout = 60000\n\n    def wait_for_url_changed(self, expected_url: str, timeout: int = 60000):\n        try:\n            with allure.step(f\"Ожидание изменения URL на {expected_url}\"):\n                self.page.wait_for_url(expected_url, timeout=timeout)\n        except TimeoutError:\n            self.allure_attach()\n>           raise AssertionError(f'Ссылка {self.page.url} не изменилась на URL {expected_url}')\nE           AssertionError: Ссылка http://localhost:8111/favorite/projects?mode=builds не изменилась на URL http://localhost:8111**//favorite/projects?mode=builds**/\n\nactions/page_actions.py:53: AssertionError","flaky":false,"newFailed":true,"newBroken":false,"newPassed":false,"retriesCount":0,"retriesStatusChange":false,"beforeStages":[{"name":"_session_faker","time":{"start":1711480229200,"stop":1711480229250,"duration":50},"status":"passed","steps":[],"attachments":[],"parameters":[],"hasContent":false,"shouldDisplayMessage":false,"stepsCount":0,"attachmentsCount":0,"attachmentStep":false},{"name":"browser","time":{"start":1711480416375,"stop":1711480418805,"duration":2430},"status":"passed","steps":[],"attachments":[],"parameters":[],"hasContent":false,"shouldDisplayMessage":false,"stepsCount":0,"attachmentsCount":0,"attachmentStep":false},{"name":"user_session","time":{"start":1711480493476,"stop":1711480493476,"duration":0},"status":"passed","steps":[],"attachments":[],"parameters":[],"hasContent":false,"shouldDisplayMessage":false,"stepsCount":0,"attachmentsCount":0,"attachmentStep":false},{"name":"super_admin","time":{"start":1711480493476,"stop":1711480493480,"duration":4},"status":"passed","steps":[],"attachments":[],"parameters":[],"hasContent":false,"shouldDisplayMessage":false,"stepsCount":0,"attachmentsCount":0,"attachmentStep":false},{"name":"build_conf_data","time":{"start":1711480493480,"stop":1711480493480,"duration":0},"status":"passed","steps":[],"attachments":[],"parameters":[],"hasContent":false,"shouldDisplayMessage":false,"stepsCount":0,"attachmentsCount":0,"attachmentStep":false},{"name":"random_description","time":{"start":1711480493480,"stop":1711480493480,"duration":0},"status":"passed","steps":[],"attachments":[],"parameters":[],"hasContent":false,"shouldDisplayMessage":false,"stepsCount":0,"attachmentsCount":0,"attachmentStep":false},{"name":"project_data","time":{"start":1711480493480,"stop":1711480493480,"duration":0},"status":"passed","steps":[],"attachments":[],"parameters":[],"hasContent":false,"shouldDisplayMessage":false,"stepsCount":0,"attachmentsCount":0,"attachmentStep":false}],"testStage":{"description":"Авторизация Супер Администратором, создание проекта, билд конфигурации, шага в командной строке и запуск билда","status":"failed","statusMessage":"AssertionError: Ссылка http://localhost:8111/favorite/projects?mode=builds не изменилась на URL http://localhost:8111**//favorite/projects?mode=builds**/","statusTrace":"self = <actions.page_actions.PageAction object at 0x7f3f4493f3a0>\nexpected_url = 'http://localhost:8111**//favorite/projects?mode=builds**/'\ntimeout = 60000\n\n    def wait_for_url_changed(self, expected_url: str, timeout: int = 60000):\n        try:\n            with allure.step(f\"Ожидание изменения URL на {expected_url}\"):\n>               self.page.wait_for_url(expected_url, timeout=timeout)\n\nactions/page_actions.py:50: \n_ _ _ _ _ _ _ _ _ _ _ _ _ _ _ _ _ _ _ _ _ _ _ _ _ _ _ _ _ _ _ _ _ _ _ _ _ _ _ _ \n../../../.local/lib/python3.10/site-packages/playwright/sync_api/_generated.py:9486: in wait_for_url\n    self._sync(\n../../../.local/lib/python3.10/site-packages/playwright/_impl/_page.py:508: in wait_for_url\n    return await self._main_frame.wait_for_url(**locals_to_params(locals()))\n../../../.local/lib/python3.10/site-packages/playwright/_impl/_frame.py:237: in wait_for_url\n    async with self.expect_navigation(\n../../../.local/lib/python3.10/site-packages/playwright/_impl/_event_context_manager.py:33: in __aexit__\n    await self._future\n_ _ _ _ _ _ _ _ _ _ _ _ _ _ _ _ _ _ _ _ _ _ _ _ _ _ _ _ _ _ _ _ _ _ _ _ _ _ _ _ \n\n    async def continuation() -> Optional[Response]:\n>       event = await waiter.result()\nE       playwright._impl._errors.TimeoutError: Timeout 60000ms exceeded.\nE       =========================== logs ===========================\nE       waiting for navigation to \"http://localhost:8111**//favorite/projects?mode=builds**/\" until 'load'\nE         navigated to \"http://localhost:8111/favorite/projects\"\nE         navigated to \"http://localhost:8111/favorite/projects\"\nE         navigated to \"http://localhost:8111/favorite/projects?mode=builds\"\nE       ============================================================\n\n../../../.local/lib/python3.10/site-packages/playwright/_impl/_frame.py:212: TimeoutError\n\nDuring handling of the above exception, another exception occurred:\n\nproject_data = <function project_data.<locals>._create_project_data at 0x7f3f44b25090>\nbuild_conf_data = <function build_conf_data.<locals>._create_build_conf_data at 0x7f3f44b24ee0>\nrandom_description = 'Position already computer site south remain.'\nbrowser = <Page url='http://localhost:8111/favorite/projects?mode=builds'>\nsuper_admin = <entities.user.User object at 0x7f3f4493cc10>\n\n    @allure.severity(allure.severity_level.CRITICAL)\n    @allure.parent_suite(\"UI тесты\")\n    @allure.suite(\"Управление запусками билдов\")\n    @allure.sub_suite(\"Запуск билда\")\n    @allure.title(\"Cоздание проекта, билд конфигурации, шага и запуск билда\")\n    @allure.description(\n        \"Авторизация Супер Администратором, создание проекта, билд конфигурации, шага в командной строке и запуск билда\")\n    @pytest.mark.build_run\n    @pytest.mark.ui\n    def test_e2e_run_build(project_data, build_conf_data, random_description, browser, super_admin):\n        with allure.step('Подготовка данных для создания проекта и билд конфигурации'):\n            project_data_1 = project_data()\n            build_conf_data_1 = build_conf_data(project_data_1.id)\n    \n        with allure.step('Отправка запроса на создание проекта'):\n            created_project_response = super_admin.api_manager.project_api.create_project(\n                project_data_1.model_dump()).text\n            created_project_model = ProjectResponseModel.model_validate_json(created_project_response)\n            assert created_project_model.id == project_data_1.id, \\\n                f\"Ожидался project_id= {project_data_1.id}, но был получен {created_project_model.id}\"\n    \n        with allure.step('Отправка запроса на создание билд конфигурации'):\n            create_build_conf_response = super_admin.api_manager.build_conf_api.create_build_conf(\n                build_conf_data_1.model_dump()).text\n            build_conf_model = BuildConfResponseModel.model_validate_json(create_build_conf_response)\n            with pytest.assume:\n                assert build_conf_model.id == build_conf_data_1.id, \\\n                    f\"Ожидался build_conf_id={build_conf_data_1.id}, но был получен {build_conf_model.id}\"\n    \n        with allure.step(\"Авторизация под Супер Администратором\"):\n            login_browser = AuthLoginBySuperAdmin(browser)\n>           login_browser.login_by_super_admin()\n\ntests/frontend/test_e2e_run_build.py:41: \n_ _ _ _ _ _ _ _ _ _ _ _ _ _ _ _ _ _ _ _ _ _ _ _ _ _ _ _ _ _ _ _ _ _ _ _ _ _ _ _ \npages/auth_page.py:58: in login_by_super_admin\n    self.actions.wait_for_url_changed(self.page_url)\n_ _ _ _ _ _ _ _ _ _ _ _ _ _ _ _ _ _ _ _ _ _ _ _ _ _ _ _ _ _ _ _ _ _ _ _ _ _ _ _ \n\nself = <actions.page_actions.PageAction object at 0x7f3f4493f3a0>\nexpected_url = 'http://localhost:8111**//favorite/projects?mode=builds**/'\ntimeout = 60000\n\n    def wait_for_url_changed(self, expected_url: str, timeout: int = 60000):\n        try:\n            with allure.step(f\"Ожидание изменения URL на {expected_url}\"):\n                self.page.wait_for_url(expected_url, timeout=timeout)\n        except TimeoutError:\n            self.allure_attach()\n>           raise AssertionError(f'Ссылка {self.page.url} не изменилась на URL {expected_url}')\nE           AssertionError: Ссылка http://localhost:8111/favorite/projects?mode=builds не изменилась на URL http://localhost:8111**//favorite/projects?mode=builds**/\n\nactions/page_actions.py:53: AssertionError","steps":[{"name":"Подготовка данных для создания проекта и билд конфигурации","time":{"start":1711480493481,"stop":1711480493481,"duration":0},"status":"passed","steps":[],"attachments":[],"parameters":[],"hasContent":false,"shouldDisplayMessage":false,"stepsCount":0,"attachmentsCount":0,"attachmentStep":false},{"name":"Отправка запроса на создание проекта","time":{"start":1711480493481,"stop":1711480493533,"duration":52},"status":"passed","steps":[],"attachments":[],"parameters":[],"hasContent":false,"shouldDisplayMessage":false,"stepsCount":0,"attachmentsCount":0,"attachmentStep":false},{"name":"Отправка запроса на создание билд конфигурации","time":{"start":1711480493533,"stop":1711480493548,"duration":15},"status":"passed","steps":[],"attachments":[],"parameters":[],"hasContent":false,"shouldDisplayMessage":false,"stepsCount":0,"attachmentsCount":0,"attachmentStep":false},{"name":"Авторизация под Супер Администратором","time":{"start":1711480493548,"stop":1711480554451,"duration":60903},"status":"failed","statusMessage":"AssertionError: Ссылка http://localhost:8111/favorite/projects?mode=builds не изменилась на URL http://localhost:8111**//favorite/projects?mode=builds**/\n","statusTrace":"  File \"/home/runner/work/TeamCity_Test/TeamCity_Test/tests/frontend/test_e2e_run_build.py\", line 41, in test_e2e_run_build\n    login_browser.login_by_super_admin()\n  File \"/home/runner/work/TeamCity_Test/TeamCity_Test/pages/auth_page.py\", line 58, in login_by_super_admin\n    self.actions.wait_for_url_changed(self.page_url)\n  File \"/home/runner/work/TeamCity_Test/TeamCity_Test/actions/page_actions.py\", line 53, in wait_for_url_changed\n    raise AssertionError(f'Ссылка {self.page.url} не изменилась на URL {expected_url}')\n","steps":[{"name":"Переход на страницу авторизации","time":{"start":1711480493548,"stop":1711480493990,"duration":442},"status":"passed","steps":[{"name":"Переход на URL: http://localhost:8111/login.html?super=1","time":{"start":1711480493548,"stop":1711480493977,"duration":429},"status":"passed","steps":[],"attachments":[],"parameters":[],"hasContent":false,"shouldDisplayMessage":false,"stepsCount":0,"attachmentsCount":0,"attachmentStep":false},{"name":"Ожидание загрузки страницы","time":{"start":1711480493977,"stop":1711480493990,"duration":13},"status":"passed","steps":[],"attachments":[],"parameters":[],"hasContent":false,"shouldDisplayMessage":false,"stepsCount":0,"attachmentsCount":0,"attachmentStep":false}],"attachments":[],"parameters":[],"hasContent":true,"shouldDisplayMessage":false,"stepsCount":2,"attachmentsCount":0,"attachmentStep":false},{"name":"Ввод токена для авторизации под Супер Администратором","time":{"start":1711480493990,"stop":1711480494171,"duration":181},"status":"passed","steps":[{"name":"Ожидаем появления элемента: #password","time":{"start":1711480493990,"stop":1711480494088,"duration":98},"status":"passed","steps":[],"attachments":[],"parameters":[],"hasContent":false,"shouldDisplayMessage":false,"stepsCount":0,"attachmentsCount":0,"attachmentStep":false},{"name":"Ввод текста 6389704135326294720 в элемент: #password","time":{"start":1711480494088,"stop":1711480494171,"duration":83},"status":"passed","steps":[],"attachments":[],"parameters":[],"hasContent":false,"shouldDisplayMessage":false,"stepsCount":0,"attachmentsCount":0,"attachmentStep":false}],"attachments":[],"parameters":[],"hasContent":true,"shouldDisplayMessage":false,"stepsCount":2,"attachmentsCount":0,"attachmentStep":false},{"name":"Авторизация пользователя","time":{"start":1711480494171,"stop":1711480494316,"duration":145},"status":"passed","steps":[{"name":"Клик по элементу: .loginButton","time":{"start":1711480494171,"stop":1711480494316,"duration":145},"status":"passed","steps":[],"attachments":[],"parameters":[],"hasContent":false,"shouldDisplayMessage":false,"stepsCount":0,"attachmentsCount":0,"attachmentStep":false}],"attachments":[],"parameters":[],"hasContent":true,"shouldDisplayMessage":false,"stepsCount":1,"attachmentsCount":0,"attachmentStep":false},{"name":"Ожидание изменения URL на http://localhost:8111**//favorite/projects?mode=builds**/","time":{"start":1711480494316,"stop":1711480554335,"duration":60019},"status":"broken","statusMessage":"playwright._impl._errors.TimeoutError: Timeout 60000ms exceeded.\n=========================== logs ===========================\nwaiting for navigation to \"http://localhost:8111**//favorite/projects?mode=builds**/\" until 'load'\n  navigated to \"http://localhost:8111/favorite/projects\"\n  navigated to \"http://localhost:8111/favorite/projects\"\n  navigated to \"http://localhost:8111/favorite/projects?mode=builds\"\n============================================================\n","statusTrace":"  File \"/home/runner/work/TeamCity_Test/TeamCity_Test/actions/page_actions.py\", line 50, in wait_for_url_changed\n    self.page.wait_for_url(expected_url, timeout=timeout)\n  File \"/home/runner/.local/lib/python3.10/site-packages/playwright/sync_api/_generated.py\", line 9486, in wait_for_url\n    self._sync(\n  File \"/home/runner/.local/lib/python3.10/site-packages/playwright/_impl/_sync_base.py\", line 115, in _sync\n    return task.result()\n  File \"/home/runner/.local/lib/python3.10/site-packages/playwright/_impl/_page.py\", line 508, in wait_for_url\n    return await self._main_frame.wait_for_url(**locals_to_params(locals()))\n  File \"/home/runner/.local/lib/python3.10/site-packages/playwright/_impl/_frame.py\", line 237, in wait_for_url\n    async with self.expect_navigation(\n  File \"/home/runner/.local/lib/python3.10/site-packages/playwright/_impl/_event_context_manager.py\", line 33, in __aexit__\n    await self._future\n  File \"/home/runner/.local/lib/python3.10/site-packages/playwright/_impl/_frame.py\", line 212, in continuation\n    event = await waiter.result()\n","steps":[],"attachments":[],"parameters":[],"hasContent":true,"shouldDisplayMessage":true,"stepsCount":0,"attachmentsCount":0,"attachmentStep":false}],"attachments":[{"uid":"a30c75d2bcd3b42c","name":"All Projects — TeamCity","source":"a30c75d2bcd3b42c.png","type":"image/png","size":97167}],"parameters":[],"hasContent":true,"shouldDisplayMessage":true,"stepsCount":9,"attachmentsCount":1,"attachmentStep":false}],"attachments":[{"uid":"225f3df8f9ad982","name":"log","source":"225f3df8f9ad982.txt","type":"text/plain","size":5117}],"parameters":[],"hasContent":true,"shouldDisplayMessage":true,"stepsCount":13,"attachmentsCount":2,"attachmentStep":false},"afterStages":[{"name":"build_conf_data::0","time":{"start":1711480554605,"stop":1711480554661,"duration":56},"status":"passed","steps":[],"attachments":[],"parameters":[],"hasContent":false,"shouldDisplayMessage":false,"stepsCount":0,"attachmentsCount":0,"attachmentStep":false},{"name":"project_data::0","time":{"start":1711480554661,"stop":1711480554717,"duration":56},"status":"passed","steps":[],"attachments":[],"parameters":[],"hasContent":false,"shouldDisplayMessage":false,"stepsCount":0,"attachmentsCount":0,"attachmentStep":false},{"name":"user_session::0","time":{"start":1711480554717,"stop":1711480554718,"duration":1},"status":"passed","steps":[],"attachments":[],"parameters":[],"hasContent":false,"shouldDisplayMessage":false,"stepsCount":0,"attachmentsCount":0,"attachmentStep":false},{"name":"browser::0","time":{"start":1711480554718,"stop":1711480555505,"duration":787},"status":"passed","steps":[],"attachments":[],"parameters":[],"hasContent":false,"shouldDisplayMessage":false,"stepsCount":0,"attachmentsCount":0,"attachmentStep":false}],"labels":[{"name":"parentSuite","value":"UI тесты"},{"name":"severity","value":"critical"},{"name":"subSuite","value":"Запуск билда"},{"name":"suite","value":"Управление запусками билдов"},{"name":"tag","value":"ui"},{"name":"tag","value":"build_run"},{"name":"host","value":"fv-az730-571"},{"name":"thread","value":"7875-MainThread"},{"name":"framework","value":"pytest"},{"name":"language","value":"cpython3"},{"name":"package","value":"tests.frontend.test_e2e_run_build"},{"name":"resultFormat","value":"allure2"}],"parameters":[{"name":"browser","value":"'firefox'"}],"links":[],"hidden":false,"retry":false,"extra":{"severity":"critical","retries":[],"categories":[{"name":"Product defects","matchedStatuses":[],"flaky":false}],"history":{"statistic":{"failed":1,"broken":0,"skipped":0,"passed":7,"unknown":0,"total":8},"items":[{"uid":"ceebcaea8cab513b","reportUrl":"https://QAKonstantin.github.io/TeamCity_Test/148//#testresult/ceebcaea8cab513b","status":"passed","time":{"start":1711479234115,"stop":1711479246899,"duration":12784}},{"uid":"c1898edce3b1361f","reportUrl":"https://QAKonstantin.github.io/TeamCity_Test/147//#testresult/c1898edce3b1361f","status":"passed","time":{"start":1711478379680,"stop":1711478400807,"duration":21127}},{"uid":"32aac63de9c6adc0","reportUrl":"https://QAKonstantin.github.io/TeamCity_Test/146//#testresult/32aac63de9c6adc0","status":"passed","time":{"start":1711477761654,"stop":1711477783238,"duration":21584}},{"uid":"b991258574ee7f56","reportUrl":"https://QAKonstantin.github.io/TeamCity_Test/145//#testresult/b991258574ee7f56","status":"passed","time":{"start":1711476991705,"stop":1711477003047,"duration":11342}},{"uid":"b16767901122a973","reportUrl":"https://QAKonstantin.github.io/TeamCity_Test/144//#testresult/b16767901122a973","status":"passed","time":{"start":1711476053598,"stop":1711476064919,"duration":11321}},{"uid":"c7d043447b83eb0f","reportUrl":"https://QAKonstantin.github.io/TeamCity_Test/144//#testresult/c7d043447b83eb0f","status":"passed","time":{"start":1711475591145,"stop":1711475602012,"duration":10867}},{"uid":"372805b1ef1702d8","reportUrl":"https://QAKonstantin.github.io/TeamCity_Test/143//#testresult/372805b1ef1702d8","status":"passed","time":{"start":1711475032353,"stop":1711475042483,"duration":10130}}]},"tags":["ui","build_run"]},"source":"6e3a33f8a439ce44.json","parameterValues":["'firefox'"]}