{"uid":"b4407a393c6dafbd","name":"Удаление билд конфигурации под Супер Администратором","fullName":"tests.frontend.test_e2e_build_conf#test_e2e_delete_build_conf","historyId":"533710b20796d2641c370fb2c75ae536","time":{"start":1711480351312,"stop":1711480415239,"duration":63927},"description":"Авторизация Супер Администратором, создание проекта, билда и удаление билда","descriptionHtml":"<p>Авторизация Супер Администратором, создание проекта, билда и удаление билда</p>\n","status":"failed","statusMessage":"AssertionError: Ссылка http://localhost:8111/favorite/projects?mode=builds не изменилась на URL http://localhost:8111**//favorite/projects?mode=builds**/","statusTrace":"self = <actions.page_actions.PageAction object at 0x7f3f44df7880>\nexpected_url = 'http://localhost:8111**//favorite/projects?mode=builds**/'\ntimeout = 60000\n\n    def wait_for_url_changed(self, expected_url: str, timeout: int = 60000):\n        try:\n            with allure.step(f\"Ожидание изменения URL на {expected_url}\"):\n>               self.page.wait_for_url(expected_url, timeout=timeout)\n\nactions/page_actions.py:50: \n_ _ _ _ _ _ _ _ _ _ _ _ _ _ _ _ _ _ _ _ _ _ _ _ _ _ _ _ _ _ _ _ _ _ _ _ _ _ _ _ \n../../../.local/lib/python3.10/site-packages/playwright/sync_api/_generated.py:9486: in wait_for_url\n    self._sync(\n../../../.local/lib/python3.10/site-packages/playwright/_impl/_page.py:508: in wait_for_url\n    return await self._main_frame.wait_for_url(**locals_to_params(locals()))\n../../../.local/lib/python3.10/site-packages/playwright/_impl/_frame.py:237: in wait_for_url\n    async with self.expect_navigation(\n../../../.local/lib/python3.10/site-packages/playwright/_impl/_event_context_manager.py:33: in __aexit__\n    await self._future\n_ _ _ _ _ _ _ _ _ _ _ _ _ _ _ _ _ _ _ _ _ _ _ _ _ _ _ _ _ _ _ _ _ _ _ _ _ _ _ _ \n\n    async def continuation() -> Optional[Response]:\n>       event = await waiter.result()\nE       playwright._impl._errors.TimeoutError: Timeout 60000ms exceeded.\nE       =========================== logs ===========================\nE       waiting for navigation to \"http://localhost:8111**//favorite/projects?mode=builds**/\" until 'load'\nE         navigated to \"http://localhost:8111/favorite/projects\"\nE         navigated to \"http://localhost:8111/favorite/projects\"\nE         navigated to \"http://localhost:8111/favorite/projects?mode=builds\"\nE       ============================================================\n\n../../../.local/lib/python3.10/site-packages/playwright/_impl/_frame.py:212: TimeoutError\n\nDuring handling of the above exception, another exception occurred:\n\nproject_data = <function project_data.<locals>._create_project_data at 0x7f3f44d76710>\nbrowser = <Page url='http://localhost:8111/favorite/projects?mode=builds'>\nsuper_admin = <entities.user.User object at 0x7f3f44df69e0>\n\n    @allure.severity(allure.severity_level.CRITICAL)\n    @allure.parent_suite(\"UI тесты\")\n    @allure.suite(\"Управление билд конфигурациями\")\n    @allure.sub_suite(\"Удаление билд конфигурации\")\n    @allure.title(\"Удаление билд конфигурации под Супер Администратором\")\n    @allure.description(\"Авторизация Супер Администратором, создание проекта, билда и удаление билда\")\n    @pytest.mark.build_conf\n    @pytest.mark.ui\n    def test_e2e_delete_build_conf(project_data, browser, super_admin):\n        with allure.step('Подготовка данных для создания проекта и билд конфигурации'):\n            project_data_1 = project_data()\n            build_conf_data_1 = BuildConfData.create_build_conf_data(project_data_1.id)\n    \n        with allure.step('Отправка запроса на создание проекта'):\n            created_project_response = super_admin.api_manager.project_api.create_project(\n                project_data_1.model_dump()).text\n            created_project_model = ProjectResponseModel.model_validate_json(created_project_response)\n            assert created_project_model.id == project_data_1.id, \\\n                f\"Ожидался project_id= {project_data_1.id}, но был получен {created_project_model.id}\"\n    \n        with allure.step('Отправка запроса на создание билд конфигурации'):\n            create_build_conf_response = super_admin.api_manager.build_conf_api.create_build_conf(\n                build_conf_data_1.model_dump()).text\n            build_conf_model = BuildConfResponseModel.model_validate_json(create_build_conf_response)\n            with pytest.assume:\n                assert build_conf_model.id == build_conf_data_1.id, \\\n                    f\"Ожидался build_conf_id={build_conf_data_1.id}, но был получен {build_conf_model.id}\"\n    \n        with allure.step(\"Авторизация под Супер Администратором\"):\n            login_browser = AuthLoginBySuperAdmin(browser)\n>           login_browser.login_by_super_admin()\n\ntests/frontend/test_e2e_build_conf.py:84: \n_ _ _ _ _ _ _ _ _ _ _ _ _ _ _ _ _ _ _ _ _ _ _ _ _ _ _ _ _ _ _ _ _ _ _ _ _ _ _ _ \npages/auth_page.py:58: in login_by_super_admin\n    self.actions.wait_for_url_changed(self.page_url)\n_ _ _ _ _ _ _ _ _ _ _ _ _ _ _ _ _ _ _ _ _ _ _ _ _ _ _ _ _ _ _ _ _ _ _ _ _ _ _ _ \n\nself = <actions.page_actions.PageAction object at 0x7f3f44df7880>\nexpected_url = 'http://localhost:8111**//favorite/projects?mode=builds**/'\ntimeout = 60000\n\n    def wait_for_url_changed(self, expected_url: str, timeout: int = 60000):\n        try:\n            with allure.step(f\"Ожидание изменения URL на {expected_url}\"):\n                self.page.wait_for_url(expected_url, timeout=timeout)\n        except TimeoutError:\n            self.allure_attach()\n>           raise AssertionError(f'Ссылка {self.page.url} не изменилась на URL {expected_url}')\nE           AssertionError: Ссылка http://localhost:8111/favorite/projects?mode=builds не изменилась на URL http://localhost:8111**//favorite/projects?mode=builds**/\n\nactions/page_actions.py:53: AssertionError","flaky":false,"newFailed":true,"newBroken":false,"newPassed":false,"retriesCount":0,"retriesStatusChange":false,"beforeStages":[{"name":"_session_faker","time":{"start":1711480229200,"stop":1711480229250,"duration":50},"status":"passed","steps":[],"attachments":[],"parameters":[],"hasContent":false,"shouldDisplayMessage":false,"stepsCount":0,"attachmentsCount":0,"attachmentStep":false},{"name":"browser","time":{"start":1711480329418,"stop":1711480330815,"duration":1397},"status":"passed","steps":[],"attachments":[],"parameters":[],"hasContent":false,"shouldDisplayMessage":false,"stepsCount":0,"attachmentsCount":0,"attachmentStep":false},{"name":"user_session","time":{"start":1711480351281,"stop":1711480351281,"duration":0},"status":"passed","steps":[],"attachments":[],"parameters":[],"hasContent":false,"shouldDisplayMessage":false,"stepsCount":0,"attachmentsCount":0,"attachmentStep":false},{"name":"super_admin","time":{"start":1711480351281,"stop":1711480351305,"duration":24},"status":"passed","steps":[],"attachments":[],"parameters":[],"hasContent":false,"shouldDisplayMessage":false,"stepsCount":0,"attachmentsCount":0,"attachmentStep":false},{"name":"project_data","time":{"start":1711480351308,"stop":1711480351308,"duration":0},"status":"passed","steps":[],"attachments":[],"parameters":[],"hasContent":false,"shouldDisplayMessage":false,"stepsCount":0,"attachmentsCount":0,"attachmentStep":false}],"testStage":{"description":"Авторизация Супер Администратором, создание проекта, билда и удаление билда","status":"failed","statusMessage":"AssertionError: Ссылка http://localhost:8111/favorite/projects?mode=builds не изменилась на URL http://localhost:8111**//favorite/projects?mode=builds**/","statusTrace":"self = <actions.page_actions.PageAction object at 0x7f3f44df7880>\nexpected_url = 'http://localhost:8111**//favorite/projects?mode=builds**/'\ntimeout = 60000\n\n    def wait_for_url_changed(self, expected_url: str, timeout: int = 60000):\n        try:\n            with allure.step(f\"Ожидание изменения URL на {expected_url}\"):\n>               self.page.wait_for_url(expected_url, timeout=timeout)\n\nactions/page_actions.py:50: \n_ _ _ _ _ _ _ _ _ _ _ _ _ _ _ _ _ _ _ _ _ _ _ _ _ _ _ _ _ _ _ _ _ _ _ _ _ _ _ _ \n../../../.local/lib/python3.10/site-packages/playwright/sync_api/_generated.py:9486: in wait_for_url\n    self._sync(\n../../../.local/lib/python3.10/site-packages/playwright/_impl/_page.py:508: in wait_for_url\n    return await self._main_frame.wait_for_url(**locals_to_params(locals()))\n../../../.local/lib/python3.10/site-packages/playwright/_impl/_frame.py:237: in wait_for_url\n    async with self.expect_navigation(\n../../../.local/lib/python3.10/site-packages/playwright/_impl/_event_context_manager.py:33: in __aexit__\n    await self._future\n_ _ _ _ _ _ _ _ _ _ _ _ _ _ _ _ _ _ _ _ _ _ _ _ _ _ _ _ _ _ _ _ _ _ _ _ _ _ _ _ \n\n    async def continuation() -> Optional[Response]:\n>       event = await waiter.result()\nE       playwright._impl._errors.TimeoutError: Timeout 60000ms exceeded.\nE       =========================== logs ===========================\nE       waiting for navigation to \"http://localhost:8111**//favorite/projects?mode=builds**/\" until 'load'\nE         navigated to \"http://localhost:8111/favorite/projects\"\nE         navigated to \"http://localhost:8111/favorite/projects\"\nE         navigated to \"http://localhost:8111/favorite/projects?mode=builds\"\nE       ============================================================\n\n../../../.local/lib/python3.10/site-packages/playwright/_impl/_frame.py:212: TimeoutError\n\nDuring handling of the above exception, another exception occurred:\n\nproject_data = <function project_data.<locals>._create_project_data at 0x7f3f44d76710>\nbrowser = <Page url='http://localhost:8111/favorite/projects?mode=builds'>\nsuper_admin = <entities.user.User object at 0x7f3f44df69e0>\n\n    @allure.severity(allure.severity_level.CRITICAL)\n    @allure.parent_suite(\"UI тесты\")\n    @allure.suite(\"Управление билд конфигурациями\")\n    @allure.sub_suite(\"Удаление билд конфигурации\")\n    @allure.title(\"Удаление билд конфигурации под Супер Администратором\")\n    @allure.description(\"Авторизация Супер Администратором, создание проекта, билда и удаление билда\")\n    @pytest.mark.build_conf\n    @pytest.mark.ui\n    def test_e2e_delete_build_conf(project_data, browser, super_admin):\n        with allure.step('Подготовка данных для создания проекта и билд конфигурации'):\n            project_data_1 = project_data()\n            build_conf_data_1 = BuildConfData.create_build_conf_data(project_data_1.id)\n    \n        with allure.step('Отправка запроса на создание проекта'):\n            created_project_response = super_admin.api_manager.project_api.create_project(\n                project_data_1.model_dump()).text\n            created_project_model = ProjectResponseModel.model_validate_json(created_project_response)\n            assert created_project_model.id == project_data_1.id, \\\n                f\"Ожидался project_id= {project_data_1.id}, но был получен {created_project_model.id}\"\n    \n        with allure.step('Отправка запроса на создание билд конфигурации'):\n            create_build_conf_response = super_admin.api_manager.build_conf_api.create_build_conf(\n                build_conf_data_1.model_dump()).text\n            build_conf_model = BuildConfResponseModel.model_validate_json(create_build_conf_response)\n            with pytest.assume:\n                assert build_conf_model.id == build_conf_data_1.id, \\\n                    f\"Ожидался build_conf_id={build_conf_data_1.id}, но был получен {build_conf_model.id}\"\n    \n        with allure.step(\"Авторизация под Супер Администратором\"):\n            login_browser = AuthLoginBySuperAdmin(browser)\n>           login_browser.login_by_super_admin()\n\ntests/frontend/test_e2e_build_conf.py:84: \n_ _ _ _ _ _ _ _ _ _ _ _ _ _ _ _ _ _ _ _ _ _ _ _ _ _ _ _ _ _ _ _ _ _ _ _ _ _ _ _ \npages/auth_page.py:58: in login_by_super_admin\n    self.actions.wait_for_url_changed(self.page_url)\n_ _ _ _ _ _ _ _ _ _ _ _ _ _ _ _ _ _ _ _ _ _ _ _ _ _ _ _ _ _ _ _ _ _ _ _ _ _ _ _ \n\nself = <actions.page_actions.PageAction object at 0x7f3f44df7880>\nexpected_url = 'http://localhost:8111**//favorite/projects?mode=builds**/'\ntimeout = 60000\n\n    def wait_for_url_changed(self, expected_url: str, timeout: int = 60000):\n        try:\n            with allure.step(f\"Ожидание изменения URL на {expected_url}\"):\n                self.page.wait_for_url(expected_url, timeout=timeout)\n        except TimeoutError:\n            self.allure_attach()\n>           raise AssertionError(f'Ссылка {self.page.url} не изменилась на URL {expected_url}')\nE           AssertionError: Ссылка http://localhost:8111/favorite/projects?mode=builds не изменилась на URL http://localhost:8111**//favorite/projects?mode=builds**/\n\nactions/page_actions.py:53: AssertionError","steps":[{"name":"Подготовка данных для создания проекта и билд конфигурации","time":{"start":1711480351312,"stop":1711480351312,"duration":0},"status":"passed","steps":[],"attachments":[],"parameters":[],"hasContent":false,"shouldDisplayMessage":false,"stepsCount":0,"attachmentsCount":0,"attachmentStep":false},{"name":"Отправка запроса на создание проекта","time":{"start":1711480351312,"stop":1711480351381,"duration":69},"status":"passed","steps":[],"attachments":[],"parameters":[],"hasContent":false,"shouldDisplayMessage":false,"stepsCount":0,"attachmentsCount":0,"attachmentStep":false},{"name":"Отправка запроса на создание билд конфигурации","time":{"start":1711480351381,"stop":1711480351447,"duration":66},"status":"passed","steps":[],"attachments":[],"parameters":[],"hasContent":false,"shouldDisplayMessage":false,"stepsCount":0,"attachmentsCount":0,"attachmentStep":false},{"name":"Авторизация под Супер Администратором","time":{"start":1711480351447,"stop":1711480415238,"duration":63791},"status":"failed","statusMessage":"AssertionError: Ссылка http://localhost:8111/favorite/projects?mode=builds не изменилась на URL http://localhost:8111**//favorite/projects?mode=builds**/\n","statusTrace":"  File \"/home/runner/work/TeamCity_Test/TeamCity_Test/tests/frontend/test_e2e_build_conf.py\", line 84, in test_e2e_delete_build_conf\n    login_browser.login_by_super_admin()\n  File \"/home/runner/work/TeamCity_Test/TeamCity_Test/pages/auth_page.py\", line 58, in login_by_super_admin\n    self.actions.wait_for_url_changed(self.page_url)\n  File \"/home/runner/work/TeamCity_Test/TeamCity_Test/actions/page_actions.py\", line 53, in wait_for_url_changed\n    raise AssertionError(f'Ссылка {self.page.url} не изменилась на URL {expected_url}')\n","steps":[{"name":"Переход на страницу авторизации","time":{"start":1711480351447,"stop":1711480354254,"duration":2807},"status":"passed","steps":[{"name":"Переход на URL: http://localhost:8111/login.html?super=1","time":{"start":1711480351447,"stop":1711480354237,"duration":2790},"status":"passed","steps":[],"attachments":[],"parameters":[],"hasContent":false,"shouldDisplayMessage":false,"stepsCount":0,"attachmentsCount":0,"attachmentStep":false},{"name":"Ожидание загрузки страницы","time":{"start":1711480354237,"stop":1711480354254,"duration":17},"status":"passed","steps":[],"attachments":[],"parameters":[],"hasContent":false,"shouldDisplayMessage":false,"stepsCount":0,"attachmentsCount":0,"attachmentStep":false}],"attachments":[],"parameters":[],"hasContent":true,"shouldDisplayMessage":false,"stepsCount":2,"attachmentsCount":0,"attachmentStep":false},{"name":"Ввод токена для авторизации под Супер Администратором","time":{"start":1711480354254,"stop":1711480354570,"duration":316},"status":"passed","steps":[{"name":"Ожидаем появления элемента: #password","time":{"start":1711480354254,"stop":1711480354463,"duration":209},"status":"passed","steps":[],"attachments":[],"parameters":[],"hasContent":false,"shouldDisplayMessage":false,"stepsCount":0,"attachmentsCount":0,"attachmentStep":false},{"name":"Ввод текста 6389704135326294720 в элемент: #password","time":{"start":1711480354463,"stop":1711480354570,"duration":107},"status":"passed","steps":[],"attachments":[],"parameters":[],"hasContent":false,"shouldDisplayMessage":false,"stepsCount":0,"attachmentsCount":0,"attachmentStep":false}],"attachments":[],"parameters":[],"hasContent":true,"shouldDisplayMessage":false,"stepsCount":2,"attachmentsCount":0,"attachmentStep":false},{"name":"Авторизация пользователя","time":{"start":1711480354570,"stop":1711480354946,"duration":376},"status":"passed","steps":[{"name":"Клик по элементу: .loginButton","time":{"start":1711480354570,"stop":1711480354946,"duration":376},"status":"passed","steps":[],"attachments":[],"parameters":[],"hasContent":false,"shouldDisplayMessage":false,"stepsCount":0,"attachmentsCount":0,"attachmentStep":false}],"attachments":[],"parameters":[],"hasContent":true,"shouldDisplayMessage":false,"stepsCount":1,"attachmentsCount":0,"attachmentStep":false},{"name":"Ожидание изменения URL на http://localhost:8111**//favorite/projects?mode=builds**/","time":{"start":1711480354946,"stop":1711480414997,"duration":60051},"status":"broken","statusMessage":"playwright._impl._errors.TimeoutError: Timeout 60000ms exceeded.\n=========================== logs ===========================\nwaiting for navigation to \"http://localhost:8111**//favorite/projects?mode=builds**/\" until 'load'\n  navigated to \"http://localhost:8111/favorite/projects\"\n  navigated to \"http://localhost:8111/favorite/projects\"\n  navigated to \"http://localhost:8111/favorite/projects?mode=builds\"\n============================================================\n","statusTrace":"  File \"/home/runner/work/TeamCity_Test/TeamCity_Test/actions/page_actions.py\", line 50, in wait_for_url_changed\n    self.page.wait_for_url(expected_url, timeout=timeout)\n  File \"/home/runner/.local/lib/python3.10/site-packages/playwright/sync_api/_generated.py\", line 9486, in wait_for_url\n    self._sync(\n  File \"/home/runner/.local/lib/python3.10/site-packages/playwright/_impl/_sync_base.py\", line 115, in _sync\n    return task.result()\n  File \"/home/runner/.local/lib/python3.10/site-packages/playwright/_impl/_page.py\", line 508, in wait_for_url\n    return await self._main_frame.wait_for_url(**locals_to_params(locals()))\n  File \"/home/runner/.local/lib/python3.10/site-packages/playwright/_impl/_frame.py\", line 237, in wait_for_url\n    async with self.expect_navigation(\n  File \"/home/runner/.local/lib/python3.10/site-packages/playwright/_impl/_event_context_manager.py\", line 33, in __aexit__\n    await self._future\n  File \"/home/runner/.local/lib/python3.10/site-packages/playwright/_impl/_frame.py\", line 212, in continuation\n    event = await waiter.result()\n","steps":[],"attachments":[],"parameters":[],"hasContent":true,"shouldDisplayMessage":true,"stepsCount":0,"attachmentsCount":0,"attachmentStep":false}],"attachments":[{"uid":"26703ca9d5d9e0c5","name":"All Projects — TeamCity","source":"26703ca9d5d9e0c5.png","type":"image/png","size":67845}],"parameters":[],"hasContent":true,"shouldDisplayMessage":true,"stepsCount":9,"attachmentsCount":1,"attachmentStep":false}],"attachments":[{"uid":"fc59c921ce79ade3","name":"log","source":"fc59c921ce79ade3.txt","type":"text/plain","size":3565}],"parameters":[],"hasContent":true,"shouldDisplayMessage":true,"stepsCount":13,"attachmentsCount":2,"attachmentStep":false},"afterStages":[{"name":"project_data::0","time":{"start":1711480415477,"stop":1711480415541,"duration":64},"status":"passed","steps":[],"attachments":[],"parameters":[],"hasContent":false,"shouldDisplayMessage":false,"stepsCount":0,"attachmentsCount":0,"attachmentStep":false},{"name":"user_session::0","time":{"start":1711480415542,"stop":1711480415542,"duration":0},"status":"passed","steps":[],"attachments":[],"parameters":[],"hasContent":false,"shouldDisplayMessage":false,"stepsCount":0,"attachmentsCount":0,"attachmentStep":false},{"name":"browser::0","time":{"start":1711480415546,"stop":1711480416374,"duration":828},"status":"passed","steps":[],"attachments":[],"parameters":[],"hasContent":false,"shouldDisplayMessage":false,"stepsCount":0,"attachmentsCount":0,"attachmentStep":false}],"labels":[{"name":"parentSuite","value":"UI тесты"},{"name":"severity","value":"critical"},{"name":"subSuite","value":"Удаление билд конфигурации"},{"name":"suite","value":"Управление билд конфигурациями"},{"name":"tag","value":"ui"},{"name":"tag","value":"build_conf"},{"name":"host","value":"fv-az730-571"},{"name":"thread","value":"7875-MainThread"},{"name":"framework","value":"pytest"},{"name":"language","value":"cpython3"},{"name":"package","value":"tests.frontend.test_e2e_build_conf"},{"name":"resultFormat","value":"allure2"}],"parameters":[{"name":"browser","value":"'chromium'"}],"links":[],"hidden":false,"retry":false,"extra":{"severity":"critical","retries":[],"categories":[{"name":"Product defects","matchedStatuses":[],"flaky":false}],"history":{"statistic":{"failed":1,"broken":0,"skipped":0,"passed":7,"unknown":0,"total":8},"items":[{"uid":"34a348a79416085b","reportUrl":"https://QAKonstantin.github.io/TeamCity_Test/148//#testresult/34a348a79416085b","status":"passed","time":{"start":1711479237899,"stop":1711479252433,"duration":14534}},{"uid":"ef68d1276e696fbd","reportUrl":"https://QAKonstantin.github.io/TeamCity_Test/147//#testresult/ef68d1276e696fbd","status":"passed","time":{"start":1711478318480,"stop":1711478342167,"duration":23687}},{"uid":"de9bd96ccf43c393","reportUrl":"https://QAKonstantin.github.io/TeamCity_Test/146//#testresult/de9bd96ccf43c393","status":"passed","time":{"start":1711477699486,"stop":1711477719406,"duration":19920}},{"uid":"d3710f1a2bda198a","reportUrl":"https://QAKonstantin.github.io/TeamCity_Test/145//#testresult/d3710f1a2bda198a","status":"passed","time":{"start":1711476896770,"stop":1711476929774,"duration":33004}},{"uid":"3023b3dc2edcb0f8","reportUrl":"https://QAKonstantin.github.io/TeamCity_Test/144//#testresult/3023b3dc2edcb0f8","status":"passed","time":{"start":1711475961898,"stop":1711475991768,"duration":29870}},{"uid":"7967d5fe1b50ea69","reportUrl":"https://QAKonstantin.github.io/TeamCity_Test/144//#testresult/7967d5fe1b50ea69","status":"passed","time":{"start":1711475499298,"stop":1711475529789,"duration":30491}},{"uid":"4ab9d5432fca70b9","reportUrl":"https://QAKonstantin.github.io/TeamCity_Test/143//#testresult/4ab9d5432fca70b9","status":"passed","time":{"start":1711474938023,"stop":1711474967697,"duration":29674}}]},"tags":["ui","build_conf"]},"source":"b4407a393c6dafbd.json","parameterValues":["'chromium'"]}