{"uid":"e673e0bdf0183add","name":"Cоздание проекта, билд конфигурации, шага и запуск билда","fullName":"tests.frontend.test_e2e_run_build#test_e2e_run_build","historyId":"a47604b9a96acca34781b03287e84124","time":{"start":1711480410206,"stop":1711480471755,"duration":61549},"description":"Авторизация Супер Администратором, создание проекта, билд конфигурации, шага в командной строке и запуск билда","descriptionHtml":"<p>Авторизация Супер Администратором, создание проекта, билд конфигурации, шага в командной строке и запуск билда</p>\n","status":"failed","statusMessage":"AssertionError: Ссылка http://localhost:8111/favorite/projects?mode=builds не изменилась на URL http://localhost:8111**//favorite/projects?mode=builds**/","statusTrace":"self = <actions.page_actions.PageAction object at 0x7fc95d1b3130>\nexpected_url = 'http://localhost:8111**//favorite/projects?mode=builds**/'\ntimeout = 60000\n\n    def wait_for_url_changed(self, expected_url: str, timeout: int = 60000):\n        try:\n            with allure.step(f\"Ожидание изменения URL на {expected_url}\"):\n>               self.page.wait_for_url(expected_url, timeout=timeout)\n\nactions/page_actions.py:50: \n_ _ _ _ _ _ _ _ _ _ _ _ _ _ _ _ _ _ _ _ _ _ _ _ _ _ _ _ _ _ _ _ _ _ _ _ _ _ _ _ \n../../../.local/lib/python3.10/site-packages/playwright/sync_api/_generated.py:9486: in wait_for_url\n    self._sync(\n../../../.local/lib/python3.10/site-packages/playwright/_impl/_page.py:508: in wait_for_url\n    return await self._main_frame.wait_for_url(**locals_to_params(locals()))\n../../../.local/lib/python3.10/site-packages/playwright/_impl/_frame.py:237: in wait_for_url\n    async with self.expect_navigation(\n../../../.local/lib/python3.10/site-packages/playwright/_impl/_event_context_manager.py:33: in __aexit__\n    await self._future\n_ _ _ _ _ _ _ _ _ _ _ _ _ _ _ _ _ _ _ _ _ _ _ _ _ _ _ _ _ _ _ _ _ _ _ _ _ _ _ _ \n\n    async def continuation() -> Optional[Response]:\n>       event = await waiter.result()\nE       playwright._impl._errors.TimeoutError: Timeout 60000ms exceeded.\nE       =========================== logs ===========================\nE       waiting for navigation to \"http://localhost:8111**//favorite/projects?mode=builds**/\" until 'load'\nE         navigated to \"http://localhost:8111/favorite/projects\"\nE         navigated to \"http://localhost:8111/favorite/projects?mode=builds\"\nE       ============================================================\n\n../../../.local/lib/python3.10/site-packages/playwright/_impl/_frame.py:212: TimeoutError\n\nDuring handling of the above exception, another exception occurred:\n\nproject_data = <function project_data.<locals>._create_project_data at 0x7fc95d469900>\nbuild_conf_data = <function build_conf_data.<locals>._create_build_conf_data at 0x7fc95d46af80>\nrandom_description = 'Child skin analysis however present main since.'\nbrowser = <Page url='http://localhost:8111/favorite/projects?mode=builds'>\nsuper_admin = <entities.user.User object at 0x7fc95d1b15a0>\n\n    @allure.severity(allure.severity_level.CRITICAL)\n    @allure.parent_suite(\"UI тесты\")\n    @allure.suite(\"Управление запусками билдов\")\n    @allure.sub_suite(\"Запуск билда\")\n    @allure.title(\"Cоздание проекта, билд конфигурации, шага и запуск билда\")\n    @allure.description(\n        \"Авторизация Супер Администратором, создание проекта, билд конфигурации, шага в командной строке и запуск билда\")\n    @pytest.mark.build_run\n    @pytest.mark.ui\n    def test_e2e_run_build(project_data, build_conf_data, random_description, browser, super_admin):\n        with allure.step('Подготовка данных для создания проекта и билд конфигурации'):\n            project_data_1 = project_data()\n            build_conf_data_1 = build_conf_data(project_data_1.id)\n    \n        with allure.step('Отправка запроса на создание проекта'):\n            created_project_response = super_admin.api_manager.project_api.create_project(\n                project_data_1.model_dump()).text\n            created_project_model = ProjectResponseModel.model_validate_json(created_project_response)\n            assert created_project_model.id == project_data_1.id, \\\n                f\"Ожидался project_id= {project_data_1.id}, но был получен {created_project_model.id}\"\n    \n        with allure.step('Отправка запроса на создание билд конфигурации'):\n            create_build_conf_response = super_admin.api_manager.build_conf_api.create_build_conf(\n                build_conf_data_1.model_dump()).text\n            build_conf_model = BuildConfResponseModel.model_validate_json(create_build_conf_response)\n            with pytest.assume:\n                assert build_conf_model.id == build_conf_data_1.id, \\\n                    f\"Ожидался build_conf_id={build_conf_data_1.id}, но был получен {build_conf_model.id}\"\n    \n        with allure.step(\"Авторизация под Супер Администратором\"):\n            login_browser = AuthLoginBySuperAdmin(browser)\n>           login_browser.login_by_super_admin()\n\ntests/frontend/test_e2e_run_build.py:41: \n_ _ _ _ _ _ _ _ _ _ _ _ _ _ _ _ _ _ _ _ _ _ _ _ _ _ _ _ _ _ _ _ _ _ _ _ _ _ _ _ \npages/auth_page.py:58: in login_by_super_admin\n    self.actions.wait_for_url_changed(self.page_url)\n_ _ _ _ _ _ _ _ _ _ _ _ _ _ _ _ _ _ _ _ _ _ _ _ _ _ _ _ _ _ _ _ _ _ _ _ _ _ _ _ \n\nself = <actions.page_actions.PageAction object at 0x7fc95d1b3130>\nexpected_url = 'http://localhost:8111**//favorite/projects?mode=builds**/'\ntimeout = 60000\n\n    def wait_for_url_changed(self, expected_url: str, timeout: int = 60000):\n        try:\n            with allure.step(f\"Ожидание изменения URL на {expected_url}\"):\n                self.page.wait_for_url(expected_url, timeout=timeout)\n        except TimeoutError:\n            self.allure_attach()\n>           raise AssertionError(f'Ссылка {self.page.url} не изменилась на URL {expected_url}')\nE           AssertionError: Ссылка http://localhost:8111/favorite/projects?mode=builds не изменилась на URL http://localhost:8111**//favorite/projects?mode=builds**/\n\nactions/page_actions.py:53: AssertionError","flaky":false,"newFailed":true,"newBroken":false,"newPassed":false,"retriesCount":0,"retriesStatusChange":false,"beforeStages":[{"name":"_session_faker","time":{"start":1711480229200,"stop":1711480229237,"duration":37},"status":"passed","steps":[],"attachments":[],"parameters":[],"hasContent":false,"shouldDisplayMessage":false,"stepsCount":0,"attachmentsCount":0,"attachmentStep":false},{"name":"browser","time":{"start":1711480329638,"stop":1711480330846,"duration":1208},"status":"passed","steps":[],"attachments":[],"parameters":[],"hasContent":false,"shouldDisplayMessage":false,"stepsCount":0,"attachmentsCount":0,"attachmentStep":false},{"name":"super_admin","time":{"start":1711480410201,"stop":1711480410205,"duration":4},"status":"passed","steps":[],"attachments":[],"parameters":[],"hasContent":false,"shouldDisplayMessage":false,"stepsCount":0,"attachmentsCount":0,"attachmentStep":false},{"name":"user_session","time":{"start":1711480410201,"stop":1711480410201,"duration":0},"status":"passed","steps":[],"attachments":[],"parameters":[],"hasContent":false,"shouldDisplayMessage":false,"stepsCount":0,"attachmentsCount":0,"attachmentStep":false},{"name":"project_data","time":{"start":1711480410205,"stop":1711480410206,"duration":1},"status":"passed","steps":[],"attachments":[],"parameters":[],"hasContent":false,"shouldDisplayMessage":false,"stepsCount":0,"attachmentsCount":0,"attachmentStep":false},{"name":"random_description","time":{"start":1711480410206,"stop":1711480410206,"duration":0},"status":"passed","steps":[],"attachments":[],"parameters":[],"hasContent":false,"shouldDisplayMessage":false,"stepsCount":0,"attachmentsCount":0,"attachmentStep":false},{"name":"build_conf_data","time":{"start":1711480410206,"stop":1711480410206,"duration":0},"status":"passed","steps":[],"attachments":[],"parameters":[],"hasContent":false,"shouldDisplayMessage":false,"stepsCount":0,"attachmentsCount":0,"attachmentStep":false}],"testStage":{"description":"Авторизация Супер Администратором, создание проекта, билд конфигурации, шага в командной строке и запуск билда","status":"failed","statusMessage":"AssertionError: Ссылка http://localhost:8111/favorite/projects?mode=builds не изменилась на URL http://localhost:8111**//favorite/projects?mode=builds**/","statusTrace":"self = <actions.page_actions.PageAction object at 0x7fc95d1b3130>\nexpected_url = 'http://localhost:8111**//favorite/projects?mode=builds**/'\ntimeout = 60000\n\n    def wait_for_url_changed(self, expected_url: str, timeout: int = 60000):\n        try:\n            with allure.step(f\"Ожидание изменения URL на {expected_url}\"):\n>               self.page.wait_for_url(expected_url, timeout=timeout)\n\nactions/page_actions.py:50: \n_ _ _ _ _ _ _ _ _ _ _ _ _ _ _ _ _ _ _ _ _ _ _ _ _ _ _ _ _ _ _ _ _ _ _ _ _ _ _ _ \n../../../.local/lib/python3.10/site-packages/playwright/sync_api/_generated.py:9486: in wait_for_url\n    self._sync(\n../../../.local/lib/python3.10/site-packages/playwright/_impl/_page.py:508: in wait_for_url\n    return await self._main_frame.wait_for_url(**locals_to_params(locals()))\n../../../.local/lib/python3.10/site-packages/playwright/_impl/_frame.py:237: in wait_for_url\n    async with self.expect_navigation(\n../../../.local/lib/python3.10/site-packages/playwright/_impl/_event_context_manager.py:33: in __aexit__\n    await self._future\n_ _ _ _ _ _ _ _ _ _ _ _ _ _ _ _ _ _ _ _ _ _ _ _ _ _ _ _ _ _ _ _ _ _ _ _ _ _ _ _ \n\n    async def continuation() -> Optional[Response]:\n>       event = await waiter.result()\nE       playwright._impl._errors.TimeoutError: Timeout 60000ms exceeded.\nE       =========================== logs ===========================\nE       waiting for navigation to \"http://localhost:8111**//favorite/projects?mode=builds**/\" until 'load'\nE         navigated to \"http://localhost:8111/favorite/projects\"\nE         navigated to \"http://localhost:8111/favorite/projects?mode=builds\"\nE       ============================================================\n\n../../../.local/lib/python3.10/site-packages/playwright/_impl/_frame.py:212: TimeoutError\n\nDuring handling of the above exception, another exception occurred:\n\nproject_data = <function project_data.<locals>._create_project_data at 0x7fc95d469900>\nbuild_conf_data = <function build_conf_data.<locals>._create_build_conf_data at 0x7fc95d46af80>\nrandom_description = 'Child skin analysis however present main since.'\nbrowser = <Page url='http://localhost:8111/favorite/projects?mode=builds'>\nsuper_admin = <entities.user.User object at 0x7fc95d1b15a0>\n\n    @allure.severity(allure.severity_level.CRITICAL)\n    @allure.parent_suite(\"UI тесты\")\n    @allure.suite(\"Управление запусками билдов\")\n    @allure.sub_suite(\"Запуск билда\")\n    @allure.title(\"Cоздание проекта, билд конфигурации, шага и запуск билда\")\n    @allure.description(\n        \"Авторизация Супер Администратором, создание проекта, билд конфигурации, шага в командной строке и запуск билда\")\n    @pytest.mark.build_run\n    @pytest.mark.ui\n    def test_e2e_run_build(project_data, build_conf_data, random_description, browser, super_admin):\n        with allure.step('Подготовка данных для создания проекта и билд конфигурации'):\n            project_data_1 = project_data()\n            build_conf_data_1 = build_conf_data(project_data_1.id)\n    \n        with allure.step('Отправка запроса на создание проекта'):\n            created_project_response = super_admin.api_manager.project_api.create_project(\n                project_data_1.model_dump()).text\n            created_project_model = ProjectResponseModel.model_validate_json(created_project_response)\n            assert created_project_model.id == project_data_1.id, \\\n                f\"Ожидался project_id= {project_data_1.id}, но был получен {created_project_model.id}\"\n    \n        with allure.step('Отправка запроса на создание билд конфигурации'):\n            create_build_conf_response = super_admin.api_manager.build_conf_api.create_build_conf(\n                build_conf_data_1.model_dump()).text\n            build_conf_model = BuildConfResponseModel.model_validate_json(create_build_conf_response)\n            with pytest.assume:\n                assert build_conf_model.id == build_conf_data_1.id, \\\n                    f\"Ожидался build_conf_id={build_conf_data_1.id}, но был получен {build_conf_model.id}\"\n    \n        with allure.step(\"Авторизация под Супер Администратором\"):\n            login_browser = AuthLoginBySuperAdmin(browser)\n>           login_browser.login_by_super_admin()\n\ntests/frontend/test_e2e_run_build.py:41: \n_ _ _ _ _ _ _ _ _ _ _ _ _ _ _ _ _ _ _ _ _ _ _ _ _ _ _ _ _ _ _ _ _ _ _ _ _ _ _ _ \npages/auth_page.py:58: in login_by_super_admin\n    self.actions.wait_for_url_changed(self.page_url)\n_ _ _ _ _ _ _ _ _ _ _ _ _ _ _ _ _ _ _ _ _ _ _ _ _ _ _ _ _ _ _ _ _ _ _ _ _ _ _ _ \n\nself = <actions.page_actions.PageAction object at 0x7fc95d1b3130>\nexpected_url = 'http://localhost:8111**//favorite/projects?mode=builds**/'\ntimeout = 60000\n\n    def wait_for_url_changed(self, expected_url: str, timeout: int = 60000):\n        try:\n            with allure.step(f\"Ожидание изменения URL на {expected_url}\"):\n                self.page.wait_for_url(expected_url, timeout=timeout)\n        except TimeoutError:\n            self.allure_attach()\n>           raise AssertionError(f'Ссылка {self.page.url} не изменилась на URL {expected_url}')\nE           AssertionError: Ссылка http://localhost:8111/favorite/projects?mode=builds не изменилась на URL http://localhost:8111**//favorite/projects?mode=builds**/\n\nactions/page_actions.py:53: AssertionError","steps":[{"name":"Подготовка данных для создания проекта и билд конфигурации","time":{"start":1711480410206,"stop":1711480410206,"duration":0},"status":"passed","steps":[],"attachments":[],"parameters":[],"hasContent":false,"shouldDisplayMessage":false,"stepsCount":0,"attachmentsCount":0,"attachmentStep":false},{"name":"Отправка запроса на создание проекта","time":{"start":1711480410206,"stop":1711480410257,"duration":51},"status":"passed","steps":[],"attachments":[],"parameters":[],"hasContent":false,"shouldDisplayMessage":false,"stepsCount":0,"attachmentsCount":0,"attachmentStep":false},{"name":"Отправка запроса на создание билд конфигурации","time":{"start":1711480410257,"stop":1711480410275,"duration":18},"status":"passed","steps":[],"attachments":[],"parameters":[],"hasContent":false,"shouldDisplayMessage":false,"stepsCount":0,"attachmentsCount":0,"attachmentStep":false},{"name":"Авторизация под Супер Администратором","time":{"start":1711480410275,"stop":1711480471754,"duration":61479},"status":"failed","statusMessage":"AssertionError: Ссылка http://localhost:8111/favorite/projects?mode=builds не изменилась на URL http://localhost:8111**//favorite/projects?mode=builds**/\n","statusTrace":"  File \"/home/runner/work/TeamCity_Test/TeamCity_Test/tests/frontend/test_e2e_run_build.py\", line 41, in test_e2e_run_build\n    login_browser.login_by_super_admin()\n  File \"/home/runner/work/TeamCity_Test/TeamCity_Test/pages/auth_page.py\", line 58, in login_by_super_admin\n    self.actions.wait_for_url_changed(self.page_url)\n  File \"/home/runner/work/TeamCity_Test/TeamCity_Test/actions/page_actions.py\", line 53, in wait_for_url_changed\n    raise AssertionError(f'Ссылка {self.page.url} не изменилась на URL {expected_url}')\n","steps":[{"name":"Переход на страницу авторизации","time":{"start":1711480410275,"stop":1711480411011,"duration":736},"status":"passed","steps":[{"name":"Переход на URL: http://localhost:8111/login.html?super=1","time":{"start":1711480410275,"stop":1711480411000,"duration":725},"status":"passed","steps":[],"attachments":[],"parameters":[],"hasContent":false,"shouldDisplayMessage":false,"stepsCount":0,"attachmentsCount":0,"attachmentStep":false},{"name":"Ожидание загрузки страницы","time":{"start":1711480411000,"stop":1711480411011,"duration":11},"status":"passed","steps":[],"attachments":[],"parameters":[],"hasContent":false,"shouldDisplayMessage":false,"stepsCount":0,"attachmentsCount":0,"attachmentStep":false}],"attachments":[],"parameters":[],"hasContent":true,"shouldDisplayMessage":false,"stepsCount":2,"attachmentsCount":0,"attachmentStep":false},{"name":"Ввод токена для авторизации под Супер Администратором","time":{"start":1711480411011,"stop":1711480411264,"duration":253},"status":"passed","steps":[{"name":"Ожидаем появления элемента: #password","time":{"start":1711480411012,"stop":1711480411224,"duration":212},"status":"passed","steps":[],"attachments":[],"parameters":[],"hasContent":false,"shouldDisplayMessage":false,"stepsCount":0,"attachmentsCount":0,"attachmentStep":false},{"name":"Ввод текста 6389704135326294720 в элемент: #password","time":{"start":1711480411224,"stop":1711480411264,"duration":40},"status":"passed","steps":[],"attachments":[],"parameters":[],"hasContent":false,"shouldDisplayMessage":false,"stepsCount":0,"attachmentsCount":0,"attachmentStep":false}],"attachments":[],"parameters":[],"hasContent":true,"shouldDisplayMessage":false,"stepsCount":2,"attachmentsCount":0,"attachmentStep":false},{"name":"Авторизация пользователя","time":{"start":1711480411264,"stop":1711480411573,"duration":309},"status":"passed","steps":[{"name":"Клик по элементу: .loginButton","time":{"start":1711480411265,"stop":1711480411573,"duration":308},"status":"passed","steps":[],"attachments":[],"parameters":[],"hasContent":false,"shouldDisplayMessage":false,"stepsCount":0,"attachmentsCount":0,"attachmentStep":false}],"attachments":[],"parameters":[],"hasContent":true,"shouldDisplayMessage":false,"stepsCount":1,"attachmentsCount":0,"attachmentStep":false},{"name":"Ожидание изменения URL на http://localhost:8111**//favorite/projects?mode=builds**/","time":{"start":1711480411573,"stop":1711480471585,"duration":60012},"status":"broken","statusMessage":"playwright._impl._errors.TimeoutError: Timeout 60000ms exceeded.\n=========================== logs ===========================\nwaiting for navigation to \"http://localhost:8111**//favorite/projects?mode=builds**/\" until 'load'\n  navigated to \"http://localhost:8111/favorite/projects\"\n  navigated to \"http://localhost:8111/favorite/projects?mode=builds\"\n============================================================\n","statusTrace":"  File \"/home/runner/work/TeamCity_Test/TeamCity_Test/actions/page_actions.py\", line 50, in wait_for_url_changed\n    self.page.wait_for_url(expected_url, timeout=timeout)\n  File \"/home/runner/.local/lib/python3.10/site-packages/playwright/sync_api/_generated.py\", line 9486, in wait_for_url\n    self._sync(\n  File \"/home/runner/.local/lib/python3.10/site-packages/playwright/_impl/_sync_base.py\", line 115, in _sync\n    return task.result()\n  File \"/home/runner/.local/lib/python3.10/site-packages/playwright/_impl/_page.py\", line 508, in wait_for_url\n    return await self._main_frame.wait_for_url(**locals_to_params(locals()))\n  File \"/home/runner/.local/lib/python3.10/site-packages/playwright/_impl/_frame.py\", line 237, in wait_for_url\n    async with self.expect_navigation(\n  File \"/home/runner/.local/lib/python3.10/site-packages/playwright/_impl/_event_context_manager.py\", line 33, in __aexit__\n    await self._future\n  File \"/home/runner/.local/lib/python3.10/site-packages/playwright/_impl/_frame.py\", line 212, in continuation\n    event = await waiter.result()\n","steps":[],"attachments":[],"parameters":[],"hasContent":true,"shouldDisplayMessage":true,"stepsCount":0,"attachmentsCount":0,"attachmentStep":false}],"attachments":[{"uid":"6f93a854f38c8be3","name":"All Projects — TeamCity","source":"6f93a854f38c8be3.png","type":"image/png","size":72252}],"parameters":[],"hasContent":true,"shouldDisplayMessage":true,"stepsCount":9,"attachmentsCount":1,"attachmentStep":false}],"attachments":[{"uid":"780972cbed1825a6","name":"log","source":"780972cbed1825a6.txt","type":"text/plain","size":5130}],"parameters":[],"hasContent":true,"shouldDisplayMessage":true,"stepsCount":13,"attachmentsCount":2,"attachmentStep":false},"afterStages":[{"name":"build_conf_data::0","time":{"start":1711480471897,"stop":1711480471953,"duration":56},"status":"passed","steps":[],"attachments":[],"parameters":[],"hasContent":false,"shouldDisplayMessage":false,"stepsCount":0,"attachmentsCount":0,"attachmentStep":false},{"name":"project_data::0","time":{"start":1711480471953,"stop":1711480472005,"duration":52},"status":"passed","steps":[],"attachments":[],"parameters":[],"hasContent":false,"shouldDisplayMessage":false,"stepsCount":0,"attachmentsCount":0,"attachmentStep":false},{"name":"user_session::0","time":{"start":1711480472006,"stop":1711480472006,"duration":0},"status":"passed","steps":[],"attachments":[],"parameters":[],"hasContent":false,"shouldDisplayMessage":false,"stepsCount":0,"attachmentsCount":0,"attachmentStep":false},{"name":"browser::0","time":{"start":1711480472009,"stop":1711480472625,"duration":616},"status":"passed","steps":[],"attachments":[],"parameters":[],"hasContent":false,"shouldDisplayMessage":false,"stepsCount":0,"attachmentsCount":0,"attachmentStep":false}],"labels":[{"name":"subSuite","value":"Запуск билда"},{"name":"suite","value":"Управление запусками билдов"},{"name":"severity","value":"critical"},{"name":"parentSuite","value":"UI тесты"},{"name":"tag","value":"ui"},{"name":"tag","value":"build_run"},{"name":"host","value":"fv-az730-571"},{"name":"thread","value":"7872-MainThread"},{"name":"framework","value":"pytest"},{"name":"language","value":"cpython3"},{"name":"package","value":"tests.frontend.test_e2e_run_build"},{"name":"resultFormat","value":"allure2"}],"parameters":[{"name":"browser","value":"'chromium'"}],"links":[],"hidden":false,"retry":false,"extra":{"severity":"critical","retries":[],"categories":[{"name":"Product defects","matchedStatuses":[],"flaky":false}],"history":{"statistic":{"failed":1,"broken":0,"skipped":0,"passed":7,"unknown":0,"total":8},"items":[{"uid":"4add0b3b74a40afa","reportUrl":"https://QAKonstantin.github.io/TeamCity_Test/148//#testresult/4add0b3b74a40afa","status":"passed","time":{"start":1711479184867,"stop":1711479202597,"duration":17730}},{"uid":"a2f6bd2984849333","reportUrl":"https://QAKonstantin.github.io/TeamCity_Test/147//#testresult/a2f6bd2984849333","status":"passed","time":{"start":1711478322929,"stop":1711478348012,"duration":25083}},{"uid":"7ea7f65eab34155a","reportUrl":"https://QAKonstantin.github.io/TeamCity_Test/146//#testresult/7ea7f65eab34155a","status":"passed","time":{"start":1711477696926,"stop":1711477719161,"duration":22235}},{"uid":"962edf6e4675f639","reportUrl":"https://QAKonstantin.github.io/TeamCity_Test/145//#testresult/962edf6e4675f639","status":"passed","time":{"start":1711476939836,"stop":1711476962571,"duration":22735}},{"uid":"b3b630a97154c601","reportUrl":"https://QAKonstantin.github.io/TeamCity_Test/144//#testresult/b3b630a97154c601","status":"passed","time":{"start":1711475995722,"stop":1711476018782,"duration":23060}},{"uid":"bb5ee1fb63981034","reportUrl":"https://QAKonstantin.github.io/TeamCity_Test/144//#testresult/bb5ee1fb63981034","status":"passed","time":{"start":1711475537550,"stop":1711475560863,"duration":23313}},{"uid":"e0722986049987d3","reportUrl":"https://QAKonstantin.github.io/TeamCity_Test/143//#testresult/e0722986049987d3","status":"passed","time":{"start":1711474974770,"stop":1711474999392,"duration":24622}}]},"tags":["ui","build_run"]},"source":"e673e0bdf0183add.json","parameterValues":["'chromium'"]}