{"uid":"3d6622b1246a21ef","name":"Cоздание проекта, билд конфигурации, шага и запуск билда","fullName":"tests.frontend.test_e2e_run_build#test_e2e_run_build","historyId":"1e6a0f7074aa3b17e1aabbfb3ca3d227","time":{"start":1711481328033,"stop":1711481343594,"duration":15561},"description":"Авторизация Супер Администратором, создание проекта, билд конфигурации, шага в командной строке и запуск билда","descriptionHtml":"<p>Авторизация Супер Администратором, создание проекта, билд конфигурации, шага в командной строке и запуск билда</p>\n","status":"failed","statusMessage":"AssertionError: Page URL expected to be '**/http://localhost:8111/favorite/projects/**'\nActual value: http://localhost:8111/favorite/projects?mode=builds \nCall log:\nPageAssertions.to_have_url with timeout 10000ms\n  - waiting for locator(\":root\")\n  -   locator resolved to <html lang=\"en\" class=\"ua-js ua-mac ring-variables-lig…>…</html>\n  -   unexpected value \"http://localhost:8111/favorite/projects\"\n  -   locator resolved to <html lang=\"en\" class=\"ua-js ua-mac ring-variables-lig…>…</html>\n  -   unexpected value \"http://localhost:8111/favorite/projects\"\n  -   locator resolved to <html lang=\"en\" class=\"ua-js ua-mac ring-variables-lig…>…</html>\n  -   unexpected value \"http://localhost:8111/favorite/projects\"\n  -   locator resolved to <html lang=\"en\" class=\"ua-js ua-mac ring-variables-lig…>…</html>\n  -   unexpected value \"http://localhost:8111/favorite/projects\"\n  -   locator resolved to <html lang=\"en\" data-js-focus-visible=\"\" class=\"ua-js …>…</html>\n  -   unexpected value \"http://localhost:8111/favorite/projects\"\n  -   locator resolved to <html lang=\"en\" data-js-focus-visible=\"\" class=\"ua-js …>…</html>\n  -   unexpected value \"http://localhost:8111/favorite/projects\"\n  -   locator resolved to <html lang=\"en\" data-js-focus-visible=\"\" class=\"ua-js …>…</html>\n  -   unexpected value \"http://localhost:8111/favorite/projects?mode=builds\"\n  -   locator resolved to <html lang=\"en\" data-js-focus-visible=\"\" class=\"ua-js …>…</html>\n  -   unexpected value \"http://localhost:8111/favorite/projects?mode=builds\"\n  -   locator resolved to <html lang=\"en\" data-js-focus-visible=\"\" class=\"ua-js …>…</html>\n  -   unexpected value \"http://localhost:8111/favorite/projects?mode=builds\"\n  -   locator resolved to <html lang=\"en\" data-js-focus-visible=\"\" class=\"ua-js …>…</html>\n  -   unexpected value \"http://localhost:8111/favorite/projects?mode=builds\"\n  -   locator resolved to <html lang=\"en\" data-js-focus-visible=\"\" class=\"ua-js …>…</html>\n  -   unexpected value \"http://localhost:8111/favorite/projects?mode=builds\"","statusTrace":"project_data = <function project_data.<locals>._create_project_data at 0x7f27089fb130>\nbuild_conf_data = <function build_conf_data.<locals>._create_build_conf_data at 0x7f27089fb1c0>\nrandom_description = 'Success able crime avoid.'\nbrowser = <Page url='http://localhost:8111/favorite/projects?mode=builds'>\nsuper_admin = <entities.user.User object at 0x7f2709de2890>\n\n    @allure.severity(allure.severity_level.CRITICAL)\n    @allure.parent_suite(\"UI тесты\")\n    @allure.suite(\"Управление запусками билдов\")\n    @allure.sub_suite(\"Запуск билда\")\n    @allure.title(\"Cоздание проекта, билд конфигурации, шага и запуск билда\")\n    @allure.description(\n        \"Авторизация Супер Администратором, создание проекта, билд конфигурации, шага в командной строке и запуск билда\")\n    @pytest.mark.build_run\n    @pytest.mark.ui\n    def test_e2e_run_build(project_data, build_conf_data, random_description, browser, super_admin):\n        with allure.step('Подготовка данных для создания проекта и билд конфигурации'):\n            project_data_1 = project_data()\n            build_conf_data_1 = build_conf_data(project_data_1.id)\n    \n        with allure.step('Отправка запроса на создание проекта'):\n            created_project_response = super_admin.api_manager.project_api.create_project(\n                project_data_1.model_dump()).text\n            created_project_model = ProjectResponseModel.model_validate_json(created_project_response)\n            assert created_project_model.id == project_data_1.id, \\\n                f\"Ожидался project_id= {project_data_1.id}, но был получен {created_project_model.id}\"\n    \n        with allure.step('Отправка запроса на создание билд конфигурации'):\n            create_build_conf_response = super_admin.api_manager.build_conf_api.create_build_conf(\n                build_conf_data_1.model_dump()).text\n            build_conf_model = BuildConfResponseModel.model_validate_json(create_build_conf_response)\n            with pytest.assume:\n                assert build_conf_model.id == build_conf_data_1.id, \\\n                    f\"Ожидался build_conf_id={build_conf_data_1.id}, но был получен {build_conf_model.id}\"\n    \n        with allure.step(\"Авторизация под Супер Администратором\"):\n            login_browser = AuthLoginBySuperAdmin(browser)\n>           login_browser.login_by_super_admin()\n\ntests/frontend/test_e2e_run_build.py:41: \n_ _ _ _ _ _ _ _ _ _ _ _ _ _ _ _ _ _ _ _ _ _ _ _ _ _ _ _ _ _ _ _ _ _ _ _ _ _ _ _ \npages/auth_page.py:58: in login_by_super_admin\n    self.actions.contain_url(self.page_url)\n_ _ _ _ _ _ _ _ _ _ _ _ _ _ _ _ _ _ _ _ _ _ _ _ _ _ _ _ _ _ _ _ _ _ _ _ _ _ _ _ \n\nself = <actions.page_actions.PageAction object at 0x7f270886f640>\nexpected_url = 'http://localhost:8111/favorite/projects', timeout = 10000\n\n    def contain_url(self, expected_url: str, timeout=10000):\n        try:\n            with allure.step(f\"Проверка URL: ожидаемый URL - {expected_url}\"):\n>               expect(self.page).to_have_url(f\"**/{expected_url}/**\", timeout=timeout)\nE               AssertionError: Page URL expected to be '**/http://localhost:8111/favorite/projects/**'\nE               Actual value: http://localhost:8111/favorite/projects?mode=builds \nE               Call log:\nE               PageAssertions.to_have_url with timeout 10000ms\nE                 - waiting for locator(\":root\")\nE                 -   locator resolved to <html lang=\"en\" class=\"ua-js ua-mac ring-variables-lig…>…</html>\nE                 -   unexpected value \"http://localhost:8111/favorite/projects\"\nE                 -   locator resolved to <html lang=\"en\" class=\"ua-js ua-mac ring-variables-lig…>…</html>\nE                 -   unexpected value \"http://localhost:8111/favorite/projects\"\nE                 -   locator resolved to <html lang=\"en\" class=\"ua-js ua-mac ring-variables-lig…>…</html>\nE                 -   unexpected value \"http://localhost:8111/favorite/projects\"\nE                 -   locator resolved to <html lang=\"en\" class=\"ua-js ua-mac ring-variables-lig…>…</html>\nE                 -   unexpected value \"http://localhost:8111/favorite/projects\"\nE                 -   locator resolved to <html lang=\"en\" data-js-focus-visible=\"\" class=\"ua-js …>…</html>\nE                 -   unexpected value \"http://localhost:8111/favorite/projects\"\nE                 -   locator resolved to <html lang=\"en\" data-js-focus-visible=\"\" class=\"ua-js …>…</html>\nE                 -   unexpected value \"http://localhost:8111/favorite/projects\"\nE                 -   locator resolved to <html lang=\"en\" data-js-focus-visible=\"\" class=\"ua-js …>…</html>\nE                 -   unexpected value \"http://localhost:8111/favorite/projects?mode=builds\"\nE                 -   locator resolved to <html lang=\"en\" data-js-focus-visible=\"\" class=\"ua-js …>…</html>\nE                 -   unexpected value \"http://localhost:8111/favorite/projects?mode=builds\"\nE                 -   locator resolved to <html lang=\"en\" data-js-focus-visible=\"\" class=\"ua-js …>…</html>\nE                 -   unexpected value \"http://localhost:8111/favorite/projects?mode=builds\"\nE                 -   locator resolved to <html lang=\"en\" data-js-focus-visible=\"\" class=\"ua-js …>…</html>\nE                 -   unexpected value \"http://localhost:8111/favorite/projects?mode=builds\"\nE                 -   locator resolved to <html lang=\"en\" data-js-focus-visible=\"\" class=\"ua-js …>…</html>\nE                 -   unexpected value \"http://localhost:8111/favorite/projects?mode=builds\"\n\nactions/page_actions.py:24: AssertionError","flaky":false,"newFailed":false,"newBroken":false,"newPassed":false,"retriesCount":0,"retriesStatusChange":false,"beforeStages":[{"name":"_session_faker","time":{"start":1711481303004,"stop":1711481303042,"duration":38},"status":"passed","steps":[],"attachments":[],"parameters":[],"shouldDisplayMessage":false,"stepsCount":0,"attachmentsCount":0,"hasContent":false,"attachmentStep":false},{"name":"browser","time":{"start":1711481310248,"stop":1711481311529,"duration":1281},"status":"passed","steps":[],"attachments":[],"parameters":[],"shouldDisplayMessage":false,"stepsCount":0,"attachmentsCount":0,"hasContent":false,"attachmentStep":false},{"name":"user_session","time":{"start":1711481328022,"stop":1711481328022,"duration":0},"status":"passed","steps":[],"attachments":[],"parameters":[],"shouldDisplayMessage":false,"stepsCount":0,"attachmentsCount":0,"hasContent":false,"attachmentStep":false},{"name":"super_admin","time":{"start":1711481328022,"stop":1711481328031,"duration":9},"status":"passed","steps":[],"attachments":[],"parameters":[],"shouldDisplayMessage":false,"stepsCount":0,"attachmentsCount":0,"hasContent":false,"attachmentStep":false},{"name":"project_data","time":{"start":1711481328031,"stop":1711481328031,"duration":0},"status":"passed","steps":[],"attachments":[],"parameters":[],"shouldDisplayMessage":false,"stepsCount":0,"attachmentsCount":0,"hasContent":false,"attachmentStep":false},{"name":"build_conf_data","time":{"start":1711481328032,"stop":1711481328033,"duration":1},"status":"passed","steps":[],"attachments":[],"parameters":[],"shouldDisplayMessage":false,"stepsCount":0,"attachmentsCount":0,"hasContent":false,"attachmentStep":false},{"name":"random_description","time":{"start":1711481328033,"stop":1711481328033,"duration":0},"status":"passed","steps":[],"attachments":[],"parameters":[],"shouldDisplayMessage":false,"stepsCount":0,"attachmentsCount":0,"hasContent":false,"attachmentStep":false}],"testStage":{"description":"Авторизация Супер Администратором, создание проекта, билд конфигурации, шага в командной строке и запуск билда","status":"failed","statusMessage":"AssertionError: Page URL expected to be '**/http://localhost:8111/favorite/projects/**'\nActual value: http://localhost:8111/favorite/projects?mode=builds \nCall log:\nPageAssertions.to_have_url with timeout 10000ms\n  - waiting for locator(\":root\")\n  -   locator resolved to <html lang=\"en\" class=\"ua-js ua-mac ring-variables-lig…>…</html>\n  -   unexpected value \"http://localhost:8111/favorite/projects\"\n  -   locator resolved to <html lang=\"en\" class=\"ua-js ua-mac ring-variables-lig…>…</html>\n  -   unexpected value \"http://localhost:8111/favorite/projects\"\n  -   locator resolved to <html lang=\"en\" class=\"ua-js ua-mac ring-variables-lig…>…</html>\n  -   unexpected value \"http://localhost:8111/favorite/projects\"\n  -   locator resolved to <html lang=\"en\" class=\"ua-js ua-mac ring-variables-lig…>…</html>\n  -   unexpected value \"http://localhost:8111/favorite/projects\"\n  -   locator resolved to <html lang=\"en\" data-js-focus-visible=\"\" class=\"ua-js …>…</html>\n  -   unexpected value \"http://localhost:8111/favorite/projects\"\n  -   locator resolved to <html lang=\"en\" data-js-focus-visible=\"\" class=\"ua-js …>…</html>\n  -   unexpected value \"http://localhost:8111/favorite/projects\"\n  -   locator resolved to <html lang=\"en\" data-js-focus-visible=\"\" class=\"ua-js …>…</html>\n  -   unexpected value \"http://localhost:8111/favorite/projects?mode=builds\"\n  -   locator resolved to <html lang=\"en\" data-js-focus-visible=\"\" class=\"ua-js …>…</html>\n  -   unexpected value \"http://localhost:8111/favorite/projects?mode=builds\"\n  -   locator resolved to <html lang=\"en\" data-js-focus-visible=\"\" class=\"ua-js …>…</html>\n  -   unexpected value \"http://localhost:8111/favorite/projects?mode=builds\"\n  -   locator resolved to <html lang=\"en\" data-js-focus-visible=\"\" class=\"ua-js …>…</html>\n  -   unexpected value \"http://localhost:8111/favorite/projects?mode=builds\"\n  -   locator resolved to <html lang=\"en\" data-js-focus-visible=\"\" class=\"ua-js …>…</html>\n  -   unexpected value \"http://localhost:8111/favorite/projects?mode=builds\"","statusTrace":"project_data = <function project_data.<locals>._create_project_data at 0x7f27089fb130>\nbuild_conf_data = <function build_conf_data.<locals>._create_build_conf_data at 0x7f27089fb1c0>\nrandom_description = 'Success able crime avoid.'\nbrowser = <Page url='http://localhost:8111/favorite/projects?mode=builds'>\nsuper_admin = <entities.user.User object at 0x7f2709de2890>\n\n    @allure.severity(allure.severity_level.CRITICAL)\n    @allure.parent_suite(\"UI тесты\")\n    @allure.suite(\"Управление запусками билдов\")\n    @allure.sub_suite(\"Запуск билда\")\n    @allure.title(\"Cоздание проекта, билд конфигурации, шага и запуск билда\")\n    @allure.description(\n        \"Авторизация Супер Администратором, создание проекта, билд конфигурации, шага в командной строке и запуск билда\")\n    @pytest.mark.build_run\n    @pytest.mark.ui\n    def test_e2e_run_build(project_data, build_conf_data, random_description, browser, super_admin):\n        with allure.step('Подготовка данных для создания проекта и билд конфигурации'):\n            project_data_1 = project_data()\n            build_conf_data_1 = build_conf_data(project_data_1.id)\n    \n        with allure.step('Отправка запроса на создание проекта'):\n            created_project_response = super_admin.api_manager.project_api.create_project(\n                project_data_1.model_dump()).text\n            created_project_model = ProjectResponseModel.model_validate_json(created_project_response)\n            assert created_project_model.id == project_data_1.id, \\\n                f\"Ожидался project_id= {project_data_1.id}, но был получен {created_project_model.id}\"\n    \n        with allure.step('Отправка запроса на создание билд конфигурации'):\n            create_build_conf_response = super_admin.api_manager.build_conf_api.create_build_conf(\n                build_conf_data_1.model_dump()).text\n            build_conf_model = BuildConfResponseModel.model_validate_json(create_build_conf_response)\n            with pytest.assume:\n                assert build_conf_model.id == build_conf_data_1.id, \\\n                    f\"Ожидался build_conf_id={build_conf_data_1.id}, но был получен {build_conf_model.id}\"\n    \n        with allure.step(\"Авторизация под Супер Администратором\"):\n            login_browser = AuthLoginBySuperAdmin(browser)\n>           login_browser.login_by_super_admin()\n\ntests/frontend/test_e2e_run_build.py:41: \n_ _ _ _ _ _ _ _ _ _ _ _ _ _ _ _ _ _ _ _ _ _ _ _ _ _ _ _ _ _ _ _ _ _ _ _ _ _ _ _ \npages/auth_page.py:58: in login_by_super_admin\n    self.actions.contain_url(self.page_url)\n_ _ _ _ _ _ _ _ _ _ _ _ _ _ _ _ _ _ _ _ _ _ _ _ _ _ _ _ _ _ _ _ _ _ _ _ _ _ _ _ \n\nself = <actions.page_actions.PageAction object at 0x7f270886f640>\nexpected_url = 'http://localhost:8111/favorite/projects', timeout = 10000\n\n    def contain_url(self, expected_url: str, timeout=10000):\n        try:\n            with allure.step(f\"Проверка URL: ожидаемый URL - {expected_url}\"):\n>               expect(self.page).to_have_url(f\"**/{expected_url}/**\", timeout=timeout)\nE               AssertionError: Page URL expected to be '**/http://localhost:8111/favorite/projects/**'\nE               Actual value: http://localhost:8111/favorite/projects?mode=builds \nE               Call log:\nE               PageAssertions.to_have_url with timeout 10000ms\nE                 - waiting for locator(\":root\")\nE                 -   locator resolved to <html lang=\"en\" class=\"ua-js ua-mac ring-variables-lig…>…</html>\nE                 -   unexpected value \"http://localhost:8111/favorite/projects\"\nE                 -   locator resolved to <html lang=\"en\" class=\"ua-js ua-mac ring-variables-lig…>…</html>\nE                 -   unexpected value \"http://localhost:8111/favorite/projects\"\nE                 -   locator resolved to <html lang=\"en\" class=\"ua-js ua-mac ring-variables-lig…>…</html>\nE                 -   unexpected value \"http://localhost:8111/favorite/projects\"\nE                 -   locator resolved to <html lang=\"en\" class=\"ua-js ua-mac ring-variables-lig…>…</html>\nE                 -   unexpected value \"http://localhost:8111/favorite/projects\"\nE                 -   locator resolved to <html lang=\"en\" data-js-focus-visible=\"\" class=\"ua-js …>…</html>\nE                 -   unexpected value \"http://localhost:8111/favorite/projects\"\nE                 -   locator resolved to <html lang=\"en\" data-js-focus-visible=\"\" class=\"ua-js …>…</html>\nE                 -   unexpected value \"http://localhost:8111/favorite/projects\"\nE                 -   locator resolved to <html lang=\"en\" data-js-focus-visible=\"\" class=\"ua-js …>…</html>\nE                 -   unexpected value \"http://localhost:8111/favorite/projects?mode=builds\"\nE                 -   locator resolved to <html lang=\"en\" data-js-focus-visible=\"\" class=\"ua-js …>…</html>\nE                 -   unexpected value \"http://localhost:8111/favorite/projects?mode=builds\"\nE                 -   locator resolved to <html lang=\"en\" data-js-focus-visible=\"\" class=\"ua-js …>…</html>\nE                 -   unexpected value \"http://localhost:8111/favorite/projects?mode=builds\"\nE                 -   locator resolved to <html lang=\"en\" data-js-focus-visible=\"\" class=\"ua-js …>…</html>\nE                 -   unexpected value \"http://localhost:8111/favorite/projects?mode=builds\"\nE                 -   locator resolved to <html lang=\"en\" data-js-focus-visible=\"\" class=\"ua-js …>…</html>\nE                 -   unexpected value \"http://localhost:8111/favorite/projects?mode=builds\"\n\nactions/page_actions.py:24: AssertionError","steps":[{"name":"Подготовка данных для создания проекта и билд конфигурации","time":{"start":1711481328034,"stop":1711481328034,"duration":0},"status":"passed","steps":[],"attachments":[],"parameters":[],"shouldDisplayMessage":false,"stepsCount":0,"attachmentsCount":0,"hasContent":false,"attachmentStep":false},{"name":"Отправка запроса на создание проекта","time":{"start":1711481328034,"stop":1711481328129,"duration":95},"status":"passed","steps":[],"attachments":[],"parameters":[],"shouldDisplayMessage":false,"stepsCount":0,"attachmentsCount":0,"hasContent":false,"attachmentStep":false},{"name":"Отправка запроса на создание билд конфигурации","time":{"start":1711481328129,"stop":1711481328225,"duration":96},"status":"passed","steps":[],"attachments":[],"parameters":[],"shouldDisplayMessage":false,"stepsCount":0,"attachmentsCount":0,"hasContent":false,"attachmentStep":false},{"name":"Авторизация под Супер Администратором","time":{"start":1711481328225,"stop":1711481343594,"duration":15369},"status":"failed","statusMessage":"AssertionError: Page URL expected to be '**/http://localhost:8111/favorite/projects/**'\nActual value: http://localhost:8111/favorite/projects?mode=builds \nCall log:\nPageAssertions.to_have_url with timeout 10000ms\n  - waiting for locator(\":root\")\n  -   locator resolved to <html lang=\"en\" class=\"ua-js ua-mac ring-variables-lig…>…</html>\n  -   unexpected value \"http://localhost:8111/favorite/projects\"\n  -   locator resolved to <html lang=\"en\" class=\"ua-js ua-mac ring-variables-lig…>…</html>\n  -   unexpected value \"http://localhost:8111/favorite/projects\"\n  -   locator resolved to <html lang=\"en\" class=\"ua-js ua-mac ring-variables-lig…>…</html>\n  -   unexpected value \"http://localhost:8111/favorite/projects\"\n  -   locator resolved to <html lang=\"en\" class=\"ua-js ua-mac ring-variables-lig…>…</html>\n  -   unexpected value \"http://localhost:8111/favorite/projects\"\n  -   locator resolved to <html lang=\"en\" data-js-focus-visible=\"\" class=\"ua-js …>…</html>\n  -   unexpected value \"http://localhost:8111/favorite/projects\"\n  -   locator resolved to <html lang=\"en\" data-js-focus-visible=\"\" class=\"ua-js …>…</html>\n  -   unexpected value \"http://localhost:8111/favorite/projects\"\n  -   locator resolved to <html lang=\"en\" data-js-focus-visible=\"\" class=\"ua-js …>…</html>\n  -   unexpected value \"http://localhost:8111/favorite/projects?mode=builds\"\n  -   locator resolved to <html lang=\"en\" data-js-focus-visible=\"\" class=\"ua-js …>…</html>\n  -   unexpected value \"http://localhost:8111/favorite/projects?mode=builds\"\n  -   locator resolved to <html lang=\"en\" data-js-focus-visible=\"\" class=\"ua-js …>…</html>\n  -   unexpected value \"http://localhost:8111/favorite/projects?mode=builds\"\n  -   locator resolved to <html lang=\"en\" data-js-focus-visible=\"\" class=\"ua-js …>…</html>\n  -   unexpected value \"http://localhost:8111/favorite/projects?mode=builds\"\n  -   locator resolved to <html lang=\"en\" data-js-focus-visible=\"\" class=\"ua-js …>…</html>\n  -   unexpected value \"http://localhost:8111/favorite/projects?mode=builds\"\n\n","statusTrace":"  File \"/home/runner/work/TeamCity_Test/TeamCity_Test/tests/frontend/test_e2e_run_build.py\", line 41, in test_e2e_run_build\n    login_browser.login_by_super_admin()\n  File \"/home/runner/work/TeamCity_Test/TeamCity_Test/pages/auth_page.py\", line 58, in login_by_super_admin\n    self.actions.contain_url(self.page_url)\n  File \"/home/runner/work/TeamCity_Test/TeamCity_Test/actions/page_actions.py\", line 24, in contain_url\n    expect(self.page).to_have_url(f\"**/{expected_url}/**\", timeout=timeout)\n  File \"/home/runner/.local/lib/python3.10/site-packages/playwright/sync_api/_generated.py\", line 19495, in to_have_url\n    self._sync(\n  File \"/home/runner/.local/lib/python3.10/site-packages/playwright/_impl/_sync_base.py\", line 115, in _sync\n    return task.result()\n  File \"/home/runner/.local/lib/python3.10/site-packages/playwright/_impl/_assertions.py\", line 120, in to_have_url\n    await self._expect_impl(\n  File \"/home/runner/.local/lib/python3.10/site-packages/playwright/_impl/_assertions.py\", line 70, in _expect_impl\n    raise AssertionError(\n","steps":[{"name":"Переход на страницу авторизации","time":{"start":1711481328225,"stop":1711481330715,"duration":2490},"status":"passed","steps":[{"name":"Переход на URL: http://localhost:8111/login.html?super=1","time":{"start":1711481328225,"stop":1711481330648,"duration":2423},"status":"passed","steps":[],"attachments":[],"parameters":[],"shouldDisplayMessage":false,"stepsCount":0,"attachmentsCount":0,"hasContent":false,"attachmentStep":false},{"name":"Ожидание загрузки страницы","time":{"start":1711481330648,"stop":1711481330715,"duration":67},"status":"passed","steps":[],"attachments":[],"parameters":[],"shouldDisplayMessage":false,"stepsCount":0,"attachmentsCount":0,"hasContent":false,"attachmentStep":false}],"attachments":[],"parameters":[],"shouldDisplayMessage":false,"stepsCount":2,"attachmentsCount":0,"hasContent":true,"attachmentStep":false},{"name":"Ввод токена для авторизации под Супер Администратором","time":{"start":1711481330715,"stop":1711481331073,"duration":358},"status":"passed","steps":[{"name":"Ожидаем появления элемента: #password","time":{"start":1711481330715,"stop":1711481330967,"duration":252},"status":"passed","steps":[],"attachments":[],"parameters":[],"shouldDisplayMessage":false,"stepsCount":0,"attachmentsCount":0,"hasContent":false,"attachmentStep":false},{"name":"Ввод текста 3810735506581830041 в элемент: #password","time":{"start":1711481330967,"stop":1711481331073,"duration":106},"status":"passed","steps":[],"attachments":[],"parameters":[],"shouldDisplayMessage":false,"stepsCount":0,"attachmentsCount":0,"hasContent":false,"attachmentStep":false}],"attachments":[],"parameters":[],"shouldDisplayMessage":false,"stepsCount":2,"attachmentsCount":0,"hasContent":true,"attachmentStep":false},{"name":"Авторизация пользователя","time":{"start":1711481331073,"stop":1711481332825,"duration":1752},"status":"passed","steps":[{"name":"Клик по элементу: .loginButton","time":{"start":1711481331073,"stop":1711481332825,"duration":1752},"status":"passed","steps":[],"attachments":[],"parameters":[],"shouldDisplayMessage":false,"stepsCount":0,"attachmentsCount":0,"hasContent":false,"attachmentStep":false}],"attachments":[],"parameters":[],"shouldDisplayMessage":false,"stepsCount":1,"attachmentsCount":0,"hasContent":true,"attachmentStep":false},{"name":"Проверка URL: ожидаемый URL - http://localhost:8111/favorite/projects","time":{"start":1711481332825,"stop":1711481343593,"duration":10768},"status":"failed","statusMessage":"AssertionError: Page URL expected to be '**/http://localhost:8111/favorite/projects/**'\nActual value: http://localhost:8111/favorite/projects?mode=builds \nCall log:\nPageAssertions.to_have_url with timeout 10000ms\n  - waiting for locator(\":root\")\n  -   locator resolved to <html lang=\"en\" class=\"ua-js ua-mac ring-variables-lig…>…</html>\n  -   unexpected value \"http://localhost:8111/favorite/projects\"\n  -   locator resolved to <html lang=\"en\" class=\"ua-js ua-mac ring-variables-lig…>…</html>\n  -   unexpected value \"http://localhost:8111/favorite/projects\"\n  -   locator resolved to <html lang=\"en\" class=\"ua-js ua-mac ring-variables-lig…>…</html>\n  -   unexpected value \"http://localhost:8111/favorite/projects\"\n  -   locator resolved to <html lang=\"en\" class=\"ua-js ua-mac ring-variables-lig…>…</html>\n  -   unexpected value \"http://localhost:8111/favorite/projects\"\n  -   locator resolved to <html lang=\"en\" data-js-focus-visible=\"\" class=\"ua-js …>…</html>\n  -   unexpected value \"http://localhost:8111/favorite/projects\"\n  -   locator resolved to <html lang=\"en\" data-js-focus-visible=\"\" class=\"ua-js …>…</html>\n  -   unexpected value \"http://localhost:8111/favorite/projects\"\n  -   locator resolved to <html lang=\"en\" data-js-focus-visible=\"\" class=\"ua-js …>…</html>\n  -   unexpected value \"http://localhost:8111/favorite/projects?mode=builds\"\n  -   locator resolved to <html lang=\"en\" data-js-focus-visible=\"\" class=\"ua-js …>…</html>\n  -   unexpected value \"http://localhost:8111/favorite/projects?mode=builds\"\n  -   locator resolved to <html lang=\"en\" data-js-focus-visible=\"\" class=\"ua-js …>…</html>\n  -   unexpected value \"http://localhost:8111/favorite/projects?mode=builds\"\n  -   locator resolved to <html lang=\"en\" data-js-focus-visible=\"\" class=\"ua-js …>…</html>\n  -   unexpected value \"http://localhost:8111/favorite/projects?mode=builds\"\n  -   locator resolved to <html lang=\"en\" data-js-focus-visible=\"\" class=\"ua-js …>…</html>\n  -   unexpected value \"http://localhost:8111/favorite/projects?mode=builds\"\n\n","statusTrace":"  File \"/home/runner/work/TeamCity_Test/TeamCity_Test/actions/page_actions.py\", line 24, in contain_url\n    expect(self.page).to_have_url(f\"**/{expected_url}/**\", timeout=timeout)\n  File \"/home/runner/.local/lib/python3.10/site-packages/playwright/sync_api/_generated.py\", line 19495, in to_have_url\n    self._sync(\n  File \"/home/runner/.local/lib/python3.10/site-packages/playwright/_impl/_sync_base.py\", line 115, in _sync\n    return task.result()\n  File \"/home/runner/.local/lib/python3.10/site-packages/playwright/_impl/_assertions.py\", line 120, in to_have_url\n    await self._expect_impl(\n  File \"/home/runner/.local/lib/python3.10/site-packages/playwright/_impl/_assertions.py\", line 70, in _expect_impl\n    raise AssertionError(\n","steps":[],"attachments":[],"parameters":[],"shouldDisplayMessage":true,"stepsCount":0,"attachmentsCount":0,"hasContent":true,"attachmentStep":false}],"attachments":[],"parameters":[],"shouldDisplayMessage":false,"stepsCount":9,"attachmentsCount":0,"hasContent":true,"attachmentStep":false}],"attachments":[{"uid":"1c6249dd04835db9","name":"log","source":"1c6249dd04835db9.txt","type":"text/plain","size":5103}],"parameters":[],"shouldDisplayMessage":true,"stepsCount":13,"attachmentsCount":1,"hasContent":true,"attachmentStep":false},"afterStages":[{"name":"build_conf_data::0","time":{"start":1711481343628,"stop":1711481343733,"duration":105},"status":"passed","steps":[],"attachments":[],"parameters":[],"shouldDisplayMessage":false,"stepsCount":0,"attachmentsCount":0,"hasContent":false,"attachmentStep":false},{"name":"project_data::0","time":{"start":1711481343734,"stop":1711481343789,"duration":55},"status":"passed","steps":[],"attachments":[],"parameters":[],"shouldDisplayMessage":false,"stepsCount":0,"attachmentsCount":0,"hasContent":false,"attachmentStep":false},{"name":"user_session::0","time":{"start":1711481343790,"stop":1711481343791,"duration":1},"status":"passed","steps":[],"attachments":[],"parameters":[],"shouldDisplayMessage":false,"stepsCount":0,"attachmentsCount":0,"hasContent":false,"attachmentStep":false},{"name":"browser::0","time":{"start":1711481343802,"stop":1711481344811,"duration":1009},"status":"passed","steps":[],"attachments":[],"parameters":[],"shouldDisplayMessage":false,"stepsCount":0,"attachmentsCount":0,"hasContent":false,"attachmentStep":false}],"labels":[{"name":"severity","value":"critical"},{"name":"subSuite","value":"Запуск билда"},{"name":"suite","value":"Управление запусками билдов"},{"name":"parentSuite","value":"UI тесты"},{"name":"tag","value":"ui"},{"name":"tag","value":"build_run"},{"name":"host","value":"fv-az885-250"},{"name":"thread","value":"7859-MainThread"},{"name":"framework","value":"pytest"},{"name":"language","value":"cpython3"},{"name":"package","value":"tests.frontend.test_e2e_run_build"},{"name":"resultFormat","value":"allure2"}],"parameters":[{"name":"browser","value":"'webkit'"}],"links":[],"hidden":false,"retry":false,"extra":{"severity":"critical","retries":[],"categories":[{"name":"Product defects","matchedStatuses":[],"flaky":false}],"history":{"statistic":{"failed":2,"broken":0,"skipped":0,"passed":7,"unknown":0,"total":9},"items":[{"uid":"3c650040a9c98025","reportUrl":"https://QAKonstantin.github.io/TeamCity_Test/149//#testresult/3c650040a9c98025","status":"failed","statusDetails":"AssertionError: Ссылка http://localhost:8111/favorite/projects?mode=builds не изменилась на URL http://localhost:8111**//favorite/projects?mode=builds**/","time":{"start":1711480311306,"stop":1711480372421,"duration":61115}},{"uid":"569cb84b6e707faf","reportUrl":"https://QAKonstantin.github.io/TeamCity_Test/148//#testresult/569cb84b6e707faf","status":"passed","time":{"start":1711479098589,"stop":1711479121841,"duration":23252}},{"uid":"7c12964175c71681","reportUrl":"https://QAKonstantin.github.io/TeamCity_Test/147//#testresult/7c12964175c71681","status":"passed","time":{"start":1711478230095,"stop":1711478248977,"duration":18882}},{"uid":"cd5b280bc816e2d2","reportUrl":"https://QAKonstantin.github.io/TeamCity_Test/146//#testresult/cd5b280bc816e2d2","status":"passed","time":{"start":1711477619187,"stop":1711477638210,"duration":19023}},{"uid":"406cfcaace17e27f","reportUrl":"https://QAKonstantin.github.io/TeamCity_Test/145//#testresult/406cfcaace17e27f","status":"passed","time":{"start":1711476838930,"stop":1711476863305,"duration":24375}},{"uid":"317e6fb4b69ff08f","reportUrl":"https://QAKonstantin.github.io/TeamCity_Test/144//#testresult/317e6fb4b69ff08f","status":"passed","time":{"start":1711475892850,"stop":1711475919325,"duration":26475}},{"uid":"6bb0e11b04e704cd","reportUrl":"https://QAKonstantin.github.io/TeamCity_Test/144//#testresult/6bb0e11b04e704cd","status":"passed","time":{"start":1711475436856,"stop":1711475463641,"duration":26785}},{"uid":"78f6c3279fff24b5","reportUrl":"https://QAKonstantin.github.io/TeamCity_Test/143//#testresult/78f6c3279fff24b5","status":"passed","time":{"start":1711474883150,"stop":1711474904050,"duration":20900}}]},"tags":["ui","build_run"]},"source":"3d6622b1246a21ef.json","parameterValues":["'webkit'"]}