{"uid":"6424f4fb587c5e89","name":"Cоздание билд конфигурации и шага в билде Супер Администратором","fullName":"tests.frontend.test_e2e_build_conf#test_e2e_create_build_conf","historyId":"7fa8216bb13d6ad4e6d80bede0329b63","time":{"start":1711481355642,"stop":1711481372385,"duration":16743},"description":"Авторизация Супер Администратором, создание проекта, билд конфигурации и шага в командной строке","descriptionHtml":"<p>Авторизация Супер Администратором, создание проекта, билд конфигурации и шага в командной строке</p>\n","status":"failed","statusMessage":"AssertionError: Page URL expected to be '**/http://localhost:8111/favorite/projects/**'\nActual value: http://localhost:8111/favorite/projects?mode=builds \nCall log:\nPageAssertions.to_have_url with timeout 10000ms\n  - waiting for locator(\":root\")\n  -   locator resolved to <html lang=\"en\" class=\"ua-js ring-variables-light\">…</html>\n  -   unexpected value \"http://localhost:8111/login.html?super=1\"\n  -   locator resolved to <html lang=\"en\" class=\"ua-js ring-variables-light\">…</html>\n  -   unexpected value \"http://localhost:8111/login.html?super=1\"\n  -   locator resolved to <html lang=\"en\" class=\"ua-js ring-variables-light\">…</html>\n  -   unexpected value \"http://localhost:8111/login.html?super=1\"\n  -   locator resolved to <html lang=\"en\" class=\"ua-js ring-variables-light\">…</html>\n  -   unexpected value \"http://localhost:8111/login.html?super=1\"\n  -   locator resolved to <html lang=\"en\" class=\"ua-js ring-variables-light\">…</html>\n  -   unexpected value \"http://localhost:8111/favorite/projects\"\n  -   locator resolved to <html lang=\"en\" class=\"ua-js ring-variables-light\">…</html>\n  -   unexpected value \"http://localhost:8111/favorite/projects\"\n  -   locator resolved to <html lang=\"en\" class=\"ua-js ring-variables-light\">…</html>\n  -   unexpected value \"http://localhost:8111/favorite/projects\"\n  -   locator resolved to <html lang=\"en\" data-js-focus-visible=\"\" class=\"ua-js …>…</html>\n  -   unexpected value \"http://localhost:8111/favorite/projects\"\n  -   locator resolved to <html lang=\"en\" data-js-focus-visible=\"\" class=\"ua-js …>…</html>\n  -   unexpected value \"http://localhost:8111/favorite/projects?mode=builds\"","statusTrace":"project_data = <function project_data.<locals>._create_project_data at 0x7f9c35c953f0>\nbuild_conf_data = <function build_conf_data.<locals>._create_build_conf_data at 0x7f9c35c956c0>\nrandom_description = 'Word board yes left understand.'\nbrowser = <Page url='http://localhost:8111/favorite/projects?mode=builds'>\nsuper_admin = <entities.user.User object at 0x7f9c35cd0d30>\n\n    @allure.severity(allure.severity_level.CRITICAL)\n    @allure.parent_suite(\"UI тесты\")\n    @allure.suite(\"Управление билд конфигурациями\")\n    @allure.sub_suite(\"Cоздание билд конфигурации\")\n    @allure.title(\"Cоздание билд конфигурации и шага в билде Супер Администратором\")\n    @allure.description(\"Авторизация Супер Администратором, создание проекта, билд конфигурации и шага в командной строке\")\n    @pytest.mark.build_conf\n    @pytest.mark.ui\n    def test_e2e_create_build_conf(project_data, build_conf_data, random_description, browser, super_admin):\n        with allure.step('Подготовка данных для создания проекта и билд конфигурации'):\n            project_data_1 = project_data()\n            build_conf_data_1 = build_conf_data(project_data_1.id)\n            custom_script = build_conf_data_1.steps['step'][0]['properties']['property'][0]['value']\n    \n        with allure.step('Отправка запроса на создание проекта'):\n            created_project_response = super_admin.api_manager.project_api.create_project(\n                project_data_1.model_dump()).text\n            created_project_model = ProjectResponseModel.model_validate_json(created_project_response)\n            assert created_project_model.id == project_data_1.id, \\\n                f\"Ожидался project_id= {project_data_1.id}, но был получен {created_project_model.id}\"\n    \n        with allure.step(\"Авторизация под Супер Администратором\"):\n            login_browser = AuthLoginBySuperAdmin(browser)\n>           login_browser.login_by_super_admin()\n\ntests/frontend/test_e2e_build_conf.py:34: \n_ _ _ _ _ _ _ _ _ _ _ _ _ _ _ _ _ _ _ _ _ _ _ _ _ _ _ _ _ _ _ _ _ _ _ _ _ _ _ _ \npages/auth_page.py:58: in login_by_super_admin\n    self.actions.contain_url(self.page_url)\n_ _ _ _ _ _ _ _ _ _ _ _ _ _ _ _ _ _ _ _ _ _ _ _ _ _ _ _ _ _ _ _ _ _ _ _ _ _ _ _ \n\nself = <actions.page_actions.PageAction object at 0x7f9c37168340>\nexpected_url = 'http://localhost:8111/favorite/projects', timeout = 10000\n\n    def contain_url(self, expected_url: str, timeout=10000):\n        try:\n            with allure.step(f\"Проверка URL: ожидаемый URL - {expected_url}\"):\n>               expect(self.page).to_have_url(f\"**/{expected_url}/**\", timeout=timeout)\nE               AssertionError: Page URL expected to be '**/http://localhost:8111/favorite/projects/**'\nE               Actual value: http://localhost:8111/favorite/projects?mode=builds \nE               Call log:\nE               PageAssertions.to_have_url with timeout 10000ms\nE                 - waiting for locator(\":root\")\nE                 -   locator resolved to <html lang=\"en\" class=\"ua-js ring-variables-light\">…</html>\nE                 -   unexpected value \"http://localhost:8111/login.html?super=1\"\nE                 -   locator resolved to <html lang=\"en\" class=\"ua-js ring-variables-light\">…</html>\nE                 -   unexpected value \"http://localhost:8111/login.html?super=1\"\nE                 -   locator resolved to <html lang=\"en\" class=\"ua-js ring-variables-light\">…</html>\nE                 -   unexpected value \"http://localhost:8111/login.html?super=1\"\nE                 -   locator resolved to <html lang=\"en\" class=\"ua-js ring-variables-light\">…</html>\nE                 -   unexpected value \"http://localhost:8111/login.html?super=1\"\nE                 -   locator resolved to <html lang=\"en\" class=\"ua-js ring-variables-light\">…</html>\nE                 -   unexpected value \"http://localhost:8111/favorite/projects\"\nE                 -   locator resolved to <html lang=\"en\" class=\"ua-js ring-variables-light\">…</html>\nE                 -   unexpected value \"http://localhost:8111/favorite/projects\"\nE                 -   locator resolved to <html lang=\"en\" class=\"ua-js ring-variables-light\">…</html>\nE                 -   unexpected value \"http://localhost:8111/favorite/projects\"\nE                 -   locator resolved to <html lang=\"en\" data-js-focus-visible=\"\" class=\"ua-js …>…</html>\nE                 -   unexpected value \"http://localhost:8111/favorite/projects\"\nE                 -   locator resolved to <html lang=\"en\" data-js-focus-visible=\"\" class=\"ua-js …>…</html>\nE                 -   unexpected value \"http://localhost:8111/favorite/projects?mode=builds\"\n\nactions/page_actions.py:24: AssertionError","flaky":false,"newFailed":false,"newBroken":false,"newPassed":false,"retriesCount":0,"retriesStatusChange":false,"beforeStages":[{"name":"_session_faker","time":{"start":1711481303003,"stop":1711481303052,"duration":49},"status":"passed","steps":[],"attachments":[],"parameters":[],"shouldDisplayMessage":false,"stepsCount":0,"attachmentsCount":0,"hasContent":false,"attachmentStep":false},{"name":"browser","time":{"start":1711481352453,"stop":1711481355616,"duration":3163},"status":"passed","steps":[],"attachments":[],"parameters":[],"shouldDisplayMessage":false,"stepsCount":0,"attachmentsCount":0,"hasContent":false,"attachmentStep":false},{"name":"user_session","time":{"start":1711481355617,"stop":1711481355617,"duration":0},"status":"passed","steps":[],"attachments":[],"parameters":[],"shouldDisplayMessage":false,"stepsCount":0,"attachmentsCount":0,"hasContent":false,"attachmentStep":false},{"name":"super_admin","time":{"start":1711481355617,"stop":1711481355626,"duration":9},"status":"passed","steps":[],"attachments":[],"parameters":[],"shouldDisplayMessage":false,"stepsCount":0,"attachmentsCount":0,"hasContent":false,"attachmentStep":false},{"name":"build_conf_data","time":{"start":1711481355626,"stop":1711481355626,"duration":0},"status":"passed","steps":[],"attachments":[],"parameters":[],"shouldDisplayMessage":false,"stepsCount":0,"attachmentsCount":0,"hasContent":false,"attachmentStep":false},{"name":"project_data","time":{"start":1711481355626,"stop":1711481355626,"duration":0},"status":"passed","steps":[],"attachments":[],"parameters":[],"shouldDisplayMessage":false,"stepsCount":0,"attachmentsCount":0,"hasContent":false,"attachmentStep":false},{"name":"random_description","time":{"start":1711481355629,"stop":1711481355629,"duration":0},"status":"passed","steps":[],"attachments":[],"parameters":[],"shouldDisplayMessage":false,"stepsCount":0,"attachmentsCount":0,"hasContent":false,"attachmentStep":false}],"testStage":{"description":"Авторизация Супер Администратором, создание проекта, билд конфигурации и шага в командной строке","status":"failed","statusMessage":"AssertionError: Page URL expected to be '**/http://localhost:8111/favorite/projects/**'\nActual value: http://localhost:8111/favorite/projects?mode=builds \nCall log:\nPageAssertions.to_have_url with timeout 10000ms\n  - waiting for locator(\":root\")\n  -   locator resolved to <html lang=\"en\" class=\"ua-js ring-variables-light\">…</html>\n  -   unexpected value \"http://localhost:8111/login.html?super=1\"\n  -   locator resolved to <html lang=\"en\" class=\"ua-js ring-variables-light\">…</html>\n  -   unexpected value \"http://localhost:8111/login.html?super=1\"\n  -   locator resolved to <html lang=\"en\" class=\"ua-js ring-variables-light\">…</html>\n  -   unexpected value \"http://localhost:8111/login.html?super=1\"\n  -   locator resolved to <html lang=\"en\" class=\"ua-js ring-variables-light\">…</html>\n  -   unexpected value \"http://localhost:8111/login.html?super=1\"\n  -   locator resolved to <html lang=\"en\" class=\"ua-js ring-variables-light\">…</html>\n  -   unexpected value \"http://localhost:8111/favorite/projects\"\n  -   locator resolved to <html lang=\"en\" class=\"ua-js ring-variables-light\">…</html>\n  -   unexpected value \"http://localhost:8111/favorite/projects\"\n  -   locator resolved to <html lang=\"en\" class=\"ua-js ring-variables-light\">…</html>\n  -   unexpected value \"http://localhost:8111/favorite/projects\"\n  -   locator resolved to <html lang=\"en\" data-js-focus-visible=\"\" class=\"ua-js …>…</html>\n  -   unexpected value \"http://localhost:8111/favorite/projects\"\n  -   locator resolved to <html lang=\"en\" data-js-focus-visible=\"\" class=\"ua-js …>…</html>\n  -   unexpected value \"http://localhost:8111/favorite/projects?mode=builds\"","statusTrace":"project_data = <function project_data.<locals>._create_project_data at 0x7f9c35c953f0>\nbuild_conf_data = <function build_conf_data.<locals>._create_build_conf_data at 0x7f9c35c956c0>\nrandom_description = 'Word board yes left understand.'\nbrowser = <Page url='http://localhost:8111/favorite/projects?mode=builds'>\nsuper_admin = <entities.user.User object at 0x7f9c35cd0d30>\n\n    @allure.severity(allure.severity_level.CRITICAL)\n    @allure.parent_suite(\"UI тесты\")\n    @allure.suite(\"Управление билд конфигурациями\")\n    @allure.sub_suite(\"Cоздание билд конфигурации\")\n    @allure.title(\"Cоздание билд конфигурации и шага в билде Супер Администратором\")\n    @allure.description(\"Авторизация Супер Администратором, создание проекта, билд конфигурации и шага в командной строке\")\n    @pytest.mark.build_conf\n    @pytest.mark.ui\n    def test_e2e_create_build_conf(project_data, build_conf_data, random_description, browser, super_admin):\n        with allure.step('Подготовка данных для создания проекта и билд конфигурации'):\n            project_data_1 = project_data()\n            build_conf_data_1 = build_conf_data(project_data_1.id)\n            custom_script = build_conf_data_1.steps['step'][0]['properties']['property'][0]['value']\n    \n        with allure.step('Отправка запроса на создание проекта'):\n            created_project_response = super_admin.api_manager.project_api.create_project(\n                project_data_1.model_dump()).text\n            created_project_model = ProjectResponseModel.model_validate_json(created_project_response)\n            assert created_project_model.id == project_data_1.id, \\\n                f\"Ожидался project_id= {project_data_1.id}, но был получен {created_project_model.id}\"\n    \n        with allure.step(\"Авторизация под Супер Администратором\"):\n            login_browser = AuthLoginBySuperAdmin(browser)\n>           login_browser.login_by_super_admin()\n\ntests/frontend/test_e2e_build_conf.py:34: \n_ _ _ _ _ _ _ _ _ _ _ _ _ _ _ _ _ _ _ _ _ _ _ _ _ _ _ _ _ _ _ _ _ _ _ _ _ _ _ _ \npages/auth_page.py:58: in login_by_super_admin\n    self.actions.contain_url(self.page_url)\n_ _ _ _ _ _ _ _ _ _ _ _ _ _ _ _ _ _ _ _ _ _ _ _ _ _ _ _ _ _ _ _ _ _ _ _ _ _ _ _ \n\nself = <actions.page_actions.PageAction object at 0x7f9c37168340>\nexpected_url = 'http://localhost:8111/favorite/projects', timeout = 10000\n\n    def contain_url(self, expected_url: str, timeout=10000):\n        try:\n            with allure.step(f\"Проверка URL: ожидаемый URL - {expected_url}\"):\n>               expect(self.page).to_have_url(f\"**/{expected_url}/**\", timeout=timeout)\nE               AssertionError: Page URL expected to be '**/http://localhost:8111/favorite/projects/**'\nE               Actual value: http://localhost:8111/favorite/projects?mode=builds \nE               Call log:\nE               PageAssertions.to_have_url with timeout 10000ms\nE                 - waiting for locator(\":root\")\nE                 -   locator resolved to <html lang=\"en\" class=\"ua-js ring-variables-light\">…</html>\nE                 -   unexpected value \"http://localhost:8111/login.html?super=1\"\nE                 -   locator resolved to <html lang=\"en\" class=\"ua-js ring-variables-light\">…</html>\nE                 -   unexpected value \"http://localhost:8111/login.html?super=1\"\nE                 -   locator resolved to <html lang=\"en\" class=\"ua-js ring-variables-light\">…</html>\nE                 -   unexpected value \"http://localhost:8111/login.html?super=1\"\nE                 -   locator resolved to <html lang=\"en\" class=\"ua-js ring-variables-light\">…</html>\nE                 -   unexpected value \"http://localhost:8111/login.html?super=1\"\nE                 -   locator resolved to <html lang=\"en\" class=\"ua-js ring-variables-light\">…</html>\nE                 -   unexpected value \"http://localhost:8111/favorite/projects\"\nE                 -   locator resolved to <html lang=\"en\" class=\"ua-js ring-variables-light\">…</html>\nE                 -   unexpected value \"http://localhost:8111/favorite/projects\"\nE                 -   locator resolved to <html lang=\"en\" class=\"ua-js ring-variables-light\">…</html>\nE                 -   unexpected value \"http://localhost:8111/favorite/projects\"\nE                 -   locator resolved to <html lang=\"en\" data-js-focus-visible=\"\" class=\"ua-js …>…</html>\nE                 -   unexpected value \"http://localhost:8111/favorite/projects\"\nE                 -   locator resolved to <html lang=\"en\" data-js-focus-visible=\"\" class=\"ua-js …>…</html>\nE                 -   unexpected value \"http://localhost:8111/favorite/projects?mode=builds\"\n\nactions/page_actions.py:24: AssertionError","steps":[{"name":"Подготовка данных для создания проекта и билд конфигурации","time":{"start":1711481355646,"stop":1711481355648,"duration":2},"status":"passed","steps":[],"attachments":[],"parameters":[],"shouldDisplayMessage":false,"stepsCount":0,"attachmentsCount":0,"hasContent":false,"attachmentStep":false},{"name":"Отправка запроса на создание проекта","time":{"start":1711481355648,"stop":1711481355761,"duration":113},"status":"passed","steps":[],"attachments":[],"parameters":[],"shouldDisplayMessage":false,"stepsCount":0,"attachmentsCount":0,"hasContent":false,"attachmentStep":false},{"name":"Авторизация под Супер Администратором","time":{"start":1711481355761,"stop":1711481372385,"duration":16624},"status":"failed","statusMessage":"AssertionError: Page URL expected to be '**/http://localhost:8111/favorite/projects/**'\nActual value: http://localhost:8111/favorite/projects?mode=builds \nCall log:\nPageAssertions.to_have_url with timeout 10000ms\n  - waiting for locator(\":root\")\n  -   locator resolved to <html lang=\"en\" class=\"ua-js ring-variables-light\">…</html>\n  -   unexpected value \"http://localhost:8111/login.html?super=1\"\n  -   locator resolved to <html lang=\"en\" class=\"ua-js ring-variables-light\">…</html>\n  -   unexpected value \"http://localhost:8111/login.html?super=1\"\n  -   locator resolved to <html lang=\"en\" class=\"ua-js ring-variables-light\">…</html>\n  -   unexpected value \"http://localhost:8111/login.html?super=1\"\n  -   locator resolved to <html lang=\"en\" class=\"ua-js ring-variables-light\">…</html>\n  -   unexpected value \"http://localhost:8111/login.html?super=1\"\n  -   locator resolved to <html lang=\"en\" class=\"ua-js ring-variables-light\">…</html>\n  -   unexpected value \"http://localhost:8111/favorite/projects\"\n  -   locator resolved to <html lang=\"en\" class=\"ua-js ring-variables-light\">…</html>\n  -   unexpected value \"http://localhost:8111/favorite/projects\"\n  -   locator resolved to <html lang=\"en\" class=\"ua-js ring-variables-light\">…</html>\n  -   unexpected value \"http://localhost:8111/favorite/projects\"\n  -   locator resolved to <html lang=\"en\" data-js-focus-visible=\"\" class=\"ua-js …>…</html>\n  -   unexpected value \"http://localhost:8111/favorite/projects\"\n  -   locator resolved to <html lang=\"en\" data-js-focus-visible=\"\" class=\"ua-js …>…</html>\n  -   unexpected value \"http://localhost:8111/favorite/projects?mode=builds\"\n\n","statusTrace":"  File \"/home/runner/work/TeamCity_Test/TeamCity_Test/tests/frontend/test_e2e_build_conf.py\", line 34, in test_e2e_create_build_conf\n    login_browser.login_by_super_admin()\n  File \"/home/runner/work/TeamCity_Test/TeamCity_Test/pages/auth_page.py\", line 58, in login_by_super_admin\n    self.actions.contain_url(self.page_url)\n  File \"/home/runner/work/TeamCity_Test/TeamCity_Test/actions/page_actions.py\", line 24, in contain_url\n    expect(self.page).to_have_url(f\"**/{expected_url}/**\", timeout=timeout)\n  File \"/home/runner/.local/lib/python3.10/site-packages/playwright/sync_api/_generated.py\", line 19495, in to_have_url\n    self._sync(\n  File \"/home/runner/.local/lib/python3.10/site-packages/playwright/_impl/_sync_base.py\", line 115, in _sync\n    return task.result()\n  File \"/home/runner/.local/lib/python3.10/site-packages/playwright/_impl/_assertions.py\", line 120, in to_have_url\n    await self._expect_impl(\n  File \"/home/runner/.local/lib/python3.10/site-packages/playwright/_impl/_assertions.py\", line 70, in _expect_impl\n    raise AssertionError(\n","steps":[{"name":"Переход на страницу авторизации","time":{"start":1711481355761,"stop":1711481359355,"duration":3594},"status":"passed","steps":[{"name":"Переход на URL: http://localhost:8111/login.html?super=1","time":{"start":1711481355761,"stop":1711481359298,"duration":3537},"status":"passed","steps":[],"attachments":[],"parameters":[],"shouldDisplayMessage":false,"stepsCount":0,"attachmentsCount":0,"hasContent":false,"attachmentStep":false},{"name":"Ожидание загрузки страницы","time":{"start":1711481359299,"stop":1711481359355,"duration":56},"status":"passed","steps":[],"attachments":[],"parameters":[],"shouldDisplayMessage":false,"stepsCount":0,"attachmentsCount":0,"hasContent":false,"attachmentStep":false}],"attachments":[],"parameters":[],"shouldDisplayMessage":false,"stepsCount":2,"attachmentsCount":0,"hasContent":true,"attachmentStep":false},{"name":"Ввод токена для авторизации под Супер Администратором","time":{"start":1711481359355,"stop":1711481361879,"duration":2524},"status":"passed","steps":[{"name":"Ожидаем появления элемента: #password","time":{"start":1711481359355,"stop":1711481359646,"duration":291},"status":"passed","steps":[],"attachments":[],"parameters":[],"shouldDisplayMessage":false,"stepsCount":0,"attachmentsCount":0,"hasContent":false,"attachmentStep":false},{"name":"Ввод текста 3810735506581830041 в элемент: #password","time":{"start":1711481359647,"stop":1711481361879,"duration":2232},"status":"passed","steps":[],"attachments":[],"parameters":[],"shouldDisplayMessage":false,"stepsCount":0,"attachmentsCount":0,"hasContent":false,"attachmentStep":false}],"attachments":[],"parameters":[],"shouldDisplayMessage":false,"stepsCount":2,"attachmentsCount":0,"hasContent":true,"attachmentStep":false},{"name":"Авторизация пользователя","time":{"start":1711481361880,"stop":1711481362256,"duration":376},"status":"passed","steps":[{"name":"Клик по элементу: .loginButton","time":{"start":1711481361880,"stop":1711481362256,"duration":376},"status":"passed","steps":[],"attachments":[],"parameters":[],"shouldDisplayMessage":false,"stepsCount":0,"attachmentsCount":0,"hasContent":false,"attachmentStep":false}],"attachments":[],"parameters":[],"shouldDisplayMessage":false,"stepsCount":1,"attachmentsCount":0,"hasContent":true,"attachmentStep":false},{"name":"Проверка URL: ожидаемый URL - http://localhost:8111/favorite/projects","time":{"start":1711481362256,"stop":1711481372384,"duration":10128},"status":"failed","statusMessage":"AssertionError: Page URL expected to be '**/http://localhost:8111/favorite/projects/**'\nActual value: http://localhost:8111/favorite/projects?mode=builds \nCall log:\nPageAssertions.to_have_url with timeout 10000ms\n  - waiting for locator(\":root\")\n  -   locator resolved to <html lang=\"en\" class=\"ua-js ring-variables-light\">…</html>\n  -   unexpected value \"http://localhost:8111/login.html?super=1\"\n  -   locator resolved to <html lang=\"en\" class=\"ua-js ring-variables-light\">…</html>\n  -   unexpected value \"http://localhost:8111/login.html?super=1\"\n  -   locator resolved to <html lang=\"en\" class=\"ua-js ring-variables-light\">…</html>\n  -   unexpected value \"http://localhost:8111/login.html?super=1\"\n  -   locator resolved to <html lang=\"en\" class=\"ua-js ring-variables-light\">…</html>\n  -   unexpected value \"http://localhost:8111/login.html?super=1\"\n  -   locator resolved to <html lang=\"en\" class=\"ua-js ring-variables-light\">…</html>\n  -   unexpected value \"http://localhost:8111/favorite/projects\"\n  -   locator resolved to <html lang=\"en\" class=\"ua-js ring-variables-light\">…</html>\n  -   unexpected value \"http://localhost:8111/favorite/projects\"\n  -   locator resolved to <html lang=\"en\" class=\"ua-js ring-variables-light\">…</html>\n  -   unexpected value \"http://localhost:8111/favorite/projects\"\n  -   locator resolved to <html lang=\"en\" data-js-focus-visible=\"\" class=\"ua-js …>…</html>\n  -   unexpected value \"http://localhost:8111/favorite/projects\"\n  -   locator resolved to <html lang=\"en\" data-js-focus-visible=\"\" class=\"ua-js …>…</html>\n  -   unexpected value \"http://localhost:8111/favorite/projects?mode=builds\"\n\n","statusTrace":"  File \"/home/runner/work/TeamCity_Test/TeamCity_Test/actions/page_actions.py\", line 24, in contain_url\n    expect(self.page).to_have_url(f\"**/{expected_url}/**\", timeout=timeout)\n  File \"/home/runner/.local/lib/python3.10/site-packages/playwright/sync_api/_generated.py\", line 19495, in to_have_url\n    self._sync(\n  File \"/home/runner/.local/lib/python3.10/site-packages/playwright/_impl/_sync_base.py\", line 115, in _sync\n    return task.result()\n  File \"/home/runner/.local/lib/python3.10/site-packages/playwright/_impl/_assertions.py\", line 120, in to_have_url\n    await self._expect_impl(\n  File \"/home/runner/.local/lib/python3.10/site-packages/playwright/_impl/_assertions.py\", line 70, in _expect_impl\n    raise AssertionError(\n","steps":[],"attachments":[],"parameters":[],"shouldDisplayMessage":true,"stepsCount":0,"attachmentsCount":0,"hasContent":true,"attachmentStep":false}],"attachments":[],"parameters":[],"shouldDisplayMessage":false,"stepsCount":9,"attachmentsCount":0,"hasContent":true,"attachmentStep":false}],"attachments":[{"uid":"54472de6603e9cc0","name":"log","source":"54472de6603e9cc0.txt","type":"text/plain","size":4155}],"parameters":[],"shouldDisplayMessage":true,"stepsCount":12,"attachmentsCount":1,"hasContent":true,"attachmentStep":false},"afterStages":[{"name":"build_conf_data::0","time":{"start":1711481372486,"stop":1711481372542,"duration":56},"status":"broken","statusMessage":"ValueError: Билд конфигурации с id BOSswodHtde не был создан\n","statusTrace":"  File \"/home/runner/.local/lib/python3.10/site-packages/allure_commons/_allure.py\", line 221, in __call__\n    return self._fixture_function(*args, **kwargs)\n  File \"/home/runner/.local/lib/python3.10/site-packages/_pytest/fixtures.py\", line 932, in _teardown_yield_fixture\n    next(it)\n  File \"/home/runner/work/TeamCity_Test/TeamCity_Test/conftest.py\", line 106, in build_conf_data\n    super_admin.api_manager.build_conf_api.clean_up_build_conf(build_conf_id)\n  File \"/home/runner/work/TeamCity_Test/TeamCity_Test/api/build_conf_api.py\", line 31, in clean_up_build_conf\n    raise ValueError(f\"Билд конфигурации с id {create_build_id} не был создан\")\n","steps":[],"attachments":[],"parameters":[],"shouldDisplayMessage":true,"stepsCount":0,"attachmentsCount":0,"hasContent":true,"attachmentStep":false},{"name":"project_data::0","time":{"start":1711481372542,"stop":1711481372601,"duration":59},"status":"passed","steps":[],"attachments":[],"parameters":[],"shouldDisplayMessage":false,"stepsCount":0,"attachmentsCount":0,"hasContent":false,"attachmentStep":false},{"name":"user_session::0","time":{"start":1711481372602,"stop":1711481372602,"duration":0},"status":"passed","steps":[],"attachments":[],"parameters":[],"shouldDisplayMessage":false,"stepsCount":0,"attachmentsCount":0,"hasContent":false,"attachmentStep":false},{"name":"browser::0","time":{"start":1711481386263,"stop":1711481388345,"duration":2082},"status":"passed","steps":[],"attachments":[],"parameters":[],"shouldDisplayMessage":false,"stepsCount":0,"attachmentsCount":0,"hasContent":false,"attachmentStep":false}],"labels":[{"name":"suite","value":"Управление билд конфигурациями"},{"name":"parentSuite","value":"UI тесты"},{"name":"subSuite","value":"Cоздание билд конфигурации"},{"name":"severity","value":"critical"},{"name":"tag","value":"ui"},{"name":"tag","value":"build_conf"},{"name":"host","value":"fv-az885-250"},{"name":"thread","value":"7853-MainThread"},{"name":"framework","value":"pytest"},{"name":"language","value":"cpython3"},{"name":"package","value":"tests.frontend.test_e2e_build_conf"},{"name":"resultFormat","value":"allure2"}],"parameters":[{"name":"browser","value":"'chromium'"}],"links":[],"hidden":false,"retry":false,"extra":{"severity":"critical","retries":[],"categories":[{"name":"Product defects","matchedStatuses":[],"flaky":false}],"history":{"statistic":{"failed":2,"broken":0,"skipped":0,"passed":7,"unknown":0,"total":9},"items":[{"uid":"6aff2891f474020b","reportUrl":"https://QAKonstantin.github.io/TeamCity_Test/149//#testresult/6aff2891f474020b","status":"failed","statusDetails":"AssertionError: Ссылка http://localhost:8111/favorite/projects?mode=builds не изменилась на URL http://localhost:8111**//favorite/projects?mode=builds**/","time":{"start":1711480373351,"stop":1711480435841,"duration":62490}},{"uid":"bd72625c1dda5bd7","reportUrl":"https://QAKonstantin.github.io/TeamCity_Test/148//#testresult/bd72625c1dda5bd7","status":"passed","time":{"start":1711479126310,"stop":1711479180043,"duration":53733}},{"uid":"628a8a38800de32c","reportUrl":"https://QAKonstantin.github.io/TeamCity_Test/147//#testresult/628a8a38800de32c","status":"passed","time":{"start":1711478255460,"stop":1711478318118,"duration":62658}},{"uid":"23d484898543198f","reportUrl":"https://QAKonstantin.github.io/TeamCity_Test/146//#testresult/23d484898543198f","status":"passed","time":{"start":1711477643911,"stop":1711477699304,"duration":55393}},{"uid":"1e1b520c1ef6dbe","reportUrl":"https://QAKonstantin.github.io/TeamCity_Test/145//#testresult/1e1b520c1ef6dbe","status":"passed","time":{"start":1711476888265,"stop":1711476939695,"duration":51430}},{"uid":"ea5355dcce71f4a","reportUrl":"https://QAKonstantin.github.io/TeamCity_Test/144//#testresult/ea5355dcce71f4a","status":"passed","time":{"start":1711475944858,"stop":1711475995528,"duration":50670}},{"uid":"f5f014632e6df62a","reportUrl":"https://QAKonstantin.github.io/TeamCity_Test/144//#testresult/f5f014632e6df62a","status":"passed","time":{"start":1711475488564,"stop":1711475537306,"duration":48742}},{"uid":"c2b73a5455b25bd0","reportUrl":"https://QAKonstantin.github.io/TeamCity_Test/143//#testresult/c2b73a5455b25bd0","status":"passed","time":{"start":1711474907650,"stop":1711474965843,"duration":58193}}]},"tags":["ui","build_conf"]},"source":"6424f4fb587c5e89.json","parameterValues":["'chromium'"]}