{"uid":"268f59aa062283c5","name":"Cоздание проекта под Супер Администратором","fullName":"tests.frontend.test_e2e_project#test_e2e_create_project","historyId":"aa0c88c8b8289c1065514611b375ee32","time":{"start":1711455892725,"stop":1711455907389,"duration":14664},"description":"Авторизация Супер Администратором и создание проекта","descriptionHtml":"<p>Авторизация Супер Администратором и создание проекта</p>\n","status":"failed","statusMessage":"AssertionError: Элемент a.createOption:has-text(' Manually1') отсутствует для нажатия","statusTrace":"self = <actions.page_actions.PageAction object at 0x7f62fea12980>\nselector = \"a.createOption:has-text(' Manually1')\", timeout = 1000\n\n    def click_button(self, selector, timeout=30000):\n        try:\n            with allure.step(f\"Клик по элементу: {selector}\"):\n>               self.page.click(selector, timeout=timeout)\n\nactions/page_actions.py:53: \n_ _ _ _ _ _ _ _ _ _ _ _ _ _ _ _ _ _ _ _ _ _ _ _ _ _ _ _ _ _ _ _ _ _ _ _ _ _ _ _ \n../../../.local/lib/python3.10/site-packages/playwright/sync_api/_generated.py:10234: in click\n    self._sync(\n../../../.local/lib/python3.10/site-packages/playwright/_impl/_page.py:735: in click\n    return await self._main_frame.click(**locals_to_params(locals()))\n../../../.local/lib/python3.10/site-packages/playwright/_impl/_frame.py:494: in click\n    await self._channel.send(\"click\", locals_to_params(locals()))\n../../../.local/lib/python3.10/site-packages/playwright/_impl/_connection.py:63: in send\n    return await self._connection.wrap_api_call(\n../../../.local/lib/python3.10/site-packages/playwright/_impl/_connection.py:495: in wrap_api_call\n    return await cb()\n_ _ _ _ _ _ _ _ _ _ _ _ _ _ _ _ _ _ _ _ _ _ _ _ _ _ _ _ _ _ _ _ _ _ _ _ _ _ _ _ \n\nself = <playwright._impl._connection.Channel object at 0x7f62febb1210>\nmethod = 'click'\nparams = {'selector': \"a.createOption:has-text(' Manually1')\", 'timeout': 1000}\nreturn_as_dict = False\n\n    async def inner_send(\n        self, method: str, params: Optional[Dict], return_as_dict: bool\n    ) -> Any:\n        if params is None:\n            params = {}\n        callback = self._connection._send_message_to_server(\n            self._object, method, _filter_none(params)\n        )\n        if self._connection._error:\n            error = self._connection._error\n            self._connection._error = None\n            raise error\n        done, _ = await asyncio.wait(\n            {\n                self._connection._transport.on_error_future,\n                callback.future,\n            },\n            return_when=asyncio.FIRST_COMPLETED,\n        )\n        if not callback.future.done():\n            callback.future.cancel()\n>       result = next(iter(done)).result()\nE       playwright._impl._errors.TimeoutError: Timeout 1000ms exceeded.\n\n../../../.local/lib/python3.10/site-packages/playwright/_impl/_connection.py:101: TimeoutError\n\nDuring handling of the above exception, another exception occurred:\n\nproject_data = <function project_data.<locals>._create_project_data at 0x7f62fd65e0e0>\nrandom_description = 'Become while wind federal must.'\nbrowser = <Page url='http://localhost:8111/admin/createObjectMenu.html?projectId=_Root&showMode=createProjectMenu&cameFromUrl=http%3A%2F%2Flocalhost%3A8111%2Ffavorite%2Fprojects#createFromUrl'>\nsuper_admin = <entities.user.User object at 0x7f62fd655b70>\n\n    @allure.severity(allure.severity_level.CRITICAL)\n    @allure.parent_suite(\"UI тесты\")\n    @allure.suite(\"Управление проектами\")\n    @allure.sub_suite(\"Создание проекта\")\n    @allure.title(\"Cоздание проекта под Супер Администратором\")\n    @allure.description(\"Авторизация Супер Администратором и создание проекта\")\n    @pytest.mark.projects\n    @pytest.mark.ui\n    def test_e2e_create_project(project_data, random_description, browser, super_admin):\n        project_data_1 = project_data()\n    \n        with allure.step(\"Авторизация под Супер Администратором\"):\n            login_browser = AuthLoginBySuperAdmin(browser)\n            login_browser.login_by_super_admin()\n    \n        with allure.step(\"Создание проекта\"):\n            project_creation_browser = ProjectCreationPage(browser)\n>           project_creation_browser.create_project(project_data_1.name, project_data_1.id, random_description)\n\ntests/frontend/test_e2e_project.py:27: \n_ _ _ _ _ _ _ _ _ _ _ _ _ _ _ _ _ _ _ _ _ _ _ _ _ _ _ _ _ _ _ _ _ _ _ _ _ _ _ _ \npages/create_project_page.py:55: in create_project\n    self.menu_list_create.click_create_manually()\npages/create_project_page.py:18: in click_create_manually\n    self.actions.click_button(self.create_manually_selector, timeout=1000)\n_ _ _ _ _ _ _ _ _ _ _ _ _ _ _ _ _ _ _ _ _ _ _ _ _ _ _ _ _ _ _ _ _ _ _ _ _ _ _ _ \n\nself = <actions.page_actions.PageAction object at 0x7f62fea12980>\nselector = \"a.createOption:has-text(' Manually1')\", timeout = 1000\n\n    def click_button(self, selector, timeout=30000):\n        try:\n            with allure.step(f\"Клик по элементу: {selector}\"):\n                self.page.click(selector, timeout=timeout)\n        except TimeoutError:\n            self.allure_attach()\n>           raise AssertionError(f'Элемент {selector} отсутствует для нажатия')\nE           AssertionError: Элемент a.createOption:has-text(' Manually1') отсутствует для нажатия\n\nactions/page_actions.py:56: AssertionError","flaky":false,"newFailed":false,"newBroken":false,"newPassed":false,"retriesCount":0,"retriesStatusChange":false,"beforeStages":[{"name":"_session_faker","time":{"start":1711455836986,"stop":1711455837011,"duration":25},"status":"passed","steps":[],"attachments":[],"parameters":[],"shouldDisplayMessage":false,"stepsCount":0,"attachmentsCount":0,"hasContent":false,"attachmentStep":false},{"name":"browser","time":{"start":1711455839795,"stop":1711455861292,"duration":21497},"status":"passed","steps":[],"attachments":[],"parameters":[],"shouldDisplayMessage":false,"stepsCount":0,"attachmentsCount":0,"hasContent":false,"attachmentStep":false},{"name":"super_admin","time":{"start":1711455892716,"stop":1711455892723,"duration":7},"status":"passed","steps":[],"attachments":[],"parameters":[],"shouldDisplayMessage":false,"stepsCount":0,"attachmentsCount":0,"hasContent":false,"attachmentStep":false},{"name":"user_session","time":{"start":1711455892716,"stop":1711455892716,"duration":0},"status":"passed","steps":[],"attachments":[],"parameters":[],"shouldDisplayMessage":false,"stepsCount":0,"attachmentsCount":0,"hasContent":false,"attachmentStep":false},{"name":"project_data","time":{"start":1711455892723,"stop":1711455892723,"duration":0},"status":"passed","steps":[],"attachments":[],"parameters":[],"shouldDisplayMessage":false,"stepsCount":0,"attachmentsCount":0,"hasContent":false,"attachmentStep":false},{"name":"random_description","time":{"start":1711455892723,"stop":1711455892723,"duration":0},"status":"passed","steps":[],"attachments":[],"parameters":[],"shouldDisplayMessage":false,"stepsCount":0,"attachmentsCount":0,"hasContent":false,"attachmentStep":false}],"testStage":{"description":"Авторизация Супер Администратором и создание проекта","status":"failed","statusMessage":"AssertionError: Элемент a.createOption:has-text(' Manually1') отсутствует для нажатия","statusTrace":"self = <actions.page_actions.PageAction object at 0x7f62fea12980>\nselector = \"a.createOption:has-text(' Manually1')\", timeout = 1000\n\n    def click_button(self, selector, timeout=30000):\n        try:\n            with allure.step(f\"Клик по элементу: {selector}\"):\n>               self.page.click(selector, timeout=timeout)\n\nactions/page_actions.py:53: \n_ _ _ _ _ _ _ _ _ _ _ _ _ _ _ _ _ _ _ _ _ _ _ _ _ _ _ _ _ _ _ _ _ _ _ _ _ _ _ _ \n../../../.local/lib/python3.10/site-packages/playwright/sync_api/_generated.py:10234: in click\n    self._sync(\n../../../.local/lib/python3.10/site-packages/playwright/_impl/_page.py:735: in click\n    return await self._main_frame.click(**locals_to_params(locals()))\n../../../.local/lib/python3.10/site-packages/playwright/_impl/_frame.py:494: in click\n    await self._channel.send(\"click\", locals_to_params(locals()))\n../../../.local/lib/python3.10/site-packages/playwright/_impl/_connection.py:63: in send\n    return await self._connection.wrap_api_call(\n../../../.local/lib/python3.10/site-packages/playwright/_impl/_connection.py:495: in wrap_api_call\n    return await cb()\n_ _ _ _ _ _ _ _ _ _ _ _ _ _ _ _ _ _ _ _ _ _ _ _ _ _ _ _ _ _ _ _ _ _ _ _ _ _ _ _ \n\nself = <playwright._impl._connection.Channel object at 0x7f62febb1210>\nmethod = 'click'\nparams = {'selector': \"a.createOption:has-text(' Manually1')\", 'timeout': 1000}\nreturn_as_dict = False\n\n    async def inner_send(\n        self, method: str, params: Optional[Dict], return_as_dict: bool\n    ) -> Any:\n        if params is None:\n            params = {}\n        callback = self._connection._send_message_to_server(\n            self._object, method, _filter_none(params)\n        )\n        if self._connection._error:\n            error = self._connection._error\n            self._connection._error = None\n            raise error\n        done, _ = await asyncio.wait(\n            {\n                self._connection._transport.on_error_future,\n                callback.future,\n            },\n            return_when=asyncio.FIRST_COMPLETED,\n        )\n        if not callback.future.done():\n            callback.future.cancel()\n>       result = next(iter(done)).result()\nE       playwright._impl._errors.TimeoutError: Timeout 1000ms exceeded.\n\n../../../.local/lib/python3.10/site-packages/playwright/_impl/_connection.py:101: TimeoutError\n\nDuring handling of the above exception, another exception occurred:\n\nproject_data = <function project_data.<locals>._create_project_data at 0x7f62fd65e0e0>\nrandom_description = 'Become while wind federal must.'\nbrowser = <Page url='http://localhost:8111/admin/createObjectMenu.html?projectId=_Root&showMode=createProjectMenu&cameFromUrl=http%3A%2F%2Flocalhost%3A8111%2Ffavorite%2Fprojects#createFromUrl'>\nsuper_admin = <entities.user.User object at 0x7f62fd655b70>\n\n    @allure.severity(allure.severity_level.CRITICAL)\n    @allure.parent_suite(\"UI тесты\")\n    @allure.suite(\"Управление проектами\")\n    @allure.sub_suite(\"Создание проекта\")\n    @allure.title(\"Cоздание проекта под Супер Администратором\")\n    @allure.description(\"Авторизация Супер Администратором и создание проекта\")\n    @pytest.mark.projects\n    @pytest.mark.ui\n    def test_e2e_create_project(project_data, random_description, browser, super_admin):\n        project_data_1 = project_data()\n    \n        with allure.step(\"Авторизация под Супер Администратором\"):\n            login_browser = AuthLoginBySuperAdmin(browser)\n            login_browser.login_by_super_admin()\n    \n        with allure.step(\"Создание проекта\"):\n            project_creation_browser = ProjectCreationPage(browser)\n>           project_creation_browser.create_project(project_data_1.name, project_data_1.id, random_description)\n\ntests/frontend/test_e2e_project.py:27: \n_ _ _ _ _ _ _ _ _ _ _ _ _ _ _ _ _ _ _ _ _ _ _ _ _ _ _ _ _ _ _ _ _ _ _ _ _ _ _ _ \npages/create_project_page.py:55: in create_project\n    self.menu_list_create.click_create_manually()\npages/create_project_page.py:18: in click_create_manually\n    self.actions.click_button(self.create_manually_selector, timeout=1000)\n_ _ _ _ _ _ _ _ _ _ _ _ _ _ _ _ _ _ _ _ _ _ _ _ _ _ _ _ _ _ _ _ _ _ _ _ _ _ _ _ \n\nself = <actions.page_actions.PageAction object at 0x7f62fea12980>\nselector = \"a.createOption:has-text(' Manually1')\", timeout = 1000\n\n    def click_button(self, selector, timeout=30000):\n        try:\n            with allure.step(f\"Клик по элементу: {selector}\"):\n                self.page.click(selector, timeout=timeout)\n        except TimeoutError:\n            self.allure_attach()\n>           raise AssertionError(f'Элемент {selector} отсутствует для нажатия')\nE           AssertionError: Элемент a.createOption:has-text(' Manually1') отсутствует для нажатия\n\nactions/page_actions.py:56: AssertionError","steps":[{"name":"Авторизация под Супер Администратором","time":{"start":1711455892725,"stop":1711455902040,"duration":9315},"status":"passed","steps":[{"name":"Переход на страницу авторизации","time":{"start":1711455892725,"stop":1711455895047,"duration":2322},"status":"passed","steps":[{"name":"Переход на URL: http://localhost:8111/login.html?super=1","time":{"start":1711455892725,"stop":1711455895011,"duration":2286},"status":"passed","steps":[],"attachments":[],"parameters":[],"shouldDisplayMessage":false,"stepsCount":0,"attachmentsCount":0,"hasContent":false,"attachmentStep":false},{"name":"Ожидание загрузки страницы","time":{"start":1711455895011,"stop":1711455895047,"duration":36},"status":"passed","steps":[],"attachments":[],"parameters":[],"shouldDisplayMessage":false,"stepsCount":0,"attachmentsCount":0,"hasContent":false,"attachmentStep":false}],"attachments":[],"parameters":[],"shouldDisplayMessage":false,"stepsCount":2,"attachmentsCount":0,"hasContent":true,"attachmentStep":false},{"name":"Ввод токена для авторизации под Супер Администратором","time":{"start":1711455895047,"stop":1711455895307,"duration":260},"status":"passed","steps":[{"name":"Ожидаем появления элемента: #password","time":{"start":1711455895047,"stop":1711455895224,"duration":177},"status":"passed","steps":[],"attachments":[],"parameters":[],"shouldDisplayMessage":false,"stepsCount":0,"attachmentsCount":0,"hasContent":false,"attachmentStep":false},{"name":"Ввод текста 3601844536706242846 в элемент: #password","time":{"start":1711455895224,"stop":1711455895307,"duration":83},"status":"passed","steps":[],"attachments":[],"parameters":[],"shouldDisplayMessage":false,"stepsCount":0,"attachmentsCount":0,"hasContent":false,"attachmentStep":false}],"attachments":[],"parameters":[],"shouldDisplayMessage":false,"stepsCount":2,"attachmentsCount":0,"hasContent":true,"attachmentStep":false},{"name":"Авторизация пользователя","time":{"start":1711455895307,"stop":1711455895494,"duration":187},"status":"passed","steps":[{"name":"Клик по элементу: .loginButton","time":{"start":1711455895307,"stop":1711455895494,"duration":187},"status":"passed","steps":[],"attachments":[],"parameters":[],"shouldDisplayMessage":false,"stepsCount":0,"attachmentsCount":0,"hasContent":false,"attachmentStep":false}],"attachments":[],"parameters":[],"shouldDisplayMessage":false,"stepsCount":1,"attachmentsCount":0,"hasContent":true,"attachmentStep":false},{"name":"Ожидание изменения URL на http://localhost:8111/favorite/projects?mode=builds","time":{"start":1711455895494,"stop":1711455902040,"duration":6546},"status":"passed","steps":[],"attachments":[],"parameters":[],"shouldDisplayMessage":false,"stepsCount":0,"attachmentsCount":0,"hasContent":false,"attachmentStep":false}],"attachments":[],"parameters":[],"shouldDisplayMessage":false,"stepsCount":9,"attachmentsCount":0,"hasContent":true,"attachmentStep":false},{"name":"Создание проекта","time":{"start":1711455902040,"stop":1711455907388,"duration":5348},"status":"failed","statusMessage":"AssertionError: Элемент a.createOption:has-text(' Manually1') отсутствует для нажатия\n","statusTrace":"  File \"/home/runner/work/TeamCity_Test/TeamCity_Test/tests/frontend/test_e2e_project.py\", line 27, in test_e2e_create_project\n    project_creation_browser.create_project(project_data_1.name, project_data_1.id, random_description)\n  File \"/home/runner/work/TeamCity_Test/TeamCity_Test/pages/create_project_page.py\", line 55, in create_project\n    self.menu_list_create.click_create_manually()\n  File \"/home/runner/work/TeamCity_Test/TeamCity_Test/pages/create_project_page.py\", line 18, in click_create_manually\n    self.actions.click_button(self.create_manually_selector, timeout=1000)\n  File \"/home/runner/work/TeamCity_Test/TeamCity_Test/actions/page_actions.py\", line 56, in click_button\n    raise AssertionError(f'Элемент {selector} отсутствует для нажатия')\n","steps":[{"name":"Переход на страницу создания проекта","time":{"start":1711455902040,"stop":1711455905250,"duration":3210},"status":"passed","steps":[{"name":"Переход на URL: http://localhost:8111/admin/createObjectMenu.html?projectId=_Root&showMode=createProjectMenu&cameFromUrl=http%3A%2F%2Flocalhost%3A8111%2Ffavorite%2Fprojects","time":{"start":1711455902040,"stop":1711455905237,"duration":3197},"status":"passed","steps":[],"attachments":[],"parameters":[],"shouldDisplayMessage":false,"stepsCount":0,"attachmentsCount":0,"hasContent":false,"attachmentStep":false},{"name":"Ожидание загрузки страницы","time":{"start":1711455905237,"stop":1711455905250,"duration":13},"status":"passed","steps":[],"attachments":[],"parameters":[],"shouldDisplayMessage":false,"stepsCount":0,"attachmentsCount":0,"hasContent":false,"attachmentStep":false}],"attachments":[],"parameters":[],"shouldDisplayMessage":false,"stepsCount":2,"attachmentsCount":0,"hasContent":true,"attachmentStep":false},{"name":"Выбор создания вручную","time":{"start":1711455905250,"stop":1711455907388,"duration":2138},"status":"failed","statusMessage":"AssertionError: Элемент a.createOption:has-text(' Manually1') отсутствует для нажатия\n","statusTrace":"  File \"/home/runner/work/TeamCity_Test/TeamCity_Test/pages/create_project_page.py\", line 18, in click_create_manually\n    self.actions.click_button(self.create_manually_selector, timeout=1000)\n  File \"/home/runner/work/TeamCity_Test/TeamCity_Test/actions/page_actions.py\", line 56, in click_button\n    raise AssertionError(f'Элемент {selector} отсутствует для нажатия')\n","steps":[{"name":"Клик по элементу: a.createOption:has-text(' Manually1')","time":{"start":1711455905250,"stop":1711455906819,"duration":1569},"status":"broken","statusMessage":"playwright._impl._errors.TimeoutError: Timeout 1000ms exceeded.\n","statusTrace":"  File \"/home/runner/work/TeamCity_Test/TeamCity_Test/actions/page_actions.py\", line 53, in click_button\n    self.page.click(selector, timeout=timeout)\n  File \"/home/runner/.local/lib/python3.10/site-packages/playwright/sync_api/_generated.py\", line 10234, in click\n    self._sync(\n  File \"/home/runner/.local/lib/python3.10/site-packages/playwright/_impl/_sync_base.py\", line 115, in _sync\n    return task.result()\n  File \"/home/runner/.local/lib/python3.10/site-packages/playwright/_impl/_page.py\", line 735, in click\n    return await self._main_frame.click(**locals_to_params(locals()))\n  File \"/home/runner/.local/lib/python3.10/site-packages/playwright/_impl/_frame.py\", line 494, in click\n    await self._channel.send(\"click\", locals_to_params(locals()))\n  File \"/home/runner/.local/lib/python3.10/site-packages/playwright/_impl/_connection.py\", line 63, in send\n    return await self._connection.wrap_api_call(\n  File \"/home/runner/.local/lib/python3.10/site-packages/playwright/_impl/_connection.py\", line 495, in wrap_api_call\n    return await cb()\n  File \"/home/runner/.local/lib/python3.10/site-packages/playwright/_impl/_connection.py\", line 101, in inner_send\n    result = next(iter(done)).result()\n","steps":[],"attachments":[],"parameters":[],"shouldDisplayMessage":true,"stepsCount":0,"attachmentsCount":0,"hasContent":true,"attachmentStep":false}],"attachments":[{"uid":"e2a64fa86affcc22","name":"Create Project — TeamCity","source":"e2a64fa86affcc22.png","type":"image/png","size":36788}],"parameters":[],"shouldDisplayMessage":true,"stepsCount":1,"attachmentsCount":1,"hasContent":true,"attachmentStep":false}],"attachments":[],"parameters":[],"shouldDisplayMessage":false,"stepsCount":5,"attachmentsCount":1,"hasContent":true,"attachmentStep":false}],"attachments":[{"uid":"4abd9fab149e944e","name":"log","source":"4abd9fab149e944e.txt","type":"text/plain","size":1880}],"parameters":[],"shouldDisplayMessage":true,"stepsCount":16,"attachmentsCount":2,"hasContent":true,"attachmentStep":false},"afterStages":[{"name":"project_data::0","time":{"start":1711455908121,"stop":1711455908187,"duration":66},"status":"broken","statusMessage":"ValueError: Проект с id fhupa0rBdVh не был создан\n","statusTrace":"  File \"/home/runner/.local/lib/python3.10/site-packages/allure_commons/_allure.py\", line 221, in __call__\n    return self._fixture_function(*args, **kwargs)\n  File \"/home/runner/.local/lib/python3.10/site-packages/_pytest/fixtures.py\", line 932, in _teardown_yield_fixture\n    next(it)\n  File \"/home/runner/work/TeamCity_Test/TeamCity_Test/conftest.py\", line 90, in project_data\n    super_admin.api_manager.project_api.clean_up_project(project_id)\n  File \"/home/runner/work/TeamCity_Test/TeamCity_Test/api/project_api.py\", line 30, in clean_up_project\n    raise ValueError(f\"Проект с id {created_project_id} не был создан\")\n","steps":[],"attachments":[],"parameters":[],"shouldDisplayMessage":true,"stepsCount":0,"attachmentsCount":0,"hasContent":true,"attachmentStep":false},{"name":"user_session::0","time":{"start":1711455908190,"stop":1711455908191,"duration":1},"status":"passed","steps":[],"attachments":[],"parameters":[],"shouldDisplayMessage":false,"stepsCount":0,"attachmentsCount":0,"hasContent":false,"attachmentStep":false},{"name":"browser::0","time":{"start":1711455908357,"stop":1711455909809,"duration":1452},"status":"passed","steps":[],"attachments":[],"parameters":[],"shouldDisplayMessage":false,"stepsCount":0,"attachmentsCount":0,"hasContent":false,"attachmentStep":false}],"labels":[{"name":"parentSuite","value":"UI тесты"},{"name":"subSuite","value":"Создание проекта"},{"name":"severity","value":"critical"},{"name":"suite","value":"Управление проектами"},{"name":"tag","value":"ui"},{"name":"tag","value":"projects"},{"name":"host","value":"fv-az979-213"},{"name":"thread","value":"7996-MainThread"},{"name":"framework","value":"pytest"},{"name":"language","value":"cpython3"},{"name":"package","value":"tests.frontend.test_e2e_project"},{"name":"resultFormat","value":"allure2"}],"parameters":[{"name":"browser","value":"'webkit'"}],"links":[],"hidden":false,"retry":false,"extra":{"severity":"critical","retries":[],"categories":[{"name":"Product defects","matchedStatuses":[],"flaky":false}],"history":{"statistic":{"failed":2,"broken":2,"skipped":0,"passed":3,"unknown":0,"total":7},"items":[{"uid":"e0e98066c7e1b90d","reportUrl":"https://QAKonstantin.github.io/TeamCity_Test/124//#testresult/e0e98066c7e1b90d","status":"failed","statusDetails":"AssertionError: Элемент a.createOption:has-text(' Manually1') отсутствует для нажатия","time":{"start":1711454818652,"stop":1711454840175,"duration":21523}},{"uid":"f408d106e737c462","reportUrl":"https://QAKonstantin.github.io/TeamCity_Test/123//#testresult/f408d106e737c462","status":"broken","statusDetails":"ValueError: Unexpected status code: 401, expected: 200","time":{"start":1711454312775,"stop":1711454312775,"duration":0}},{"uid":"3aece1a5bb0947f7","reportUrl":"https://QAKonstantin.github.io/TeamCity_Test/122//#testresult/3aece1a5bb0947f7","status":"broken","statusDetails":"ValueError: Unexpected status code: 401, expected: 200","time":{"start":1711452165255,"stop":1711452165255,"duration":0}},{"uid":"83e0acee233819b3","reportUrl":"https://QAKonstantin.github.io/TeamCity_Test/121//#testresult/83e0acee233819b3","status":"passed","time":{"start":1711451098389,"stop":1711451124373,"duration":25984}},{"uid":"a818af55c175802e","reportUrl":"https://QAKonstantin.github.io/TeamCity_Test/120//#testresult/a818af55c175802e","status":"passed","time":{"start":1711369268178,"stop":1711369299579,"duration":31401}},{"uid":"394a8ec7a8628c0","reportUrl":"https://QAKonstantin.github.io/TeamCity_Test/119//#testresult/394a8ec7a8628c0","status":"passed","time":{"start":1711356113670,"stop":1711356143951,"duration":30281}}]},"tags":["projects","ui"]},"source":"268f59aa062283c5.json","parameterValues":["'webkit'"]}