{"uid":"c18579a89cee00cf","name":"Cоздание проекта под Супер Администратором","fullName":"tests.frontend.test_e2e_project#test_e2e_create_project","historyId":"d4c42557458aa93221970edef2f78007","time":{"start":1711454870502,"stop":1711454895333,"duration":24831},"description":"Авторизация Супер Администратором и создание проекта","descriptionHtml":"<p>Авторизация Супер Администратором и создание проекта</p>\n","status":"failed","statusMessage":"AssertionError: Элемент a.createOption:has-text(' Manually1') отсутствует для нажатия","statusTrace":"self = <actions.page_actions.PageAction object at 0x7f44cd5d8be0>\nselector = \"a.createOption:has-text(' Manually1')\", timeout = 1000\n\n    def click_button(self, selector, timeout=30000):\n        try:\n            with allure.step(f\"Клик по элементу: {selector}\"):\n>               self.page.click(selector, timeout=timeout)\n\nactions/page_actions.py:53: \n_ _ _ _ _ _ _ _ _ _ _ _ _ _ _ _ _ _ _ _ _ _ _ _ _ _ _ _ _ _ _ _ _ _ _ _ _ _ _ _ \n../../../.local/lib/python3.10/site-packages/playwright/sync_api/_generated.py:10234: in click\n    self._sync(\n../../../.local/lib/python3.10/site-packages/playwright/_impl/_page.py:735: in click\n    return await self._main_frame.click(**locals_to_params(locals()))\n../../../.local/lib/python3.10/site-packages/playwright/_impl/_frame.py:494: in click\n    await self._channel.send(\"click\", locals_to_params(locals()))\n../../../.local/lib/python3.10/site-packages/playwright/_impl/_connection.py:63: in send\n    return await self._connection.wrap_api_call(\n../../../.local/lib/python3.10/site-packages/playwright/_impl/_connection.py:495: in wrap_api_call\n    return await cb()\n_ _ _ _ _ _ _ _ _ _ _ _ _ _ _ _ _ _ _ _ _ _ _ _ _ _ _ _ _ _ _ _ _ _ _ _ _ _ _ _ \n\nself = <playwright._impl._connection.Channel object at 0x7f44ceaea380>\nmethod = 'click'\nparams = {'selector': \"a.createOption:has-text(' Manually1')\", 'timeout': 1000}\nreturn_as_dict = False\n\n    async def inner_send(\n        self, method: str, params: Optional[Dict], return_as_dict: bool\n    ) -> Any:\n        if params is None:\n            params = {}\n        callback = self._connection._send_message_to_server(\n            self._object, method, _filter_none(params)\n        )\n        if self._connection._error:\n            error = self._connection._error\n            self._connection._error = None\n            raise error\n        done, _ = await asyncio.wait(\n            {\n                self._connection._transport.on_error_future,\n                callback.future,\n            },\n            return_when=asyncio.FIRST_COMPLETED,\n        )\n        if not callback.future.done():\n            callback.future.cancel()\n>       result = next(iter(done)).result()\nE       playwright._impl._errors.TimeoutError: Timeout 1000ms exceeded.\n\n../../../.local/lib/python3.10/site-packages/playwright/_impl/_connection.py:101: TimeoutError\n\nDuring handling of the above exception, another exception occurred:\n\nproject_data = <function project_data.<locals>._create_project_data at 0x7f44cd6f55a0>\nrandom_description = 'Throughout argue Mrs whose rather cause begin under.'\nbrowser = <Page url='http://localhost:8111/admin/createObjectMenu.html?projectId=_Root&showMode=createProjectMenu&cameFromUrl=http%3A%2F%2Flocalhost%3A8111%2Ffavorite%2Fprojects#createFromUrl'>\nsuper_admin = <entities.user.User object at 0x7f44cd5db2b0>\n\n    @allure.severity(allure.severity_level.CRITICAL)\n    @allure.parent_suite(\"UI тесты\")\n    @allure.suite(\"Управление проектами\")\n    @allure.sub_suite(\"Создание проекта\")\n    @allure.title(\"Cоздание проекта под Супер Администратором\")\n    @allure.description(\"Авторизация Супер Администратором и создание проекта\")\n    @pytest.mark.projects\n    @pytest.mark.ui\n    def test_e2e_create_project(project_data, random_description, browser, super_admin):\n        project_data_1 = project_data()\n    \n        with allure.step(\"Авторизация под Супер Администратором\"):\n            login_browser = AuthLoginBySuperAdmin(browser)\n            login_browser.login_by_super_admin()\n    \n        with allure.step(\"Создание проекта\"):\n            project_creation_browser = ProjectCreationPage(browser)\n>           project_creation_browser.create_project(project_data_1.name, project_data_1.id, random_description)\n\ntests/frontend/test_e2e_project.py:27: \n_ _ _ _ _ _ _ _ _ _ _ _ _ _ _ _ _ _ _ _ _ _ _ _ _ _ _ _ _ _ _ _ _ _ _ _ _ _ _ _ \npages/create_project_page.py:55: in create_project\n    self.menu_list_create.click_create_manually()\npages/create_project_page.py:18: in click_create_manually\n    self.actions.click_button(self.create_manually_selector, timeout=1000)\n_ _ _ _ _ _ _ _ _ _ _ _ _ _ _ _ _ _ _ _ _ _ _ _ _ _ _ _ _ _ _ _ _ _ _ _ _ _ _ _ \n\nself = <actions.page_actions.PageAction object at 0x7f44cd5d8be0>\nselector = \"a.createOption:has-text(' Manually1')\", timeout = 1000\n\n    def click_button(self, selector, timeout=30000):\n        try:\n            with allure.step(f\"Клик по элементу: {selector}\"):\n                self.page.click(selector, timeout=timeout)\n        except TimeoutError:\n            self.allure_attach()\n>           raise AssertionError(f'Элемент {selector} отсутствует для нажатия')\nE           AssertionError: Элемент a.createOption:has-text(' Manually1') отсутствует для нажатия\n\nactions/page_actions.py:56: AssertionError","flaky":false,"newFailed":true,"newBroken":false,"newPassed":false,"retriesCount":0,"retriesStatusChange":false,"beforeStages":[{"name":"_session_faker","time":{"start":1711454789085,"stop":1711454789110,"duration":25},"status":"passed","steps":[],"attachments":[],"parameters":[],"shouldDisplayMessage":false,"stepsCount":0,"attachmentsCount":0,"hasContent":false,"attachmentStep":false},{"name":"browser","time":{"start":1711454842703,"stop":1711454845256,"duration":2553},"status":"passed","steps":[],"attachments":[],"parameters":[],"shouldDisplayMessage":false,"stepsCount":0,"attachmentsCount":0,"hasContent":false,"attachmentStep":false},{"name":"user_session","time":{"start":1711454870448,"stop":1711454870448,"duration":0},"status":"passed","steps":[],"attachments":[],"parameters":[],"shouldDisplayMessage":false,"stepsCount":0,"attachmentsCount":0,"hasContent":false,"attachmentStep":false},{"name":"super_admin","time":{"start":1711454870448,"stop":1711454870501,"duration":53},"status":"passed","steps":[],"attachments":[],"parameters":[],"shouldDisplayMessage":false,"stepsCount":0,"attachmentsCount":0,"hasContent":false,"attachmentStep":false},{"name":"project_data","time":{"start":1711454870501,"stop":1711454870501,"duration":0},"status":"passed","steps":[],"attachments":[],"parameters":[],"shouldDisplayMessage":false,"stepsCount":0,"attachmentsCount":0,"hasContent":false,"attachmentStep":false},{"name":"random_description","time":{"start":1711454870501,"stop":1711454870501,"duration":0},"status":"passed","steps":[],"attachments":[],"parameters":[],"shouldDisplayMessage":false,"stepsCount":0,"attachmentsCount":0,"hasContent":false,"attachmentStep":false}],"testStage":{"description":"Авторизация Супер Администратором и создание проекта","status":"failed","statusMessage":"AssertionError: Элемент a.createOption:has-text(' Manually1') отсутствует для нажатия","statusTrace":"self = <actions.page_actions.PageAction object at 0x7f44cd5d8be0>\nselector = \"a.createOption:has-text(' Manually1')\", timeout = 1000\n\n    def click_button(self, selector, timeout=30000):\n        try:\n            with allure.step(f\"Клик по элементу: {selector}\"):\n>               self.page.click(selector, timeout=timeout)\n\nactions/page_actions.py:53: \n_ _ _ _ _ _ _ _ _ _ _ _ _ _ _ _ _ _ _ _ _ _ _ _ _ _ _ _ _ _ _ _ _ _ _ _ _ _ _ _ \n../../../.local/lib/python3.10/site-packages/playwright/sync_api/_generated.py:10234: in click\n    self._sync(\n../../../.local/lib/python3.10/site-packages/playwright/_impl/_page.py:735: in click\n    return await self._main_frame.click(**locals_to_params(locals()))\n../../../.local/lib/python3.10/site-packages/playwright/_impl/_frame.py:494: in click\n    await self._channel.send(\"click\", locals_to_params(locals()))\n../../../.local/lib/python3.10/site-packages/playwright/_impl/_connection.py:63: in send\n    return await self._connection.wrap_api_call(\n../../../.local/lib/python3.10/site-packages/playwright/_impl/_connection.py:495: in wrap_api_call\n    return await cb()\n_ _ _ _ _ _ _ _ _ _ _ _ _ _ _ _ _ _ _ _ _ _ _ _ _ _ _ _ _ _ _ _ _ _ _ _ _ _ _ _ \n\nself = <playwright._impl._connection.Channel object at 0x7f44ceaea380>\nmethod = 'click'\nparams = {'selector': \"a.createOption:has-text(' Manually1')\", 'timeout': 1000}\nreturn_as_dict = False\n\n    async def inner_send(\n        self, method: str, params: Optional[Dict], return_as_dict: bool\n    ) -> Any:\n        if params is None:\n            params = {}\n        callback = self._connection._send_message_to_server(\n            self._object, method, _filter_none(params)\n        )\n        if self._connection._error:\n            error = self._connection._error\n            self._connection._error = None\n            raise error\n        done, _ = await asyncio.wait(\n            {\n                self._connection._transport.on_error_future,\n                callback.future,\n            },\n            return_when=asyncio.FIRST_COMPLETED,\n        )\n        if not callback.future.done():\n            callback.future.cancel()\n>       result = next(iter(done)).result()\nE       playwright._impl._errors.TimeoutError: Timeout 1000ms exceeded.\n\n../../../.local/lib/python3.10/site-packages/playwright/_impl/_connection.py:101: TimeoutError\n\nDuring handling of the above exception, another exception occurred:\n\nproject_data = <function project_data.<locals>._create_project_data at 0x7f44cd6f55a0>\nrandom_description = 'Throughout argue Mrs whose rather cause begin under.'\nbrowser = <Page url='http://localhost:8111/admin/createObjectMenu.html?projectId=_Root&showMode=createProjectMenu&cameFromUrl=http%3A%2F%2Flocalhost%3A8111%2Ffavorite%2Fprojects#createFromUrl'>\nsuper_admin = <entities.user.User object at 0x7f44cd5db2b0>\n\n    @allure.severity(allure.severity_level.CRITICAL)\n    @allure.parent_suite(\"UI тесты\")\n    @allure.suite(\"Управление проектами\")\n    @allure.sub_suite(\"Создание проекта\")\n    @allure.title(\"Cоздание проекта под Супер Администратором\")\n    @allure.description(\"Авторизация Супер Администратором и создание проекта\")\n    @pytest.mark.projects\n    @pytest.mark.ui\n    def test_e2e_create_project(project_data, random_description, browser, super_admin):\n        project_data_1 = project_data()\n    \n        with allure.step(\"Авторизация под Супер Администратором\"):\n            login_browser = AuthLoginBySuperAdmin(browser)\n            login_browser.login_by_super_admin()\n    \n        with allure.step(\"Создание проекта\"):\n            project_creation_browser = ProjectCreationPage(browser)\n>           project_creation_browser.create_project(project_data_1.name, project_data_1.id, random_description)\n\ntests/frontend/test_e2e_project.py:27: \n_ _ _ _ _ _ _ _ _ _ _ _ _ _ _ _ _ _ _ _ _ _ _ _ _ _ _ _ _ _ _ _ _ _ _ _ _ _ _ _ \npages/create_project_page.py:55: in create_project\n    self.menu_list_create.click_create_manually()\npages/create_project_page.py:18: in click_create_manually\n    self.actions.click_button(self.create_manually_selector, timeout=1000)\n_ _ _ _ _ _ _ _ _ _ _ _ _ _ _ _ _ _ _ _ _ _ _ _ _ _ _ _ _ _ _ _ _ _ _ _ _ _ _ _ \n\nself = <actions.page_actions.PageAction object at 0x7f44cd5d8be0>\nselector = \"a.createOption:has-text(' Manually1')\", timeout = 1000\n\n    def click_button(self, selector, timeout=30000):\n        try:\n            with allure.step(f\"Клик по элементу: {selector}\"):\n                self.page.click(selector, timeout=timeout)\n        except TimeoutError:\n            self.allure_attach()\n>           raise AssertionError(f'Элемент {selector} отсутствует для нажатия')\nE           AssertionError: Элемент a.createOption:has-text(' Manually1') отсутствует для нажатия\n\nactions/page_actions.py:56: AssertionError","steps":[{"name":"Авторизация под Супер Администратором","time":{"start":1711454870502,"stop":1711454885729,"duration":15227},"status":"passed","steps":[{"name":"Переход на страницу авторизации","time":{"start":1711454870502,"stop":1711454873468,"duration":2966},"status":"passed","steps":[{"name":"Переход на URL: http://localhost:8111/login.html?super=1","time":{"start":1711454870502,"stop":1711454873434,"duration":2932},"status":"passed","steps":[],"attachments":[],"parameters":[],"shouldDisplayMessage":false,"stepsCount":0,"attachmentsCount":0,"hasContent":false,"attachmentStep":false},{"name":"Ожидание загрузки страницы","time":{"start":1711454873434,"stop":1711454873468,"duration":34},"status":"passed","steps":[],"attachments":[],"parameters":[],"shouldDisplayMessage":false,"stepsCount":0,"attachmentsCount":0,"hasContent":false,"attachmentStep":false}],"attachments":[],"parameters":[],"shouldDisplayMessage":false,"stepsCount":2,"attachmentsCount":0,"hasContent":true,"attachmentStep":false},{"name":"Ввод токена для авторизации под Супер Администратором","time":{"start":1711454873468,"stop":1711454873868,"duration":400},"status":"passed","steps":[{"name":"Ожидаем появления элемента: #password","time":{"start":1711454873468,"stop":1711454873766,"duration":298},"status":"passed","steps":[],"attachments":[],"parameters":[],"shouldDisplayMessage":false,"stepsCount":0,"attachmentsCount":0,"hasContent":false,"attachmentStep":false},{"name":"Ввод текста 6329075987040008038 в элемент: #password","time":{"start":1711454873766,"stop":1711454873868,"duration":102},"status":"passed","steps":[],"attachments":[],"parameters":[],"shouldDisplayMessage":false,"stepsCount":0,"attachmentsCount":0,"hasContent":false,"attachmentStep":false}],"attachments":[],"parameters":[],"shouldDisplayMessage":false,"stepsCount":2,"attachmentsCount":0,"hasContent":true,"attachmentStep":false},{"name":"Авторизация пользователя","time":{"start":1711454873868,"stop":1711454875763,"duration":1895},"status":"passed","steps":[{"name":"Клик по элементу: .loginButton","time":{"start":1711454873868,"stop":1711454875763,"duration":1895},"status":"passed","steps":[],"attachments":[],"parameters":[],"shouldDisplayMessage":false,"stepsCount":0,"attachmentsCount":0,"hasContent":false,"attachmentStep":false}],"attachments":[],"parameters":[],"shouldDisplayMessage":false,"stepsCount":1,"attachmentsCount":0,"hasContent":true,"attachmentStep":false},{"name":"Ожидание изменения URL на http://localhost:8111/favorite/projects?mode=builds","time":{"start":1711454875764,"stop":1711454885729,"duration":9965},"status":"passed","steps":[],"attachments":[],"parameters":[],"shouldDisplayMessage":false,"stepsCount":0,"attachmentsCount":0,"hasContent":false,"attachmentStep":false}],"attachments":[],"parameters":[],"shouldDisplayMessage":false,"stepsCount":9,"attachmentsCount":0,"hasContent":true,"attachmentStep":false},{"name":"Создание проекта","time":{"start":1711454885729,"stop":1711454895333,"duration":9604},"status":"failed","statusMessage":"AssertionError: Элемент a.createOption:has-text(' Manually1') отсутствует для нажатия\n","statusTrace":"  File \"/home/runner/work/TeamCity_Test/TeamCity_Test/tests/frontend/test_e2e_project.py\", line 27, in test_e2e_create_project\n    project_creation_browser.create_project(project_data_1.name, project_data_1.id, random_description)\n  File \"/home/runner/work/TeamCity_Test/TeamCity_Test/pages/create_project_page.py\", line 55, in create_project\n    self.menu_list_create.click_create_manually()\n  File \"/home/runner/work/TeamCity_Test/TeamCity_Test/pages/create_project_page.py\", line 18, in click_create_manually\n    self.actions.click_button(self.create_manually_selector, timeout=1000)\n  File \"/home/runner/work/TeamCity_Test/TeamCity_Test/actions/page_actions.py\", line 56, in click_button\n    raise AssertionError(f'Элемент {selector} отсутствует для нажатия')\n","steps":[{"name":"Переход на страницу создания проекта","time":{"start":1711454885729,"stop":1711454892803,"duration":7074},"status":"passed","steps":[{"name":"Переход на URL: http://localhost:8111/admin/createObjectMenu.html?projectId=_Root&showMode=createProjectMenu&cameFromUrl=http%3A%2F%2Flocalhost%3A8111%2Ffavorite%2Fprojects","time":{"start":1711454885729,"stop":1711454892766,"duration":7037},"status":"passed","steps":[],"attachments":[],"parameters":[],"shouldDisplayMessage":false,"stepsCount":0,"attachmentsCount":0,"hasContent":false,"attachmentStep":false},{"name":"Ожидание загрузки страницы","time":{"start":1711454892766,"stop":1711454892803,"duration":37},"status":"passed","steps":[],"attachments":[],"parameters":[],"shouldDisplayMessage":false,"stepsCount":0,"attachmentsCount":0,"hasContent":false,"attachmentStep":false}],"attachments":[],"parameters":[],"shouldDisplayMessage":false,"stepsCount":2,"attachmentsCount":0,"hasContent":true,"attachmentStep":false},{"name":"Выбор создания вручную","time":{"start":1711454892803,"stop":1711454895333,"duration":2530},"status":"failed","statusMessage":"AssertionError: Элемент a.createOption:has-text(' Manually1') отсутствует для нажатия\n","statusTrace":"  File \"/home/runner/work/TeamCity_Test/TeamCity_Test/pages/create_project_page.py\", line 18, in click_create_manually\n    self.actions.click_button(self.create_manually_selector, timeout=1000)\n  File \"/home/runner/work/TeamCity_Test/TeamCity_Test/actions/page_actions.py\", line 56, in click_button\n    raise AssertionError(f'Элемент {selector} отсутствует для нажатия')\n","steps":[{"name":"Клик по элементу: a.createOption:has-text(' Manually1')","time":{"start":1711454892803,"stop":1711454894380,"duration":1577},"status":"broken","statusMessage":"playwright._impl._errors.TimeoutError: Timeout 1000ms exceeded.\n","statusTrace":"  File \"/home/runner/work/TeamCity_Test/TeamCity_Test/actions/page_actions.py\", line 53, in click_button\n    self.page.click(selector, timeout=timeout)\n  File \"/home/runner/.local/lib/python3.10/site-packages/playwright/sync_api/_generated.py\", line 10234, in click\n    self._sync(\n  File \"/home/runner/.local/lib/python3.10/site-packages/playwright/_impl/_sync_base.py\", line 115, in _sync\n    return task.result()\n  File \"/home/runner/.local/lib/python3.10/site-packages/playwright/_impl/_page.py\", line 735, in click\n    return await self._main_frame.click(**locals_to_params(locals()))\n  File \"/home/runner/.local/lib/python3.10/site-packages/playwright/_impl/_frame.py\", line 494, in click\n    await self._channel.send(\"click\", locals_to_params(locals()))\n  File \"/home/runner/.local/lib/python3.10/site-packages/playwright/_impl/_connection.py\", line 63, in send\n    return await self._connection.wrap_api_call(\n  File \"/home/runner/.local/lib/python3.10/site-packages/playwright/_impl/_connection.py\", line 495, in wrap_api_call\n    return await cb()\n  File \"/home/runner/.local/lib/python3.10/site-packages/playwright/_impl/_connection.py\", line 101, in inner_send\n    result = next(iter(done)).result()\n","steps":[],"attachments":[],"parameters":[],"shouldDisplayMessage":true,"stepsCount":0,"attachmentsCount":0,"hasContent":true,"attachmentStep":false}],"attachments":[{"uid":"3c4d3e1cee7c2e68","name":"Create Project — TeamCity","source":"3c4d3e1cee7c2e68.png","type":"image/png","size":97395}],"parameters":[],"shouldDisplayMessage":true,"stepsCount":1,"attachmentsCount":1,"hasContent":true,"attachmentStep":false}],"attachments":[],"parameters":[],"shouldDisplayMessage":false,"stepsCount":5,"attachmentsCount":1,"hasContent":true,"attachmentStep":false}],"attachments":[{"uid":"10a64c97baea1ec1","name":"log","source":"10a64c97baea1ec1.txt","type":"text/plain","size":1886}],"parameters":[],"shouldDisplayMessage":true,"stepsCount":16,"attachmentsCount":2,"hasContent":true,"attachmentStep":false},"afterStages":[{"name":"project_data::0","time":{"start":1711454897074,"stop":1711454897140,"duration":66},"status":"broken","statusMessage":"ValueError: Проект с id Hzx6GFck9Qn не был создан\n","statusTrace":"  File \"/home/runner/.local/lib/python3.10/site-packages/allure_commons/_allure.py\", line 221, in __call__\n    return self._fixture_function(*args, **kwargs)\n  File \"/home/runner/.local/lib/python3.10/site-packages/_pytest/fixtures.py\", line 932, in _teardown_yield_fixture\n    next(it)\n  File \"/home/runner/work/TeamCity_Test/TeamCity_Test/conftest.py\", line 90, in project_data\n    super_admin.api_manager.project_api.clean_up_project(project_id)\n  File \"/home/runner/work/TeamCity_Test/TeamCity_Test/api/project_api.py\", line 30, in clean_up_project\n    raise ValueError(f\"Проект с id {created_project_id} не был создан\")\n","steps":[],"attachments":[],"parameters":[],"shouldDisplayMessage":true,"stepsCount":0,"attachmentsCount":0,"hasContent":true,"attachmentStep":false},{"name":"user_session::0","time":{"start":1711454897141,"stop":1711454897141,"duration":0},"status":"passed","steps":[],"attachments":[],"parameters":[],"shouldDisplayMessage":false,"stepsCount":0,"attachmentsCount":0,"hasContent":false,"attachmentStep":false},{"name":"browser::0","time":{"start":1711454897294,"stop":1711454901032,"duration":3738},"status":"passed","steps":[],"attachments":[],"parameters":[],"shouldDisplayMessage":false,"stepsCount":0,"attachmentsCount":0,"hasContent":false,"attachmentStep":false}],"labels":[{"name":"severity","value":"critical"},{"name":"suite","value":"Управление проектами"},{"name":"subSuite","value":"Создание проекта"},{"name":"parentSuite","value":"UI тесты"},{"name":"tag","value":"ui"},{"name":"tag","value":"projects"},{"name":"host","value":"fv-az1435-536"},{"name":"thread","value":"7784-MainThread"},{"name":"framework","value":"pytest"},{"name":"language","value":"cpython3"},{"name":"package","value":"tests.frontend.test_e2e_project"},{"name":"resultFormat","value":"allure2"}],"parameters":[{"name":"browser","value":"'chromium'"}],"links":[],"hidden":false,"retry":false,"extra":{"severity":"critical","retries":[],"categories":[{"name":"Product defects","matchedStatuses":[],"flaky":false}],"history":{"statistic":{"failed":1,"broken":2,"skipped":0,"passed":3,"unknown":0,"total":6},"items":[{"uid":"11f428973d1edc33","reportUrl":"https://QAKonstantin.github.io/TeamCity_Test/123//#testresult/11f428973d1edc33","status":"broken","statusDetails":"ValueError: Unexpected status code: 401, expected: 200","time":{"start":1711454312860,"stop":1711454312860,"duration":0}},{"uid":"ddcdb18d7ba43178","reportUrl":"https://QAKonstantin.github.io/TeamCity_Test/122//#testresult/ddcdb18d7ba43178","status":"broken","statusDetails":"ValueError: Unexpected status code: 401, expected: 200","time":{"start":1711452167112,"stop":1711452167112,"duration":0}},{"uid":"f86d6c0b70527121","reportUrl":"https://QAKonstantin.github.io/TeamCity_Test/121//#testresult/f86d6c0b70527121","status":"passed","time":{"start":1711451165378,"stop":1711451199343,"duration":33965}},{"uid":"7d8eb9bdbd2ee70","reportUrl":"https://QAKonstantin.github.io/TeamCity_Test/120//#testresult/7d8eb9bdbd2ee70","status":"passed","time":{"start":1711369282703,"stop":1711369314451,"duration":31748}},{"uid":"d79b64f4a1f6b906","reportUrl":"https://QAKonstantin.github.io/TeamCity_Test/119//#testresult/d79b64f4a1f6b906","status":"passed","time":{"start":1711356178479,"stop":1711356210466,"duration":31987}}]},"tags":["projects","ui"]},"source":"c18579a89cee00cf.json","parameterValues":["'chromium'"]}