{"uid":"f3932174f932bed2","name":"Cоздание проекта под Супер Администратором","fullName":"tests.frontend.test_e2e_project#test_e2e_create_project","historyId":"f007f0e86b6a17aea4b447de10c0f15e","time":{"start":1711454936388,"stop":1711454950691,"duration":14303},"description":"Авторизация Супер Администратором и создание проекта","descriptionHtml":"<p>Авторизация Супер Администратором и создание проекта</p>\n","status":"failed","statusMessage":"AssertionError: Элемент a.createOption:has-text(' Manually1') отсутствует для нажатия","statusTrace":"self = <actions.page_actions.PageAction object at 0x7f6ad6037d90>\nselector = \"a.createOption:has-text(' Manually1')\", timeout = 1000\n\n    def click_button(self, selector, timeout=30000):\n        try:\n            with allure.step(f\"Клик по элементу: {selector}\"):\n>               self.page.click(selector, timeout=timeout)\n\nactions/page_actions.py:53: \n_ _ _ _ _ _ _ _ _ _ _ _ _ _ _ _ _ _ _ _ _ _ _ _ _ _ _ _ _ _ _ _ _ _ _ _ _ _ _ _ \n../../../.local/lib/python3.10/site-packages/playwright/sync_api/_generated.py:10234: in click\n    self._sync(\n../../../.local/lib/python3.10/site-packages/playwright/_impl/_page.py:735: in click\n    return await self._main_frame.click(**locals_to_params(locals()))\n../../../.local/lib/python3.10/site-packages/playwright/_impl/_frame.py:494: in click\n    await self._channel.send(\"click\", locals_to_params(locals()))\n../../../.local/lib/python3.10/site-packages/playwright/_impl/_connection.py:63: in send\n    return await self._connection.wrap_api_call(\n../../../.local/lib/python3.10/site-packages/playwright/_impl/_connection.py:495: in wrap_api_call\n    return await cb()\n_ _ _ _ _ _ _ _ _ _ _ _ _ _ _ _ _ _ _ _ _ _ _ _ _ _ _ _ _ _ _ _ _ _ _ _ _ _ _ _ \n\nself = <playwright._impl._connection.Channel object at 0x7f6addf51d80>\nmethod = 'click'\nparams = {'selector': \"a.createOption:has-text(' Manually1')\", 'timeout': 1000}\nreturn_as_dict = False\n\n    async def inner_send(\n        self, method: str, params: Optional[Dict], return_as_dict: bool\n    ) -> Any:\n        if params is None:\n            params = {}\n        callback = self._connection._send_message_to_server(\n            self._object, method, _filter_none(params)\n        )\n        if self._connection._error:\n            error = self._connection._error\n            self._connection._error = None\n            raise error\n        done, _ = await asyncio.wait(\n            {\n                self._connection._transport.on_error_future,\n                callback.future,\n            },\n            return_when=asyncio.FIRST_COMPLETED,\n        )\n        if not callback.future.done():\n            callback.future.cancel()\n>       result = next(iter(done)).result()\nE       playwright._impl._errors.TimeoutError: Timeout 1000ms exceeded.\n\n../../../.local/lib/python3.10/site-packages/playwright/_impl/_connection.py:101: TimeoutError\n\nDuring handling of the above exception, another exception occurred:\n\nproject_data = <function project_data.<locals>._create_project_data at 0x7f6ad6a1c790>\nrandom_description = 'A lawyer executive gas point give.'\nbrowser = <Page url='http://localhost:8111/admin/createObjectMenu.html?projectId=_Root&showMode=createProjectMenu&cameFromUrl=http%3A%2F%2Flocalhost%3A8111%2Ffavorite%2Fprojects#createFromUrl'>\nsuper_admin = <entities.user.User object at 0x7f6ad6ba9570>\n\n    @allure.severity(allure.severity_level.CRITICAL)\n    @allure.parent_suite(\"UI тесты\")\n    @allure.suite(\"Управление проектами\")\n    @allure.sub_suite(\"Создание проекта\")\n    @allure.title(\"Cоздание проекта под Супер Администратором\")\n    @allure.description(\"Авторизация Супер Администратором и создание проекта\")\n    @pytest.mark.projects\n    @pytest.mark.ui\n    def test_e2e_create_project(project_data, random_description, browser, super_admin):\n        project_data_1 = project_data()\n    \n        with allure.step(\"Авторизация под Супер Администратором\"):\n            login_browser = AuthLoginBySuperAdmin(browser)\n            login_browser.login_by_super_admin()\n    \n        with allure.step(\"Создание проекта\"):\n            project_creation_browser = ProjectCreationPage(browser)\n>           project_creation_browser.create_project(project_data_1.name, project_data_1.id, random_description)\n\ntests/frontend/test_e2e_project.py:27: \n_ _ _ _ _ _ _ _ _ _ _ _ _ _ _ _ _ _ _ _ _ _ _ _ _ _ _ _ _ _ _ _ _ _ _ _ _ _ _ _ \npages/create_project_page.py:55: in create_project\n    self.menu_list_create.click_create_manually()\npages/create_project_page.py:18: in click_create_manually\n    self.actions.click_button(self.create_manually_selector, timeout=1000)\n_ _ _ _ _ _ _ _ _ _ _ _ _ _ _ _ _ _ _ _ _ _ _ _ _ _ _ _ _ _ _ _ _ _ _ _ _ _ _ _ \n\nself = <actions.page_actions.PageAction object at 0x7f6ad6037d90>\nselector = \"a.createOption:has-text(' Manually1')\", timeout = 1000\n\n    def click_button(self, selector, timeout=30000):\n        try:\n            with allure.step(f\"Клик по элементу: {selector}\"):\n                self.page.click(selector, timeout=timeout)\n        except TimeoutError:\n            self.allure_attach()\n>           raise AssertionError(f'Элемент {selector} отсутствует для нажатия')\nE           AssertionError: Элемент a.createOption:has-text(' Manually1') отсутствует для нажатия\n\nactions/page_actions.py:56: AssertionError","flaky":false,"newFailed":true,"newBroken":false,"newPassed":false,"retriesCount":0,"retriesStatusChange":false,"beforeStages":[{"name":"_session_faker","time":{"start":1711454789065,"stop":1711454789092,"duration":27},"status":"passed","steps":[],"attachments":[],"parameters":[],"shouldDisplayMessage":false,"stepsCount":0,"attachmentsCount":0,"hasContent":false,"attachmentStep":false},{"name":"browser","time":{"start":1711454902508,"stop":1711454911183,"duration":8675},"status":"passed","steps":[],"attachments":[],"parameters":[],"shouldDisplayMessage":false,"stepsCount":0,"attachmentsCount":0,"hasContent":false,"attachmentStep":false},{"name":"super_admin","time":{"start":1711454936367,"stop":1711454936381,"duration":14},"status":"passed","steps":[],"attachments":[],"parameters":[],"shouldDisplayMessage":false,"stepsCount":0,"attachmentsCount":0,"hasContent":false,"attachmentStep":false},{"name":"user_session","time":{"start":1711454936367,"stop":1711454936367,"duration":0},"status":"passed","steps":[],"attachments":[],"parameters":[],"shouldDisplayMessage":false,"stepsCount":0,"attachmentsCount":0,"hasContent":false,"attachmentStep":false},{"name":"project_data","time":{"start":1711454936381,"stop":1711454936381,"duration":0},"status":"passed","steps":[],"attachments":[],"parameters":[],"shouldDisplayMessage":false,"stepsCount":0,"attachmentsCount":0,"hasContent":false,"attachmentStep":false},{"name":"random_description","time":{"start":1711454936381,"stop":1711454936382,"duration":1},"status":"passed","steps":[],"attachments":[],"parameters":[],"shouldDisplayMessage":false,"stepsCount":0,"attachmentsCount":0,"hasContent":false,"attachmentStep":false}],"testStage":{"description":"Авторизация Супер Администратором и создание проекта","status":"failed","statusMessage":"AssertionError: Элемент a.createOption:has-text(' Manually1') отсутствует для нажатия","statusTrace":"self = <actions.page_actions.PageAction object at 0x7f6ad6037d90>\nselector = \"a.createOption:has-text(' Manually1')\", timeout = 1000\n\n    def click_button(self, selector, timeout=30000):\n        try:\n            with allure.step(f\"Клик по элементу: {selector}\"):\n>               self.page.click(selector, timeout=timeout)\n\nactions/page_actions.py:53: \n_ _ _ _ _ _ _ _ _ _ _ _ _ _ _ _ _ _ _ _ _ _ _ _ _ _ _ _ _ _ _ _ _ _ _ _ _ _ _ _ \n../../../.local/lib/python3.10/site-packages/playwright/sync_api/_generated.py:10234: in click\n    self._sync(\n../../../.local/lib/python3.10/site-packages/playwright/_impl/_page.py:735: in click\n    return await self._main_frame.click(**locals_to_params(locals()))\n../../../.local/lib/python3.10/site-packages/playwright/_impl/_frame.py:494: in click\n    await self._channel.send(\"click\", locals_to_params(locals()))\n../../../.local/lib/python3.10/site-packages/playwright/_impl/_connection.py:63: in send\n    return await self._connection.wrap_api_call(\n../../../.local/lib/python3.10/site-packages/playwright/_impl/_connection.py:495: in wrap_api_call\n    return await cb()\n_ _ _ _ _ _ _ _ _ _ _ _ _ _ _ _ _ _ _ _ _ _ _ _ _ _ _ _ _ _ _ _ _ _ _ _ _ _ _ _ \n\nself = <playwright._impl._connection.Channel object at 0x7f6addf51d80>\nmethod = 'click'\nparams = {'selector': \"a.createOption:has-text(' Manually1')\", 'timeout': 1000}\nreturn_as_dict = False\n\n    async def inner_send(\n        self, method: str, params: Optional[Dict], return_as_dict: bool\n    ) -> Any:\n        if params is None:\n            params = {}\n        callback = self._connection._send_message_to_server(\n            self._object, method, _filter_none(params)\n        )\n        if self._connection._error:\n            error = self._connection._error\n            self._connection._error = None\n            raise error\n        done, _ = await asyncio.wait(\n            {\n                self._connection._transport.on_error_future,\n                callback.future,\n            },\n            return_when=asyncio.FIRST_COMPLETED,\n        )\n        if not callback.future.done():\n            callback.future.cancel()\n>       result = next(iter(done)).result()\nE       playwright._impl._errors.TimeoutError: Timeout 1000ms exceeded.\n\n../../../.local/lib/python3.10/site-packages/playwright/_impl/_connection.py:101: TimeoutError\n\nDuring handling of the above exception, another exception occurred:\n\nproject_data = <function project_data.<locals>._create_project_data at 0x7f6ad6a1c790>\nrandom_description = 'A lawyer executive gas point give.'\nbrowser = <Page url='http://localhost:8111/admin/createObjectMenu.html?projectId=_Root&showMode=createProjectMenu&cameFromUrl=http%3A%2F%2Flocalhost%3A8111%2Ffavorite%2Fprojects#createFromUrl'>\nsuper_admin = <entities.user.User object at 0x7f6ad6ba9570>\n\n    @allure.severity(allure.severity_level.CRITICAL)\n    @allure.parent_suite(\"UI тесты\")\n    @allure.suite(\"Управление проектами\")\n    @allure.sub_suite(\"Создание проекта\")\n    @allure.title(\"Cоздание проекта под Супер Администратором\")\n    @allure.description(\"Авторизация Супер Администратором и создание проекта\")\n    @pytest.mark.projects\n    @pytest.mark.ui\n    def test_e2e_create_project(project_data, random_description, browser, super_admin):\n        project_data_1 = project_data()\n    \n        with allure.step(\"Авторизация под Супер Администратором\"):\n            login_browser = AuthLoginBySuperAdmin(browser)\n            login_browser.login_by_super_admin()\n    \n        with allure.step(\"Создание проекта\"):\n            project_creation_browser = ProjectCreationPage(browser)\n>           project_creation_browser.create_project(project_data_1.name, project_data_1.id, random_description)\n\ntests/frontend/test_e2e_project.py:27: \n_ _ _ _ _ _ _ _ _ _ _ _ _ _ _ _ _ _ _ _ _ _ _ _ _ _ _ _ _ _ _ _ _ _ _ _ _ _ _ _ \npages/create_project_page.py:55: in create_project\n    self.menu_list_create.click_create_manually()\npages/create_project_page.py:18: in click_create_manually\n    self.actions.click_button(self.create_manually_selector, timeout=1000)\n_ _ _ _ _ _ _ _ _ _ _ _ _ _ _ _ _ _ _ _ _ _ _ _ _ _ _ _ _ _ _ _ _ _ _ _ _ _ _ _ \n\nself = <actions.page_actions.PageAction object at 0x7f6ad6037d90>\nselector = \"a.createOption:has-text(' Manually1')\", timeout = 1000\n\n    def click_button(self, selector, timeout=30000):\n        try:\n            with allure.step(f\"Клик по элементу: {selector}\"):\n                self.page.click(selector, timeout=timeout)\n        except TimeoutError:\n            self.allure_attach()\n>           raise AssertionError(f'Элемент {selector} отсутствует для нажатия')\nE           AssertionError: Элемент a.createOption:has-text(' Manually1') отсутствует для нажатия\n\nactions/page_actions.py:56: AssertionError","steps":[{"name":"Авторизация под Супер Администратором","time":{"start":1711454936388,"stop":1711454945568,"duration":9180},"status":"passed","steps":[{"name":"Переход на страницу авторизации","time":{"start":1711454936388,"stop":1711454939024,"duration":2636},"status":"passed","steps":[{"name":"Переход на URL: http://localhost:8111/login.html?super=1","time":{"start":1711454936388,"stop":1711454938968,"duration":2580},"status":"passed","steps":[],"attachments":[],"parameters":[],"shouldDisplayMessage":false,"stepsCount":0,"attachmentsCount":0,"hasContent":false,"attachmentStep":false},{"name":"Ожидание загрузки страницы","time":{"start":1711454938969,"stop":1711454939024,"duration":55},"status":"passed","steps":[],"attachments":[],"parameters":[],"shouldDisplayMessage":false,"stepsCount":0,"attachmentsCount":0,"hasContent":false,"attachmentStep":false}],"attachments":[],"parameters":[],"shouldDisplayMessage":false,"stepsCount":2,"attachmentsCount":0,"hasContent":true,"attachmentStep":false},{"name":"Ввод токена для авторизации под Супер Администратором","time":{"start":1711454939024,"stop":1711454939573,"duration":549},"status":"passed","steps":[{"name":"Ожидаем появления элемента: #password","time":{"start":1711454939024,"stop":1711454939329,"duration":305},"status":"passed","steps":[],"attachments":[],"parameters":[],"shouldDisplayMessage":false,"stepsCount":0,"attachmentsCount":0,"hasContent":false,"attachmentStep":false},{"name":"Ввод текста 6329075987040008038 в элемент: #password","time":{"start":1711454939329,"stop":1711454939573,"duration":244},"status":"passed","steps":[],"attachments":[],"parameters":[],"shouldDisplayMessage":false,"stepsCount":0,"attachmentsCount":0,"hasContent":false,"attachmentStep":false}],"attachments":[],"parameters":[],"shouldDisplayMessage":false,"stepsCount":2,"attachmentsCount":0,"hasContent":true,"attachmentStep":false},{"name":"Авторизация пользователя","time":{"start":1711454939573,"stop":1711454939874,"duration":301},"status":"passed","steps":[{"name":"Клик по элементу: .loginButton","time":{"start":1711454939573,"stop":1711454939874,"duration":301},"status":"passed","steps":[],"attachments":[],"parameters":[],"shouldDisplayMessage":false,"stepsCount":0,"attachmentsCount":0,"hasContent":false,"attachmentStep":false}],"attachments":[],"parameters":[],"shouldDisplayMessage":false,"stepsCount":1,"attachmentsCount":0,"hasContent":true,"attachmentStep":false},{"name":"Ожидание изменения URL на http://localhost:8111/favorite/projects?mode=builds","time":{"start":1711454939874,"stop":1711454945568,"duration":5694},"status":"passed","steps":[],"attachments":[],"parameters":[],"shouldDisplayMessage":false,"stepsCount":0,"attachmentsCount":0,"hasContent":false,"attachmentStep":false}],"attachments":[],"parameters":[],"shouldDisplayMessage":false,"stepsCount":9,"attachmentsCount":0,"hasContent":true,"attachmentStep":false},{"name":"Создание проекта","time":{"start":1711454945569,"stop":1711454950691,"duration":5122},"status":"failed","statusMessage":"AssertionError: Элемент a.createOption:has-text(' Manually1') отсутствует для нажатия\n","statusTrace":"  File \"/home/runner/work/TeamCity_Test/TeamCity_Test/tests/frontend/test_e2e_project.py\", line 27, in test_e2e_create_project\n    project_creation_browser.create_project(project_data_1.name, project_data_1.id, random_description)\n  File \"/home/runner/work/TeamCity_Test/TeamCity_Test/pages/create_project_page.py\", line 55, in create_project\n    self.menu_list_create.click_create_manually()\n  File \"/home/runner/work/TeamCity_Test/TeamCity_Test/pages/create_project_page.py\", line 18, in click_create_manually\n    self.actions.click_button(self.create_manually_selector, timeout=1000)\n  File \"/home/runner/work/TeamCity_Test/TeamCity_Test/actions/page_actions.py\", line 56, in click_button\n    raise AssertionError(f'Элемент {selector} отсутствует для нажатия')\n","steps":[{"name":"Переход на страницу создания проекта","time":{"start":1711454945569,"stop":1711454948593,"duration":3024},"status":"passed","steps":[{"name":"Переход на URL: http://localhost:8111/admin/createObjectMenu.html?projectId=_Root&showMode=createProjectMenu&cameFromUrl=http%3A%2F%2Flocalhost%3A8111%2Ffavorite%2Fprojects","time":{"start":1711454945569,"stop":1711454948566,"duration":2997},"status":"passed","steps":[],"attachments":[],"parameters":[],"shouldDisplayMessage":false,"stepsCount":0,"attachmentsCount":0,"hasContent":false,"attachmentStep":false},{"name":"Ожидание загрузки страницы","time":{"start":1711454948566,"stop":1711454948593,"duration":27},"status":"passed","steps":[],"attachments":[],"parameters":[],"shouldDisplayMessage":false,"stepsCount":0,"attachmentsCount":0,"hasContent":false,"attachmentStep":false}],"attachments":[],"parameters":[],"shouldDisplayMessage":false,"stepsCount":2,"attachmentsCount":0,"hasContent":true,"attachmentStep":false},{"name":"Выбор создания вручную","time":{"start":1711454948593,"stop":1711454950690,"duration":2097},"status":"failed","statusMessage":"AssertionError: Элемент a.createOption:has-text(' Manually1') отсутствует для нажатия\n","statusTrace":"  File \"/home/runner/work/TeamCity_Test/TeamCity_Test/pages/create_project_page.py\", line 18, in click_create_manually\n    self.actions.click_button(self.create_manually_selector, timeout=1000)\n  File \"/home/runner/work/TeamCity_Test/TeamCity_Test/actions/page_actions.py\", line 56, in click_button\n    raise AssertionError(f'Элемент {selector} отсутствует для нажатия')\n","steps":[{"name":"Клик по элементу: a.createOption:has-text(' Manually1')","time":{"start":1711454948593,"stop":1711454949848,"duration":1255},"status":"broken","statusMessage":"playwright._impl._errors.TimeoutError: Timeout 1000ms exceeded.\n","statusTrace":"  File \"/home/runner/work/TeamCity_Test/TeamCity_Test/actions/page_actions.py\", line 53, in click_button\n    self.page.click(selector, timeout=timeout)\n  File \"/home/runner/.local/lib/python3.10/site-packages/playwright/sync_api/_generated.py\", line 10234, in click\n    self._sync(\n  File \"/home/runner/.local/lib/python3.10/site-packages/playwright/_impl/_sync_base.py\", line 115, in _sync\n    return task.result()\n  File \"/home/runner/.local/lib/python3.10/site-packages/playwright/_impl/_page.py\", line 735, in click\n    return await self._main_frame.click(**locals_to_params(locals()))\n  File \"/home/runner/.local/lib/python3.10/site-packages/playwright/_impl/_frame.py\", line 494, in click\n    await self._channel.send(\"click\", locals_to_params(locals()))\n  File \"/home/runner/.local/lib/python3.10/site-packages/playwright/_impl/_connection.py\", line 63, in send\n    return await self._connection.wrap_api_call(\n  File \"/home/runner/.local/lib/python3.10/site-packages/playwright/_impl/_connection.py\", line 495, in wrap_api_call\n    return await cb()\n  File \"/home/runner/.local/lib/python3.10/site-packages/playwright/_impl/_connection.py\", line 101, in inner_send\n    result = next(iter(done)).result()\n","steps":[],"attachments":[],"parameters":[],"shouldDisplayMessage":true,"stepsCount":0,"attachmentsCount":0,"hasContent":true,"attachmentStep":false}],"attachments":[{"uid":"992b52da95d4940d","name":"Create Project — TeamCity","source":"992b52da95d4940d.png","type":"image/png","size":116252}],"parameters":[],"shouldDisplayMessage":true,"stepsCount":1,"attachmentsCount":1,"hasContent":true,"attachmentStep":false}],"attachments":[],"parameters":[],"shouldDisplayMessage":false,"stepsCount":5,"attachmentsCount":1,"hasContent":true,"attachmentStep":false}],"attachments":[{"uid":"53f9f341b867f9f4","name":"log","source":"53f9f341b867f9f4.txt","type":"text/plain","size":1883}],"parameters":[],"shouldDisplayMessage":true,"stepsCount":16,"attachmentsCount":2,"hasContent":true,"attachmentStep":false},"afterStages":[{"name":"project_data::0","time":{"start":1711454952081,"stop":1711454952140,"duration":59},"status":"broken","statusMessage":"ValueError: Проект с id zy9DcqeYoRq не был создан\n","statusTrace":"  File \"/home/runner/.local/lib/python3.10/site-packages/allure_commons/_allure.py\", line 221, in __call__\n    return self._fixture_function(*args, **kwargs)\n  File \"/home/runner/.local/lib/python3.10/site-packages/_pytest/fixtures.py\", line 932, in _teardown_yield_fixture\n    next(it)\n  File \"/home/runner/work/TeamCity_Test/TeamCity_Test/conftest.py\", line 90, in project_data\n    super_admin.api_manager.project_api.clean_up_project(project_id)\n  File \"/home/runner/work/TeamCity_Test/TeamCity_Test/api/project_api.py\", line 30, in clean_up_project\n    raise ValueError(f\"Проект с id {created_project_id} не был создан\")\n","steps":[],"attachments":[],"parameters":[],"shouldDisplayMessage":true,"stepsCount":0,"attachmentsCount":0,"hasContent":true,"attachmentStep":false},{"name":"user_session::0","time":{"start":1711454952141,"stop":1711454952141,"duration":0},"status":"passed","steps":[],"attachments":[],"parameters":[],"shouldDisplayMessage":false,"stepsCount":0,"attachmentsCount":0,"hasContent":false,"attachmentStep":false},{"name":"browser::0","time":{"start":1711454952142,"stop":1711454957584,"duration":5442},"status":"passed","steps":[],"attachments":[],"parameters":[],"shouldDisplayMessage":false,"stepsCount":0,"attachmentsCount":0,"hasContent":false,"attachmentStep":false}],"labels":[{"name":"severity","value":"critical"},{"name":"parentSuite","value":"UI тесты"},{"name":"subSuite","value":"Создание проекта"},{"name":"suite","value":"Управление проектами"},{"name":"tag","value":"ui"},{"name":"tag","value":"projects"},{"name":"host","value":"fv-az1435-536"},{"name":"thread","value":"7778-MainThread"},{"name":"framework","value":"pytest"},{"name":"language","value":"cpython3"},{"name":"package","value":"tests.frontend.test_e2e_project"},{"name":"resultFormat","value":"allure2"}],"parameters":[{"name":"browser","value":"'firefox'"}],"links":[],"hidden":false,"retry":false,"extra":{"severity":"critical","retries":[],"categories":[{"name":"Product defects","matchedStatuses":[],"flaky":false}],"history":{"statistic":{"failed":1,"broken":2,"skipped":0,"passed":3,"unknown":0,"total":6},"items":[{"uid":"f5c08eee725f46fd","reportUrl":"https://QAKonstantin.github.io/TeamCity_Test/123//#testresult/f5c08eee725f46fd","status":"broken","statusDetails":"ValueError: Unexpected status code: 401, expected: 200","time":{"start":1711454321067,"stop":1711454321067,"duration":0}},{"uid":"83d952bfc33db120","reportUrl":"https://QAKonstantin.github.io/TeamCity_Test/122//#testresult/83d952bfc33db120","status":"broken","statusDetails":"ValueError: Unexpected status code: 401, expected: 200","time":{"start":1711452172712,"stop":1711452172712,"duration":0}},{"uid":"68c47b6c34122d56","reportUrl":"https://QAKonstantin.github.io/TeamCity_Test/121//#testresult/68c47b6c34122d56","status":"passed","time":{"start":1711451247414,"stop":1711451270596,"duration":23182}},{"uid":"d76e927e490242f","reportUrl":"https://QAKonstantin.github.io/TeamCity_Test/120//#testresult/d76e927e490242f","status":"passed","time":{"start":1711369360790,"stop":1711369386743,"duration":25953}},{"uid":"7b69e7be83800774","reportUrl":"https://QAKonstantin.github.io/TeamCity_Test/119//#testresult/7b69e7be83800774","status":"passed","time":{"start":1711356258095,"stop":1711356277580,"duration":19485}}]},"tags":["projects","ui"]},"source":"f3932174f932bed2.json","parameterValues":["'firefox'"]}