{"uid":"4278cf2f19cde957","name":"Cоздание проекта под Супер Администратором","fullName":"tests.frontend.test_e2e_project.TestProjectE2E#test_e2e_create_project","historyId":"ab346854a51a380730d9f00d29f60970","time":{"start":1711635506726,"stop":1711635570209,"duration":63483},"description":"Авторизация Супер Администратором и создание проекта","descriptionHtml":"<p>Авторизация Супер Администратором и создание проекта</p>\n","status":"failed","statusMessage":"AssertionError: Элемент a.createOption:has-text(' Manually') отсутствует для нажатия","statusTrace":"self = <actions.page_actions.PageAction object at 0x7f279e70e620>\nselector = \"a.createOption:has-text(' Manually')\", timeout = 60000\n\n    def click_button(self, selector, timeout=60000):\n        try:\n            with allure.step(f\"Клик по элементу: {selector}\"):\n>               self.page.click(selector, timeout=timeout)\n\nactions/page_actions.py:76: \n_ _ _ _ _ _ _ _ _ _ _ _ _ _ _ _ _ _ _ _ _ _ _ _ _ _ _ _ _ _ _ _ _ _ _ _ _ _ _ _ \n../../../.local/lib/python3.10/site-packages/playwright/sync_api/_generated.py:10234: in click\n    self._sync(\n../../../.local/lib/python3.10/site-packages/playwright/_impl/_page.py:735: in click\n    return await self._main_frame.click(**locals_to_params(locals()))\n../../../.local/lib/python3.10/site-packages/playwright/_impl/_frame.py:494: in click\n    await self._channel.send(\"click\", locals_to_params(locals()))\n../../../.local/lib/python3.10/site-packages/playwright/_impl/_connection.py:63: in send\n    return await self._connection.wrap_api_call(\n../../../.local/lib/python3.10/site-packages/playwright/_impl/_connection.py:495: in wrap_api_call\n    return await cb()\n_ _ _ _ _ _ _ _ _ _ _ _ _ _ _ _ _ _ _ _ _ _ _ _ _ _ _ _ _ _ _ _ _ _ _ _ _ _ _ _ \n\nself = <playwright._impl._connection.Channel object at 0x7f279e712a70>\nmethod = 'click'\nparams = {'selector': \"a.createOption:has-text(' Manually')\", 'timeout': 60000}\nreturn_as_dict = False\n\n    async def inner_send(\n        self, method: str, params: Optional[Dict], return_as_dict: bool\n    ) -> Any:\n        if params is None:\n            params = {}\n        callback = self._connection._send_message_to_server(\n            self._object, method, _filter_none(params)\n        )\n        if self._connection._error:\n            error = self._connection._error\n            self._connection._error = None\n            raise error\n        done, _ = await asyncio.wait(\n            {\n                self._connection._transport.on_error_future,\n                callback.future,\n            },\n            return_when=asyncio.FIRST_COMPLETED,\n        )\n        if not callback.future.done():\n            callback.future.cancel()\n>       result = next(iter(done)).result()\nE       playwright._impl._errors.TimeoutError: Timeout 60000ms exceeded.\n\n../../../.local/lib/python3.10/site-packages/playwright/_impl/_connection.py:101: TimeoutError\n\nDuring handling of the above exception, another exception occurred:\n\nself = <test_e2e_project.TestProjectE2E object at 0x7f279e70e5c0>\nproject_data = <function project_data.<locals>._create_project_data at 0x7f279d1dc430>\nrandom_description = 'How much hot pay.'\nbrowser = <Page url='http://localhost:8111/login.html'>\nsuper_admin = <entities.user.User object at 0x7f279e711960>\n\n    @allure.severity(allure.severity_level.CRITICAL)\n    @allure.parent_suite(\"UI тесты\")\n    @allure.suite(\"Управление проектами\")\n    @allure.sub_suite(\"Создание проекта\")\n    @allure.title(\"Cоздание проекта под Супер Администратором\")\n    @allure.description(\"Авторизация Супер Администратором и создание проекта\")\n    @pytest.mark.projects\n    @pytest.mark.ui\n    def test_e2e_create_project(self, project_data, random_description, browser, super_admin):\n        project_data_1 = project_data()\n    \n        with allure.step(\"Авторизация под Супер Администратором\"):\n            login_browser = AuthLoginBySuperAdmin(browser)\n            login_browser.login_by_super_admin()\n    \n        with allure.step(\"Создание проекта\"):\n            project_creation_browser = ProjectCreationPage(browser)\n>           project_creation_browser.create_project(project_data_1.name, project_data_1.id, random_description)\n\ntests/frontend/test_e2e_project.py:28: \n_ _ _ _ _ _ _ _ _ _ _ _ _ _ _ _ _ _ _ _ _ _ _ _ _ _ _ _ _ _ _ _ _ _ _ _ _ _ _ _ \npages/create_project_page.py:55: in create_project\n    self.menu_list_create.click_create_manually()\npages/create_project_page.py:18: in click_create_manually\n    self.actions.click_button(self.create_manually_selector)\n_ _ _ _ _ _ _ _ _ _ _ _ _ _ _ _ _ _ _ _ _ _ _ _ _ _ _ _ _ _ _ _ _ _ _ _ _ _ _ _ \n\nself = <actions.page_actions.PageAction object at 0x7f279e70e620>\nselector = \"a.createOption:has-text(' Manually')\", timeout = 60000\n\n    def click_button(self, selector, timeout=60000):\n        try:\n            with allure.step(f\"Клик по элементу: {selector}\"):\n                self.page.click(selector, timeout=timeout)\n        except TimeoutError:\n            self.allure_attach_screenshot()\n>           raise AssertionError(f'Элемент {selector} отсутствует для нажатия')\nE           AssertionError: Элемент a.createOption:has-text(' Manually') отсутствует для нажатия\n\nactions/page_actions.py:79: AssertionError","flaky":false,"newFailed":false,"newBroken":false,"newPassed":false,"retriesCount":0,"retriesStatusChange":false,"beforeStages":[{"name":"_session_faker","time":{"start":1711635404458,"stop":1711635404480,"duration":22},"status":"passed","steps":[],"attachments":[],"parameters":[],"shouldDisplayMessage":false,"stepsCount":0,"attachmentsCount":0,"hasContent":false,"attachmentStep":false},{"name":"user_session","time":{"start":1711635506181,"stop":1711635506181,"duration":0},"status":"passed","steps":[],"attachments":[],"parameters":[],"shouldDisplayMessage":false,"stepsCount":0,"attachmentsCount":0,"hasContent":false,"attachmentStep":false},{"name":"super_admin","time":{"start":1711635506181,"stop":1711635506189,"duration":8},"status":"passed","steps":[],"attachments":[],"parameters":[],"shouldDisplayMessage":false,"stepsCount":0,"attachmentsCount":0,"hasContent":false,"attachmentStep":false},{"name":"project_data","time":{"start":1711635506189,"stop":1711635506189,"duration":0},"status":"passed","steps":[],"attachments":[],"parameters":[],"shouldDisplayMessage":false,"stepsCount":0,"attachmentsCount":0,"hasContent":false,"attachmentStep":false},{"name":"random_description","time":{"start":1711635506189,"stop":1711635506189,"duration":0},"status":"passed","steps":[],"attachments":[],"parameters":[],"shouldDisplayMessage":false,"stepsCount":0,"attachmentsCount":0,"hasContent":false,"attachmentStep":false},{"name":"browser","time":{"start":1711635506189,"stop":1711635506725,"duration":536},"status":"passed","steps":[],"attachments":[],"parameters":[],"shouldDisplayMessage":false,"stepsCount":0,"attachmentsCount":0,"hasContent":false,"attachmentStep":false}],"testStage":{"description":"Авторизация Супер Администратором и создание проекта","status":"failed","statusMessage":"AssertionError: Элемент a.createOption:has-text(' Manually') отсутствует для нажатия","statusTrace":"self = <actions.page_actions.PageAction object at 0x7f279e70e620>\nselector = \"a.createOption:has-text(' Manually')\", timeout = 60000\n\n    def click_button(self, selector, timeout=60000):\n        try:\n            with allure.step(f\"Клик по элементу: {selector}\"):\n>               self.page.click(selector, timeout=timeout)\n\nactions/page_actions.py:76: \n_ _ _ _ _ _ _ _ _ _ _ _ _ _ _ _ _ _ _ _ _ _ _ _ _ _ _ _ _ _ _ _ _ _ _ _ _ _ _ _ \n../../../.local/lib/python3.10/site-packages/playwright/sync_api/_generated.py:10234: in click\n    self._sync(\n../../../.local/lib/python3.10/site-packages/playwright/_impl/_page.py:735: in click\n    return await self._main_frame.click(**locals_to_params(locals()))\n../../../.local/lib/python3.10/site-packages/playwright/_impl/_frame.py:494: in click\n    await self._channel.send(\"click\", locals_to_params(locals()))\n../../../.local/lib/python3.10/site-packages/playwright/_impl/_connection.py:63: in send\n    return await self._connection.wrap_api_call(\n../../../.local/lib/python3.10/site-packages/playwright/_impl/_connection.py:495: in wrap_api_call\n    return await cb()\n_ _ _ _ _ _ _ _ _ _ _ _ _ _ _ _ _ _ _ _ _ _ _ _ _ _ _ _ _ _ _ _ _ _ _ _ _ _ _ _ \n\nself = <playwright._impl._connection.Channel object at 0x7f279e712a70>\nmethod = 'click'\nparams = {'selector': \"a.createOption:has-text(' Manually')\", 'timeout': 60000}\nreturn_as_dict = False\n\n    async def inner_send(\n        self, method: str, params: Optional[Dict], return_as_dict: bool\n    ) -> Any:\n        if params is None:\n            params = {}\n        callback = self._connection._send_message_to_server(\n            self._object, method, _filter_none(params)\n        )\n        if self._connection._error:\n            error = self._connection._error\n            self._connection._error = None\n            raise error\n        done, _ = await asyncio.wait(\n            {\n                self._connection._transport.on_error_future,\n                callback.future,\n            },\n            return_when=asyncio.FIRST_COMPLETED,\n        )\n        if not callback.future.done():\n            callback.future.cancel()\n>       result = next(iter(done)).result()\nE       playwright._impl._errors.TimeoutError: Timeout 60000ms exceeded.\n\n../../../.local/lib/python3.10/site-packages/playwright/_impl/_connection.py:101: TimeoutError\n\nDuring handling of the above exception, another exception occurred:\n\nself = <test_e2e_project.TestProjectE2E object at 0x7f279e70e5c0>\nproject_data = <function project_data.<locals>._create_project_data at 0x7f279d1dc430>\nrandom_description = 'How much hot pay.'\nbrowser = <Page url='http://localhost:8111/login.html'>\nsuper_admin = <entities.user.User object at 0x7f279e711960>\n\n    @allure.severity(allure.severity_level.CRITICAL)\n    @allure.parent_suite(\"UI тесты\")\n    @allure.suite(\"Управление проектами\")\n    @allure.sub_suite(\"Создание проекта\")\n    @allure.title(\"Cоздание проекта под Супер Администратором\")\n    @allure.description(\"Авторизация Супер Администратором и создание проекта\")\n    @pytest.mark.projects\n    @pytest.mark.ui\n    def test_e2e_create_project(self, project_data, random_description, browser, super_admin):\n        project_data_1 = project_data()\n    \n        with allure.step(\"Авторизация под Супер Администратором\"):\n            login_browser = AuthLoginBySuperAdmin(browser)\n            login_browser.login_by_super_admin()\n    \n        with allure.step(\"Создание проекта\"):\n            project_creation_browser = ProjectCreationPage(browser)\n>           project_creation_browser.create_project(project_data_1.name, project_data_1.id, random_description)\n\ntests/frontend/test_e2e_project.py:28: \n_ _ _ _ _ _ _ _ _ _ _ _ _ _ _ _ _ _ _ _ _ _ _ _ _ _ _ _ _ _ _ _ _ _ _ _ _ _ _ _ \npages/create_project_page.py:55: in create_project\n    self.menu_list_create.click_create_manually()\npages/create_project_page.py:18: in click_create_manually\n    self.actions.click_button(self.create_manually_selector)\n_ _ _ _ _ _ _ _ _ _ _ _ _ _ _ _ _ _ _ _ _ _ _ _ _ _ _ _ _ _ _ _ _ _ _ _ _ _ _ _ \n\nself = <actions.page_actions.PageAction object at 0x7f279e70e620>\nselector = \"a.createOption:has-text(' Manually')\", timeout = 60000\n\n    def click_button(self, selector, timeout=60000):\n        try:\n            with allure.step(f\"Клик по элементу: {selector}\"):\n                self.page.click(selector, timeout=timeout)\n        except TimeoutError:\n            self.allure_attach_screenshot()\n>           raise AssertionError(f'Элемент {selector} отсутствует для нажатия')\nE           AssertionError: Элемент a.createOption:has-text(' Manually') отсутствует для нажатия\n\nactions/page_actions.py:79: AssertionError","steps":[{"name":"Авторизация под Супер Администратором","time":{"start":1711635506726,"stop":1711635509058,"duration":2332},"status":"passed","steps":[{"name":"Переход на страницу авторизации","time":{"start":1711635506727,"stop":1711635507907,"duration":1180},"status":"passed","steps":[{"name":"Переход на URL: http://localhost:8111/login.html?super=1","time":{"start":1711635506727,"stop":1711635507894,"duration":1167},"status":"passed","steps":[],"attachments":[],"parameters":[],"shouldDisplayMessage":false,"stepsCount":0,"attachmentsCount":0,"hasContent":false,"attachmentStep":false},{"name":"Ожидание загрузки страницы","time":{"start":1711635507894,"stop":1711635507907,"duration":13},"status":"passed","steps":[],"attachments":[],"parameters":[],"shouldDisplayMessage":false,"stepsCount":0,"attachmentsCount":0,"hasContent":false,"attachmentStep":false}],"attachments":[],"parameters":[],"shouldDisplayMessage":false,"stepsCount":2,"attachmentsCount":0,"hasContent":true,"attachmentStep":false},{"name":"Ввод токена для авторизации под Супер Администратором","time":{"start":1711635507907,"stop":1711635508385,"duration":478},"status":"passed","steps":[{"name":"Ожидаем появления элемента: #password","time":{"start":1711635507908,"stop":1711635508321,"duration":413},"status":"passed","steps":[],"attachments":[],"parameters":[],"shouldDisplayMessage":false,"stepsCount":0,"attachmentsCount":0,"hasContent":false,"attachmentStep":false},{"name":"Ввод текста 8697706725539486793 в элемент: #password","time":{"start":1711635508321,"stop":1711635508385,"duration":64},"status":"passed","steps":[],"attachments":[],"parameters":[],"shouldDisplayMessage":false,"stepsCount":0,"attachmentsCount":0,"hasContent":false,"attachmentStep":false}],"attachments":[],"parameters":[],"shouldDisplayMessage":false,"stepsCount":2,"attachmentsCount":0,"hasContent":true,"attachmentStep":false},{"name":"Авторизация пользователя","time":{"start":1711635508385,"stop":1711635509058,"duration":673},"status":"passed","steps":[{"name":"Клик по элементу: .loginButton","time":{"start":1711635508385,"stop":1711635509058,"duration":673},"status":"passed","steps":[],"attachments":[],"parameters":[],"shouldDisplayMessage":false,"stepsCount":0,"attachmentsCount":0,"hasContent":false,"attachmentStep":false}],"attachments":[],"parameters":[],"shouldDisplayMessage":false,"stepsCount":1,"attachmentsCount":0,"hasContent":true,"attachmentStep":false}],"attachments":[],"parameters":[],"shouldDisplayMessage":false,"stepsCount":8,"attachmentsCount":0,"hasContent":true,"attachmentStep":false},{"name":"Создание проекта","time":{"start":1711635509058,"stop":1711635570209,"duration":61151},"status":"failed","statusMessage":"AssertionError: Элемент a.createOption:has-text(' Manually') отсутствует для нажатия\n","statusTrace":"  File \"/home/runner/work/TeamCity_Test/TeamCity_Test/tests/frontend/test_e2e_project.py\", line 28, in test_e2e_create_project\n    project_creation_browser.create_project(project_data_1.name, project_data_1.id, random_description)\n  File \"/home/runner/work/TeamCity_Test/TeamCity_Test/pages/create_project_page.py\", line 55, in create_project\n    self.menu_list_create.click_create_manually()\n  File \"/home/runner/work/TeamCity_Test/TeamCity_Test/pages/create_project_page.py\", line 18, in click_create_manually\n    self.actions.click_button(self.create_manually_selector)\n  File \"/home/runner/work/TeamCity_Test/TeamCity_Test/actions/page_actions.py\", line 79, in click_button\n    raise AssertionError(f'Элемент {selector} отсутствует для нажатия')\n","steps":[{"name":"Переход на страницу создания проекта","time":{"start":1711635509058,"stop":1711635510036,"duration":978},"status":"passed","steps":[{"name":"Переход на URL: http://localhost:8111/admin/createObjectMenu.html?projectId=_Root&showMode=createProjectMenu&cameFromUrl=http%3A%2F%2Flocalhost%3A8111%2Ffavorite%2Fprojects","time":{"start":1711635509058,"stop":1711635510024,"duration":966},"status":"passed","steps":[],"attachments":[],"parameters":[],"shouldDisplayMessage":false,"stepsCount":0,"attachmentsCount":0,"hasContent":false,"attachmentStep":false},{"name":"Ожидание загрузки страницы","time":{"start":1711635510024,"stop":1711635510036,"duration":12},"status":"passed","steps":[],"attachments":[],"parameters":[],"shouldDisplayMessage":false,"stepsCount":0,"attachmentsCount":0,"hasContent":false,"attachmentStep":false}],"attachments":[],"parameters":[],"shouldDisplayMessage":false,"stepsCount":2,"attachmentsCount":0,"hasContent":true,"attachmentStep":false},{"name":"Выбор создания вручную","time":{"start":1711635510036,"stop":1711635570209,"duration":60173},"status":"failed","statusMessage":"AssertionError: Элемент a.createOption:has-text(' Manually') отсутствует для нажатия\n","statusTrace":"  File \"/home/runner/work/TeamCity_Test/TeamCity_Test/pages/create_project_page.py\", line 18, in click_create_manually\n    self.actions.click_button(self.create_manually_selector)\n  File \"/home/runner/work/TeamCity_Test/TeamCity_Test/actions/page_actions.py\", line 79, in click_button\n    raise AssertionError(f'Элемент {selector} отсутствует для нажатия')\n","steps":[{"name":"Клик по элементу: a.createOption:has-text(' Manually')","time":{"start":1711635510037,"stop":1711635570093,"duration":60056},"status":"broken","statusMessage":"playwright._impl._errors.TimeoutError: Timeout 60000ms exceeded.\n","statusTrace":"  File \"/home/runner/work/TeamCity_Test/TeamCity_Test/actions/page_actions.py\", line 76, in click_button\n    self.page.click(selector, timeout=timeout)\n  File \"/home/runner/.local/lib/python3.10/site-packages/playwright/sync_api/_generated.py\", line 10234, in click\n    self._sync(\n  File \"/home/runner/.local/lib/python3.10/site-packages/playwright/_impl/_sync_base.py\", line 115, in _sync\n    return task.result()\n  File \"/home/runner/.local/lib/python3.10/site-packages/playwright/_impl/_page.py\", line 735, in click\n    return await self._main_frame.click(**locals_to_params(locals()))\n  File \"/home/runner/.local/lib/python3.10/site-packages/playwright/_impl/_frame.py\", line 494, in click\n    await self._channel.send(\"click\", locals_to_params(locals()))\n  File \"/home/runner/.local/lib/python3.10/site-packages/playwright/_impl/_connection.py\", line 63, in send\n    return await self._connection.wrap_api_call(\n  File \"/home/runner/.local/lib/python3.10/site-packages/playwright/_impl/_connection.py\", line 495, in wrap_api_call\n    return await cb()\n  File \"/home/runner/.local/lib/python3.10/site-packages/playwright/_impl/_connection.py\", line 101, in inner_send\n    result = next(iter(done)).result()\n","steps":[],"attachments":[],"parameters":[],"shouldDisplayMessage":true,"stepsCount":0,"attachmentsCount":0,"hasContent":true,"attachmentStep":false}],"attachments":[{"uid":"c3b3736ec09021f1","name":"Log in to TeamCity — TeamCity","source":"c3b3736ec09021f1.png","type":"image/png","size":30335}],"parameters":[],"shouldDisplayMessage":true,"stepsCount":1,"attachmentsCount":1,"hasContent":true,"attachmentStep":false}],"attachments":[],"parameters":[],"shouldDisplayMessage":false,"stepsCount":5,"attachmentsCount":1,"hasContent":true,"attachmentStep":false}],"attachments":[{"uid":"ce4ad136e6e1c08f","name":"log","source":"ce4ad136e6e1c08f.txt","type":"text/plain","size":1948}],"parameters":[],"shouldDisplayMessage":true,"stepsCount":15,"attachmentsCount":2,"hasContent":true,"attachmentStep":false},"afterStages":[{"name":"browser::0","time":{"start":1711635570367,"stop":1711635570995,"duration":628},"status":"passed","steps":[],"attachments":[],"parameters":[],"shouldDisplayMessage":false,"stepsCount":0,"attachmentsCount":0,"hasContent":false,"attachmentStep":false},{"name":"project_data::0","time":{"start":1711635570996,"stop":1711635571007,"duration":11},"status":"broken","statusMessage":"ValueError: Проект с id rmEUQzQONO3 не был создан\n","statusTrace":"  File \"/home/runner/.local/lib/python3.10/site-packages/allure_commons/_allure.py\", line 221, in __call__\n    return self._fixture_function(*args, **kwargs)\n  File \"/home/runner/.local/lib/python3.10/site-packages/_pytest/fixtures.py\", line 932, in _teardown_yield_fixture\n    next(it)\n  File \"/home/runner/work/TeamCity_Test/TeamCity_Test/conftest.py\", line 90, in project_data\n    super_admin.api_manager.project_api.clean_up_project(project_id)\n  File \"/home/runner/work/TeamCity_Test/TeamCity_Test/api/project_api.py\", line 30, in clean_up_project\n    raise ValueError(f\"Проект с id {created_project_id} не был создан\")\n","steps":[],"attachments":[],"parameters":[],"shouldDisplayMessage":true,"stepsCount":0,"attachmentsCount":0,"hasContent":true,"attachmentStep":false},{"name":"user_session::0","time":{"start":1711635571007,"stop":1711635571008,"duration":1},"status":"passed","steps":[],"attachments":[],"parameters":[],"shouldDisplayMessage":false,"stepsCount":0,"attachmentsCount":0,"hasContent":false,"attachmentStep":false}],"labels":[{"name":"subSuite","value":"Создание проекта"},{"name":"severity","value":"critical"},{"name":"suite","value":"Управление проектами"},{"name":"parentSuite","value":"UI тесты"},{"name":"tag","value":"ui"},{"name":"tag","value":"projects"},{"name":"host","value":"fv-az692-423"},{"name":"thread","value":"7810-MainThread"},{"name":"framework","value":"pytest"},{"name":"language","value":"cpython3"},{"name":"package","value":"tests.frontend.test_e2e_project"},{"name":"resultFormat","value":"allure2"}],"parameters":[{"name":"browser","value":"'chromium'"}],"links":[],"hidden":false,"retry":false,"extra":{"severity":"critical","retries":[],"categories":[{"name":"Product defects","matchedStatuses":[],"flaky":false}],"tags":["projects","ui"]},"source":"4278cf2f19cde957.json","parameterValues":["'chromium'"]}