{"uid":"386814755e650e0a","name":"Авторизация под разными ролями и проверка ссылок в футере","fullName":"tests.frontend.test_check_footer#test_e2e_check_footer_by_roles","historyId":"9cc970d157d8ae458f31d40f70ea979d","time":{"start":1711634032205,"stop":1711634170653,"duration":138448},"status":"failed","statusMessage":"AssertionError: Некорректная ссылка: <Page url='chrome-error://chromewebdata/'> \n ОР: https://www.jetbrains.com/teamcity/?fromServer \nили ссылка должна открываться в новой вкладке","statusTrace":"self = <actions.page_actions.PageAction object at 0x7fa5d86bb1f0>\nexpected_url = 'https://www.jetbrains.com/teamcity/?fromServer'\ntimeout = 120000\n\n    @allure.step(\"Проверка, что ссылка открылась в новой вкладке\")\n    def check_open_in_new_tab(self, expected_url: str, timeout: int = 120000):\n        try:\n            with self.page.context.expect_page(timeout=timeout) as new_page:\n>               expect(new_page.value).to_have_url(expected_url, timeout=timeout)\nE               AssertionError: Page URL expected to be 'https://www.jetbrains.com/teamcity/?fromServer'\nE               Actual value: chrome-error://chromewebdata/ \nE               Call log:\nE               PageAssertions.to_have_url with timeout 120000ms\nE                 - waiting for locator(\":root\")\nE                 -   locator resolved to <html>…</html>\nE                 -   unexpected value \"chrome-error://chromewebdata/\"\nE                 -   locator resolved to <html>…</html>\nE                 -   unexpected value \"chrome-error://chromewebdata/\"\nE                 -   locator resolved to <html>…</html>\nE                 -   unexpected value \"chrome-error://chromewebdata/\"\nE                 -   locator resolved to <html>…</html>\nE                 -   unexpected value \"chrome-error://chromewebdata/\"\nE                 -   locator resolved to <html>…</html>\nE                 -   unexpected value \"chrome-error://chromewebdata/\"\nE                 -   locator resolved to <html>…</html>\nE                 -   unexpected value \"chrome-error://chromewebdata/\"\nE                 -   locator resolved to <html>…</html>\nE                 -   unexpected value \"chrome-error://chromewebdata/\"\nE                 -   locator resolved to <html>…</html>\nE                 -   unexpected value \"chrome-error://chromewebdata/\"\nE                 -   locator resolved to <html>…</html>\nE                 -   unexpected value \"chrome-error://chromewebdata/\"\nE                 -   locator resolved to <html>…</html>\nE                 -   unexpected value \"chrome-error://chromewebdata/\"\nE                 -   locator resolved to <html>…</html>\nE                 -   unexpected value \"chrome-error://chromewebdata/\"\nE                 -   locator resolved to <html>…</html>\nE                 -   unexpected value \"chrome-error://chromewebdata/\"\nE                 -   locator resolved to <html>…</html>\nE                 -   unexpected value \"chrome-error://chromewebdata/\"\nE                 -   locator resolved to <html>…</html>\nE                 -   unexpected value \"chrome-error://chromewebdata/\"\nE                 -   locator resolved to <html>…</html>\nE                 -   unexpected value \"chrome-error://chromewebdata/\"\nE                 -   locator resolved to <html>…</html>\nE                 -   unexpected value \"chrome-error://chromewebdata/\"\nE                 -   locator resolved to <html>…</html>\nE                 -   unexpected value \"chrome-error://chromewebdata/\"\nE                 -   locator resolved to <html>…</html>\nE                 -   unexpected value \"chrome-error://chromewebdata/\"\nE                 -   locator resolved to <html>…</html>\nE                 -   unexpected value \"chrome-error://chromewebdata/\"\nE                 -   locator resolved to <html>…</html>\nE                 -   unexpected value \"chrome-error://chromewebdata/\"\nE                 -   locator resolved to <html>…</html>\nE                 -   unexpected value \"chrome-error://chromewebdata/\"\nE                 -   locator resolved to <html>…</html>\nE                 -   unexpected value \"chrome-error://chromewebdata/\"\nE                 -   locator resolved to <html>…</html>\nE                 -   unexpected value \"chrome-error://chromewebdata/\"\nE                 -   locator resolved to <html>…</html>\nE                 -   unexpected value \"chrome-error://chromewebdata/\"\nE                 -   locator resolved to <html>…</html>\nE                 -   unexpected value \"chrome-error://chromewebdata/\"\nE                 -   locator resolved to <html>…</html>\nE                 -   unexpected value \"chrome-error://chromewebdata/\"\nE                 -   locator resolved to <html>…</html>\nE                 -   unexpected value \"chrome-error://chromewebdata/\"\nE                 -   locator resolved to <html>…</html>\nE                 -   unexpected value \"chrome-error://chromewebdata/\"\nE                 -   locator resolved to <html>…</html>\nE                 -   unexpected value \"chrome-error://chromewebdata/\"\nE                 -   locator resolved to <html>…</html>\nE                 -   unexpected value \"chrome-error://chromewebdata/\"\nE                 -   locator resolved to <html>…</html>\nE                 -   unexpected value \"chrome-error://chromewebdata/\"\nE                 -   locator resolved to <html>…</html>\nE                 -   unexpected value \"chrome-error://chromewebdata/\"\nE                 -   locator resolved to <html>…</html>\nE                 -   unexpected value \"chrome-error://chromewebdata/\"\nE                 -   locator resolved to <html>…</html>\nE                 -   unexpected value \"chrome-error://chromewebdata/\"\nE                 -   locator resolved to <html>…</html>\nE                 -   unexpected value \"chrome-error://chromewebdata/\"\nE                 -   locator resolved to <html>…</html>\nE                 -   unexpected value \"chrome-error://chromewebdata/\"\nE                 -   locator resolved to <html>…</html>\nE                 -   unexpected value \"chrome-error://chromewebdata/\"\nE                 -   locator resolved to <html>…</html>\nE                 -   unexpected value \"chrome-error://chromewebdata/\"\nE                 -   locator resolved to <html>…</html>\nE                 -   unexpected value \"chrome-error://chromewebdata/\"\nE                 -   locator resolved to <html>…</html>\nE                 -   unexpected value \"chrome-error://chromewebdata/\"\nE                 -   locator resolved to <html>…</html>\nE                 -   unexpected value \"chrome-error://chromewebdata/\"\nE                 -   locator resolved to <html>…</html>\nE                 -   unexpected value \"chrome-error://chromewebdata/\"\nE                 -   locator resolved to <html>…</html>\nE                 -   unexpected value \"chrome-error://chromewebdata/\"\nE                 -   locator resolved to <html>…</html>\nE                 -   unexpected value \"chrome-error://chromewebdata/\"\nE                 -   locator resolved to <html>…</html>\nE                 -   unexpected value \"chrome-error://chromewebdata/\"\nE                 -   locator resolved to <html>…</html>\nE                 -   unexpected value \"chrome-error://chromewebdata/\"\nE                 -   locator resolved to <html>…</html>\nE                 -   unexpected value \"chrome-error://chromewebdata/\"\nE                 -   locator resolved to <html>…</html>\nE                 -   unexpected value \"chrome-error://chromewebdata/\"\nE                 -   locator resolved to <html>…</html>\nE                 -   unexpected value \"chrome-error://chromewebdata/\"\nE                 -   locator resolved to <html>…</html>\nE                 -   unexpected value \"chrome-error://chromewebdata/\"\nE                 -   locator resolved to <html>…</html>\nE                 -   unexpected value \"chrome-error://chromewebdata/\"\nE                 -   locator resolved to <html>…</html>\nE                 -   unexpected value \"chrome-error://chromewebdata/\"\nE                 -   locator resolved to <html>…</html>\nE                 -   unexpected value \"chrome-error://chromewebdata/\"\nE                 -   locator resolved to <html>…</html>\nE                 -   unexpected value \"chrome-error://chromewebdata/\"\nE                 -   locator resolved to <html>…</html>\nE                 -   unexpected value \"chrome-error://chromewebdata/\"\nE                 -   locator resolved to <html>…</html>\nE                 -   unexpected value \"chrome-error://chromewebdata/\"\nE                 -   locator resolved to <html>…</html>\nE                 -   unexpected value \"chrome-error://chromewebdata/\"\nE                 -   locator resolved to <html>…</html>\nE                 -   unexpected value \"chrome-error://chromewebdata/\"\nE                 -   locator resolved to <html>…</html>\nE                 -   unexpected value \"chrome-error://chromewebdata/\"\nE                 -   locator resolved to <html>…</html>\nE                 -   unexpected value \"chrome-error://chromewebdata/\"\nE                 -   locator resolved to <html>…</html>\nE                 -   unexpected value \"chrome-error://chromewebdata/\"\nE                 -   locator resolved to <html>…</html>\nE                 -   unexpected value \"chrome-error://chromewebdata/\"\nE                 -   locator resolved to <html>…</html>\nE                 -   unexpected value \"chrome-error://chromewebdata/\"\nE                 -   locator resolved to <html>…</html>\nE                 -   unexpected value \"chrome-error://chromewebdata/\"\nE                 -   locator resolved to <html>…</html>\nE                 -   unexpected value \"chrome-error://chromewebdata/\"\nE                 -   locator resolved to <html>…</html>\nE                 -   unexpected value \"chrome-error://chromewebdata/\"\nE                 -   locator resolved to <html>…</html>\nE                 -   unexpected value \"chrome-error://chromewebdata/\"\nE                 -   locator resolved to <html>…</html>\nE                 -   unexpected value \"chrome-error://chromewebdata/\"\nE                 -   locator resolved to <html>…</html>\nE                 -   unexpected value \"chrome-error://chromewebdata/\"\nE                 -   locator resolved to <html>…</html>\nE                 -   unexpected value \"chrome-error://chromewebdata/\"\nE                 -   locator resolved to <html>…</html>\nE                 -   unexpected value \"chrome-error://chromewebdata/\"\nE                 -   locator resolved to <html>…</html>\nE                 -   unexpected value \"chrome-error://chromewebdata/\"\nE                 -   locator resolved to <html>…</html>\nE                 -   unexpected value \"chrome-error://chromewebdata/\"\nE                 -   locator resolved to <html>…</html>\nE                 -   unexpected value \"chrome-error://chromewebdata/\"\nE                 -   locator resolved to <html>…</html>\nE                 -   unexpected value \"chrome-error://chromewebdata/\"\nE                 -   locator resolved to <html>…</html>\nE                 -   unexpected value \"chrome-error://chromewebdata/\"\nE                 -   locator resolved to <html>…</html>\nE                 -   unexpected value \"chrome-error://chromewebdata/\"\nE                 -   locator resolved to <html>…</html>\nE                 -   unexpected value \"chrome-error://chromewebdata/\"\nE                 -   locator resolved to <html>…</html>\nE                 -   unexpected value \"chrome-error://chromewebdata/\"\nE                 -   locator resolved to <html>…</html>\nE                 -   unexpected value \"chrome-error://chromewebdata/\"\nE                 -   locator resolved to <html>…</html>\nE                 -   unexpected value \"chrome-error://chromewebdata/\"\nE                 -   locator resolved to <html>…</html>\nE                 -   unexpected value \"chrome-error://chromewebdata/\"\nE                 -   locator resolved to <html>…</html>\nE                 -   unexpected value \"chrome-error://chromewebdata/\"\nE                 -   locator resolved to <html>…</html>\nE                 -   unexpected value \"chrome-error://chromewebdata/\"\nE                 -   locator resolved to <html>…</html>\nE                 -   unexpected value \"chrome-error://chromewebdata/\"\nE                 -   locator resolved to <html>…</html>\nE                 -   unexpected value \"chrome-error://chromewebdata/\"\nE                 -   locator resolved to <html>…</html>\nE                 -   unexpected value \"chrome-error://chromewebdata/\"\nE                 -   locator resolved to <html>…</html>\nE                 -   unexpected value \"chrome-error://chromewebdata/\"\nE                 -   locator resolved to <html>…</html>\nE                 -   unexpected value \"chrome-error://chromewebdata/\"\nE                 -   locator resolved to <html>…</html>\nE                 -   unexpected value \"chrome-error://chromewebdata/\"\nE                 -   locator resolved to <html>…</html>\nE                 -   unexpected value \"chrome-error://chromewebdata/\"\nE                 -   locator resolved to <html>…</html>\nE                 -   unexpected value \"chrome-error://chromewebdata/\"\nE                 -   locator resolved to <html>…</html>\nE                 -   unexpected value \"chrome-error://chromewebdata/\"\nE                 -   locator resolved to <html>…</html>\nE                 -   unexpected value \"chrome-error://chromewebdata/\"\nE                 -   locator resolved to <html>…</html>\nE                 -   unexpected value \"chrome-error://chromewebdata/\"\nE                 -   locator resolved to <html>…</html>\nE                 -   unexpected value \"chrome-error://chromewebdata/\"\nE                 -   locator resolved to <html>…</html>\nE                 -   unexpected value \"chrome-error://chromewebdata/\"\nE                 -   locator resolved to <html>…</html>\nE                 -   unexpected value \"chrome-error://chromewebdata/\"\nE                 -   locator resolved to <html>…</html>\nE                 -   unexpected value \"chrome-error://chromewebdata/\"\nE                 -   locator resolved to <html>…</html>\nE                 -   unexpected value \"chrome-error://chromewebdata/\"\nE                 -   locator resolved to <html>…</html>\nE                 -   unexpected value \"chrome-error://chromewebdata/\"\nE                 -   locator resolved to <html>…</html>\nE                 -   unexpected value \"chrome-error://chromewebdata/\"\nE                 -   locator resolved to <html>…</html>\nE                 -   unexpected value \"chrome-error://chromewebdata/\"\nE                 -   locator resolved to <html>…</html>\nE                 -   unexpected value \"chrome-error://chromewebdata/\"\nE                 -   locator resolved to <html>…</html>\nE                 -   unexpected value \"chrome-error://chromewebdata/\"\nE                 -   locator resolved to <html>…</html>\nE                 -   unexpected value \"chrome-error://chromewebdata/\"\nE                 -   locator resolved to <html>…</html>\nE                 -   unexpected value \"chrome-error://chromewebdata/\"\nE                 -   locator resolved to <html>…</html>\nE                 -   unexpected value \"chrome-error://chromewebdata/\"\nE                 -   locator resolved to <html>…</html>\nE                 -   unexpected value \"chrome-error://chromewebdata/\"\nE                 -   locator resolved to <html>…</html>\nE                 -   unexpected value \"chrome-error://chromewebdata/\"\nE                 -   locator resolved to <html>…</html>\nE                 -   unexpected value \"chrome-error://chromewebdata/\"\nE                 -   locator resolved to <html>…</html>\nE                 -   unexpected value \"chrome-error://chromewebdata/\"\nE                 -   locator resolved to <html>…</html>\nE                 -   unexpected value \"chrome-error://chromewebdata/\"\nE                 -   locator resolved to <html>…</html>\nE                 -   unexpected value \"chrome-error://chromewebdata/\"\nE                 -   locator resolved to <html>…</html>\nE                 -   unexpected value \"chrome-error://chromewebdata/\"\nE                 -   locator resolved to <html>…</html>\nE                 -   unexpected value \"chrome-error://chromewebdata/\"\nE                 -   locator resolved to <html>…</html>\nE                 -   unexpected value \"chrome-error://chromewebdata/\"\nE                 -   locator resolved to <html>…</html>\nE                 -   unexpected value \"chrome-error://chromewebdata/\"\nE                 -   locator resolved to <html>…</html>\nE                 -   unexpected value \"chrome-error://chromewebdata/\"\nE                 -   locator resolved to <html>…</html>\nE                 -   unexpected value \"chrome-error://chromewebdata/\"\nE                 -   locator resolved to <html>…</html>\nE                 -   unexpected value \"chrome-error://chromewebdata/\"\nE                 -   locator resolved to <html>…</html>\nE                 -   unexpected value \"chrome-error://chromewebdata/\"\nE                 -   locator resolved to <html>…</html>\nE                 -   unexpected value \"chrome-error://chromewebdata/\"\n\nactions/page_actions.py:35: AssertionError\n\nDuring handling of the above exception, another exception occurred:\n\nbrowser = <Page url='http://localhost:8111/favorite/projects?mode=builds'>\nuser_create = <function user_create.<locals>._user_create at 0x7fa5d86c5990>\nrole = 'AGENT_MANAGER'\n\n    @pytest.mark.parametrize(\"role\", [\n        Roles.SYSTEM_ADMIN.value,\n        Roles.PROJECT_ADMIN.value,\n        Roles.AGENT_MANAGER.value,\n    ], ids=[\"By system admin\",\n            \"By project admin\",\n            \"By agent manager\"])\n    @allure.severity(allure.severity_level.NORMAL)\n    @allure.parent_suite(\"UI тесты\")\n    @allure.suite(\"Проверка футера\")\n    @allure.sub_suite(\"Футер\")\n    @allure.title(\"Авторизация под разными ролями и проверка ссылок в футере\")\n    @pytest.mark.ui\n    @pytest.mark.footer\n    def test_e2e_check_footer_by_roles(browser, user_create, role):\n        with allure.step(f'Создание пользователя с ролью {role}'):\n            role_user = user_create(role)\n    \n        with allure.step(f\"Авторизация под ролью {role}\"):\n            main_page = AuthLoginForm(browser)\n            main_page.login(*role_user.creds)\n    \n        with allure.step(f\"Проверка ссылок в футере\"):\n>           main_page.footer.go_to_about_teamcity(close_tab=True)\n\ntests/frontend/test_check_footer.py:31: \n_ _ _ _ _ _ _ _ _ _ _ _ _ _ _ _ _ _ _ _ _ _ _ _ _ _ _ _ _ _ _ _ _ _ _ _ _ _ _ _ \ncomponents/footer.py:29: in go_to_about_teamcity\n    self.actions.check_open_in_new_tab(self.page_url)\n_ _ _ _ _ _ _ _ _ _ _ _ _ _ _ _ _ _ _ _ _ _ _ _ _ _ _ _ _ _ _ _ _ _ _ _ _ _ _ _ \n\nself = <actions.page_actions.PageAction object at 0x7fa5d86bb1f0>\nexpected_url = 'https://www.jetbrains.com/teamcity/?fromServer'\ntimeout = 120000\n\n    @allure.step(\"Проверка, что ссылка открылась в новой вкладке\")\n    def check_open_in_new_tab(self, expected_url: str, timeout: int = 120000):\n        try:\n            with self.page.context.expect_page(timeout=timeout) as new_page:\n                expect(new_page.value).to_have_url(expected_url, timeout=timeout)\n        except Exception:\n            self.allure_attach_screenshot()\n>           raise AssertionError(\n                f\"Некорректная ссылка: {new_page.value} \\n ОР: {expected_url} \\n\"\n                f\"или ссылка должна открываться в новой вкладке\")\nE           AssertionError: Некорректная ссылка: <Page url='chrome-error://chromewebdata/'> \nE            ОР: https://www.jetbrains.com/teamcity/?fromServer \nE           или ссылка должна открываться в новой вкладке\n\nactions/page_actions.py:38: AssertionError","flaky":false,"newFailed":true,"newBroken":false,"newPassed":false,"retriesCount":0,"retriesStatusChange":false,"beforeStages":[{"name":"_session_faker","time":{"start":1711633948844,"stop":1711633948878,"duration":34},"status":"passed","steps":[],"attachments":[],"parameters":[],"shouldDisplayMessage":false,"stepsCount":0,"attachmentsCount":0,"hasContent":false,"attachmentStep":false},{"name":"browser","time":{"start":1711633996799,"stop":1711634000040,"duration":3241},"status":"passed","steps":[],"attachments":[],"parameters":[],"shouldDisplayMessage":false,"stepsCount":0,"attachmentsCount":0,"hasContent":false,"attachmentStep":false},{"name":"user_session","time":{"start":1711634032192,"stop":1711634032192,"duration":0},"status":"passed","steps":[],"attachments":[],"parameters":[],"shouldDisplayMessage":false,"stepsCount":0,"attachmentsCount":0,"hasContent":false,"attachmentStep":false},{"name":"super_admin","time":{"start":1711634032192,"stop":1711634032197,"duration":5},"status":"passed","steps":[],"attachments":[],"parameters":[],"shouldDisplayMessage":false,"stepsCount":0,"attachmentsCount":0,"hasContent":false,"attachmentStep":false},{"name":"user_create","time":{"start":1711634032197,"stop":1711634032197,"duration":0},"status":"passed","steps":[],"attachments":[],"parameters":[],"shouldDisplayMessage":false,"stepsCount":0,"attachmentsCount":0,"hasContent":false,"attachmentStep":false}],"testStage":{"status":"failed","statusMessage":"AssertionError: Некорректная ссылка: <Page url='chrome-error://chromewebdata/'> \n ОР: https://www.jetbrains.com/teamcity/?fromServer \nили ссылка должна открываться в новой вкладке","statusTrace":"self = <actions.page_actions.PageAction object at 0x7fa5d86bb1f0>\nexpected_url = 'https://www.jetbrains.com/teamcity/?fromServer'\ntimeout = 120000\n\n    @allure.step(\"Проверка, что ссылка открылась в новой вкладке\")\n    def check_open_in_new_tab(self, expected_url: str, timeout: int = 120000):\n        try:\n            with self.page.context.expect_page(timeout=timeout) as new_page:\n>               expect(new_page.value).to_have_url(expected_url, timeout=timeout)\nE               AssertionError: Page URL expected to be 'https://www.jetbrains.com/teamcity/?fromServer'\nE               Actual value: chrome-error://chromewebdata/ \nE               Call log:\nE               PageAssertions.to_have_url with timeout 120000ms\nE                 - waiting for locator(\":root\")\nE                 -   locator resolved to <html>…</html>\nE                 -   unexpected value \"chrome-error://chromewebdata/\"\nE                 -   locator resolved to <html>…</html>\nE                 -   unexpected value \"chrome-error://chromewebdata/\"\nE                 -   locator resolved to <html>…</html>\nE                 -   unexpected value \"chrome-error://chromewebdata/\"\nE                 -   locator resolved to <html>…</html>\nE                 -   unexpected value \"chrome-error://chromewebdata/\"\nE                 -   locator resolved to <html>…</html>\nE                 -   unexpected value \"chrome-error://chromewebdata/\"\nE                 -   locator resolved to <html>…</html>\nE                 -   unexpected value \"chrome-error://chromewebdata/\"\nE                 -   locator resolved to <html>…</html>\nE                 -   unexpected value \"chrome-error://chromewebdata/\"\nE                 -   locator resolved to <html>…</html>\nE                 -   unexpected value \"chrome-error://chromewebdata/\"\nE                 -   locator resolved to <html>…</html>\nE                 -   unexpected value \"chrome-error://chromewebdata/\"\nE                 -   locator resolved to <html>…</html>\nE                 -   unexpected value \"chrome-error://chromewebdata/\"\nE                 -   locator resolved to <html>…</html>\nE                 -   unexpected value \"chrome-error://chromewebdata/\"\nE                 -   locator resolved to <html>…</html>\nE                 -   unexpected value \"chrome-error://chromewebdata/\"\nE                 -   locator resolved to <html>…</html>\nE                 -   unexpected value \"chrome-error://chromewebdata/\"\nE                 -   locator resolved to <html>…</html>\nE                 -   unexpected value \"chrome-error://chromewebdata/\"\nE                 -   locator resolved to <html>…</html>\nE                 -   unexpected value \"chrome-error://chromewebdata/\"\nE                 -   locator resolved to <html>…</html>\nE                 -   unexpected value \"chrome-error://chromewebdata/\"\nE                 -   locator resolved to <html>…</html>\nE                 -   unexpected value \"chrome-error://chromewebdata/\"\nE                 -   locator resolved to <html>…</html>\nE                 -   unexpected value \"chrome-error://chromewebdata/\"\nE                 -   locator resolved to <html>…</html>\nE                 -   unexpected value \"chrome-error://chromewebdata/\"\nE                 -   locator resolved to <html>…</html>\nE                 -   unexpected value \"chrome-error://chromewebdata/\"\nE                 -   locator resolved to <html>…</html>\nE                 -   unexpected value \"chrome-error://chromewebdata/\"\nE                 -   locator resolved to <html>…</html>\nE                 -   unexpected value \"chrome-error://chromewebdata/\"\nE                 -   locator resolved to <html>…</html>\nE                 -   unexpected value \"chrome-error://chromewebdata/\"\nE                 -   locator resolved to <html>…</html>\nE                 -   unexpected value \"chrome-error://chromewebdata/\"\nE                 -   locator resolved to <html>…</html>\nE                 -   unexpected value \"chrome-error://chromewebdata/\"\nE                 -   locator resolved to <html>…</html>\nE                 -   unexpected value \"chrome-error://chromewebdata/\"\nE                 -   locator resolved to <html>…</html>\nE                 -   unexpected value \"chrome-error://chromewebdata/\"\nE                 -   locator resolved to <html>…</html>\nE                 -   unexpected value \"chrome-error://chromewebdata/\"\nE                 -   locator resolved to <html>…</html>\nE                 -   unexpected value \"chrome-error://chromewebdata/\"\nE                 -   locator resolved to <html>…</html>\nE                 -   unexpected value \"chrome-error://chromewebdata/\"\nE                 -   locator resolved to <html>…</html>\nE                 -   unexpected value \"chrome-error://chromewebdata/\"\nE                 -   locator resolved to <html>…</html>\nE                 -   unexpected value \"chrome-error://chromewebdata/\"\nE                 -   locator resolved to <html>…</html>\nE                 -   unexpected value \"chrome-error://chromewebdata/\"\nE                 -   locator resolved to <html>…</html>\nE                 -   unexpected value \"chrome-error://chromewebdata/\"\nE                 -   locator resolved to <html>…</html>\nE                 -   unexpected value \"chrome-error://chromewebdata/\"\nE                 -   locator resolved to <html>…</html>\nE                 -   unexpected value \"chrome-error://chromewebdata/\"\nE                 -   locator resolved to <html>…</html>\nE                 -   unexpected value \"chrome-error://chromewebdata/\"\nE                 -   locator resolved to <html>…</html>\nE                 -   unexpected value \"chrome-error://chromewebdata/\"\nE                 -   locator resolved to <html>…</html>\nE                 -   unexpected value \"chrome-error://chromewebdata/\"\nE                 -   locator resolved to <html>…</html>\nE                 -   unexpected value \"chrome-error://chromewebdata/\"\nE                 -   locator resolved to <html>…</html>\nE                 -   unexpected value \"chrome-error://chromewebdata/\"\nE                 -   locator resolved to <html>…</html>\nE                 -   unexpected value \"chrome-error://chromewebdata/\"\nE                 -   locator resolved to <html>…</html>\nE                 -   unexpected value \"chrome-error://chromewebdata/\"\nE                 -   locator resolved to <html>…</html>\nE                 -   unexpected value \"chrome-error://chromewebdata/\"\nE                 -   locator resolved to <html>…</html>\nE                 -   unexpected value \"chrome-error://chromewebdata/\"\nE                 -   locator resolved to <html>…</html>\nE                 -   unexpected value \"chrome-error://chromewebdata/\"\nE                 -   locator resolved to <html>…</html>\nE                 -   unexpected value \"chrome-error://chromewebdata/\"\nE                 -   locator resolved to <html>…</html>\nE                 -   unexpected value \"chrome-error://chromewebdata/\"\nE                 -   locator resolved to <html>…</html>\nE                 -   unexpected value \"chrome-error://chromewebdata/\"\nE                 -   locator resolved to <html>…</html>\nE                 -   unexpected value \"chrome-error://chromewebdata/\"\nE                 -   locator resolved to <html>…</html>\nE                 -   unexpected value \"chrome-error://chromewebdata/\"\nE                 -   locator resolved to <html>…</html>\nE                 -   unexpected value \"chrome-error://chromewebdata/\"\nE                 -   locator resolved to <html>…</html>\nE                 -   unexpected value \"chrome-error://chromewebdata/\"\nE                 -   locator resolved to <html>…</html>\nE                 -   unexpected value \"chrome-error://chromewebdata/\"\nE                 -   locator resolved to <html>…</html>\nE                 -   unexpected value \"chrome-error://chromewebdata/\"\nE                 -   locator resolved to <html>…</html>\nE                 -   unexpected value \"chrome-error://chromewebdata/\"\nE                 -   locator resolved to <html>…</html>\nE                 -   unexpected value \"chrome-error://chromewebdata/\"\nE                 -   locator resolved to <html>…</html>\nE                 -   unexpected value \"chrome-error://chromewebdata/\"\nE                 -   locator resolved to <html>…</html>\nE                 -   unexpected value \"chrome-error://chromewebdata/\"\nE                 -   locator resolved to <html>…</html>\nE                 -   unexpected value \"chrome-error://chromewebdata/\"\nE                 -   locator resolved to <html>…</html>\nE                 -   unexpected value \"chrome-error://chromewebdata/\"\nE                 -   locator resolved to <html>…</html>\nE                 -   unexpected value \"chrome-error://chromewebdata/\"\nE                 -   locator resolved to <html>…</html>\nE                 -   unexpected value \"chrome-error://chromewebdata/\"\nE                 -   locator resolved to <html>…</html>\nE                 -   unexpected value \"chrome-error://chromewebdata/\"\nE                 -   locator resolved to <html>…</html>\nE                 -   unexpected value \"chrome-error://chromewebdata/\"\nE                 -   locator resolved to <html>…</html>\nE                 -   unexpected value \"chrome-error://chromewebdata/\"\nE                 -   locator resolved to <html>…</html>\nE                 -   unexpected value \"chrome-error://chromewebdata/\"\nE                 -   locator resolved to <html>…</html>\nE                 -   unexpected value \"chrome-error://chromewebdata/\"\nE                 -   locator resolved to <html>…</html>\nE                 -   unexpected value \"chrome-error://chromewebdata/\"\nE                 -   locator resolved to <html>…</html>\nE                 -   unexpected value \"chrome-error://chromewebdata/\"\nE                 -   locator resolved to <html>…</html>\nE                 -   unexpected value \"chrome-error://chromewebdata/\"\nE                 -   locator resolved to <html>…</html>\nE                 -   unexpected value \"chrome-error://chromewebdata/\"\nE                 -   locator resolved to <html>…</html>\nE                 -   unexpected value \"chrome-error://chromewebdata/\"\nE                 -   locator resolved to <html>…</html>\nE                 -   unexpected value \"chrome-error://chromewebdata/\"\nE                 -   locator resolved to <html>…</html>\nE                 -   unexpected value \"chrome-error://chromewebdata/\"\nE                 -   locator resolved to <html>…</html>\nE                 -   unexpected value \"chrome-error://chromewebdata/\"\nE                 -   locator resolved to <html>…</html>\nE                 -   unexpected value \"chrome-error://chromewebdata/\"\nE                 -   locator resolved to <html>…</html>\nE                 -   unexpected value \"chrome-error://chromewebdata/\"\nE                 -   locator resolved to <html>…</html>\nE                 -   unexpected value \"chrome-error://chromewebdata/\"\nE                 -   locator resolved to <html>…</html>\nE                 -   unexpected value \"chrome-error://chromewebdata/\"\nE                 -   locator resolved to <html>…</html>\nE                 -   unexpected value \"chrome-error://chromewebdata/\"\nE                 -   locator resolved to <html>…</html>\nE                 -   unexpected value \"chrome-error://chromewebdata/\"\nE                 -   locator resolved to <html>…</html>\nE                 -   unexpected value \"chrome-error://chromewebdata/\"\nE                 -   locator resolved to <html>…</html>\nE                 -   unexpected value \"chrome-error://chromewebdata/\"\nE                 -   locator resolved to <html>…</html>\nE                 -   unexpected value \"chrome-error://chromewebdata/\"\nE                 -   locator resolved to <html>…</html>\nE                 -   unexpected value \"chrome-error://chromewebdata/\"\nE                 -   locator resolved to <html>…</html>\nE                 -   unexpected value \"chrome-error://chromewebdata/\"\nE                 -   locator resolved to <html>…</html>\nE                 -   unexpected value \"chrome-error://chromewebdata/\"\nE                 -   locator resolved to <html>…</html>\nE                 -   unexpected value \"chrome-error://chromewebdata/\"\nE                 -   locator resolved to <html>…</html>\nE                 -   unexpected value \"chrome-error://chromewebdata/\"\nE                 -   locator resolved to <html>…</html>\nE                 -   unexpected value \"chrome-error://chromewebdata/\"\nE                 -   locator resolved to <html>…</html>\nE                 -   unexpected value \"chrome-error://chromewebdata/\"\nE                 -   locator resolved to <html>…</html>\nE                 -   unexpected value \"chrome-error://chromewebdata/\"\nE                 -   locator resolved to <html>…</html>\nE                 -   unexpected value \"chrome-error://chromewebdata/\"\nE                 -   locator resolved to <html>…</html>\nE                 -   unexpected value \"chrome-error://chromewebdata/\"\nE                 -   locator resolved to <html>…</html>\nE                 -   unexpected value \"chrome-error://chromewebdata/\"\nE                 -   locator resolved to <html>…</html>\nE                 -   unexpected value \"chrome-error://chromewebdata/\"\nE                 -   locator resolved to <html>…</html>\nE                 -   unexpected value \"chrome-error://chromewebdata/\"\nE                 -   locator resolved to <html>…</html>\nE                 -   unexpected value \"chrome-error://chromewebdata/\"\nE                 -   locator resolved to <html>…</html>\nE                 -   unexpected value \"chrome-error://chromewebdata/\"\nE                 -   locator resolved to <html>…</html>\nE                 -   unexpected value \"chrome-error://chromewebdata/\"\nE                 -   locator resolved to <html>…</html>\nE                 -   unexpected value \"chrome-error://chromewebdata/\"\nE                 -   locator resolved to <html>…</html>\nE                 -   unexpected value \"chrome-error://chromewebdata/\"\nE                 -   locator resolved to <html>…</html>\nE                 -   unexpected value \"chrome-error://chromewebdata/\"\nE                 -   locator resolved to <html>…</html>\nE                 -   unexpected value \"chrome-error://chromewebdata/\"\nE                 -   locator resolved to <html>…</html>\nE                 -   unexpected value \"chrome-error://chromewebdata/\"\nE                 -   locator resolved to <html>…</html>\nE                 -   unexpected value \"chrome-error://chromewebdata/\"\nE                 -   locator resolved to <html>…</html>\nE                 -   unexpected value \"chrome-error://chromewebdata/\"\nE                 -   locator resolved to <html>…</html>\nE                 -   unexpected value \"chrome-error://chromewebdata/\"\nE                 -   locator resolved to <html>…</html>\nE                 -   unexpected value \"chrome-error://chromewebdata/\"\nE                 -   locator resolved to <html>…</html>\nE                 -   unexpected value \"chrome-error://chromewebdata/\"\nE                 -   locator resolved to <html>…</html>\nE                 -   unexpected value \"chrome-error://chromewebdata/\"\nE                 -   locator resolved to <html>…</html>\nE                 -   unexpected value \"chrome-error://chromewebdata/\"\nE                 -   locator resolved to <html>…</html>\nE                 -   unexpected value \"chrome-error://chromewebdata/\"\nE                 -   locator resolved to <html>…</html>\nE                 -   unexpected value \"chrome-error://chromewebdata/\"\nE                 -   locator resolved to <html>…</html>\nE                 -   unexpected value \"chrome-error://chromewebdata/\"\nE                 -   locator resolved to <html>…</html>\nE                 -   unexpected value \"chrome-error://chromewebdata/\"\nE                 -   locator resolved to <html>…</html>\nE                 -   unexpected value \"chrome-error://chromewebdata/\"\nE                 -   locator resolved to <html>…</html>\nE                 -   unexpected value \"chrome-error://chromewebdata/\"\nE                 -   locator resolved to <html>…</html>\nE                 -   unexpected value \"chrome-error://chromewebdata/\"\nE                 -   locator resolved to <html>…</html>\nE                 -   unexpected value \"chrome-error://chromewebdata/\"\nE                 -   locator resolved to <html>…</html>\nE                 -   unexpected value \"chrome-error://chromewebdata/\"\nE                 -   locator resolved to <html>…</html>\nE                 -   unexpected value \"chrome-error://chromewebdata/\"\n\nactions/page_actions.py:35: AssertionError\n\nDuring handling of the above exception, another exception occurred:\n\nbrowser = <Page url='http://localhost:8111/favorite/projects?mode=builds'>\nuser_create = <function user_create.<locals>._user_create at 0x7fa5d86c5990>\nrole = 'AGENT_MANAGER'\n\n    @pytest.mark.parametrize(\"role\", [\n        Roles.SYSTEM_ADMIN.value,\n        Roles.PROJECT_ADMIN.value,\n        Roles.AGENT_MANAGER.value,\n    ], ids=[\"By system admin\",\n            \"By project admin\",\n            \"By agent manager\"])\n    @allure.severity(allure.severity_level.NORMAL)\n    @allure.parent_suite(\"UI тесты\")\n    @allure.suite(\"Проверка футера\")\n    @allure.sub_suite(\"Футер\")\n    @allure.title(\"Авторизация под разными ролями и проверка ссылок в футере\")\n    @pytest.mark.ui\n    @pytest.mark.footer\n    def test_e2e_check_footer_by_roles(browser, user_create, role):\n        with allure.step(f'Создание пользователя с ролью {role}'):\n            role_user = user_create(role)\n    \n        with allure.step(f\"Авторизация под ролью {role}\"):\n            main_page = AuthLoginForm(browser)\n            main_page.login(*role_user.creds)\n    \n        with allure.step(f\"Проверка ссылок в футере\"):\n>           main_page.footer.go_to_about_teamcity(close_tab=True)\n\ntests/frontend/test_check_footer.py:31: \n_ _ _ _ _ _ _ _ _ _ _ _ _ _ _ _ _ _ _ _ _ _ _ _ _ _ _ _ _ _ _ _ _ _ _ _ _ _ _ _ \ncomponents/footer.py:29: in go_to_about_teamcity\n    self.actions.check_open_in_new_tab(self.page_url)\n_ _ _ _ _ _ _ _ _ _ _ _ _ _ _ _ _ _ _ _ _ _ _ _ _ _ _ _ _ _ _ _ _ _ _ _ _ _ _ _ \n\nself = <actions.page_actions.PageAction object at 0x7fa5d86bb1f0>\nexpected_url = 'https://www.jetbrains.com/teamcity/?fromServer'\ntimeout = 120000\n\n    @allure.step(\"Проверка, что ссылка открылась в новой вкладке\")\n    def check_open_in_new_tab(self, expected_url: str, timeout: int = 120000):\n        try:\n            with self.page.context.expect_page(timeout=timeout) as new_page:\n                expect(new_page.value).to_have_url(expected_url, timeout=timeout)\n        except Exception:\n            self.allure_attach_screenshot()\n>           raise AssertionError(\n                f\"Некорректная ссылка: {new_page.value} \\n ОР: {expected_url} \\n\"\n                f\"или ссылка должна открываться в новой вкладке\")\nE           AssertionError: Некорректная ссылка: <Page url='chrome-error://chromewebdata/'> \nE            ОР: https://www.jetbrains.com/teamcity/?fromServer \nE           или ссылка должна открываться в новой вкладке\n\nactions/page_actions.py:38: AssertionError","steps":[{"name":"Создание пользователя с ролью AGENT_MANAGER","time":{"start":1711634032205,"stop":1711634032282,"duration":77},"status":"passed","steps":[],"attachments":[],"parameters":[],"shouldDisplayMessage":false,"stepsCount":0,"attachmentsCount":0,"hasContent":false,"attachmentStep":false},{"name":"Авторизация под ролью AGENT_MANAGER","time":{"start":1711634032282,"stop":1711634044372,"duration":12090},"status":"passed","steps":[{"name":"Переход на страницу авторизации","time":{"start":1711634032282,"stop":1711634035927,"duration":3645},"status":"passed","steps":[{"name":"Переход на URL: http://localhost:8111/login.html","time":{"start":1711634032282,"stop":1711634035870,"duration":3588},"status":"passed","steps":[],"attachments":[],"parameters":[],"shouldDisplayMessage":false,"stepsCount":0,"attachmentsCount":0,"hasContent":false,"attachmentStep":false},{"name":"Ожидание загрузки страницы","time":{"start":1711634035870,"stop":1711634035927,"duration":57},"status":"passed","steps":[],"attachments":[],"parameters":[],"shouldDisplayMessage":false,"stepsCount":0,"attachmentsCount":0,"hasContent":false,"attachmentStep":false}],"attachments":[],"parameters":[],"shouldDisplayMessage":false,"stepsCount":2,"attachmentsCount":0,"hasContent":true,"attachmentStep":false},{"name":"Ввод данных для авторизации","time":{"start":1711634035927,"stop":1711634036955,"duration":1028},"status":"passed","steps":[{"name":"Ожидаем появления элемента: #username","time":{"start":1711634035927,"stop":1711634036432,"duration":505},"status":"passed","steps":[],"attachments":[],"parameters":[],"shouldDisplayMessage":false,"stepsCount":0,"attachmentsCount":0,"hasContent":false,"attachmentStep":false},{"name":"Ввод текста seven в элемент: #username","time":{"start":1711634036432,"stop":1711634036568,"duration":136},"status":"passed","steps":[],"attachments":[],"parameters":[],"shouldDisplayMessage":false,"stepsCount":0,"attachmentsCount":0,"hasContent":false,"attachmentStep":false},{"name":"Ввод текста XIoHb81yM27 в элемент: #password","time":{"start":1711634036568,"stop":1711634036955,"duration":387},"status":"passed","steps":[],"attachments":[],"parameters":[],"shouldDisplayMessage":false,"stepsCount":0,"attachmentsCount":0,"hasContent":false,"attachmentStep":false}],"attachments":[],"parameters":[],"shouldDisplayMessage":false,"stepsCount":3,"attachmentsCount":0,"hasContent":true,"attachmentStep":false},{"name":"Авторизация пользователя","time":{"start":1711634036955,"stop":1711634037173,"duration":218},"status":"passed","steps":[{"name":"Клик по элементу: .loginButton","time":{"start":1711634036955,"stop":1711634037173,"duration":218},"status":"passed","steps":[],"attachments":[],"parameters":[],"shouldDisplayMessage":false,"stepsCount":0,"attachmentsCount":0,"hasContent":false,"attachmentStep":false}],"attachments":[],"parameters":[],"shouldDisplayMessage":false,"stepsCount":1,"attachmentsCount":0,"hasContent":true,"attachmentStep":false},{"name":"Ожидание изменения URL на http://localhost:8111/favorite/projects","time":{"start":1711634037173,"stop":1711634044372,"duration":7199},"status":"passed","steps":[],"attachments":[],"parameters":[],"shouldDisplayMessage":false,"stepsCount":0,"attachmentsCount":0,"hasContent":false,"attachmentStep":false}],"attachments":[],"parameters":[],"shouldDisplayMessage":false,"stepsCount":10,"attachmentsCount":0,"hasContent":true,"attachmentStep":false},{"name":"Проверка ссылок в футере","time":{"start":1711634044372,"stop":1711634170652,"duration":126280},"status":"failed","statusMessage":"AssertionError: Некорректная ссылка: <Page url='chrome-error://chromewebdata/'> \n ОР: https://www.jetbrains.com/teamcity/?fromServer \nили ссылка должна открываться в новой вкладке\n","statusTrace":"  File \"/home/runner/work/TeamCity_Test/TeamCity_Test/tests/frontend/test_check_footer.py\", line 31, in test_e2e_check_footer_by_roles\n    main_page.footer.go_to_about_teamcity(close_tab=True)\n  File \"/home/runner/work/TeamCity_Test/TeamCity_Test/components/footer.py\", line 29, in go_to_about_teamcity\n    self.actions.check_open_in_new_tab(self.page_url)\n  File \"/home/runner/.local/lib/python3.10/site-packages/allure_commons/_allure.py\", line 192, in impl\n    return func(*a, **kw)\n  File \"/home/runner/work/TeamCity_Test/TeamCity_Test/actions/page_actions.py\", line 38, in check_open_in_new_tab\n    raise AssertionError(\n","steps":[{"name":"Проверка активности кнопки: a[data-test='ring-link']:has-text('About TeamCity')","time":{"start":1711634044372,"stop":1711634049046,"duration":4674},"status":"passed","steps":[],"attachments":[],"parameters":[],"shouldDisplayMessage":false,"stepsCount":0,"attachmentsCount":0,"hasContent":false,"attachmentStep":false},{"name":"Клик по элементу: a[data-test='ring-link']:has-text('About TeamCity')","time":{"start":1711634049046,"stop":1711634049400,"duration":354},"status":"passed","steps":[],"attachments":[],"parameters":[],"shouldDisplayMessage":false,"stepsCount":0,"attachmentsCount":0,"hasContent":false,"attachmentStep":false},{"name":"Ожидание загрузки страницы","time":{"start":1711634049400,"stop":1711634049421,"duration":21},"status":"passed","steps":[],"attachments":[],"parameters":[],"shouldDisplayMessage":false,"stepsCount":0,"attachmentsCount":0,"hasContent":false,"attachmentStep":false},{"name":"Проверка, что ссылка открылась в новой вкладке","time":{"start":1711634049421,"stop":1711634170652,"duration":121231},"status":"failed","statusMessage":"AssertionError: Некорректная ссылка: <Page url='chrome-error://chromewebdata/'> \n ОР: https://www.jetbrains.com/teamcity/?fromServer \nили ссылка должна открываться в новой вкладке\n","statusTrace":"  File \"/home/runner/.local/lib/python3.10/site-packages/allure_commons/_allure.py\", line 192, in impl\n    return func(*a, **kw)\n  File \"/home/runner/work/TeamCity_Test/TeamCity_Test/actions/page_actions.py\", line 38, in check_open_in_new_tab\n    raise AssertionError(\n","steps":[],"attachments":[{"uid":"f94cc6ae5371d08f","name":"All Projects — TeamCity","source":"f94cc6ae5371d08f.png","type":"image/png","size":61718}],"parameters":[{"name":"expected_url","value":"'https://www.jetbrains.com/teamcity/?fromServer'"},{"name":"timeout","value":"120000"}],"shouldDisplayMessage":true,"stepsCount":0,"attachmentsCount":1,"hasContent":true,"attachmentStep":false}],"attachments":[],"parameters":[],"shouldDisplayMessage":false,"stepsCount":4,"attachmentsCount":1,"hasContent":true,"attachmentStep":false}],"attachments":[{"uid":"3218afac596279ae","name":"log","source":"3218afac596279ae.txt","type":"text/plain","size":1871}],"parameters":[],"shouldDisplayMessage":true,"stepsCount":17,"attachmentsCount":2,"hasContent":true,"attachmentStep":false},"afterStages":[{"name":"user_create::0","time":{"start":1711634170673,"stop":1711634170678,"duration":5},"status":"broken","statusMessage":"ValueError: Unexpected status code: 403, expected: 204\n","statusTrace":"  File \"/home/runner/.local/lib/python3.10/site-packages/allure_commons/_allure.py\", line 221, in __call__\n    return self._fixture_function(*args, **kwargs)\n  File \"/home/runner/.local/lib/python3.10/site-packages/_pytest/fixtures.py\", line 932, in _teardown_yield_fixture\n    next(it)\n  File \"/home/runner/work/TeamCity_Test/TeamCity_Test/conftest.py\", line 74, in user_create\n    super_admin.api_manager.user_api.delete_user(username)\n  File \"/home/runner/work/TeamCity_Test/TeamCity_Test/api/user_api.py\", line 12, in delete_user\n    return self.send_request(\"DELETE\", f\"/app/rest/users/{user_locator}\",\n  File \"/home/runner/work/TeamCity_Test/TeamCity_Test/custom_requester/custom_requester.py\", line 34, in send_request\n    raise ValueError(f\"Unexpected status code: {response.status_code}, expected: {expected_status}\")\n","steps":[],"attachments":[],"parameters":[],"shouldDisplayMessage":true,"stepsCount":0,"attachmentsCount":0,"hasContent":true,"attachmentStep":false},{"name":"user_session::0","time":{"start":1711634170679,"stop":1711634170679,"duration":0},"status":"passed","steps":[],"attachments":[],"parameters":[],"shouldDisplayMessage":false,"stepsCount":0,"attachmentsCount":0,"hasContent":false,"attachmentStep":false},{"name":"browser::0","time":{"start":1711634172709,"stop":1711634175598,"duration":2889},"status":"passed","steps":[],"attachments":[],"parameters":[],"shouldDisplayMessage":false,"stepsCount":0,"attachmentsCount":0,"hasContent":false,"attachmentStep":false}],"labels":[{"name":"parentSuite","value":"UI тесты"},{"name":"suite","value":"Проверка футера"},{"name":"severity","value":"normal"},{"name":"subSuite","value":"Футер"},{"name":"tag","value":"footer"},{"name":"tag","value":"ui"},{"name":"host","value":"fv-az695-120"},{"name":"thread","value":"7762-MainThread"},{"name":"framework","value":"pytest"},{"name":"language","value":"cpython3"},{"name":"package","value":"tests.frontend.test_check_footer"},{"name":"resultFormat","value":"allure2"}],"parameters":[{"name":"browser","value":"'chromium'"},{"name":"role","value":"'AGENT_MANAGER'"}],"links":[],"hidden":false,"retry":false,"extra":{"severity":"normal","retries":[],"categories":[{"name":"Product defects","matchedStatuses":[],"flaky":false}],"history":{"statistic":{"failed":4,"broken":1,"skipped":0,"passed":14,"unknown":0,"total":19},"items":[{"uid":"75041a498a0d1cdc","reportUrl":"https://QAKonstantin.github.io/TeamCity_Test/159//#testresult/75041a498a0d1cdc","status":"passed","time":{"start":1711632441259,"stop":1711632468435,"duration":27176}},{"uid":"413cae5128bb0413","reportUrl":"https://QAKonstantin.github.io/TeamCity_Test/158//#testresult/413cae5128bb0413","status":"passed","time":{"start":1711631220493,"stop":1711631253473,"duration":32980}},{"uid":"d9fa366b69328e1a","reportUrl":"https://QAKonstantin.github.io/TeamCity_Test/157//#testresult/d9fa366b69328e1a","status":"passed","time":{"start":1711630539739,"stop":1711630574217,"duration":34478}},{"uid":"af7c980f4cd7ad2c","reportUrl":"https://QAKonstantin.github.io/TeamCity_Test/156//#testresult/af7c980f4cd7ad2c","status":"broken","statusDetails":"playwright._impl._errors.TimeoutError: Timeout 120000ms exceeded while waiting for event \"page\"","time":{"start":1711629680418,"stop":1711629807068,"duration":126650}},{"uid":"d2c66cf8204c2802","reportUrl":"https://QAKonstantin.github.io/TeamCity_Test/155//#testresult/d2c66cf8204c2802","status":"passed","time":{"start":1711628681539,"stop":1711628710051,"duration":28512}},{"uid":"9d1b9529e64941c6","reportUrl":"https://QAKonstantin.github.io/TeamCity_Test/154//#testresult/9d1b9529e64941c6","status":"failed","statusDetails":"AssertionError: Кнопка span.ring-link-inner:has-text('About TeamCity') неактивна","time":{"start":1711627572949,"stop":1711627615708,"duration":42759}},{"uid":"374be982e7425527","reportUrl":"https://QAKonstantin.github.io/TeamCity_Test/153//#testresult/374be982e7425527","status":"failed","statusDetails":"AssertionError: Locator expected to be enabled\nActual value: None \nCall log:\nLocatorAssertions.to_be_enabled with timeout 30000ms\n  - waiting for locator(\"span.ring-link-inner:has-text('About TeamCity')\")","time":{"start":1711626647127,"stop":1711626687773,"duration":40646}},{"uid":"4cc644a7a6ec5277","reportUrl":"https://QAKonstantin.github.io/TeamCity_Test/152//#testresult/4cc644a7a6ec5277","status":"failed","statusDetails":"AssertionError: Locator expected to be enabled\nActual value: None \nCall log:\nLocatorAssertions.to_be_enabled with timeout 10000ms\n  - waiting for locator(\"span.ring-link-inner:has-text('About TeamCity')\")","time":{"start":1711625744913,"stop":1711625770602,"duration":25689}},{"uid":"b8fe3c4761c1f01f","reportUrl":"https://QAKonstantin.github.io/TeamCity_Test/151//#testresult/b8fe3c4761c1f01f","status":"passed","time":{"start":1711481988681,"stop":1711482020236,"duration":31555}},{"uid":"b1f81bed490a460","reportUrl":"https://QAKonstantin.github.io/TeamCity_Test/150//#testresult/b1f81bed490a460","status":"passed","time":{"start":1711481352286,"stop":1711481375243,"duration":22957}},{"uid":"a357418bf67a47e0","reportUrl":"https://QAKonstantin.github.io/TeamCity_Test/149//#testresult/a357418bf67a47e0","status":"passed","time":{"start":1711480330854,"stop":1711480347377,"duration":16523}},{"uid":"d195cf22e6b8084a","reportUrl":"https://QAKonstantin.github.io/TeamCity_Test/148//#testresult/d195cf22e6b8084a","status":"passed","time":{"start":1711479126314,"stop":1711479151554,"duration":25240}},{"uid":"f47c8074e77a8e6b","reportUrl":"https://QAKonstantin.github.io/TeamCity_Test/147//#testresult/f47c8074e77a8e6b","status":"passed","time":{"start":1711478260783,"stop":1711478288565,"duration":27782}},{"uid":"fc852720dab83973","reportUrl":"https://QAKonstantin.github.io/TeamCity_Test/146//#testresult/fc852720dab83973","status":"passed","time":{"start":1711477682291,"stop":1711477703740,"duration":21449}},{"uid":"284791d071ea06b1","reportUrl":"https://QAKonstantin.github.io/TeamCity_Test/145//#testresult/284791d071ea06b1","status":"passed","time":{"start":1711476868458,"stop":1711476896739,"duration":28281}},{"uid":"4330e23e7e77baa8","reportUrl":"https://QAKonstantin.github.io/TeamCity_Test/144//#testresult/4330e23e7e77baa8","status":"passed","time":{"start":1711475923662,"stop":1711475954425,"duration":30763}},{"uid":"c2c9667349350142","reportUrl":"https://QAKonstantin.github.io/TeamCity_Test/144//#testresult/c2c9667349350142","status":"passed","time":{"start":1711475468840,"stop":1711475493418,"duration":24578}},{"uid":"ed8b3870772c7b3b","reportUrl":"https://QAKonstantin.github.io/TeamCity_Test/143//#testresult/ed8b3870772c7b3b","status":"passed","time":{"start":1711474939913,"stop":1711474974735,"duration":34822}}]},"tags":["ui","footer"]},"source":"386814755e650e0a.json","parameterValues":["'chromium'","'AGENT_MANAGER'"]}