{"uid":"a824230eb5600125","name":"Cоздание проекта, билд конфигурации, шага и запуск билда","fullName":"tests.frontend.test_e2e_run_build#test_e2e_run_build","historyId":"a47604b9a96acca34781b03287e84124","time":{"start":1711634045515,"stop":1711634118258,"duration":72743},"description":"Авторизация Супер Администратором, создание проекта, билд конфигурации, шага в командной строке и запуск билда","descriptionHtml":"<p>Авторизация Супер Администратором, создание проекта, билд конфигурации, шага в командной строке и запуск билда</p>\n","status":"failed","statusMessage":"AssertionError: Элемент button[data-test='run-build'] отсутствует для нажатия","statusTrace":"self = <actions.page_actions.PageAction object at 0x7feb84b428f0>\nselector = \"button[data-test='run-build']\", timeout = 60000\n\n    def click_button(self, selector, timeout=60000):\n        try:\n            with allure.step(f\"Клик по элементу: {selector}\"):\n>               self.page.click(selector, timeout=timeout)\n\nactions/page_actions.py:76: \n_ _ _ _ _ _ _ _ _ _ _ _ _ _ _ _ _ _ _ _ _ _ _ _ _ _ _ _ _ _ _ _ _ _ _ _ _ _ _ _ \n../../../.local/lib/python3.10/site-packages/playwright/sync_api/_generated.py:10234: in click\n    self._sync(\n../../../.local/lib/python3.10/site-packages/playwright/_impl/_page.py:735: in click\n    return await self._main_frame.click(**locals_to_params(locals()))\n../../../.local/lib/python3.10/site-packages/playwright/_impl/_frame.py:494: in click\n    await self._channel.send(\"click\", locals_to_params(locals()))\n../../../.local/lib/python3.10/site-packages/playwright/_impl/_connection.py:63: in send\n    return await self._connection.wrap_api_call(\n../../../.local/lib/python3.10/site-packages/playwright/_impl/_connection.py:495: in wrap_api_call\n    return await cb()\n_ _ _ _ _ _ _ _ _ _ _ _ _ _ _ _ _ _ _ _ _ _ _ _ _ _ _ _ _ _ _ _ _ _ _ _ _ _ _ _ \n\nself = <playwright._impl._connection.Channel object at 0x7feb851e4400>\nmethod = 'click'\nparams = {'selector': \"button[data-test='run-build']\", 'timeout': 60000}\nreturn_as_dict = False\n\n    async def inner_send(\n        self, method: str, params: Optional[Dict], return_as_dict: bool\n    ) -> Any:\n        if params is None:\n            params = {}\n        callback = self._connection._send_message_to_server(\n            self._object, method, _filter_none(params)\n        )\n        if self._connection._error:\n            error = self._connection._error\n            self._connection._error = None\n            raise error\n        done, _ = await asyncio.wait(\n            {\n                self._connection._transport.on_error_future,\n                callback.future,\n            },\n            return_when=asyncio.FIRST_COMPLETED,\n        )\n        if not callback.future.done():\n            callback.future.cancel()\n>       result = next(iter(done)).result()\nE       playwright._impl._errors.TimeoutError: Timeout 60000ms exceeded.\n\n../../../.local/lib/python3.10/site-packages/playwright/_impl/_connection.py:101: TimeoutError\n\nDuring handling of the above exception, another exception occurred:\n\nproject_data = <function project_data.<locals>._create_project_data at 0x7feb84df3ac0>\nbuild_conf_data = <function build_conf_data.<locals>._create_build_conf_data at 0x7feb84df0ee0>\nrandom_description = 'Like education recently place skill key.'\nbrowser = <Page url='http://localhost:8111/login.html#all-projects'>\nsuper_admin = <entities.user.User object at 0x7feb84c2af20>\n\n    @allure.severity(allure.severity_level.CRITICAL)\n    @allure.parent_suite(\"UI тесты\")\n    @allure.suite(\"Управление запусками билдов\")\n    @allure.sub_suite(\"Запуск билда\")\n    @allure.title(\"Cоздание проекта, билд конфигурации, шага и запуск билда\")\n    @allure.description(\n        \"Авторизация Супер Администратором, создание проекта, билд конфигурации, шага в командной строке и запуск билда\")\n    @pytest.mark.build_run\n    @pytest.mark.ui\n    def test_e2e_run_build(project_data, build_conf_data, random_description, browser, super_admin):\n        with allure.step('Подготовка данных для создания проекта и билд конфигурации'):\n            project_data_1 = project_data()\n            build_conf_data_1 = build_conf_data(project_data_1.id)\n    \n        with allure.step('Отправка запроса на создание проекта'):\n            created_project_response = super_admin.api_manager.project_api.create_project(\n                project_data_1.model_dump()).text\n            created_project_model = ProjectResponseModel.model_validate_json(created_project_response)\n            assert created_project_model.id == project_data_1.id, \\\n                f\"Ожидался project_id= {project_data_1.id}, но был получен {created_project_model.id}\"\n    \n        with allure.step('Отправка запроса на создание билд конфигурации'):\n            create_build_conf_response = super_admin.api_manager.build_conf_api.create_build_conf(\n                build_conf_data_1.model_dump()).text\n            build_conf_model = BuildConfResponseModel.model_validate_json(create_build_conf_response)\n            with pytest.assume:\n                assert build_conf_model.id == build_conf_data_1.id, \\\n                    f\"Ожидался build_conf_id={build_conf_data_1.id}, но был получен {build_conf_model.id}\"\n    \n        with allure.step(\"Авторизация под Супер Администратором\"):\n            login_browser = AuthLoginBySuperAdmin(browser)\n            login_browser.login_by_super_admin()\n    \n        with allure.step(\"Запуск билда\"):\n            run_build_browser = RunBuildPage(browser, build_conf_data_1.id)\n>           run_build_browser.run_build()\n\ntests/frontend/test_e2e_run_build.py:45: \n_ _ _ _ _ _ _ _ _ _ _ _ _ _ _ _ _ _ _ _ _ _ _ _ _ _ _ _ _ _ _ _ _ _ _ _ _ _ _ _ \npages/build_conf_page.py:25: in run_build\n    self.build_type_header.click_run_build()\npages/build_conf_page.py:52: in click_run_build\n    self.actions.click_button(self.run_build_selector)\n_ _ _ _ _ _ _ _ _ _ _ _ _ _ _ _ _ _ _ _ _ _ _ _ _ _ _ _ _ _ _ _ _ _ _ _ _ _ _ _ \n\nself = <actions.page_actions.PageAction object at 0x7feb84b428f0>\nselector = \"button[data-test='run-build']\", timeout = 60000\n\n    def click_button(self, selector, timeout=60000):\n        try:\n            with allure.step(f\"Клик по элементу: {selector}\"):\n                self.page.click(selector, timeout=timeout)\n        except TimeoutError:\n            self.allure_attach_screenshot()\n>           raise AssertionError(f'Элемент {selector} отсутствует для нажатия')\nE           AssertionError: Элемент button[data-test='run-build'] отсутствует для нажатия\n\nactions/page_actions.py:79: AssertionError","flaky":true,"newFailed":true,"newBroken":false,"newPassed":false,"retriesCount":0,"retriesStatusChange":false,"beforeStages":[{"name":"_session_faker","time":{"start":1711633948864,"stop":1711633948899,"duration":35},"status":"passed","steps":[],"attachments":[],"parameters":[],"shouldDisplayMessage":false,"stepsCount":0,"attachmentsCount":0,"hasContent":false,"attachmentStep":false},{"name":"browser","time":{"start":1711634023653,"stop":1711634026832,"duration":3179},"status":"passed","steps":[],"attachments":[],"parameters":[],"shouldDisplayMessage":false,"stepsCount":0,"attachmentsCount":0,"hasContent":false,"attachmentStep":false},{"name":"user_session","time":{"start":1711634045498,"stop":1711634045501,"duration":3},"status":"passed","steps":[],"attachments":[],"parameters":[],"shouldDisplayMessage":false,"stepsCount":0,"attachmentsCount":0,"hasContent":false,"attachmentStep":false},{"name":"super_admin","time":{"start":1711634045501,"stop":1711634045513,"duration":12},"status":"passed","steps":[],"attachments":[],"parameters":[],"shouldDisplayMessage":false,"stepsCount":0,"attachmentsCount":0,"hasContent":false,"attachmentStep":false},{"name":"build_conf_data","time":{"start":1711634045514,"stop":1711634045514,"duration":0},"status":"passed","steps":[],"attachments":[],"parameters":[],"shouldDisplayMessage":false,"stepsCount":0,"attachmentsCount":0,"hasContent":false,"attachmentStep":false},{"name":"random_description","time":{"start":1711634045514,"stop":1711634045514,"duration":0},"status":"passed","steps":[],"attachments":[],"parameters":[],"shouldDisplayMessage":false,"stepsCount":0,"attachmentsCount":0,"hasContent":false,"attachmentStep":false},{"name":"project_data","time":{"start":1711634045514,"stop":1711634045514,"duration":0},"status":"passed","steps":[],"attachments":[],"parameters":[],"shouldDisplayMessage":false,"stepsCount":0,"attachmentsCount":0,"hasContent":false,"attachmentStep":false}],"testStage":{"description":"Авторизация Супер Администратором, создание проекта, билд конфигурации, шага в командной строке и запуск билда","status":"failed","statusMessage":"AssertionError: Элемент button[data-test='run-build'] отсутствует для нажатия","statusTrace":"self = <actions.page_actions.PageAction object at 0x7feb84b428f0>\nselector = \"button[data-test='run-build']\", timeout = 60000\n\n    def click_button(self, selector, timeout=60000):\n        try:\n            with allure.step(f\"Клик по элементу: {selector}\"):\n>               self.page.click(selector, timeout=timeout)\n\nactions/page_actions.py:76: \n_ _ _ _ _ _ _ _ _ _ _ _ _ _ _ _ _ _ _ _ _ _ _ _ _ _ _ _ _ _ _ _ _ _ _ _ _ _ _ _ \n../../../.local/lib/python3.10/site-packages/playwright/sync_api/_generated.py:10234: in click\n    self._sync(\n../../../.local/lib/python3.10/site-packages/playwright/_impl/_page.py:735: in click\n    return await self._main_frame.click(**locals_to_params(locals()))\n../../../.local/lib/python3.10/site-packages/playwright/_impl/_frame.py:494: in click\n    await self._channel.send(\"click\", locals_to_params(locals()))\n../../../.local/lib/python3.10/site-packages/playwright/_impl/_connection.py:63: in send\n    return await self._connection.wrap_api_call(\n../../../.local/lib/python3.10/site-packages/playwright/_impl/_connection.py:495: in wrap_api_call\n    return await cb()\n_ _ _ _ _ _ _ _ _ _ _ _ _ _ _ _ _ _ _ _ _ _ _ _ _ _ _ _ _ _ _ _ _ _ _ _ _ _ _ _ \n\nself = <playwright._impl._connection.Channel object at 0x7feb851e4400>\nmethod = 'click'\nparams = {'selector': \"button[data-test='run-build']\", 'timeout': 60000}\nreturn_as_dict = False\n\n    async def inner_send(\n        self, method: str, params: Optional[Dict], return_as_dict: bool\n    ) -> Any:\n        if params is None:\n            params = {}\n        callback = self._connection._send_message_to_server(\n            self._object, method, _filter_none(params)\n        )\n        if self._connection._error:\n            error = self._connection._error\n            self._connection._error = None\n            raise error\n        done, _ = await asyncio.wait(\n            {\n                self._connection._transport.on_error_future,\n                callback.future,\n            },\n            return_when=asyncio.FIRST_COMPLETED,\n        )\n        if not callback.future.done():\n            callback.future.cancel()\n>       result = next(iter(done)).result()\nE       playwright._impl._errors.TimeoutError: Timeout 60000ms exceeded.\n\n../../../.local/lib/python3.10/site-packages/playwright/_impl/_connection.py:101: TimeoutError\n\nDuring handling of the above exception, another exception occurred:\n\nproject_data = <function project_data.<locals>._create_project_data at 0x7feb84df3ac0>\nbuild_conf_data = <function build_conf_data.<locals>._create_build_conf_data at 0x7feb84df0ee0>\nrandom_description = 'Like education recently place skill key.'\nbrowser = <Page url='http://localhost:8111/login.html#all-projects'>\nsuper_admin = <entities.user.User object at 0x7feb84c2af20>\n\n    @allure.severity(allure.severity_level.CRITICAL)\n    @allure.parent_suite(\"UI тесты\")\n    @allure.suite(\"Управление запусками билдов\")\n    @allure.sub_suite(\"Запуск билда\")\n    @allure.title(\"Cоздание проекта, билд конфигурации, шага и запуск билда\")\n    @allure.description(\n        \"Авторизация Супер Администратором, создание проекта, билд конфигурации, шага в командной строке и запуск билда\")\n    @pytest.mark.build_run\n    @pytest.mark.ui\n    def test_e2e_run_build(project_data, build_conf_data, random_description, browser, super_admin):\n        with allure.step('Подготовка данных для создания проекта и билд конфигурации'):\n            project_data_1 = project_data()\n            build_conf_data_1 = build_conf_data(project_data_1.id)\n    \n        with allure.step('Отправка запроса на создание проекта'):\n            created_project_response = super_admin.api_manager.project_api.create_project(\n                project_data_1.model_dump()).text\n            created_project_model = ProjectResponseModel.model_validate_json(created_project_response)\n            assert created_project_model.id == project_data_1.id, \\\n                f\"Ожидался project_id= {project_data_1.id}, но был получен {created_project_model.id}\"\n    \n        with allure.step('Отправка запроса на создание билд конфигурации'):\n            create_build_conf_response = super_admin.api_manager.build_conf_api.create_build_conf(\n                build_conf_data_1.model_dump()).text\n            build_conf_model = BuildConfResponseModel.model_validate_json(create_build_conf_response)\n            with pytest.assume:\n                assert build_conf_model.id == build_conf_data_1.id, \\\n                    f\"Ожидался build_conf_id={build_conf_data_1.id}, но был получен {build_conf_model.id}\"\n    \n        with allure.step(\"Авторизация под Супер Администратором\"):\n            login_browser = AuthLoginBySuperAdmin(browser)\n            login_browser.login_by_super_admin()\n    \n        with allure.step(\"Запуск билда\"):\n            run_build_browser = RunBuildPage(browser, build_conf_data_1.id)\n>           run_build_browser.run_build()\n\ntests/frontend/test_e2e_run_build.py:45: \n_ _ _ _ _ _ _ _ _ _ _ _ _ _ _ _ _ _ _ _ _ _ _ _ _ _ _ _ _ _ _ _ _ _ _ _ _ _ _ _ \npages/build_conf_page.py:25: in run_build\n    self.build_type_header.click_run_build()\npages/build_conf_page.py:52: in click_run_build\n    self.actions.click_button(self.run_build_selector)\n_ _ _ _ _ _ _ _ _ _ _ _ _ _ _ _ _ _ _ _ _ _ _ _ _ _ _ _ _ _ _ _ _ _ _ _ _ _ _ _ \n\nself = <actions.page_actions.PageAction object at 0x7feb84b428f0>\nselector = \"button[data-test='run-build']\", timeout = 60000\n\n    def click_button(self, selector, timeout=60000):\n        try:\n            with allure.step(f\"Клик по элементу: {selector}\"):\n                self.page.click(selector, timeout=timeout)\n        except TimeoutError:\n            self.allure_attach_screenshot()\n>           raise AssertionError(f'Элемент {selector} отсутствует для нажатия')\nE           AssertionError: Элемент button[data-test='run-build'] отсутствует для нажатия\n\nactions/page_actions.py:79: AssertionError","steps":[{"name":"Подготовка данных для создания проекта и билд конфигурации","time":{"start":1711634045516,"stop":1711634045516,"duration":0},"status":"passed","steps":[],"attachments":[],"parameters":[],"shouldDisplayMessage":false,"stepsCount":0,"attachmentsCount":0,"hasContent":false,"attachmentStep":false},{"name":"Отправка запроса на создание проекта","time":{"start":1711634045516,"stop":1711634045543,"duration":27},"status":"passed","steps":[],"attachments":[],"parameters":[],"shouldDisplayMessage":false,"stepsCount":0,"attachmentsCount":0,"hasContent":false,"attachmentStep":false},{"name":"Отправка запроса на создание билд конфигурации","time":{"start":1711634045543,"stop":1711634045599,"duration":56},"status":"passed","steps":[],"attachments":[],"parameters":[],"shouldDisplayMessage":false,"stepsCount":0,"attachmentsCount":0,"hasContent":false,"attachmentStep":false},{"name":"Авторизация под Супер Администратором","time":{"start":1711634045599,"stop":1711634054322,"duration":8723},"status":"passed","steps":[{"name":"Переход на страницу авторизации","time":{"start":1711634045599,"stop":1711634053008,"duration":7409},"status":"passed","steps":[{"name":"Переход на URL: http://localhost:8111/login.html?super=1","time":{"start":1711634045599,"stop":1711634052975,"duration":7376},"status":"passed","steps":[],"attachments":[],"parameters":[],"shouldDisplayMessage":false,"stepsCount":0,"attachmentsCount":0,"hasContent":false,"attachmentStep":false},{"name":"Ожидание загрузки страницы","time":{"start":1711634052975,"stop":1711634053008,"duration":33},"status":"passed","steps":[],"attachments":[],"parameters":[],"shouldDisplayMessage":false,"stepsCount":0,"attachmentsCount":0,"hasContent":false,"attachmentStep":false}],"attachments":[],"parameters":[],"shouldDisplayMessage":false,"stepsCount":2,"attachmentsCount":0,"hasContent":true,"attachmentStep":false},{"name":"Ввод токена для авторизации под Супер Администратором","time":{"start":1711634053008,"stop":1711634053984,"duration":976},"status":"passed","steps":[{"name":"Ожидаем появления элемента: #password","time":{"start":1711634053008,"stop":1711634053874,"duration":866},"status":"passed","steps":[],"attachments":[],"parameters":[],"shouldDisplayMessage":false,"stepsCount":0,"attachmentsCount":0,"hasContent":false,"attachmentStep":false},{"name":"Ввод текста 5802442067416054269 в элемент: #password","time":{"start":1711634053874,"stop":1711634053983,"duration":109},"status":"passed","steps":[],"attachments":[],"parameters":[],"shouldDisplayMessage":false,"stepsCount":0,"attachmentsCount":0,"hasContent":false,"attachmentStep":false}],"attachments":[],"parameters":[],"shouldDisplayMessage":false,"stepsCount":2,"attachmentsCount":0,"hasContent":true,"attachmentStep":false},{"name":"Авторизация пользователя","time":{"start":1711634053984,"stop":1711634054322,"duration":338},"status":"passed","steps":[{"name":"Клик по элементу: .loginButton","time":{"start":1711634053984,"stop":1711634054322,"duration":338},"status":"passed","steps":[],"attachments":[],"parameters":[],"shouldDisplayMessage":false,"stepsCount":0,"attachmentsCount":0,"hasContent":false,"attachmentStep":false}],"attachments":[],"parameters":[],"shouldDisplayMessage":false,"stepsCount":1,"attachmentsCount":0,"hasContent":true,"attachmentStep":false}],"attachments":[],"parameters":[],"shouldDisplayMessage":false,"stepsCount":8,"attachmentsCount":0,"hasContent":true,"attachmentStep":false},{"name":"Запуск билда","time":{"start":1711634054322,"stop":1711634118258,"duration":63936},"status":"failed","statusMessage":"AssertionError: Элемент button[data-test='run-build'] отсутствует для нажатия\n","statusTrace":"  File \"/home/runner/work/TeamCity_Test/TeamCity_Test/tests/frontend/test_e2e_run_build.py\", line 45, in test_e2e_run_build\n    run_build_browser.run_build()\n  File \"/home/runner/work/TeamCity_Test/TeamCity_Test/pages/build_conf_page.py\", line 25, in run_build\n    self.build_type_header.click_run_build()\n  File \"/home/runner/work/TeamCity_Test/TeamCity_Test/pages/build_conf_page.py\", line 52, in click_run_build\n    self.actions.click_button(self.run_build_selector)\n  File \"/home/runner/work/TeamCity_Test/TeamCity_Test/actions/page_actions.py\", line 79, in click_button\n    raise AssertionError(f'Элемент {selector} отсутствует для нажатия')\n","steps":[{"name":"Запуск билда","time":{"start":1711634054322,"stop":1711634118258,"duration":63936},"status":"failed","statusMessage":"AssertionError: Элемент button[data-test='run-build'] отсутствует для нажатия\n","statusTrace":"  File \"/home/runner/work/TeamCity_Test/TeamCity_Test/pages/build_conf_page.py\", line 25, in run_build\n    self.build_type_header.click_run_build()\n  File \"/home/runner/work/TeamCity_Test/TeamCity_Test/pages/build_conf_page.py\", line 52, in click_run_build\n    self.actions.click_button(self.run_build_selector)\n  File \"/home/runner/work/TeamCity_Test/TeamCity_Test/actions/page_actions.py\", line 79, in click_button\n    raise AssertionError(f'Элемент {selector} отсутствует для нажатия')\n","steps":[{"name":"Переход на страницу подробной информации о билд конфигурации","time":{"start":1711634054322,"stop":1711634058042,"duration":3720},"status":"passed","steps":[{"name":"Переход на URL: http://localhost:8111/buildConfiguration/gkDOet48F41#all-projects","time":{"start":1711634054322,"stop":1711634057980,"duration":3658},"status":"passed","steps":[],"attachments":[],"parameters":[],"shouldDisplayMessage":false,"stepsCount":0,"attachmentsCount":0,"hasContent":false,"attachmentStep":false},{"name":"Ожидание загрузки страницы","time":{"start":1711634057980,"stop":1711634058042,"duration":62},"status":"passed","steps":[],"attachments":[],"parameters":[],"shouldDisplayMessage":false,"stepsCount":0,"attachmentsCount":0,"hasContent":false,"attachmentStep":false}],"attachments":[],"parameters":[],"shouldDisplayMessage":false,"stepsCount":2,"attachmentsCount":0,"hasContent":true,"attachmentStep":false},{"name":"Нажать на кнопку запуска билда","time":{"start":1711634058042,"stop":1711634118257,"duration":60215},"status":"failed","statusMessage":"AssertionError: Элемент button[data-test='run-build'] отсутствует для нажатия\n","statusTrace":"  File \"/home/runner/work/TeamCity_Test/TeamCity_Test/pages/build_conf_page.py\", line 52, in click_run_build\n    self.actions.click_button(self.run_build_selector)\n  File \"/home/runner/work/TeamCity_Test/TeamCity_Test/actions/page_actions.py\", line 79, in click_button\n    raise AssertionError(f'Элемент {selector} отсутствует для нажатия')\n","steps":[{"name":"Клик по элементу: button[data-test='run-build']","time":{"start":1711634058042,"stop":1711634118084,"duration":60042},"status":"broken","statusMessage":"playwright._impl._errors.TimeoutError: Timeout 60000ms exceeded.\n","statusTrace":"  File \"/home/runner/work/TeamCity_Test/TeamCity_Test/actions/page_actions.py\", line 76, in click_button\n    self.page.click(selector, timeout=timeout)\n  File \"/home/runner/.local/lib/python3.10/site-packages/playwright/sync_api/_generated.py\", line 10234, in click\n    self._sync(\n  File \"/home/runner/.local/lib/python3.10/site-packages/playwright/_impl/_sync_base.py\", line 115, in _sync\n    return task.result()\n  File \"/home/runner/.local/lib/python3.10/site-packages/playwright/_impl/_page.py\", line 735, in click\n    return await self._main_frame.click(**locals_to_params(locals()))\n  File \"/home/runner/.local/lib/python3.10/site-packages/playwright/_impl/_frame.py\", line 494, in click\n    await self._channel.send(\"click\", locals_to_params(locals()))\n  File \"/home/runner/.local/lib/python3.10/site-packages/playwright/_impl/_connection.py\", line 63, in send\n    return await self._connection.wrap_api_call(\n  File \"/home/runner/.local/lib/python3.10/site-packages/playwright/_impl/_connection.py\", line 495, in wrap_api_call\n    return await cb()\n  File \"/home/runner/.local/lib/python3.10/site-packages/playwright/_impl/_connection.py\", line 101, in inner_send\n    result = next(iter(done)).result()\n","steps":[],"attachments":[],"parameters":[],"shouldDisplayMessage":true,"stepsCount":0,"attachmentsCount":0,"hasContent":true,"attachmentStep":false}],"attachments":[{"uid":"ff474c36e79a5391","name":"Log in to TeamCity — TeamCity","source":"ff474c36e79a5391.png","type":"image/png","size":30335}],"parameters":[],"shouldDisplayMessage":true,"stepsCount":1,"attachmentsCount":1,"hasContent":true,"attachmentStep":false}],"attachments":[],"parameters":[],"shouldDisplayMessage":false,"stepsCount":5,"attachmentsCount":1,"hasContent":true,"attachmentStep":false}],"attachments":[],"parameters":[],"shouldDisplayMessage":false,"stepsCount":6,"attachmentsCount":1,"hasContent":true,"attachmentStep":false}],"attachments":[{"uid":"9ad34251fb1d0d3d","name":"log","source":"9ad34251fb1d0d3d.txt","type":"text/plain","size":5132}],"parameters":[],"shouldDisplayMessage":true,"stepsCount":19,"attachmentsCount":2,"hasContent":true,"attachmentStep":false},"afterStages":[{"name":"build_conf_data::0","time":{"start":1711634118407,"stop":1711634118419,"duration":12},"status":"passed","steps":[],"attachments":[],"parameters":[],"shouldDisplayMessage":false,"stepsCount":0,"attachmentsCount":0,"hasContent":false,"attachmentStep":false},{"name":"project_data::0","time":{"start":1711634118420,"stop":1711634118431,"duration":11},"status":"passed","steps":[],"attachments":[],"parameters":[],"shouldDisplayMessage":false,"stepsCount":0,"attachmentsCount":0,"hasContent":false,"attachmentStep":false},{"name":"user_session::0","time":{"start":1711634118432,"stop":1711634118432,"duration":0},"status":"passed","steps":[],"attachments":[],"parameters":[],"shouldDisplayMessage":false,"stepsCount":0,"attachmentsCount":0,"hasContent":false,"attachmentStep":false},{"name":"browser::0","time":{"start":1711634118435,"stop":1711634119401,"duration":966},"status":"passed","steps":[],"attachments":[],"parameters":[],"shouldDisplayMessage":false,"stepsCount":0,"attachmentsCount":0,"hasContent":false,"attachmentStep":false}],"labels":[{"name":"severity","value":"critical"},{"name":"subSuite","value":"Запуск билда"},{"name":"suite","value":"Управление запусками билдов"},{"name":"parentSuite","value":"UI тесты"},{"name":"tag","value":"ui"},{"name":"tag","value":"build_run"},{"name":"host","value":"fv-az695-120"},{"name":"thread","value":"7765-MainThread"},{"name":"framework","value":"pytest"},{"name":"language","value":"cpython3"},{"name":"package","value":"tests.frontend.test_e2e_run_build"},{"name":"resultFormat","value":"allure2"}],"parameters":[{"name":"browser","value":"'chromium'"}],"links":[],"hidden":false,"retry":false,"extra":{"severity":"critical","retries":[],"categories":[{"name":"Product defects","matchedStatuses":[],"flaky":false}],"history":{"statistic":{"failed":5,"broken":1,"skipped":0,"passed":13,"unknown":0,"total":19},"items":[{"uid":"2d96bb5290a1cb5f","reportUrl":"https://QAKonstantin.github.io/TeamCity_Test/159//#testresult/2d96bb5290a1cb5f","status":"broken","statusDetails":"playwright._impl._errors.Error: net::ERR_ABORTED at http://localhost:8111/buildConfiguration/ZEbmi243GKG#all-projects","time":{"start":1711632507746,"stop":1711632511064,"duration":3318}},{"uid":"c44b36aa47400b7d","reportUrl":"https://QAKonstantin.github.io/TeamCity_Test/158//#testresult/c44b36aa47400b7d","status":"passed","time":{"start":1711631259070,"stop":1711631291768,"duration":32698}},{"uid":"2532f348f12faacd","reportUrl":"https://QAKonstantin.github.io/TeamCity_Test/157//#testresult/2532f348f12faacd","status":"failed","statusDetails":"AssertionError: Page URL expected to be '**/favorite/projects**'\nActual value: http://localhost:8111/favorite/projects?mode=builds \nCall log:\nPageAssertions.to_have_url with timeout 30000ms\n  - waiting for locator(\":root\")\n  -   locator resolved to <html lang=\"en\" class=\"ua-js ring-variables-light\">…</html>\n  -   unexpected value \"http://localhost:8111/favorite/projects\"\n  -   locator resolved to <html lang=\"en\" data-js-focus-visible=\"\" class=\"ua-js …>…</html>\n  -   unexpected value \"http://localhost:8111/favorite/projects\"\n  -   locator resolved to <html lang=\"en\" data-js-focus-visible=\"\" class=\"ua-js …>…</html>\n  -   unexpected value \"http://localhost:8111/favorite/projects\"\n  -   locator resolved to <html lang=\"en\" data-js-focus-visible=\"\" class=\"ua-js …>…</html>\n  -   unexpected value \"http://localhost:8111/favorite/projects\"\n  -   locator resolved to <html lang=\"en\" data-js-focus-visible=\"\" class=\"ua-js …>…</html>\n  -   unexpected value \"http://localhost:8111/favorite/projects?mode=builds\"\n  -   locator resolved to <html lang=\"en\" data-js-focus-visible=\"\" class=\"ua-js …>…</html>\n  -   unexpected value \"http://localhost:8111/favorite/projects?mode=builds\"\n  -   locator resolved to <html lang=\"en\" data-js-focus-visible=\"\" class=\"ua-js …>…</html>\n  -   unexpected value \"http://localhost:8111/favorite/projects?mode=builds\"\n  -   locator resolved to <html lang=\"en\" data-js-focus-visible=\"\" class=\"ua-js …>…</html>\n  -   unexpected value \"http://localhost:8111/favorite/projects?mode=builds\"\n  -   locator resolved to <html lang=\"en\" data-js-focus-visible=\"\" class=\"ua-js …>…</html>\n  -   unexpected value \"http://localhost:8111/favorite/projects?mode=builds\"\n  -   locator resolved to <html lang=\"en\" data-js-focus-visible=\"\" class=\"ua-js …>…</html>\n  -   unexpected value \"http://localhost:8111/favorite/projects?mode=builds\"\n  -   locator resolved to <html lang=\"en\" data-js-focus-visible=\"\" class=\"ua-js …>…</html>\n  -   unexpected value \"http://localhost:8111/favorite/projects?mode=builds\"\n  -   locator resolved to <html lang=\"en\" data-js-focus-visible=\"\" class=\"ua-js …>…</html>\n  -   unexpected value \"http://localhost:8111/favorite/projects?mode=builds\"\n  -   locator resolved to <html lang=\"en\" data-js-focus-visible=\"\" class=\"ua-js …>…</html>\n  -   unexpected value \"http://localhost:8111/favorite/projects?mode=builds\"\n  -   locator resolved to <html lang=\"en\" data-js-focus-visible=\"\" class=\"ua-js …>…</html>\n  -   unexpected value \"http://localhost:8111/favorite/projects?mode=builds\"\n  -   locator resolved to <html lang=\"en\" data-js-focus-visible=\"\" class=\"ua-js …>…</html>\n  -   unexpected value \"http://localhost:8111/favorite/projects?mode=builds\"\n  -   locator resolved to <html lang=\"en\" data-js-focus-visible=\"\" class=\"ua-js …>…</html>\n  -   unexpected value \"http://localhost:8111/favorite/projects?mode=builds\"\n  -   locator resolved to <html lang=\"en\" data-js-focus-visible=\"\" class=\"ua-js …>…</html>\n  -   unexpected value \"http://localhost:8111/favorite/projects?mode=builds\"\n  -   locator resolved to <html lang=\"en\" data-js-focus-visible=\"\" class=\"ua-js …>…</html>\n  -   unexpected value \"http://localhost:8111/favorite/projects?mode=builds\"\n  -   locator resolved to <html lang=\"en\" data-js-focus-visible=\"\" class=\"ua-js …>…</html>\n  -   unexpected value \"http://localhost:8111/favorite/projects?mode=builds\"\n  -   locator resolved to <html lang=\"en\" data-js-focus-visible=\"\" class=\"ua-js …>…</html>\n  -   unexpected value \"http://localhost:8111/favorite/projects?mode=builds\"\n  -   locator resolved to <html lang=\"en\" data-js-focus-visible=\"\" class=\"ua-js …>…</html>\n  -   unexpected value \"http://localhost:8111/favorite/projects?mode=builds\"\n  -   locator resolved to <html lang=\"en\" data-js-focus-visible=\"\" class=\"ua-js …>…</html>\n  -   unexpected value \"http://localhost:8111/favorite/projects?mode=builds\"\n  -   locator resolved to <html lang=\"en\" data-js-focus-visible=\"\" class=\"ua-js …>…</html>\n  -   unexpected value \"http://localhost:8111/favorite/projects?mode=builds\"\n  -   locator resolved to <html lang=\"en\" data-js-focus-visible=\"\" class=\"ua-js …>…</html>\n  -   unexpected value \"http://localhost:8111/favorite/projects?mode=builds\"\n  -   locator resolved to <html lang=\"en\" data-js-focus-visible=\"\" class=\"ua-js …>…</html>\n  -   unexpected value \"http://localhost:8111/favorite/projects?mode=builds\"\n  -   locator resolved to <html lang=\"en\" data-js-focus-visible=\"\" class=\"ua-js …>…</html>\n  -   unexpected value \"http://localhost:8111/favorite/projects?mode=builds\"\n  -   locator resolved to <html lang=\"en\" data-js-focus-visible=\"\" class=\"ua-js …>…</html>\n  -   unexpected value \"http://localhost:8111/favorite/projects?mode=builds\"\n  -   locator resolved to <html lang=\"en\" data-js-focus-visible=\"\" class=\"ua-js …>…</html>\n  -   unexpected value \"http://localhost:8111/favorite/projects?mode=builds\"\n  -   locator resolved to <html lang=\"en\" data-js-focus-visible=\"\" class=\"ua-js …>…</html>\n  -   unexpected value \"http://localhost:8111/favorite/projects?mode=builds\"\n  -   locator resolved to <html lang=\"en\" data-js-focus-visible=\"\" class=\"ua-js …>…</html>\n  -   unexpected value \"http://localhost:8111/favorite/projects?mode=builds\"\n  -   locator resolved to <html lang=\"en\" data-js-focus-visible=\"\" class=\"ua-js …>…</html>\n  -   unexpected value \"http://localhost:8111/favorite/projects?mode=builds\"\n  -   locator resolved to <html lang=\"en\" data-js-focus-visible=\"\" class=\"ua-js …>…</html>\n  -   unexpected value \"http://localhost:8111/favorite/projects?mode=builds\"\n  -   locator resolved to <html lang=\"en\" data-js-focus-visible=\"\" class=\"ua-js …>…</html>\n  -   unexpected value \"http://localhost:8111/favorite/projects?mode=builds\"","time":{"start":1711630588241,"stop":1711630621539,"duration":33298}},{"uid":"17c6cb956f023f7e","reportUrl":"https://QAKonstantin.github.io/TeamCity_Test/156//#testresult/17c6cb956f023f7e","status":"failed","statusDetails":"AssertionError: Page URL expected to be '**/favorite/projects**'\nActual value: http://localhost:8111/favorite/projects?mode=builds \nCall log:\nPageAssertions.to_have_url with timeout 30000ms\n  - waiting for locator(\":root\")\n  -   locator resolved to <html lang=\"en\" data-js-focus-visible=\"\" class=\"ua-js …>…</html>\n  -   unexpected value \"http://localhost:8111/favorite/projects\"\n  -   locator resolved to <html lang=\"en\" data-js-focus-visible=\"\" class=\"ua-js …>…</html>\n  -   unexpected value \"http://localhost:8111/favorite/projects\"\n  -   locator resolved to <html lang=\"en\" data-js-focus-visible=\"\" class=\"ua-js …>…</html>\n  -   unexpected value \"http://localhost:8111/favorite/projects\"\n  -   locator resolved to <html lang=\"en\" data-js-focus-visible=\"\" class=\"ua-js …>…</html>\n  -   unexpected value \"http://localhost:8111/favorite/projects\"\n  -   locator resolved to <html lang=\"en\" data-js-focus-visible=\"\" class=\"ua-js …>…</html>\n  -   unexpected value \"http://localhost:8111/favorite/projects?mode=builds\"\n  -   locator resolved to <html lang=\"en\" data-js-focus-visible=\"\" class=\"ua-js …>…</html>\n  -   unexpected value \"http://localhost:8111/favorite/projects?mode=builds\"\n  -   locator resolved to <html lang=\"en\" data-js-focus-visible=\"\" class=\"ua-js …>…</html>\n  -   unexpected value \"http://localhost:8111/favorite/projects?mode=builds\"\n  -   locator resolved to <html lang=\"en\" data-js-focus-visible=\"\" class=\"ua-js …>…</html>\n  -   unexpected value \"http://localhost:8111/favorite/projects?mode=builds\"\n  -   locator resolved to <html lang=\"en\" data-js-focus-visible=\"\" class=\"ua-js …>…</html>\n  -   unexpected value \"http://localhost:8111/favorite/projects?mode=builds\"\n  -   locator resolved to <html lang=\"en\" data-js-focus-visible=\"\" class=\"ua-js …>…</html>\n  -   unexpected value \"http://localhost:8111/favorite/projects?mode=builds\"\n  -   locator resolved to <html lang=\"en\" data-js-focus-visible=\"\" class=\"ua-js …>…</html>\n  -   unexpected value \"http://localhost:8111/favorite/projects?mode=builds\"\n  -   locator resolved to <html lang=\"en\" data-js-focus-visible=\"\" class=\"ua-js …>…</html>\n  -   unexpected value \"http://localhost:8111/favorite/projects?mode=builds\"\n  -   locator resolved to <html lang=\"en\" data-js-focus-visible=\"\" class=\"ua-js …>…</html>\n  -   unexpected value \"http://localhost:8111/favorite/projects?mode=builds\"\n  -   locator resolved to <html lang=\"en\" data-js-focus-visible=\"\" class=\"ua-js …>…</html>\n  -   unexpected value \"http://localhost:8111/favorite/projects?mode=builds\"\n  -   locator resolved to <html lang=\"en\" data-js-focus-visible=\"\" class=\"ua-js …>…</html>\n  -   unexpected value \"http://localhost:8111/favorite/projects?mode=builds\"\n  -   locator resolved to <html lang=\"en\" data-js-focus-visible=\"\" class=\"ua-js …>…</html>\n  -   unexpected value \"http://localhost:8111/favorite/projects?mode=builds\"\n  -   locator resolved to <html lang=\"en\" data-js-focus-visible=\"\" class=\"ua-js …>…</html>\n  -   unexpected value \"http://localhost:8111/favorite/projects?mode=builds\"\n  -   locator resolved to <html lang=\"en\" data-js-focus-visible=\"\" class=\"ua-js …>…</html>\n  -   unexpected value \"http://localhost:8111/favorite/projects?mode=builds\"\n  -   locator resolved to <html lang=\"en\" data-js-focus-visible=\"\" class=\"ua-js …>…</html>\n  -   unexpected value \"http://localhost:8111/favorite/projects?mode=builds\"\n  -   locator resolved to <html lang=\"en\" data-js-focus-visible=\"\" class=\"ua-js …>…</html>\n  -   unexpected value \"http://localhost:8111/favorite/projects?mode=builds\"\n  -   locator resolved to <html lang=\"en\" data-js-focus-visible=\"\" class=\"ua-js …>…</html>\n  -   unexpected value \"http://localhost:8111/favorite/projects?mode=builds\"\n  -   locator resolved to <html lang=\"en\" data-js-focus-visible=\"\" class=\"ua-js …>…</html>\n  -   unexpected value \"http://localhost:8111/favorite/projects?mode=builds\"\n  -   locator resolved to <html lang=\"en\" data-js-focus-visible=\"\" class=\"ua-js …>…</html>\n  -   unexpected value \"http://localhost:8111/favorite/projects?mode=builds\"\n  -   locator resolved to <html lang=\"en\" data-js-focus-visible=\"\" class=\"ua-js …>…</html>\n  -   unexpected value \"http://localhost:8111/favorite/projects?mode=builds\"\n  -   locator resolved to <html lang=\"en\" data-js-focus-visible=\"\" class=\"ua-js …>…</html>\n  -   unexpected value \"http://localhost:8111/favorite/projects?mode=builds\"\n  -   locator resolved to <html lang=\"en\" data-js-focus-visible=\"\" class=\"ua-js …>…</html>\n  -   unexpected value \"http://localhost:8111/favorite/projects?mode=builds\"\n  -   locator resolved to <html lang=\"en\" data-js-focus-visible=\"\" class=\"ua-js …>…</html>\n  -   unexpected value \"http://localhost:8111/favorite/projects?mode=builds\"\n  -   locator resolved to <html lang=\"en\" data-js-focus-visible=\"\" class=\"ua-js …>…</html>\n  -   unexpected value \"http://localhost:8111/favorite/projects?mode=builds\"\n  -   locator resolved to <html lang=\"en\" data-js-focus-visible=\"\" class=\"ua-js …>…</html>\n  -   unexpected value \"http://localhost:8111/favorite/projects?mode=builds\"\n  -   locator resolved to <html lang=\"en\" data-js-focus-visible=\"\" class=\"ua-js …>…</html>\n  -   unexpected value \"http://localhost:8111/favorite/projects?mode=builds\"\n  -   locator resolved to <html lang=\"en\" data-js-focus-visible=\"\" class=\"ua-js …>…</html>\n  -   unexpected value \"http://localhost:8111/favorite/projects?mode=builds\"\n  -   locator resolved to <html lang=\"en\" data-js-focus-visible=\"\" class=\"ua-js …>…</html>\n  -   unexpected value \"http://localhost:8111/favorite/projects?mode=builds\"\n  -   locator resolved to <html lang=\"en\" data-js-focus-visible=\"\" class=\"ua-js …>…</html>\n  -   unexpected value \"http://localhost:8111/favorite/projects?mode=builds\"","time":{"start":1711629729009,"stop":1711629761797,"duration":32788}},{"uid":"c337f815f971e05f","reportUrl":"https://QAKonstantin.github.io/TeamCity_Test/155//#testresult/c337f815f971e05f","status":"passed","time":{"start":1711628710116,"stop":1711628739370,"duration":29254}},{"uid":"ce2fb9df6d788708","reportUrl":"https://QAKonstantin.github.io/TeamCity_Test/154//#testresult/ce2fb9df6d788708","status":"passed","time":{"start":1711627618232,"stop":1711627649072,"duration":30840}},{"uid":"cfe2eb03e943a503","reportUrl":"https://QAKonstantin.github.io/TeamCity_Test/153//#testresult/cfe2eb03e943a503","status":"passed","time":{"start":1711626704949,"stop":1711626736713,"duration":31764}},{"uid":"4b535566b7e673","reportUrl":"https://QAKonstantin.github.io/TeamCity_Test/152//#testresult/4b535566b7e673","status":"passed","time":{"start":1711625829843,"stop":1711625857726,"duration":27883}},{"uid":"ed8197be6469445c","reportUrl":"https://QAKonstantin.github.io/TeamCity_Test/151//#testresult/ed8197be6469445c","status":"passed","time":{"start":1711482046850,"stop":1711482071639,"duration":24789}},{"uid":"69a8f8f31c63a05a","reportUrl":"https://QAKonstantin.github.io/TeamCity_Test/150//#testresult/69a8f8f31c63a05a","status":"failed","statusDetails":"AssertionError: Page URL expected to be '**/http://localhost:8111/favorite/projects/**'\nActual value: http://localhost:8111/favorite/projects?mode=builds \nCall log:\nPageAssertions.to_have_url with timeout 10000ms\n  - waiting for locator(\":root\")\n  -   locator resolved to <html lang=\"en\" class=\"ua-js ring-variables-light\">…</html>\n  -   unexpected value \"http://localhost:8111/login.html?super=1\"\n  -   locator resolved to <html lang=\"en\" class=\"ua-js ring-variables-light\">…</html>\n  -   unexpected value \"http://localhost:8111/login.html?super=1\"\n  -   locator resolved to <html lang=\"en\" class=\"ua-js ring-variables-light\">…</html>\n  -   unexpected value \"http://localhost:8111/login.html?super=1\"\n  -   locator resolved to <html lang=\"en\" class=\"ua-js ring-variables-light\">…</html>\n  -   unexpected value \"http://localhost:8111/login.html?super=1\"\n  -   locator resolved to <html lang=\"en\" class=\"ua-js ring-variables-light\">…</html>\n  -   unexpected value \"http://localhost:8111/favorite/projects\"\n  -   locator resolved to <html lang=\"en\" data-js-focus-visible=\"\" class=\"ua-js …>…</html>\n  -   unexpected value \"http://localhost:8111/favorite/projects\"\n  -   locator resolved to <html lang=\"en\" data-js-focus-visible=\"\" class=\"ua-js …>…</html>\n  -   unexpected value \"http://localhost:8111/favorite/projects\"\n  -   locator resolved to <html lang=\"en\" data-js-focus-visible=\"\" class=\"ua-js …>…</html>\n  -   unexpected value \"http://localhost:8111/favorite/projects?mode=builds\"\n  -   locator resolved to <html lang=\"en\" data-js-focus-visible=\"\" class=\"ua-js …>…</html>\n  -   unexpected value \"http://localhost:8111/favorite/projects?mode=builds\"\n  -   locator resolved to <html lang=\"en\" data-js-focus-visible=\"\" class=\"ua-js …>…</html>\n  -   unexpected value \"http://localhost:8111/favorite/projects?mode=builds\"","time":{"start":1711481372688,"stop":1711481385831,"duration":13143}},{"uid":"e673e0bdf0183add","reportUrl":"https://QAKonstantin.github.io/TeamCity_Test/149//#testresult/e673e0bdf0183add","status":"failed","statusDetails":"AssertionError: Ссылка http://localhost:8111/favorite/projects?mode=builds не изменилась на URL http://localhost:8111**//favorite/projects?mode=builds**/","time":{"start":1711480410206,"stop":1711480471755,"duration":61549}},{"uid":"4add0b3b74a40afa","reportUrl":"https://QAKonstantin.github.io/TeamCity_Test/148//#testresult/4add0b3b74a40afa","status":"passed","time":{"start":1711479184867,"stop":1711479202597,"duration":17730}},{"uid":"a2f6bd2984849333","reportUrl":"https://QAKonstantin.github.io/TeamCity_Test/147//#testresult/a2f6bd2984849333","status":"passed","time":{"start":1711478322929,"stop":1711478348012,"duration":25083}},{"uid":"7ea7f65eab34155a","reportUrl":"https://QAKonstantin.github.io/TeamCity_Test/146//#testresult/7ea7f65eab34155a","status":"passed","time":{"start":1711477696926,"stop":1711477719161,"duration":22235}},{"uid":"962edf6e4675f639","reportUrl":"https://QAKonstantin.github.io/TeamCity_Test/145//#testresult/962edf6e4675f639","status":"passed","time":{"start":1711476939836,"stop":1711476962571,"duration":22735}},{"uid":"b3b630a97154c601","reportUrl":"https://QAKonstantin.github.io/TeamCity_Test/144//#testresult/b3b630a97154c601","status":"passed","time":{"start":1711475995722,"stop":1711476018782,"duration":23060}},{"uid":"bb5ee1fb63981034","reportUrl":"https://QAKonstantin.github.io/TeamCity_Test/144//#testresult/bb5ee1fb63981034","status":"passed","time":{"start":1711475537550,"stop":1711475560863,"duration":23313}},{"uid":"e0722986049987d3","reportUrl":"https://QAKonstantin.github.io/TeamCity_Test/143//#testresult/e0722986049987d3","status":"passed","time":{"start":1711474974770,"stop":1711474999392,"duration":24622}}]},"tags":["ui","build_run"]},"source":"a824230eb5600125.json","parameterValues":["'chromium'"]}