{"uid":"9847540fb297c69","name":"Cоздание билд конфигурации и шага в билде Супер Администратором","fullName":"tests.frontend.test_e2e_build_conf.TestBuildConfE2E#test_e2e_create_build_conf","historyId":"4e53ffe3d5e4b8d94f8fb78ca604a243","time":{"start":1712663914670,"stop":1712663914670,"duration":0},"description":"Авторизация Супер Администратором, создание проекта, билд конфигурации и шага в командной строке","descriptionHtml":"<p>Авторизация Супер Администратором, создание проекта, билд конфигурации и шага в командной строке</p>\n","status":"failed","statusMessage":"AssertionError: Locator expected to be visible\nActual value: None \nCall log:\nLocatorAssertions.to_be_visible with timeout 5000ms\n  - waiting for locator(\"span[data-test=\\\"avatar\\\"]\")","statusTrace":"browser = <Page url='http://localhost:8111/favorite/projects'>\n\n    @pytest.fixture\n    def login(browser):\n        with allure.step(\"Авторизация под Администратором\"):\n            login_browser = AuthLoginForm(browser)\n            login_browser.login(username=\"admin\", password=\"admin\")\n>           login_browser.header.check_user_avatar()\n\nconftest.py:49: \n_ _ _ _ _ _ _ _ _ _ _ _ _ _ _ _ _ _ _ _ _ _ _ _ _ _ _ _ _ _ _ _ _ _ _ _ _ _ _ _ \ncomponents/header.py:27: in check_user_avatar\n    self.actions.is_element_present(self.user_avatar_selector)\n_ _ _ _ _ _ _ _ _ _ _ _ _ _ _ _ _ _ _ _ _ _ _ _ _ _ _ _ _ _ _ _ _ _ _ _ _ _ _ _ \n\nself = <actions.page_actions.PageAction object at 0x7fcaae7a5570>\nselector = 'span[data-test=\"avatar\"]'\n\n    def is_element_present(self, selector):\n        try:\n            with allure.step(f\"Проверка видимости элемента: {selector}\"):\n>               expect(self.page.locator(selector)).to_be_visible()\nE               AssertionError: Locator expected to be visible\nE               Actual value: None \nE               Call log:\nE               LocatorAssertions.to_be_visible with timeout 5000ms\nE                 - waiting for locator(\"span[data-test=\\\"avatar\\\"]\")\n\nactions/page_actions.py:92: AssertionError","flaky":false,"newFailed":true,"newBroken":false,"newPassed":false,"retriesCount":0,"retriesStatusChange":false,"beforeStages":[{"name":"_session_faker","time":{"start":1712663895503,"stop":1712663895551,"duration":48},"status":"passed","steps":[],"attachments":[],"parameters":[],"shouldDisplayMessage":false,"stepsCount":0,"attachmentsCount":0,"hasContent":false,"attachmentStep":false},{"name":"setup_swagger_coverage","time":{"start":1712663895552,"stop":1712663911514,"duration":15962},"status":"passed","steps":[],"attachments":[],"parameters":[],"shouldDisplayMessage":false,"stepsCount":0,"attachmentsCount":0,"hasContent":false,"attachmentStep":false},{"name":"user_session","time":{"start":1712663914671,"stop":1712663914671,"duration":0},"status":"passed","steps":[],"attachments":[],"parameters":[],"shouldDisplayMessage":false,"stepsCount":0,"attachmentsCount":0,"hasContent":false,"attachmentStep":false},{"name":"super_admin","time":{"start":1712663914671,"stop":1712663914681,"duration":10},"status":"passed","steps":[],"attachments":[],"parameters":[],"shouldDisplayMessage":false,"stepsCount":0,"attachmentsCount":0,"hasContent":false,"attachmentStep":false},{"name":"random_description","time":{"start":1712663914681,"stop":1712663914682,"duration":1},"status":"passed","steps":[],"attachments":[],"parameters":[],"shouldDisplayMessage":false,"stepsCount":0,"attachmentsCount":0,"hasContent":false,"attachmentStep":false},{"name":"build_conf_data","time":{"start":1712663914681,"stop":1712663914681,"duration":0},"status":"passed","steps":[],"attachments":[],"parameters":[],"shouldDisplayMessage":false,"stepsCount":0,"attachmentsCount":0,"hasContent":false,"attachmentStep":false},{"name":"project_data","time":{"start":1712663914681,"stop":1712663914681,"duration":0},"status":"passed","steps":[],"attachments":[],"parameters":[],"shouldDisplayMessage":false,"stepsCount":0,"attachmentsCount":0,"hasContent":false,"attachmentStep":false},{"name":"browser","time":{"start":1712663914682,"stop":1712663922784,"duration":8102},"status":"passed","steps":[],"attachments":[],"parameters":[],"shouldDisplayMessage":false,"stepsCount":0,"attachmentsCount":0,"hasContent":false,"attachmentStep":false},{"name":"login","time":{"start":1712663922785,"stop":1712663943271,"duration":20486},"status":"failed","statusMessage":"AssertionError: Locator expected to be visible\nActual value: None \nCall log:\nLocatorAssertions.to_be_visible with timeout 5000ms\n  - waiting for locator(\"span[data-test=\\\"avatar\\\"]\")\n\n","statusTrace":"  File \"/home/runner/.local/lib/python3.10/site-packages/pluggy/_callers.py\", line 166, in _multicall\n    teardown.throw(outcome._exception)\n  File \"/home/runner/.local/lib/python3.10/site-packages/_pytest/setuponly.py\", line 36, in pytest_fixture_setup\n    return (yield)\n  File \"/home/runner/.local/lib/python3.10/site-packages/pluggy/_callers.py\", line 102, in _multicall\n    res = hook_impl.function(*args)\n  File \"/home/runner/.local/lib/python3.10/site-packages/_pytest/fixtures.py\", line 1149, in pytest_fixture_setup\n    result = call_fixture_func(fixturefunc, request, kwargs)\n  File \"/home/runner/.local/lib/python3.10/site-packages/_pytest/fixtures.py\", line 923, in call_fixture_func\n    fixture_result = fixturefunc(**kwargs)\n  File \"/home/runner/work/TeamCity_Test/TeamCity_Test/conftest.py\", line 49, in login\n    login_browser.header.check_user_avatar()\n  File \"/home/runner/.local/lib/python3.10/site-packages/allure_commons/_allure.py\", line 192, in impl\n    return func(*a, **kw)\n  File \"/home/runner/work/TeamCity_Test/TeamCity_Test/components/header.py\", line 27, in check_user_avatar\n    self.actions.is_element_present(self.user_avatar_selector)\n  File \"/home/runner/work/TeamCity_Test/TeamCity_Test/actions/page_actions.py\", line 92, in is_element_present\n    expect(self.page.locator(selector)).to_be_visible()\n  File \"/home/runner/.local/lib/python3.10/site-packages/playwright/sync_api/_generated.py\", line 20902, in to_be_visible\n    self._sync(self._impl_obj.to_be_visible(visible=visible, timeout=timeout))\n  File \"/home/runner/.local/lib/python3.10/site-packages/playwright/_impl/_sync_base.py\", line 115, in _sync\n    return task.result()\n  File \"/home/runner/.local/lib/python3.10/site-packages/playwright/_impl/_assertions.py\", line 654, in to_be_visible\n    await self._expect_impl(\n  File \"/home/runner/.local/lib/python3.10/site-packages/playwright/_impl/_assertions.py\", line 70, in _expect_impl\n    raise AssertionError(\n","steps":[{"name":"Авторизация под Администратором","time":{"start":1712663922785,"stop":1712663943271,"duration":20486},"status":"failed","statusMessage":"AssertionError: Locator expected to be visible\nActual value: None \nCall log:\nLocatorAssertions.to_be_visible with timeout 5000ms\n  - waiting for locator(\"span[data-test=\\\"avatar\\\"]\")\n\n","statusTrace":"  File \"/home/runner/work/TeamCity_Test/TeamCity_Test/conftest.py\", line 49, in login\n    login_browser.header.check_user_avatar()\n  File \"/home/runner/.local/lib/python3.10/site-packages/allure_commons/_allure.py\", line 192, in impl\n    return func(*a, **kw)\n  File \"/home/runner/work/TeamCity_Test/TeamCity_Test/components/header.py\", line 27, in check_user_avatar\n    self.actions.is_element_present(self.user_avatar_selector)\n  File \"/home/runner/work/TeamCity_Test/TeamCity_Test/actions/page_actions.py\", line 92, in is_element_present\n    expect(self.page.locator(selector)).to_be_visible()\n  File \"/home/runner/.local/lib/python3.10/site-packages/playwright/sync_api/_generated.py\", line 20902, in to_be_visible\n    self._sync(self._impl_obj.to_be_visible(visible=visible, timeout=timeout))\n  File \"/home/runner/.local/lib/python3.10/site-packages/playwright/_impl/_sync_base.py\", line 115, in _sync\n    return task.result()\n  File \"/home/runner/.local/lib/python3.10/site-packages/playwright/_impl/_assertions.py\", line 654, in to_be_visible\n    await self._expect_impl(\n  File \"/home/runner/.local/lib/python3.10/site-packages/playwright/_impl/_assertions.py\", line 70, in _expect_impl\n    raise AssertionError(\n","steps":[{"name":"Переход на страницу авторизации","time":{"start":1712663922785,"stop":1712663929288,"duration":6503},"status":"passed","steps":[{"name":"Переход на URL: http://localhost:8111/login.html","time":{"start":1712663922785,"stop":1712663929241,"duration":6456},"status":"passed","steps":[],"attachments":[],"parameters":[],"shouldDisplayMessage":false,"stepsCount":0,"attachmentsCount":0,"hasContent":false,"attachmentStep":false},{"name":"Ожидание загрузки страницы","time":{"start":1712663929242,"stop":1712663929288,"duration":46},"status":"passed","steps":[],"attachments":[],"parameters":[],"shouldDisplayMessage":false,"stepsCount":0,"attachmentsCount":0,"hasContent":false,"attachmentStep":false}],"attachments":[],"parameters":[],"shouldDisplayMessage":false,"stepsCount":2,"attachmentsCount":0,"hasContent":true,"attachmentStep":false},{"name":"Ввод данных для авторизации","time":{"start":1712663929288,"stop":1712663930961,"duration":1673},"status":"passed","steps":[{"name":"Ожидаем появления элемента: #username","time":{"start":1712663929288,"stop":1712663929721,"duration":433},"status":"passed","steps":[],"attachments":[],"parameters":[],"shouldDisplayMessage":false,"stepsCount":0,"attachmentsCount":0,"hasContent":false,"attachmentStep":false},{"name":"Ввод текста admin в элемент: #username","time":{"start":1712663929721,"stop":1712663929876,"duration":155},"status":"passed","steps":[],"attachments":[],"parameters":[],"shouldDisplayMessage":false,"stepsCount":0,"attachmentsCount":0,"hasContent":false,"attachmentStep":false},{"name":"Ввод текста admin в элемент: #password","time":{"start":1712663929876,"stop":1712663930961,"duration":1085},"status":"passed","steps":[],"attachments":[],"parameters":[],"shouldDisplayMessage":false,"stepsCount":0,"attachmentsCount":0,"hasContent":false,"attachmentStep":false}],"attachments":[],"parameters":[],"shouldDisplayMessage":false,"stepsCount":3,"attachmentsCount":0,"hasContent":true,"attachmentStep":false},{"name":"Нажать кнопку для авторизации","time":{"start":1712663930961,"stop":1712663931483,"duration":522},"status":"passed","steps":[{"name":"Клик по элементу: .loginButton","time":{"start":1712663930961,"stop":1712663931483,"duration":522},"status":"passed","steps":[],"attachments":[],"parameters":[],"shouldDisplayMessage":false,"stepsCount":0,"attachmentsCount":0,"hasContent":false,"attachmentStep":false}],"attachments":[],"parameters":[],"shouldDisplayMessage":false,"stepsCount":1,"attachmentsCount":0,"hasContent":true,"attachmentStep":false},{"name":"Ожидание изменения URL на http://localhost:8111/favorite/projects","time":{"start":1712663931484,"stop":1712663938075,"duration":6591},"status":"passed","steps":[],"attachments":[],"parameters":[],"shouldDisplayMessage":false,"stepsCount":0,"attachmentsCount":0,"hasContent":false,"attachmentStep":false},{"name":"Проверка видимости аватара пользователя","time":{"start":1712663938076,"stop":1712663943271,"duration":5195},"status":"failed","statusMessage":"AssertionError: Locator expected to be visible\nActual value: None \nCall log:\nLocatorAssertions.to_be_visible with timeout 5000ms\n  - waiting for locator(\"span[data-test=\\\"avatar\\\"]\")\n\n","statusTrace":"  File \"/home/runner/.local/lib/python3.10/site-packages/allure_commons/_allure.py\", line 192, in impl\n    return func(*a, **kw)\n  File \"/home/runner/work/TeamCity_Test/TeamCity_Test/components/header.py\", line 27, in check_user_avatar\n    self.actions.is_element_present(self.user_avatar_selector)\n  File \"/home/runner/work/TeamCity_Test/TeamCity_Test/actions/page_actions.py\", line 92, in is_element_present\n    expect(self.page.locator(selector)).to_be_visible()\n  File \"/home/runner/.local/lib/python3.10/site-packages/playwright/sync_api/_generated.py\", line 20902, in to_be_visible\n    self._sync(self._impl_obj.to_be_visible(visible=visible, timeout=timeout))\n  File \"/home/runner/.local/lib/python3.10/site-packages/playwright/_impl/_sync_base.py\", line 115, in _sync\n    return task.result()\n  File \"/home/runner/.local/lib/python3.10/site-packages/playwright/_impl/_assertions.py\", line 654, in to_be_visible\n    await self._expect_impl(\n  File \"/home/runner/.local/lib/python3.10/site-packages/playwright/_impl/_assertions.py\", line 70, in _expect_impl\n    raise AssertionError(\n","steps":[{"name":"Проверка видимости элемента: span[data-test=\"avatar\"]","time":{"start":1712663938076,"stop":1712663943271,"duration":5195},"status":"failed","statusMessage":"AssertionError: Locator expected to be visible\nActual value: None \nCall log:\nLocatorAssertions.to_be_visible with timeout 5000ms\n  - waiting for locator(\"span[data-test=\\\"avatar\\\"]\")\n\n","statusTrace":"  File \"/home/runner/work/TeamCity_Test/TeamCity_Test/actions/page_actions.py\", line 92, in is_element_present\n    expect(self.page.locator(selector)).to_be_visible()\n  File \"/home/runner/.local/lib/python3.10/site-packages/playwright/sync_api/_generated.py\", line 20902, in to_be_visible\n    self._sync(self._impl_obj.to_be_visible(visible=visible, timeout=timeout))\n  File \"/home/runner/.local/lib/python3.10/site-packages/playwright/_impl/_sync_base.py\", line 115, in _sync\n    return task.result()\n  File \"/home/runner/.local/lib/python3.10/site-packages/playwright/_impl/_assertions.py\", line 654, in to_be_visible\n    await self._expect_impl(\n  File \"/home/runner/.local/lib/python3.10/site-packages/playwright/_impl/_assertions.py\", line 70, in _expect_impl\n    raise AssertionError(\n","steps":[],"attachments":[],"parameters":[],"shouldDisplayMessage":true,"stepsCount":0,"attachmentsCount":0,"hasContent":true,"attachmentStep":false}],"attachments":[],"parameters":[],"shouldDisplayMessage":false,"stepsCount":1,"attachmentsCount":0,"hasContent":true,"attachmentStep":false}],"attachments":[],"parameters":[],"shouldDisplayMessage":false,"stepsCount":12,"attachmentsCount":0,"hasContent":true,"attachmentStep":false}],"attachments":[],"parameters":[],"shouldDisplayMessage":false,"stepsCount":13,"attachmentsCount":0,"hasContent":true,"attachmentStep":false}],"afterStages":[{"name":"browser::0","time":{"start":1712663943375,"stop":1712663945278,"duration":1903},"status":"passed","steps":[],"attachments":[],"parameters":[],"shouldDisplayMessage":false,"stepsCount":0,"attachmentsCount":0,"hasContent":false,"attachmentStep":false},{"name":"build_conf_data::0","time":{"start":1712663945279,"stop":1712663945279,"duration":0},"status":"passed","steps":[],"attachments":[],"parameters":[],"shouldDisplayMessage":false,"stepsCount":0,"attachmentsCount":0,"hasContent":false,"attachmentStep":false},{"name":"project_data::0","time":{"start":1712663945279,"stop":1712663945279,"duration":0},"status":"passed","steps":[],"attachments":[],"parameters":[],"shouldDisplayMessage":false,"stepsCount":0,"attachmentsCount":0,"hasContent":false,"attachmentStep":false},{"name":"user_session::0","time":{"start":1712663945280,"stop":1712663945280,"duration":0},"status":"passed","steps":[],"attachments":[],"parameters":[],"shouldDisplayMessage":false,"stepsCount":0,"attachmentsCount":0,"hasContent":false,"attachmentStep":false},{"name":"setup_swagger_coverage::0","time":{"start":1712664156196,"stop":1712664158302,"duration":2106},"status":"passed","steps":[],"attachments":[],"parameters":[],"shouldDisplayMessage":false,"stepsCount":0,"attachmentsCount":0,"hasContent":false,"attachmentStep":false}],"labels":[{"name":"parentSuite","value":"UI тесты"},{"name":"subSuite","value":"Cоздание билд конфигурации"},{"name":"severity","value":"critical"},{"name":"suite","value":"Управление билд конфигурациями"},{"name":"tag","value":"ui"},{"name":"tag","value":"build_conf"},{"name":"host","value":"fv-az1245-596"},{"name":"thread","value":"7801-MainThread"},{"name":"framework","value":"pytest"},{"name":"language","value":"cpython3"},{"name":"package","value":"tests.frontend.test_e2e_build_conf"},{"name":"resultFormat","value":"allure2"}],"parameters":[{"name":"browser","value":"'webkit'"}],"links":[],"hidden":false,"retry":false,"extra":{"severity":"critical","retries":[],"categories":[{"name":"Product defects","matchedStatuses":[],"flaky":false}],"history":{"statistic":{"failed":1,"broken":0,"skipped":0,"passed":1,"unknown":0,"total":2},"items":[{"uid":"afbf462e20e625c5","reportUrl":"https://QAKonstantin.github.io/TeamCity_Test/249//#testresult/afbf462e20e625c5","status":"passed","time":{"start":1712660939003,"stop":1712661000806,"duration":61803}}]},"tags":["ui","build_conf"]},"source":"9847540fb297c69.json","parameterValues":["'webkit'"]}