{"uid":"7e2c4956658c7ad5","name":"Cоздание билд конфигурации и шага в билде Супер Администратором","fullName":"tests.frontend.test_e2e_build_conf.TestBuildConfE2E#test_e2e_create_build_conf","historyId":"a9760a652bf38b893dc185575e7f8729","time":{"start":1711646872493,"stop":1711646950767,"duration":78274},"description":"Авторизация Супер Администратором, создание проекта, билд конфигурации и шага в командной строке","descriptionHtml":"<p>Авторизация Супер Администратором, создание проекта, билд конфигурации и шага в командной строке</p>\n","status":"failed","statusMessage":"AssertionError: Элемент input#buildTypeName не отобразился","statusTrace":"self = <actions.page_actions.PageAction object at 0x7f0090da89a0>\nselector = 'input#buildTypeName', timeout = 60000\n\n    def wait_for_selector(self, selector, timeout=60000):\n        try:\n            with allure.step(f\"Ожидаем появления элемента: {selector}\"):\n>               self.page.wait_for_selector(selector, state=\"attached\", timeout=timeout)\n\nactions/page_actions.py:134: \n_ _ _ _ _ _ _ _ _ _ _ _ _ _ _ _ _ _ _ _ _ _ _ _ _ _ _ _ _ _ _ _ _ _ _ _ _ _ _ _ \n../../../.local/lib/python3.10/site-packages/playwright/sync_api/_generated.py:8349: in wait_for_selector\n    self._sync(\n../../../.local/lib/python3.10/site-packages/playwright/_impl/_page.py:357: in wait_for_selector\n    return await self._main_frame.wait_for_selector(**locals_to_params(locals()))\n../../../.local/lib/python3.10/site-packages/playwright/_impl/_frame.py:327: in wait_for_selector\n    await self._channel.send(\"waitForSelector\", locals_to_params(locals()))\n../../../.local/lib/python3.10/site-packages/playwright/_impl/_connection.py:63: in send\n    return await self._connection.wrap_api_call(\n../../../.local/lib/python3.10/site-packages/playwright/_impl/_connection.py:495: in wrap_api_call\n    return await cb()\n_ _ _ _ _ _ _ _ _ _ _ _ _ _ _ _ _ _ _ _ _ _ _ _ _ _ _ _ _ _ _ _ _ _ _ _ _ _ _ _ \n\nself = <playwright._impl._connection.Channel object at 0x7f0090d695d0>\nmethod = 'waitForSelector'\nparams = {'selector': 'input#buildTypeName', 'state': 'attached', 'timeout': 60000}\nreturn_as_dict = False\n\n    async def inner_send(\n        self, method: str, params: Optional[Dict], return_as_dict: bool\n    ) -> Any:\n        if params is None:\n            params = {}\n        callback = self._connection._send_message_to_server(\n            self._object, method, _filter_none(params)\n        )\n        if self._connection._error:\n            error = self._connection._error\n            self._connection._error = None\n            raise error\n        done, _ = await asyncio.wait(\n            {\n                self._connection._transport.on_error_future,\n                callback.future,\n            },\n            return_when=asyncio.FIRST_COMPLETED,\n        )\n        if not callback.future.done():\n            callback.future.cancel()\n>       result = next(iter(done)).result()\nE       playwright._impl._errors.TimeoutError: Timeout 60000ms exceeded.\n\n../../../.local/lib/python3.10/site-packages/playwright/_impl/_connection.py:101: TimeoutError\n\nDuring handling of the above exception, another exception occurred:\n\nself = <test_e2e_build_conf.TestBuildConfE2E object at 0x7f0090d6b160>\nproject_data = <function project_data.<locals>._create_project_data at 0x7f0090cf5120>\nbuild_conf_data = <function build_conf_data.<locals>._create_build_conf_data at 0x7f0090cf51b0>\nrandom_description = 'Popular money purpose learn course.'\nbrowser = <Page url='http://localhost:8111/admin/createObjectMenu.html?projectId=g7Jdc7NHJYY&showMode=createBuildTypeMenu&cameFromUrl=%2Fadmin%2FeditProject.html%3FprojectId%3Dg7Jdc7NHJYY#createManually'>\nsuper_admin = <entities.user.User object at 0x7f0090d6abc0>, login = None\n\n    @allure.severity(allure.severity_level.CRITICAL)\n    @allure.parent_suite(\"UI тесты\")\n    @allure.suite(\"Управление билд конфигурациями\")\n    @allure.sub_suite(\"Cоздание билд конфигурации\")\n    @allure.title(\"Cоздание билд конфигурации и шага в билде Супер Администратором\")\n    @allure.description(\n        \"Авторизация Супер Администратором, создание проекта, билд конфигурации и шага в командной строке\")\n    @pytest.mark.build_conf\n    @pytest.mark.ui\n    def test_e2e_create_build_conf(self, project_data, build_conf_data, random_description, browser, super_admin,\n                                   login):\n        with allure.step('Подготовка данных для создания проекта и билд конфигурации'):\n            project_data_1 = project_data()\n            build_conf_data_1 = build_conf_data(project_data_1.id)\n            custom_script = build_conf_data_1.steps['step'][0]['properties']['property'][0]['value']\n    \n        with allure.step('Отправка запроса на создание проекта'):\n            created_project_response = super_admin.api_manager.project_api.create_project(\n                project_data_1.model_dump()).text\n            created_project_model = ProjectResponseModel.model_validate_json(created_project_response)\n            assert created_project_model.id == project_data_1.id, \\\n                f\"Ожидался project_id= {project_data_1.id}, но был получен {created_project_model.id}\"\n    \n        with allure.step(\"Создание билд конфигурации\"):\n            build_conf_creation_browser = BuildConfCreationPage(browser, project_data_1.id)\n>           build_conf_creation_browser.create_build_conf(project_data_1.id, build_conf_data_1.name,\n                                                          build_conf_data_1.id,\n                                                          random_description)\n\ntests/frontend/test_e2e_build_conf.py:36: \n_ _ _ _ _ _ _ _ _ _ _ _ _ _ _ _ _ _ _ _ _ _ _ _ _ _ _ _ _ _ _ _ _ _ _ _ _ _ _ _ \npages/create_build_conf_page.py:44: in create_build_conf\n    self.create_form_container.input_build_conf_details(name, build_conf_id, description)\npages/create_build_conf_page.py:18: in input_build_conf_details\n    self.actions.wait_for_selector(self.build_conf_name_selector)\n_ _ _ _ _ _ _ _ _ _ _ _ _ _ _ _ _ _ _ _ _ _ _ _ _ _ _ _ _ _ _ _ _ _ _ _ _ _ _ _ \n\nself = <actions.page_actions.PageAction object at 0x7f0090da89a0>\nselector = 'input#buildTypeName', timeout = 60000\n\n    def wait_for_selector(self, selector, timeout=60000):\n        try:\n            with allure.step(f\"Ожидаем появления элемента: {selector}\"):\n                self.page.wait_for_selector(selector, state=\"attached\", timeout=timeout)\n        except TimeoutError:\n            self.allure_attach_screenshot()\n>           raise AssertionError(f'Элемент {selector} не отобразился')\nE           AssertionError: Элемент input#buildTypeName не отобразился\n\nactions/page_actions.py:137: AssertionError","flaky":false,"newFailed":true,"newBroken":false,"newPassed":false,"retriesCount":0,"retriesStatusChange":false,"beforeStages":[{"name":"_session_faker","time":{"start":1711646851736,"stop":1711646851783,"duration":47},"status":"passed","steps":[],"attachments":[],"parameters":[],"shouldDisplayMessage":false,"stepsCount":0,"attachmentsCount":0,"hasContent":false,"attachmentStep":false},{"name":"super_admin","time":{"start":1711646854834,"stop":1711646854842,"duration":8},"status":"passed","steps":[],"attachments":[],"parameters":[],"shouldDisplayMessage":false,"stepsCount":0,"attachmentsCount":0,"hasContent":false,"attachmentStep":false},{"name":"user_session","time":{"start":1711646854834,"stop":1711646854834,"duration":0},"status":"passed","steps":[],"attachments":[],"parameters":[],"shouldDisplayMessage":false,"stepsCount":0,"attachmentsCount":0,"hasContent":false,"attachmentStep":false},{"name":"project_data","time":{"start":1711646854842,"stop":1711646854843,"duration":1},"status":"passed","steps":[],"attachments":[],"parameters":[],"shouldDisplayMessage":false,"stepsCount":0,"attachmentsCount":0,"hasContent":false,"attachmentStep":false},{"name":"build_conf_data","time":{"start":1711646854843,"stop":1711646854843,"duration":0},"status":"passed","steps":[],"attachments":[],"parameters":[],"shouldDisplayMessage":false,"stepsCount":0,"attachmentsCount":0,"hasContent":false,"attachmentStep":false},{"name":"browser","time":{"start":1711646854843,"stop":1711646856372,"duration":1529},"status":"passed","steps":[],"attachments":[],"parameters":[],"shouldDisplayMessage":false,"stepsCount":0,"attachmentsCount":0,"hasContent":false,"attachmentStep":false},{"name":"random_description","time":{"start":1711646854843,"stop":1711646854843,"duration":0},"status":"passed","steps":[],"attachments":[],"parameters":[],"shouldDisplayMessage":false,"stepsCount":0,"attachmentsCount":0,"hasContent":false,"attachmentStep":false},{"name":"login","time":{"start":1711646856373,"stop":1711646872492,"duration":16119},"status":"passed","steps":[{"name":"Авторизация под Администратором","time":{"start":1711646856373,"stop":1711646872492,"duration":16119},"status":"passed","steps":[{"name":"Переход на страницу авторизации","time":{"start":1711646856373,"stop":1711646861881,"duration":5508},"status":"passed","steps":[{"name":"Переход на URL: http://localhost:8111/login.html","time":{"start":1711646856373,"stop":1711646861843,"duration":5470},"status":"passed","steps":[],"attachments":[],"parameters":[],"shouldDisplayMessage":false,"stepsCount":0,"attachmentsCount":0,"hasContent":false,"attachmentStep":false},{"name":"Ожидание загрузки страницы","time":{"start":1711646861843,"stop":1711646861881,"duration":38},"status":"passed","steps":[],"attachments":[],"parameters":[],"shouldDisplayMessage":false,"stepsCount":0,"attachmentsCount":0,"hasContent":false,"attachmentStep":false}],"attachments":[],"parameters":[],"shouldDisplayMessage":false,"stepsCount":2,"attachmentsCount":0,"hasContent":true,"attachmentStep":false},{"name":"Ввод данных для авторизации","time":{"start":1711646861881,"stop":1711646862507,"duration":626},"status":"passed","steps":[{"name":"Ожидаем появления элемента: #username","time":{"start":1711646861881,"stop":1711646862140,"duration":259},"status":"passed","steps":[],"attachments":[],"parameters":[],"shouldDisplayMessage":false,"stepsCount":0,"attachmentsCount":0,"hasContent":false,"attachmentStep":false},{"name":"Ввод текста admin в элемент: #username","time":{"start":1711646862140,"stop":1711646862235,"duration":95},"status":"passed","steps":[],"attachments":[],"parameters":[],"shouldDisplayMessage":false,"stepsCount":0,"attachmentsCount":0,"hasContent":false,"attachmentStep":false},{"name":"Ввод текста admin в элемент: #password","time":{"start":1711646862235,"stop":1711646862507,"duration":272},"status":"passed","steps":[],"attachments":[],"parameters":[],"shouldDisplayMessage":false,"stepsCount":0,"attachmentsCount":0,"hasContent":false,"attachmentStep":false}],"attachments":[],"parameters":[],"shouldDisplayMessage":false,"stepsCount":3,"attachmentsCount":0,"hasContent":true,"attachmentStep":false},{"name":"Нажать кнопку для авторизации","time":{"start":1711646862507,"stop":1711646863392,"duration":885},"status":"passed","steps":[{"name":"Клик по элементу: .loginButton","time":{"start":1711646862507,"stop":1711646863392,"duration":885},"status":"passed","steps":[],"attachments":[],"parameters":[],"shouldDisplayMessage":false,"stepsCount":0,"attachmentsCount":0,"hasContent":false,"attachmentStep":false}],"attachments":[],"parameters":[],"shouldDisplayMessage":false,"stepsCount":1,"attachmentsCount":0,"hasContent":true,"attachmentStep":false},{"name":"Ожидание изменения URL на http://localhost:8111/favorite/projects","time":{"start":1711646863392,"stop":1711646870557,"duration":7165},"status":"passed","steps":[],"attachments":[],"parameters":[],"shouldDisplayMessage":false,"stepsCount":0,"attachmentsCount":0,"hasContent":false,"attachmentStep":false},{"name":"Проверка видимости аватара пользователя","time":{"start":1711646870557,"stop":1711646872492,"duration":1935},"status":"passed","steps":[{"name":"Проверка видимости элемента: span[data-test=\"avatar\"]","time":{"start":1711646870557,"stop":1711646872492,"duration":1935},"status":"passed","steps":[],"attachments":[],"parameters":[],"shouldDisplayMessage":false,"stepsCount":0,"attachmentsCount":0,"hasContent":false,"attachmentStep":false}],"attachments":[],"parameters":[],"shouldDisplayMessage":false,"stepsCount":1,"attachmentsCount":0,"hasContent":true,"attachmentStep":false}],"attachments":[],"parameters":[],"shouldDisplayMessage":false,"stepsCount":12,"attachmentsCount":0,"hasContent":true,"attachmentStep":false}],"attachments":[],"parameters":[],"shouldDisplayMessage":false,"stepsCount":13,"attachmentsCount":0,"hasContent":true,"attachmentStep":false}],"testStage":{"description":"Авторизация Супер Администратором, создание проекта, билд конфигурации и шага в командной строке","status":"failed","statusMessage":"AssertionError: Элемент input#buildTypeName не отобразился","statusTrace":"self = <actions.page_actions.PageAction object at 0x7f0090da89a0>\nselector = 'input#buildTypeName', timeout = 60000\n\n    def wait_for_selector(self, selector, timeout=60000):\n        try:\n            with allure.step(f\"Ожидаем появления элемента: {selector}\"):\n>               self.page.wait_for_selector(selector, state=\"attached\", timeout=timeout)\n\nactions/page_actions.py:134: \n_ _ _ _ _ _ _ _ _ _ _ _ _ _ _ _ _ _ _ _ _ _ _ _ _ _ _ _ _ _ _ _ _ _ _ _ _ _ _ _ \n../../../.local/lib/python3.10/site-packages/playwright/sync_api/_generated.py:8349: in wait_for_selector\n    self._sync(\n../../../.local/lib/python3.10/site-packages/playwright/_impl/_page.py:357: in wait_for_selector\n    return await self._main_frame.wait_for_selector(**locals_to_params(locals()))\n../../../.local/lib/python3.10/site-packages/playwright/_impl/_frame.py:327: in wait_for_selector\n    await self._channel.send(\"waitForSelector\", locals_to_params(locals()))\n../../../.local/lib/python3.10/site-packages/playwright/_impl/_connection.py:63: in send\n    return await self._connection.wrap_api_call(\n../../../.local/lib/python3.10/site-packages/playwright/_impl/_connection.py:495: in wrap_api_call\n    return await cb()\n_ _ _ _ _ _ _ _ _ _ _ _ _ _ _ _ _ _ _ _ _ _ _ _ _ _ _ _ _ _ _ _ _ _ _ _ _ _ _ _ \n\nself = <playwright._impl._connection.Channel object at 0x7f0090d695d0>\nmethod = 'waitForSelector'\nparams = {'selector': 'input#buildTypeName', 'state': 'attached', 'timeout': 60000}\nreturn_as_dict = False\n\n    async def inner_send(\n        self, method: str, params: Optional[Dict], return_as_dict: bool\n    ) -> Any:\n        if params is None:\n            params = {}\n        callback = self._connection._send_message_to_server(\n            self._object, method, _filter_none(params)\n        )\n        if self._connection._error:\n            error = self._connection._error\n            self._connection._error = None\n            raise error\n        done, _ = await asyncio.wait(\n            {\n                self._connection._transport.on_error_future,\n                callback.future,\n            },\n            return_when=asyncio.FIRST_COMPLETED,\n        )\n        if not callback.future.done():\n            callback.future.cancel()\n>       result = next(iter(done)).result()\nE       playwright._impl._errors.TimeoutError: Timeout 60000ms exceeded.\n\n../../../.local/lib/python3.10/site-packages/playwright/_impl/_connection.py:101: TimeoutError\n\nDuring handling of the above exception, another exception occurred:\n\nself = <test_e2e_build_conf.TestBuildConfE2E object at 0x7f0090d6b160>\nproject_data = <function project_data.<locals>._create_project_data at 0x7f0090cf5120>\nbuild_conf_data = <function build_conf_data.<locals>._create_build_conf_data at 0x7f0090cf51b0>\nrandom_description = 'Popular money purpose learn course.'\nbrowser = <Page url='http://localhost:8111/admin/createObjectMenu.html?projectId=g7Jdc7NHJYY&showMode=createBuildTypeMenu&cameFromUrl=%2Fadmin%2FeditProject.html%3FprojectId%3Dg7Jdc7NHJYY#createManually'>\nsuper_admin = <entities.user.User object at 0x7f0090d6abc0>, login = None\n\n    @allure.severity(allure.severity_level.CRITICAL)\n    @allure.parent_suite(\"UI тесты\")\n    @allure.suite(\"Управление билд конфигурациями\")\n    @allure.sub_suite(\"Cоздание билд конфигурации\")\n    @allure.title(\"Cоздание билд конфигурации и шага в билде Супер Администратором\")\n    @allure.description(\n        \"Авторизация Супер Администратором, создание проекта, билд конфигурации и шага в командной строке\")\n    @pytest.mark.build_conf\n    @pytest.mark.ui\n    def test_e2e_create_build_conf(self, project_data, build_conf_data, random_description, browser, super_admin,\n                                   login):\n        with allure.step('Подготовка данных для создания проекта и билд конфигурации'):\n            project_data_1 = project_data()\n            build_conf_data_1 = build_conf_data(project_data_1.id)\n            custom_script = build_conf_data_1.steps['step'][0]['properties']['property'][0]['value']\n    \n        with allure.step('Отправка запроса на создание проекта'):\n            created_project_response = super_admin.api_manager.project_api.create_project(\n                project_data_1.model_dump()).text\n            created_project_model = ProjectResponseModel.model_validate_json(created_project_response)\n            assert created_project_model.id == project_data_1.id, \\\n                f\"Ожидался project_id= {project_data_1.id}, но был получен {created_project_model.id}\"\n    \n        with allure.step(\"Создание билд конфигурации\"):\n            build_conf_creation_browser = BuildConfCreationPage(browser, project_data_1.id)\n>           build_conf_creation_browser.create_build_conf(project_data_1.id, build_conf_data_1.name,\n                                                          build_conf_data_1.id,\n                                                          random_description)\n\ntests/frontend/test_e2e_build_conf.py:36: \n_ _ _ _ _ _ _ _ _ _ _ _ _ _ _ _ _ _ _ _ _ _ _ _ _ _ _ _ _ _ _ _ _ _ _ _ _ _ _ _ \npages/create_build_conf_page.py:44: in create_build_conf\n    self.create_form_container.input_build_conf_details(name, build_conf_id, description)\npages/create_build_conf_page.py:18: in input_build_conf_details\n    self.actions.wait_for_selector(self.build_conf_name_selector)\n_ _ _ _ _ _ _ _ _ _ _ _ _ _ _ _ _ _ _ _ _ _ _ _ _ _ _ _ _ _ _ _ _ _ _ _ _ _ _ _ \n\nself = <actions.page_actions.PageAction object at 0x7f0090da89a0>\nselector = 'input#buildTypeName', timeout = 60000\n\n    def wait_for_selector(self, selector, timeout=60000):\n        try:\n            with allure.step(f\"Ожидаем появления элемента: {selector}\"):\n                self.page.wait_for_selector(selector, state=\"attached\", timeout=timeout)\n        except TimeoutError:\n            self.allure_attach_screenshot()\n>           raise AssertionError(f'Элемент {selector} не отобразился')\nE           AssertionError: Элемент input#buildTypeName не отобразился\n\nactions/page_actions.py:137: AssertionError","steps":[{"name":"Подготовка данных для создания проекта и билд конфигурации","time":{"start":1711646872493,"stop":1711646872493,"duration":0},"status":"passed","steps":[],"attachments":[],"parameters":[],"shouldDisplayMessage":false,"stepsCount":0,"attachmentsCount":0,"hasContent":false,"attachmentStep":false},{"name":"Отправка запроса на создание проекта","time":{"start":1711646872493,"stop":1711646872574,"duration":81},"status":"passed","steps":[],"attachments":[],"parameters":[],"shouldDisplayMessage":false,"stepsCount":0,"attachmentsCount":0,"hasContent":false,"attachmentStep":false},{"name":"Создание билд конфигурации","time":{"start":1711646872574,"stop":1711646950766,"duration":78192},"status":"failed","statusMessage":"AssertionError: Элемент input#buildTypeName не отобразился\n","statusTrace":"  File \"/home/runner/work/TeamCity_Test/TeamCity_Test/tests/frontend/test_e2e_build_conf.py\", line 36, in test_e2e_create_build_conf\n    build_conf_creation_browser.create_build_conf(project_data_1.id, build_conf_data_1.name,\n  File \"/home/runner/work/TeamCity_Test/TeamCity_Test/pages/create_build_conf_page.py\", line 44, in create_build_conf\n    self.create_form_container.input_build_conf_details(name, build_conf_id, description)\n  File \"/home/runner/work/TeamCity_Test/TeamCity_Test/pages/create_build_conf_page.py\", line 18, in input_build_conf_details\n    self.actions.wait_for_selector(self.build_conf_name_selector)\n  File \"/home/runner/work/TeamCity_Test/TeamCity_Test/actions/page_actions.py\", line 137, in wait_for_selector\n    raise AssertionError(f'Элемент {selector} не отобразился')\n","steps":[{"name":"Переход на страницу создания билд конфигурации","time":{"start":1711646872574,"stop":1711646887954,"duration":15380},"status":"passed","steps":[{"name":"Переход на URL: http://localhost:8111/admin/createObjectMenu.html?projectId=g7Jdc7NHJYY&showMode=createBuildTypeMenu&cameFromUrl=%2Fadmin%2FeditProject.html%3FprojectId%3Dg7Jdc7NHJYY","time":{"start":1711646872574,"stop":1711646887935,"duration":15361},"status":"passed","steps":[],"attachments":[],"parameters":[],"shouldDisplayMessage":false,"stepsCount":0,"attachmentsCount":0,"hasContent":false,"attachmentStep":false},{"name":"Ожидание загрузки страницы","time":{"start":1711646887935,"stop":1711646887954,"duration":19},"status":"passed","steps":[],"attachments":[],"parameters":[],"shouldDisplayMessage":false,"stepsCount":0,"attachmentsCount":0,"hasContent":false,"attachmentStep":false}],"attachments":[],"parameters":[],"shouldDisplayMessage":false,"stepsCount":2,"attachmentsCount":0,"hasContent":true,"attachmentStep":false},{"name":"Выбор создания вручную","time":{"start":1711646887954,"stop":1711646889827,"duration":1873},"status":"passed","steps":[{"name":"Клик по элементу: a.createOption:has-text(' Manually')","time":{"start":1711646887954,"stop":1711646889827,"duration":1873},"status":"passed","steps":[],"attachments":[],"parameters":[],"shouldDisplayMessage":false,"stepsCount":0,"attachmentsCount":0,"hasContent":false,"attachmentStep":false}],"attachments":[],"parameters":[],"shouldDisplayMessage":false,"stepsCount":1,"attachmentsCount":0,"hasContent":true,"attachmentStep":false},{"name":"Ввод данных для создания билд конфигурации","time":{"start":1711646889827,"stop":1711646950766,"duration":60939},"status":"failed","statusMessage":"AssertionError: Элемент input#buildTypeName не отобразился\n","statusTrace":"  File \"/home/runner/work/TeamCity_Test/TeamCity_Test/pages/create_build_conf_page.py\", line 18, in input_build_conf_details\n    self.actions.wait_for_selector(self.build_conf_name_selector)\n  File \"/home/runner/work/TeamCity_Test/TeamCity_Test/actions/page_actions.py\", line 137, in wait_for_selector\n    raise AssertionError(f'Элемент {selector} не отобразился')\n","steps":[{"name":"Ожидаем появления элемента: input#buildTypeName","time":{"start":1711646889827,"stop":1711646949932,"duration":60105},"status":"broken","statusMessage":"playwright._impl._errors.TimeoutError: Timeout 60000ms exceeded.\n","statusTrace":"  File \"/home/runner/work/TeamCity_Test/TeamCity_Test/actions/page_actions.py\", line 134, in wait_for_selector\n    self.page.wait_for_selector(selector, state=\"attached\", timeout=timeout)\n  File \"/home/runner/.local/lib/python3.10/site-packages/playwright/sync_api/_generated.py\", line 8349, in wait_for_selector\n    self._sync(\n  File \"/home/runner/.local/lib/python3.10/site-packages/playwright/_impl/_sync_base.py\", line 115, in _sync\n    return task.result()\n  File \"/home/runner/.local/lib/python3.10/site-packages/playwright/_impl/_page.py\", line 357, in wait_for_selector\n    return await self._main_frame.wait_for_selector(**locals_to_params(locals()))\n  File \"/home/runner/.local/lib/python3.10/site-packages/playwright/_impl/_frame.py\", line 327, in wait_for_selector\n    await self._channel.send(\"waitForSelector\", locals_to_params(locals()))\n  File \"/home/runner/.local/lib/python3.10/site-packages/playwright/_impl/_connection.py\", line 63, in send\n    return await self._connection.wrap_api_call(\n  File \"/home/runner/.local/lib/python3.10/site-packages/playwright/_impl/_connection.py\", line 495, in wrap_api_call\n    return await cb()\n  File \"/home/runner/.local/lib/python3.10/site-packages/playwright/_impl/_connection.py\", line 101, in inner_send\n    result = next(iter(done)).result()\n","steps":[],"attachments":[],"parameters":[],"shouldDisplayMessage":true,"stepsCount":0,"attachmentsCount":0,"hasContent":true,"attachmentStep":false}],"attachments":[{"uid":"e13ecd16c51ebd5b","name":"Create Build Configuration — TeamCity","source":"e13ecd16c51ebd5b.png","type":"image/png","size":99423}],"parameters":[],"shouldDisplayMessage":true,"stepsCount":1,"attachmentsCount":1,"hasContent":true,"attachmentStep":false}],"attachments":[],"parameters":[],"shouldDisplayMessage":false,"stepsCount":7,"attachmentsCount":1,"hasContent":true,"attachmentStep":false}],"attachments":[{"uid":"efbb6861ed593bbe","name":"log","source":"efbb6861ed593bbe.txt","type":"text/plain","size":4280}],"parameters":[],"shouldDisplayMessage":true,"stepsCount":10,"attachmentsCount":2,"hasContent":true,"attachmentStep":false},"afterStages":[{"name":"browser::0","time":{"start":1711646951757,"stop":1711646954745,"duration":2988},"status":"passed","steps":[],"attachments":[],"parameters":[],"shouldDisplayMessage":false,"stepsCount":0,"attachmentsCount":0,"hasContent":false,"attachmentStep":false},{"name":"build_conf_data::0","time":{"start":1711646954746,"stop":1711646954794,"duration":48},"status":"broken","statusMessage":"ValueError: Билд конфигурации с id ac6dtXi5fev не был создан\n","statusTrace":"  File \"/home/runner/.local/lib/python3.10/site-packages/allure_commons/_allure.py\", line 221, in __call__\n    return self._fixture_function(*args, **kwargs)\n  File \"/home/runner/.local/lib/python3.10/site-packages/_pytest/fixtures.py\", line 932, in _teardown_yield_fixture\n    next(it)\n  File \"/home/runner/work/TeamCity_Test/TeamCity_Test/conftest.py\", line 125, in build_conf_data\n    super_admin.api_manager.build_conf_api.clean_up_build_conf(build_conf_id)\n  File \"/home/runner/work/TeamCity_Test/TeamCity_Test/api/build_conf_api.py\", line 31, in clean_up_build_conf\n    raise ValueError(f\"Билд конфигурации с id {create_build_id} не был создан\")\n","steps":[],"attachments":[],"parameters":[],"shouldDisplayMessage":true,"stepsCount":0,"attachmentsCount":0,"hasContent":true,"attachmentStep":false},{"name":"project_data::0","time":{"start":1711646954795,"stop":1711646954824,"duration":29},"status":"passed","steps":[],"attachments":[],"parameters":[],"shouldDisplayMessage":false,"stepsCount":0,"attachmentsCount":0,"hasContent":false,"attachmentStep":false},{"name":"user_session::0","time":{"start":1711646954825,"stop":1711646954826,"duration":1},"status":"passed","steps":[],"attachments":[],"parameters":[],"shouldDisplayMessage":false,"stepsCount":0,"attachmentsCount":0,"hasContent":false,"attachmentStep":false}],"labels":[{"name":"suite","value":"Управление билд конфигурациями"},{"name":"parentSuite","value":"UI тесты"},{"name":"severity","value":"critical"},{"name":"subSuite","value":"Cоздание билд конфигурации"},{"name":"tag","value":"ui"},{"name":"tag","value":"build_conf"},{"name":"host","value":"fv-az888-254"},{"name":"thread","value":"7780-MainThread"},{"name":"framework","value":"pytest"},{"name":"language","value":"cpython3"},{"name":"package","value":"tests.frontend.test_e2e_build_conf"},{"name":"resultFormat","value":"allure2"}],"parameters":[{"name":"browser","value":"'chromium'"}],"links":[],"hidden":false,"retry":false,"extra":{"severity":"critical","retries":[],"categories":[{"name":"Product defects","matchedStatuses":[],"flaky":false}],"history":{"statistic":{"failed":1,"broken":4,"skipped":0,"passed":5,"unknown":0,"total":10},"items":[{"uid":"c686f80db0b21374","reportUrl":"https://QAKonstantin.github.io/TeamCity_Test/167//#testresult/c686f80db0b21374","status":"passed","time":{"start":1711646332799,"stop":1711646406597,"duration":73798}},{"uid":"480e058e27cff2ef","reportUrl":"https://QAKonstantin.github.io/TeamCity_Test/167//#testresult/480e058e27cff2ef","status":"passed","time":{"start":1711645841664,"stop":1711645907791,"duration":66127}},{"uid":"4832777f86b1c095","reportUrl":"https://QAKonstantin.github.io/TeamCity_Test/167//#testresult/4832777f86b1c095","status":"passed","time":{"start":1711645253765,"stop":1711645322097,"duration":68332}},{"uid":"2f9fa00b6fb81ece","reportUrl":"https://QAKonstantin.github.io/TeamCity_Test/167//#testresult/2f9fa00b6fb81ece","status":"passed","time":{"start":1711644415611,"stop":1711644484714,"duration":69103}},{"uid":"b90dad893fea74d0","reportUrl":"https://QAKonstantin.github.io/TeamCity_Test/166//#testresult/b90dad893fea74d0","status":"passed","time":{"start":1711643343859,"stop":1711643411370,"duration":67511}},{"uid":"457dce8689c6600e","reportUrl":"https://QAKonstantin.github.io/TeamCity_Test/165//#testresult/457dce8689c6600e","status":"broken","statusDetails":"playwright._impl._errors.Error: Execution context was destroyed, most likely because of a navigation","time":{"start":1711639511214,"stop":1711639518733,"duration":7519}},{"uid":"ecc89f8ac8c72277","reportUrl":"https://QAKonstantin.github.io/TeamCity_Test/164//#testresult/ecc89f8ac8c72277","status":"broken","statusDetails":"playwright._impl._errors.Error: Execution context was destroyed, most likely because of a navigation","time":{"start":1711637699680,"stop":1711637706881,"duration":7201}},{"uid":"fae456360f719b69","reportUrl":"https://QAKonstantin.github.io/TeamCity_Test/163//#testresult/fae456360f719b69","status":"broken","statusDetails":"playwright._impl._errors.Error: net::ERR_ABORTED at http://localhost:8111/admin/createObjectMenu.html?projectId=alKLBwrt9KU&showMode=createBuildTypeMenu&cameFromUrl=%2Fadmin%2FeditProject.html%3FprojectId%3DalKLBwrt9KU","time":{"start":1711636034525,"stop":1711636043285,"duration":8760}},{"uid":"693d525ad292901c","reportUrl":"https://QAKonstantin.github.io/TeamCity_Test/162//#testresult/693d525ad292901c","status":"broken","statusDetails":"playwright._impl._errors.Error: net::ERR_ABORTED at http://localhost:8111/admin/createObjectMenu.html?projectId=DcC8HIpSM6b&showMode=createBuildTypeMenu&cameFromUrl=%2Fadmin%2FeditProject.html%3FprojectId%3DDcC8HIpSM6b","time":{"start":1711635446815,"stop":1711635450822,"duration":4007}}]},"tags":["ui","build_conf"]},"source":"7e2c4956658c7ad5.json","parameterValues":["'chromium'"]}